unknown                                                 Thu Jun 20 23:06:00 2019
ID=     0 QSPINROT=  57134805.4736 MIN, MAX QN=   2  14
MIN.LOG.STR=   -11.000 MIN.LOG.STR(FRQ/300GHZ)**2=  -100.000 MAX FREQ       30.0 GHZ, TEMP=     6.00
     1 001 1.000000
.VAR FILE TITLE :unknown
                              PARAMETERS - A.PRIORI ERROR 
     1      1         10000  1.4484692650000E+003   1.000000E-037 
     2      2         20000  1.1834313590000E+003   1.000000E-037 
     3      3         30000  1.0970679950000E+003   1.000000E-037 
     4      4           200  1.0000000000000E-006   1.000000E-037 
     5      5          1100  1.0000000000000E-006   1.000000E-037 
     6      6          2000  1.0000000000000E-006   1.000000E-037 
     7      7         40100  1.0000000000000E-006   1.000000E-037 
     8      8         41000  1.0000000000000E-006   1.000000E-037 
8 parameters read, 8 independent parameters
IQNFMT = 303
ENERGY SORT OF WANG SUB-BLOCKS
PROLATE ROTOR
    V KMIN KMAX WTPL WTMN ESYMWT NSYM SPINS
    0    0   14    1    1     99    2
BLOCK - WT - SYM - V - TSP - N  -  other quanta  (rel. to F=0 )
    1    1    x    0    0
    2    1    c    0    0
    3    1    b    0    0
    4    1    a    0    0
Maximum Dimension for Hamiltonian = 8
 ENERGIES FOR BLOCK NUMBER   9, INDEX-DEGEN-ENERGY--EST.ERROR-MIXING-   QUANTUM NUMBERS
     9    1          0.227611          0.000000   1.000000  2  0  2
     9    2          0.269929          0.000000   1.000000  2  2  0
 ENERGIES FOR BLOCK NUMBER  10, INDEX-DEGEN-ENERGY--EST.ERROR-MIXING-   QUANTUM NUMBERS
    10    1          0.234168          0.000000   1.000000  2  1  2
 ENERGIES FOR BLOCK NUMBER  11, INDEX-DEGEN-ENERGY--EST.ERROR-MIXING-   QUANTUM NUMBERS
    11    1          0.242810          0.000000   1.000000  2  1  1
 ENERGIES FOR BLOCK NUMBER  12, INDEX-DEGEN-ENERGY--EST.ERROR-MIXING-   QUANTUM NUMBERS
    12    1          0.269332          0.000000   1.000000  2  2  1
 ENERGIES FOR BLOCK NUMBER  13, INDEX-DEGEN-ENERGY--EST.ERROR-MIXING-   QUANTUM NUMBERS
    13    1          0.497540          0.000000   1.000000  3  2  2
 FREQUENCY-EST.ERROR.-LINE.STR. DIP**2-LGSTR.-ITD,-GUP-I.D.-QNFORM-QUANTUM NUMBERS
    6841.4982   0.0000 1.66667E+000  -9.3823  3    0.2693   7       0  303  3 2 2       2 2 1       
 ENERGIES FOR BLOCK NUMBER  14, INDEX-DEGEN-ENERGY--EST.ERROR-MIXING-   QUANTUM NUMBERS
    14    1          0.474919          0.000000   1.000000  3  1  2
    14    2          0.549366          0.000000   1.000000  3  3  0
 FREQUENCY-EST.ERROR.-LINE.STR. DIP**2-LGSTR.-ITD,-GUP-I.D.-QNFORM-QUANTUM NUMBERS
    6958.4401   0.0000 2.65161E+000  -9.1633  3    0.2428   7       0  303  3 1 2       2 1 1       
 ENERGIES FOR BLOCK NUMBER  15, INDEX-DEGEN-ENERGY--EST.ERROR-MIXING-   QUANTUM NUMBERS
    15    1          0.457713          0.000000   1.000000  3  1  3
    15    2          0.549287          0.000000   1.000000  3  3  1
 FREQUENCY-EST.ERROR.-LINE.STR. DIP**2-LGSTR.-ITD,-GUP-I.D.-QNFORM-QUANTUM NUMBERS
    6701.7266   0.0000 2.65673E+000  -9.1938  3    0.2342   7       0  303  3 1 3       2 1 2       
 ENERGIES FOR BLOCK NUMBER  16, INDEX-DEGEN-ENERGY--EST.ERROR-MIXING-   QUANTUM NUMBERS
    16    1          0.453584          0.000000   1.000000  3  0  3
    16    2          0.500372          0.000000   1.000000  3  2  1
 FREQUENCY-EST.ERROR.-LINE.STR. DIP**2-LGSTR.-ITD,-GUP-I.D.-QNFORM-QUANTUM NUMBERS
    6774.4877   0.0000 2.90584E+000  -9.1449  3    0.2276   7       0  303  3 0 3       2 0 2       
    8177.1665   0.0000 7.53593E-002 -10.5700  3    0.2276   7       0  303  3 2 1       2 0 2       
    6908.5086   0.0000 1.67201E+000  -9.3726  3    0.2699   7       0  303  3 2 1       2 2 0       
 ENERGIES FOR BLOCK NUMBER  17, INDEX-DEGEN-ENERGY--EST.ERROR-MIXING-   QUANTUM NUMBERS
    17    1          0.752991          0.000000   1.000000  4  0  4
    17    2          0.809041          0.000000   1.000000  4  2  2
    17    3          0.925668          0.000000   1.000000  4  4  0
 FREQUENCY-EST.ERROR.-LINE.STR. DIP**2-LGSTR.-ITD,-GUP-I.D.-QNFORM-QUANTUM NUMBERS
    8976.0050   0.0000 3.83486E+000  -8.8074  3    0.4536   9       0  303  4 0 4       3 0 3       
   10656.3456   0.0000 1.04457E-001 -10.2260  3    0.4536   9       0  303  4 2 2       3 0 3       
    9253.6668   0.0000 3.02169E+000  -8.8898  3    0.5004   9       0  303  4 2 2       3 2 1       
 ENERGIES FOR BLOCK NUMBER  18, INDEX-DEGEN-ENERGY--EST.ERROR-MIXING-   QUANTUM NUMBERS
    18    1          0.755236          0.000000   1.000000  4  1  4
    18    2          0.854557          0.000000   1.000000  4  3  2
 FREQUENCY-EST.ERROR.-LINE.STR. DIP**2-LGSTR.-ITD,-GUP-I.D.-QNFORM-QUANTUM NUMBERS
    8919.5069   0.0000 3.72187E+000  -8.8262  3    0.4577   9       0  303  4 1 4       3 1 3       
   11897.0614   0.0000 2.06804E-002 -10.8363  3    0.4577   9       0  303  4 3 2       3 1 3       
    9151.7615   0.0000 1.75618E+000  -9.1400  3    0.5493   9       0  303  4 3 2       3 3 1       
 ENERGIES FOR BLOCK NUMBER  19, INDEX-DEGEN-ENERGY--EST.ERROR-MIXING-   QUANTUM NUMBERS
    19    1          0.783503          0.000000   1.000000  4  1  3
    19    2          0.855097          0.000000   1.000000  4  3  1
 FREQUENCY-EST.ERROR.-LINE.STR. DIP**2-LGSTR.-ITD,-GUP-I.D.-QNFORM-QUANTUM NUMBERS
    9251.1242   0.0000 3.69275E+000  -8.8002  3    0.4749   9       0  303  4 1 3       3 1 2       
   11397.4712   0.0000 4.59582E-002 -10.5277  3    0.4749   9       0  303  4 3 1       3 1 2       
    9165.5982   0.0000 1.75641E+000  -9.1386  3    0.5494   9       0  303  4 3 1       3 3 0       
 ENERGIES FOR BLOCK NUMBER  20, INDEX-DEGEN-ENERGY--EST.ERROR-MIXING-   QUANTUM NUMBERS
    20    1          0.801348          0.000000   1.000000  4  2  3
    20    2          0.925659          0.000000   1.000000  4  4  1
 FREQUENCY-EST.ERROR.-LINE.STR. DIP**2-LGSTR.-ITD,-GUP-I.D.-QNFORM-QUANTUM NUMBERS
    9107.9350   0.0000 2.98868E+000  -8.9078  3    0.4975   9       0  303  4 2 3       3 2 2       
 ENERGIES FOR BLOCK NUMBER  21, INDEX-DEGEN-ENERGY--EST.ERROR-MIXING-   QUANTUM NUMBERS
    21    1          1.180373          0.000000   1.000000  5  2  4
    21    2          1.307327          0.000000   1.000000  5  4  2
 FREQUENCY-EST.ERROR.-LINE.STR. DIP**2-LGSTR.-ITD,-GUP-I.D.-QNFORM-QUANTUM NUMBERS
   11362.8907   0.0000 4.16500E+000  -8.6070  3    0.8013  11       0  303  5 2 4       4 2 3       
   15168.8650   0.0000 2.59442E-002 -10.5681  3    0.8013  11       0  303  5 4 2       4 2 3       
   11442.1041   0.0000 1.80790E+000  -8.9765  3    0.9257  11       0  303  5 4 2       4 4 1       
 ENERGIES FOR BLOCK NUMBER  22, INDEX-DEGEN-ENERGY--EST.ERROR-MIXING-   QUANTUM NUMBERS
    22    1          1.167609          0.000000   1.000000  5  1  4
    22    2          1.238315          0.000000   1.000000  5  3  2
    22    3          1.398638          0.000000   1.000000  5  5  0
 FREQUENCY-EST.ERROR.-LINE.STR. DIP**2-LGSTR.-ITD,-GUP-I.D.-QNFORM-QUANTUM NUMBERS
   11515.2113   0.0000 4.65903E+000  -8.5451  3    0.7835  11       0  303  5 1 4       4 1 3       
   13634.9230   0.0000 9.90283E-002 -10.0745  3    0.7835  11       0  303  5 3 2       4 1 3       
   11488.5759   0.0000 3.21038E+000  -8.7163  3    0.8551  11       0  303  5 3 2       4 3 1       
   16294.9245   0.0000 1.12052E-002 -10.8781  3    0.8551  11       0  303  5 5 0       4 3 1       
 ENERGIES FOR BLOCK NUMBER  23, INDEX-DEGEN-ENERGY--EST.ERROR-MIXING-   QUANTUM NUMBERS
    23    1          1.126450          0.000000   1.000000  5  1  5
    23    2          1.236263          0.000000   1.000000  5  3  3
    23    3          1.398637          0.000000   1.000000  5  5  1
 FREQUENCY-EST.ERROR.-LINE.STR. DIP**2-LGSTR.-ITD,-GUP-I.D.-QNFORM-QUANTUM NUMBERS
   11128.7155   0.0000 4.74923E+000  -8.5629  3    0.7552  11       0  303  5 1 5       4 1 4       
   14420.8342   0.0000 2.92701E-002 -10.5536  3    0.7552  11       0  303  5 3 3       4 1 4       
   11443.2797   0.0000 3.20719E+000  -8.7200  3    0.8546  11       0  303  5 3 3       4 3 2       
   16311.1121   0.0000 1.11694E-002 -10.8786  3    0.8546  11       0  303  5 5 1       4 3 2       
 ENERGIES FOR BLOCK NUMBER  24, INDEX-DEGEN-ENERGY--EST.ERROR-MIXING-   QUANTUM NUMBERS
    24    1          1.125356          0.000000   1.000000  5  0  5
    24    2          1.195979          0.000000   1.000000  5  2  3
    24    3          1.307404          0.000000   1.000000  5  4  1
 FREQUENCY-EST.ERROR.-LINE.STR. DIP**2-LGSTR.-ITD,-GUP-I.D.-QNFORM-QUANTUM NUMBERS
   11163.2364   0.0000 4.79281E+000  -8.5560  3    0.7530  11       0  303  5 0 5       4 0 4       
    9482.8959   0.0000 2.64667E-002 -10.9586  3    0.8090  11       0  303  5 0 5       4 2 2       
   13280.4447   0.0000 9.60094E-002 -10.1071  3    0.7530  11       0  303  5 2 3       4 0 4       
   11600.1042   0.0000 4.24476E+000  -8.5820  3    0.8090  11       0  303  5 2 3       4 2 2       
   14940.5411   0.0000 2.96861E-002 -10.5232  3    0.8090  11       0  303  5 4 1       4 2 2       
   11444.1514   0.0000 1.80791E+000  -8.9763  3    0.9257  11       0  303  5 4 1       4 4 0       
 ENERGIES FOR BLOCK NUMBER  25, INDEX-DEGEN-ENERGY--EST.ERROR-MIXING-   QUANTUM NUMBERS
    25    1          1.570644          0.000000   1.000000  6  0  6
    25    2          1.660618          0.000000   1.000000  6  2  4
    25    3          1.766055          0.000000   1.000000  6  4  2
    25    4          1.968244          0.000000   1.000000  6  6  0
 FREQUENCY-EST.ERROR.-LINE.STR. DIP**2-LGSTR.-ITD,-GUP-I.D.-QNFORM-QUANTUM NUMBERS
   13349.3782   0.0000 5.77528E+000  -8.3622  3    1.1254  13       0  303  6 0 6       5 0 5       
   16046.7404   0.0000 7.26622E-002 -10.1072  3    1.1254  13       0  303  6 2 4       5 0 5       
   13929.5321   0.0000 5.37461E+000  -8.3648  3    1.1960  13       0  303  6 2 4       5 2 3       
   17090.4505   0.0000 5.85296E-002 -10.1556  3    1.1960  13       0  303  6 4 2       5 2 3       
   13750.0136   0.0000 3.34696E+000  -8.5931  3    1.3074  13       0  303  6 4 2       5 4 1       
   19811.4807   0.0000 1.09522E-002 -10.7713  3    1.3074  13       0  303  6 6 0       5 4 1       
 ENERGIES FOR BLOCK NUMBER  26, INDEX-DEGEN-ENERGY--EST.ERROR-MIXING-   QUANTUM NUMBERS
    26    1          1.571139          0.000000   1.000000  6  1  6
    26    2          1.694245          0.000000   1.000000  6  3  4
    26    3          1.856571          0.000000   1.000000  6  5  2
 FREQUENCY-EST.ERROR.-LINE.STR. DIP**2-LGSTR.-ITD,-GUP-I.D.-QNFORM-QUANTUM NUMBERS
   13331.4267   0.0000 5.75959E+000  -8.3647  3    1.1265  13       0  303  6 1 6       5 1 5       
   17022.0733   0.0000 3.39953E-002 -10.3876  3    1.1265  13       0  303  6 3 4       5 1 5       
   13729.9546   0.0000 4.50033E+000  -8.4583  3    1.2363  13       0  303  6 3 4       5 3 3       
   18596.3515   0.0000 2.54481E-002 -10.4507  3    1.2363  13       0  303  6 5 2       5 3 3       
   13728.5191   0.0000 1.84187E+000  -8.8633  3    1.3986  13       0  303  6 5 2       5 5 1       
 ENERGIES FOR BLOCK NUMBER  27, INDEX-DEGEN-ENERGY--EST.ERROR-MIXING-   QUANTUM NUMBERS
    27    1          1.626026          0.000000   1.000000  6  1  5
    27    2          1.699845          0.000000   1.000000  6  3  3
    27    3          1.856580          0.000000   1.000000  6  5  1
 FREQUENCY-EST.ERROR.-LINE.STR. DIP**2-LGSTR.-ITD,-GUP-I.D.-QNFORM-QUANTUM NUMBERS
   13742.9946   0.0000 5.57002E+000  -8.3578  3    1.1676  13       0  303  6 1 5       5 1 4       
   11623.2829   0.0000 4.50612E-002 -10.5991  3    1.2383  13       0  303  6 1 5       5 3 2       
   15956.0256   0.0000 1.62473E-001  -9.7669  3    1.1676  13       0  303  6 3 3       5 1 4       
   13836.3140   0.0000 4.52031E+000  -8.4501  3    1.2383  13       0  303  6 3 3       5 3 2       
   18535.1223   0.0000 2.57980E-002 -10.4477  3    1.2383  13       0  303  6 5 1       5 3 2       
   13728.7738   0.0000 1.84187E+000  -8.8633  3    1.3986  13       0  303  6 5 1       5 5 0       
 ENERGIES FOR BLOCK NUMBER  28, INDEX-DEGEN-ENERGY--EST.ERROR-MIXING-   QUANTUM NUMBERS
    28    1          1.634181          0.000000   1.000000  6  2  5
    28    2          1.765681          0.000000   1.000000  6  4  3
    28    3          1.968244          0.000000   1.000000  6  6  1
 FREQUENCY-EST.ERROR.-LINE.STR. DIP**2-LGSTR.-ITD,-GUP-I.D.-QNFORM-QUANTUM NUMBERS
   13604.8078   0.0000 5.26256E+000  -8.3923  3    1.1804  13       0  303  6 2 5       5 2 4       
   17547.0959   0.0000 4.25615E-002 -10.2702  3    1.1804  13       0  303  6 4 3       5 2 4       
   13741.1216   0.0000 3.34679E+000  -8.5937  3    1.3073  13       0  303  6 4 3       5 4 2       
   19813.7863   0.0000 1.09495E-002 -10.7713  3    1.3073  13       0  303  6 6 1       5 4 2       
 ENERGIES FOR BLOCK NUMBER  29, INDEX-DEGEN-ENERGY--EST.ERROR-MIXING-   QUANTUM NUMBERS
    29    1          2.162331          0.000000   1.000000  7  2  6
    29    2          2.300797          0.000000   1.000000  7  4  4
    29    3          2.502433          0.000000   1.000000  7  6  2
 FREQUENCY-EST.ERROR.-LINE.STR. DIP**2-LGSTR.-ITD,-GUP-I.D.-QNFORM-QUANTUM NUMBERS
   15833.5535   0.0000 6.31259E+000  -8.2326  3    1.6342  15       0  303  7 2 6       6 2 5       
   19984.6403   0.0000 5.85225E-002 -10.0703  3    1.6342  15       0  303  7 4 4       6 2 5       
   16042.3522   0.0000 4.73051E+000  -8.3605  3    1.7657  15       0  303  7 4 4       6 4 3       
   22087.2504   0.0000 2.43999E-002 -10.3806  3    1.7657  15       0  303  7 6 2       6 4 3       
   16014.5856   0.0000 1.86601E+000  -8.7871  3    1.9682  15       0  303  7 6 2       6 6 1       
 ENERGIES FOR BLOCK NUMBER  30, INDEX-DEGEN-ENERGY--EST.ERROR-MIXING-   QUANTUM NUMBERS
    30    1          2.157672          0.000000   1.000000  7  1  6
    30    2          2.240292          0.000000   1.000000  7  3  4
    30    3          2.391256          0.000000   1.000000  7  5  2
    30    4          2.634483          0.000000   1.000000  7  7  0
 FREQUENCY-EST.ERROR.-LINE.STR. DIP**2-LGSTR.-ITD,-GUP-I.D.-QNFORM-QUANTUM NUMBERS
   15938.3419   0.0000 6.47081E+000  -8.2154  3    1.6260  15       0  303  7 1 6       6 1 5       
   13725.3108   0.0000 6.19782E-002 -10.3679  3    1.6998  15       0  303  7 1 6       6 3 3       
   18415.2286   0.0000 1.98163E-001  -9.6081  3    1.6260  15       0  303  7 3 4       6 1 5       
   16202.1975   0.0000 5.76468E+000  -8.2595  3    1.6998  15       0  303  7 3 4       6 3 3       
   20727.9784   0.0000 4.49895E-002 -10.1609  3    1.6998  15       0  303  7 5 2       6 3 3       
   16029.1700   0.0000 3.44409E+000  -8.5085  3    1.8566  15       0  303  7 5 2       6 5 1       
   23320.9324   0.0000 1.07884E-002 -10.6993  3    1.8566  15       0  303  7 7 0       6 5 1       
 ENERGIES FOR BLOCK NUMBER  31, INDEX-DEGEN-ENERGY--EST.ERROR-MIXING-   QUANTUM NUMBERS
    31    1          2.089162          0.000000   1.000000  7  1  7
    31    2          2.228195          0.000000   1.000000  7  3  5
    31    3          2.391201          0.000000   1.000000  7  5  3
    31    4          2.634483          0.000000   1.000000  7  7  1
 FREQUENCY-EST.ERROR.-LINE.STR. DIP**2-LGSTR.-ITD,-GUP-I.D.-QNFORM-QUANTUM NUMBERS
   15529.9606   0.0000 6.76271E+000  -8.2124  3    1.5711  15       0  303  7 1 7       6 1 6       
   19698.0469   0.0000 3.50828E-002 -10.2980  3    1.5711  15       0  303  7 3 5       6 1 6       
   16007.4002   0.0000 5.69608E+000  -8.2743  3    1.6942  15       0  303  7 3 5       6 3 4       
   20894.1994   0.0000 4.30003E-002 -10.1732  3    1.6942  15       0  303  7 5 3       6 3 4       
   16027.8025   0.0000 3.44408E+000  -8.5086  3    1.8566  15       0  303  7 5 3       6 5 2       
   23321.2127   0.0000 1.07882E-002 -10.6993  3    1.8566  15       0  303  7 7 1       6 5 2       
 ENERGIES FOR BLOCK NUMBER  32, INDEX-DEGEN-ENERGY--EST.ERROR-MIXING-   QUANTUM NUMBERS
    32    1          2.088949          0.000000   1.000000  7  0  7
    32    2          2.202018          0.000000   1.000000  7  2  5
    32    3          2.302100          0.000000   1.000000  7  4  3
    32    4          2.502434          0.000000   1.000000  7  6  1
 FREQUENCY-EST.ERROR.-LINE.STR. DIP**2-LGSTR.-ITD,-GUP-I.D.-QNFORM-QUANTUM NUMBERS
   15538.4074   0.0000 6.76829E+000  -8.2115  3    1.5706  15       0  303  7 0 7       6 0 6       
   18928.1130   0.0000 5.33276E-002 -10.1494  3    1.5706  15       0  303  7 2 5       6 0 6       
   16230.7508   0.0000 6.41424E+000  -8.2075  3    1.6606  15       0  303  7 2 5       6 2 4       
   13069.8324   0.0000 2.08159E-002 -10.8900  3    1.7661  15       0  303  7 2 5       6 4 2       
   19231.1342   0.0000 1.05773E-001  -9.8481  3    1.6606  15       0  303  7 4 3       6 2 4       
   16070.2158   0.0000 4.73190E+000  -8.3590  3    1.7661  15       0  303  7 4 3       6 4 2       
   22076.0812   0.0000 2.44307E-002 -10.3805  3    1.7661  15       0  303  7 6 1       6 4 2       
   16014.6141   0.0000 1.86601E+000  -8.7871  3    1.9682  15       0  303  7 6 1       6 6 0       
 ENERGIES FOR BLOCK NUMBER  33, INDEX-DEGEN-ENERGY--EST.ERROR-MIXING-   QUANTUM NUMBERS
    33    1          2.680354          0.000000   1.000000  8  0  8
    33    2          2.818958          0.000000   1.000000  8  2  6
    33    3          2.916245          0.000000   1.000000  8  4  4
    33    4          3.113291          0.000000   1.000000  8  6  2
    33    5          3.397354          0.000000   1.000000  8  8  0
 FREQUENCY-EST.ERROR.-LINE.STR. DIP**2-LGSTR.-ITD,-GUP-I.D.-QNFORM-QUANTUM NUMBERS
   17729.8831   0.0000 7.76503E+000  -8.0950  3    2.0889  17       0  303  8 0 8       7 0 7       
   21885.1104   0.0000 4.11880E-002 -10.1945  3    2.0889  17       0  303  8 2 6       7 0 7       
   18495.4049   0.0000 7.36844E+000  -8.0941  3    2.2020  17       0  303  8 2 6       7 2 5       
   15495.0215   0.0000 4.64371E-002 -10.4537  3    2.3021  17       0  303  8 2 6       7 4 3       
   21411.9931   0.0000 1.75240E-001  -9.5956  3    2.2020  17       0  303  8 4 4       7 2 5       
   18411.6096   0.0000 6.02250E+000  -8.1959  3    2.3021  17       0  303  8 4 4       7 4 3       
   24318.8981   0.0000 4.09346E-002 -10.1319  3    2.3021  17       0  303  8 6 2       7 4 3       
   18313.0328   0.0000 3.51648E+000  -8.4549  3    2.5024  17       0  303  8 6 2       7 6 1       
   26829.0247   0.0000 1.06711E-002 -10.6555  3    2.5024  17       0  303  8 8 0       7 6 1       
 ENERGIES FOR BLOCK NUMBER  34, INDEX-DEGEN-ENERGY--EST.ERROR-MIXING-   QUANTUM NUMBERS
    34    1          2.680443          0.000000   1.000000  8  1  8
    34    2          2.837688          0.000000   1.000000  8  3  6
    34    3          3.002673          0.000000   1.000000  8  5  4
    34    4          3.244930          0.000000   1.000000  8  7  2
 FREQUENCY-EST.ERROR.-LINE.STR. DIP**2-LGSTR.-ITD,-GUP-I.D.-QNFORM-QUANTUM NUMBERS
   17726.1518   0.0000 7.76304E+000  -8.0953  3    2.0892  17       0  303  8 1 8       7 1 7       
   22440.2341   0.0000 3.38116E-002 -10.2594  3    2.0892  17       0  303  8 3 6       7 1 7       
   18272.1478   0.0000 6.82372E+000  -8.1403  3    2.2282  17       0  303  8 3 6       7 3 5       
   23218.2688   0.0000 6.32225E-002  -9.9738  3    2.2282  17       0  303  8 5 4       7 3 5       
   18331.4697   0.0000 4.89614E+000  -8.2988  3    2.3912  17       0  303  8 5 4       7 5 3       
   25594.1743   0.0000 2.36104E-002 -10.3379  3    2.3912  17       0  303  8 7 2       7 5 3       
   18300.7641   0.0000 1.88407E+000  -8.7403  3    2.6345  17       0  303  8 7 2       7 7 1       
 ENERGIES FOR BLOCK NUMBER  35, INDEX-DEGEN-ENERGY--EST.ERROR-MIXING-   QUANTUM NUMBERS
    35    1          2.762007          0.000000   1.000000  8  1  7
    35    2          2.859601          0.000000   1.000000  8  3  5
    35    3          3.002903          0.000000   1.000000  8  5  3
    35    4          3.244931          0.000000   1.000000  8  7  1
 FREQUENCY-EST.ERROR.-LINE.STR. DIP**2-LGSTR.-ITD,-GUP-I.D.-QNFORM-QUANTUM NUMBERS
   18117.5232   0.0000 7.40269E+000  -8.1048  3    2.1577  17       0  303  8 1 7       7 1 6       
   15640.6365   0.0000 5.83140E-002 -10.3405  3    2.2403  17       0  303  8 1 7       7 3 4       
   21043.3049   0.0000 1.85947E-001  -9.5797  3    2.1577  17       0  303  8 3 5       7 1 6       
   18566.4182   0.0000 6.96549E+000  -8.1193  3    2.2403  17       0  303  8 3 5       7 3 4       
   22862.5168   0.0000 7.15035E-002  -9.9344  3    2.2403  17       0  303  8 5 3       7 3 4       
   18336.7359   0.0000 4.89623E+000  -8.2985  3    2.3913  17       0  303  8 5 3       7 5 2       
   25592.5294   0.0000 2.36131E-002 -10.3379  3    2.3913  17       0  303  8 7 1       7 5 2       
   18300.7670   0.0000 1.88407E+000  -8.7403  3    2.6345  17       0  303  8 7 1       7 7 0       
 ENERGIES FOR BLOCK NUMBER  36, INDEX-DEGEN-ENERGY--EST.ERROR-MIXING-   QUANTUM NUMBERS
    36    1          2.764433          0.000000   1.000000  8  2  7
    36    2          2.912637          0.000000   1.000000  8  4  5
    36    3          3.113284          0.000000   1.000000  8  6  3
    36    4          3.397354          0.000000   1.000000  8  8  1
 FREQUENCY-EST.ERROR.-LINE.STR. DIP**2-LGSTR.-ITD,-GUP-I.D.-QNFORM-QUANTUM NUMBERS
   18050.5623   0.0000 7.33398E+000  -8.1124  3    2.1623  17       0  303  8 2 7       7 2 6       
   22493.6070   0.0000 7.08881E-002  -9.9435  3    2.1623  17       0  303  8 4 5       7 2 6       
   18342.5202   0.0000 6.01423E+000  -8.1995  3    2.3008  17       0  303  8 4 5       7 4 4       
   24357.7493   0.0000 4.07377E-002 -10.1325  3    2.3008  17       0  303  8 6 3       7 4 4       
   18312.8511   0.0000 3.51648E+000  -8.4550  3    2.5024  17       0  303  8 6 3       7 6 2       
   26829.0556   0.0000 1.06710E-002 -10.6555  3    2.5024  17       0  303  8 8 1       7 6 2       
 ENERGIES FOR BLOCK NUMBER  37, INDEX-DEGEN-ENERGY--EST.ERROR-MIXING-   QUANTUM NUMBERS
    37    1          3.440181          0.000000   1.000000  9  2  8
    37    2          3.601022          0.000000   1.000000  9  4  6
    37    3          3.800935          0.000000   1.000000  9  6  4
    37    4          4.084064          0.000000   1.000000  9  8  2
 FREQUENCY-EST.ERROR.-LINE.STR. DIP**2-LGSTR.-ITD,-GUP-I.D.-QNFORM-QUANTUM NUMBERS
   20258.4004   0.0000 8.33952E+000  -8.0228  3    2.7644  19       0  303  9 2 8       8 2 7       
   25080.3099   0.0000 7.79029E-002  -9.8751  3    2.7644  19       0  303  9 4 6       8 2 7       
   20637.2652   0.0000 7.22615E+000  -8.0850  3    2.9126  19       0  303  9 4 6       8 4 5       
   26630.5029   0.0000 6.01788E-002  -9.9531  3    2.9126  19       0  303  9 6 4       8 4 5       
   20615.2738   0.0000 5.02313E+000  -8.2647  3    3.1133  19       0  303  9 6 4       8 6 3       
   29103.2557   0.0000 2.30460E-002 -10.3179  3    3.1133  19       0  303  9 8 2       8 6 3       
   20587.0511   0.0000 1.89810E+000  -8.7181  3    3.3974  19       0  303  9 8 2       8 8 1       
 ENERGIES FOR BLOCK NUMBER  38, INDEX-DEGEN-ENERGY--EST.ERROR-MIXING-   QUANTUM NUMBERS
    38    1          3.439002          0.000000   1.000000  9  1  8
    38    2          3.557040          0.000000   1.000000  9  3  6
    38    3          3.691877          0.000000   1.000000  9  5  4
    38    4          3.932011          0.000000   1.000000  9  7  2
    38    5          4.256857          0.000000   1.000000  9  9  0
 FREQUENCY-EST.ERROR.-LINE.STR. DIP**2-LGSTR.-ITD,-GUP-I.D.-QNFORM-QUANTUM NUMBERS
   20295.7936   0.0000 8.36694E+000  -8.0196  3    2.7620  19       0  303  9 1 8       8 1 7       
   17370.0119   0.0000 4.36963E-002 -10.4421  3    2.8596  19       0  303  9 1 8       8 3 5       
   23834.4855   0.0000 1.49850E-001  -9.6329  3    2.7620  19       0  303  9 3 6       8 1 7       
   20908.7039   0.0000 8.09868E+000  -8.0191  3    2.8596  19       0  303  9 3 6       8 3 5       
   16612.6052   0.0000 1.98655E-002 -10.8368  3    3.0029  19       0  303  9 3 6       8 5 3       
   24951.0164   0.0000 1.10973E-001  -9.7356  3    2.8596  19       0  303  9 5 4       8 3 5       
   20654.9178   0.0000 6.24798E+000  -8.1569  3    3.0029  19       0  303  9 5 4       8 5 3       
   27853.9356   0.0000 3.88068E-002 -10.1161  3    3.0029  19       0  303  9 7 2       8 5 3       
   20598.1421   0.0000 3.57262E+000  -8.4271  3    3.2449  19       0  303  9 7 2       8 7 1       
 ENERGIES FOR BLOCK NUMBER  39, INDEX-DEGEN-ENERGY--EST.ERROR-MIXING-   QUANTUM NUMBERS
    39    1          3.344942          0.000000   1.000000  9  1  9
    39    2          3.522236          0.000000   1.000000  9  3  7
    39    3          3.691108          0.000000   1.000000  9  5  5
    39    4          3.932010          0.000000   1.000000  9  7  3
    39    5          4.256857          0.000000   1.000000  9  9  1
 FREQUENCY-EST.ERROR.-LINE.STR. DIP**2-LGSTR.-ITD,-GUP-I.D.-QNFORM-QUANTUM NUMBERS
   19921.1661   0.0000 8.76246E+000  -8.0066  3    2.6804  19       0  303  9 1 9       8 1 8       
   25236.3131   0.0000 3.14590E-002 -10.2550  3    2.6804  19       0  303  9 3 7       8 1 8       
   20522.2307   0.0000 7.90078E+000  -8.0431  3    2.8377  19       0  303  9 3 7       8 3 6       
   25584.8852   0.0000 8.44141E-002  -9.8314  3    2.8377  19       0  303  9 5 5       8 3 6       
   20638.7642   0.0000 6.24740E+000  -8.1575  3    3.0027  19       0  303  9 5 5       8 5 4       
   27860.8249   0.0000 3.87874E-002 -10.1161  3    3.0027  19       0  303  9 7 3       8 5 4       
   20598.1203   0.0000 3.57262E+000  -8.4271  3    3.2449  19       0  303  9 7 3       8 7 2       
    2495.2821   0.0000 6.76535E-001 -10.9725  3    3.4390  19       0  303  9 3 7       9 1 8       
 ENERGIES FOR BLOCK NUMBER  40, INDEX-DEGEN-ENERGY--EST.ERROR-MIXING-   QUANTUM NUMBERS
    40    1          3.344906          0.000000   1.000000  9  0  9
    40    2          3.510063          0.000000   1.000000  9  2  7
    40    3          3.609317          0.000000   1.000000  9  4  5
    40    4          3.800970          0.000000   1.000000  9  6  3
    40    5          4.084064          0.000000   1.000000  9  8  1
 FREQUENCY-EST.ERROR.-LINE.STR. DIP**2-LGSTR.-ITD,-GUP-I.D.-QNFORM-QUANTUM NUMBERS
   19922.7455   0.0000 8.76317E+000  -8.0065  3    2.6804  19       0  303  9 0 9       8 0 8       
   24874.0249   0.0000 3.40848E-002 -10.2321  3    2.6804  19       0  303  9 2 7       8 0 8       
   20718.7976   0.0000 8.25858E+000  -8.0140  3    2.8190  19       0  303  9 2 7       8 2 6       
   17802.2094   0.0000 7.90404E-002 -10.1700  3    2.9162  19       0  303  9 2 7       8 4 4       
   23694.3826   0.0000 2.50708E-001  -9.4202  3    2.8190  19       0  303  9 4 5       8 2 6       
   20777.7944   0.0000 7.26110E+000  -8.0776  3    2.9162  19       0  303  9 4 5       8 4 4       
   26523.3873   0.0000 6.11265E-002  -9.9500  3    2.9162  19       0  303  9 6 3       8 4 4       
   20616.0988   0.0000 5.02314E+000  -8.2647  3    3.1133  19       0  303  9 6 3       8 6 2       
   29103.0434   0.0000 2.30462E-002 -10.3179  3    3.1133  19       0  303  9 8 1       8 6 2       
   20587.0514   0.0000 1.89810E+000  -8.7181  3    3.3974  19       0  303  9 8 1       8 8 0       
 ENERGIES FOR BLOCK NUMBER  41, INDEX-DEGEN-ENERGY--EST.ERROR-MIXING-   QUANTUM NUMBERS
    41    1          4.082626          0.000000   1.000000 10  0 10
    41    2          4.274159          0.000000   1.000000 10  2  8
    41    3          4.381877          0.000000   1.000000 10  4  6
    41    4          4.565669          0.000000   1.000000 10  6  4
    41    5          4.847383          0.000000   1.000000 10  8  2
    41    6          5.212991          0.000000   1.000000 10 10  0
 FREQUENCY-EST.ERROR.-LINE.STR. DIP**2-LGSTR.-ITD,-GUP-I.D.-QNFORM-QUANTUM NUMBERS
   22116.2878   0.0000 9.76191E+000  -7.9418  3    3.3449  21       0  303 10 010       9 0 9       
   27858.3103   0.0000 2.97113E-002 -10.2675  3    3.3449  21       0  303 10 2 8       9 0 9       
   22907.0309   0.0000 9.13533E+000  -7.9586  3    3.5101  21       0  303 10 2 8       9 2 7       
   19931.4458   0.0000 9.88138E-002 -10.0507  3    3.6093  21       0  303 10 2 8       9 4 5       
   26136.3309   0.0000 2.91620E-001  -9.3454  3    3.5101  21       0  303 10 4 6       9 2 7       
   23160.7459   0.0000 8.48106E+000  -7.9921  3    3.6093  21       0  303 10 4 6       9 4 5       
   28670.6996   0.0000 8.63701E-002  -9.8080  3    3.6093  21       0  303 10 6 4       9 4 5       
   22925.1068   0.0000 6.42898E+000  -8.1408  3    3.8010  21       0  303 10 6 4       9 6 3       
   22883.7295   0.0000 3.61747E+000  -8.4216  3    4.0841  21       0  303 10 8 2       9 8 1       
 ENERGIES FOR BLOCK NUMBER  42, INDEX-DEGEN-ENERGY--EST.ERROR-MIXING-   QUANTUM NUMBERS
    42    1          4.082640          0.000000   1.000000 10  1 10
    42    2          4.281342          0.000000   1.000000 10  3  8
    42    3          4.456560          0.000000   1.000000 10  5  6
    42    4          4.695838          0.000000   1.000000 10  7  4
    42    5          5.019831          0.000000   1.000000 10  9  2
 FREQUENCY-EST.ERROR.-LINE.STR. DIP**2-LGSTR.-ITD,-GUP-I.D.-QNFORM-QUANTUM NUMBERS
   22115.6394   0.0000 9.76166E+000  -7.9418  3    3.3449  21       0  303 10 110       9 1 9       
   28072.5873   0.0000 2.88507E-002 -10.2740  3    3.3449  21       0  303 10 3 8       9 1 9       
   22757.4403   0.0000 8.94076E+000  -7.9747  3    3.5222  21       0  303 10 3 8       9 3 7       
   17694.7859   0.0000 1.68832E-002 -10.9262  3    3.6911  21       0  303 10 3 8       9 5 5       
   28010.3324   0.0000 1.03875E-001  -9.7380  3    3.5222  21       0  303 10 5 6       9 3 7       
   22947.6780   0.0000 7.52655E+000  -8.0601  3    3.6911  21       0  303 10 5 6       9 5 5       
   22899.0009   0.0000 5.12425E+000  -8.2539  3    3.9320  21       0  303 10 7 4       9 7 3       
   22873.4116   0.0000 1.90931E+000  -8.7174  3    4.2569  21       0  303 10 9 2       9 9 1       
 ENERGIES FOR BLOCK NUMBER  43, INDEX-DEGEN-ENERGY--EST.ERROR-MIXING-   QUANTUM NUMBERS
    43    1          4.188819          0.000000   1.000000 10  1  9
    43    2          4.331449          0.000000   1.000000 10  3  7
    43    3          4.458713          0.000000   1.000000 10  5  5
    43    4          4.695843          0.000000   1.000000 10  7  3
    43    5          5.019831          0.000000   1.000000 10  9  1
 FREQUENCY-EST.ERROR.-LINE.STR. DIP**2-LGSTR.-ITD,-GUP-I.D.-QNFORM-QUANTUM NUMBERS
   22478.9553   0.0000 9.34818E+000  -7.9569  3    3.4390  21       0  303 10 1 9       9 1 8       
   18940.2633   0.0000 3.02914E-002 -10.6014  3    3.5570  21       0  303 10 1 9       9 3 6       
   26754.8781   0.0000 1.16499E-001  -9.7172  3    3.4390  21       0  303 10 3 7       9 1 8       
   23216.1861   0.0000 9.13988E+000  -7.9522  3    3.5570  21       0  303 10 3 7       9 3 6       
   19173.8736   0.0000 4.09856E-002 -10.4739  3    3.6919  21       0  303 10 3 7       9 5 4       
   27031.4564   0.0000 1.71031E-001  -9.5543  3    3.5570  21       0  303 10 5 5       9 3 6       
   22989.1438   0.0000 7.52966E+000  -8.0585  3    3.6919  21       0  303 10 5 5       9 5 4       
   22899.1150   0.0000 5.12425E+000  -8.2539  3    3.9320  21       0  303 10 7 3       9 7 2       
   22873.4116   0.0000 1.90931E+000  -8.7174  3    4.2569  21       0  303 10 9 1       9 9 0       
    2773.7672   0.0000 7.35560E-001 -10.9228  3    4.1888  21       0  303 10 3 8      10 1 9       
 ENERGIES FOR BLOCK NUMBER  44, INDEX-DEGEN-ENERGY--EST.ERROR-MIXING-   QUANTUM NUMBERS
    44    1          4.189364          0.000000   1.000000 10  2  9
    44    2          4.365621          0.000000   1.000000 10  4  7
    44    3          4.565535          0.000000   1.000000 10  6  5
    44    4          4.847383          0.000000   1.000000 10  8  3
    44    5          5.212991          0.000000   1.000000 10 10  1
 FREQUENCY-EST.ERROR.-LINE.STR. DIP**2-LGSTR.-ITD,-GUP-I.D.-QNFORM-QUANTUM NUMBERS
   22459.9487   0.0000 9.33748E+000  -7.9582  3    3.4402  21       0  303 10 2 9       9 2 8       
   17638.0392   0.0000 1.43049E-002 -10.9915  3    3.6010  21       0  303 10 2 9       9 4 6       
   27744.0041   0.0000 7.96882E-002  -9.8524  3    3.4402  21       0  303 10 4 7       9 2 8       
   22922.0946   0.0000 8.38102E+000  -8.0050  3    3.6010  21       0  303 10 4 7       9 4 6       
   28915.3706   0.0000 8.25640E-002  -9.8198  3    3.6010  21       0  303 10 6 5       9 4 6       
   22922.1328   0.0000 6.42894E+000  -8.1409  3    3.8009  21       0  303 10 6 5       9 6 4       
   22883.7271   0.0000 3.61747E+000  -8.4216  3    4.0841  21       0  303 10 8 3       9 8 2       
    2542.0891   0.0000 7.64780E-001 -10.9813  3    4.1894  21       0  303 10 2 8      10 2 9       
 ENERGIES FOR BLOCK NUMBER  45, INDEX-DEGEN-ENERGY--EST.ERROR-MIXING-   QUANTUM NUMBERS
    45    1          5.011856          0.000000   1.000000 11  2 10
    45    2          5.205981          0.000000   1.000000 11  4  8
    45    3          5.407226          0.000000   1.000000 11  6  6
    45    4          5.687410          0.000000   1.000000 11  8  4
    45    5          6.052233          0.000000   1.000000 11 10  2
 FREQUENCY-EST.ERROR.-LINE.STR. DIP**2-LGSTR.-ITD,-GUP-I.D.-QNFORM-QUANTUM NUMBERS
   24657.6789   0.0000 1.03325E+001  -7.9148  3    4.1894  23       0  303 11 210      10 2 9       
   19373.6234   0.0000 1.41371E-002 -10.9976  3    4.3656  23       0  303 11 210      10 4 7       
   25193.3628   0.0000 9.48761E+000  -7.9525  3    4.3656  23       0  303 11 4 8      10 4 7       
   25233.2441   0.0000 7.76107E+000  -8.0592  3    4.5655  23       0  303 11 6 6      10 6 5       
   25183.3885   0.0000 5.20682E+000  -8.2636  3    4.8474  23       0  303 11 8 4      10 8 3       
   25159.8217   0.0000 1.91848E+000  -8.7360  3    5.2130  23       0  303 1110 2      1010 1       
 ENERGIES FOR BLOCK NUMBER  46, INDEX-DEGEN-ENERGY--EST.ERROR-MIXING-   QUANTUM NUMBERS
    46    1          5.011613          0.000000   1.000000 11  1 10
    46    2          5.181400          0.000000   1.000000 11  3  8
    46    3          5.304160          0.000000   1.000000 11  5  6
    46    4          5.536568          0.000000   1.000000 11  7  4
    46    5          5.859398          0.000000   1.000000 11  9  2
    46    6          6.265758          0.000000   1.000000 11 11  0
 FREQUENCY-EST.ERROR.-LINE.STR. DIP**2-LGSTR.-ITD,-GUP-I.D.-QNFORM-QUANTUM NUMBERS
   24666.7379   0.0000 1.03367E+001  -7.9143  3    4.1888  23       0  303 11 110      10 1 9       
   20390.8151   0.0000 2.14563E-002 -10.7701  3    4.3314  23       0  303 11 110      10 3 7       
   29756.8317   0.0000 9.37891E-002  -9.8021  3    4.1888  23       0  303 11 3 8      10 1 9       
   25480.9089   0.0000 1.00851E+001  -7.9130  3    4.3314  23       0  303 11 3 8      10 3 7       
   21665.6387   0.0000 7.49701E-002 -10.1895  3    4.4587  23       0  303 11 3 8      10 5 5       
   29161.1323   0.0000 2.53767E-001  -9.4013  3    4.3314  23       0  303 11 5 6      10 3 7       
   25345.8620   0.0000 8.76404E+000  -7.9916  3    4.4587  23       0  303 11 5 6      10 5 5       
   25204.3008   0.0000 6.57625E+000  -8.1457  3    4.6958  23       0  303 11 7 4      10 7 3       
   25169.5766   0.0000 3.65413E+000  -8.4358  3    5.0198  23       0  303 11 9 2      10 9 1       
 ENERGIES FOR BLOCK NUMBER  47, INDEX-DEGEN-ENERGY--EST.ERROR-MIXING-   QUANTUM NUMBERS
    47    1          4.893530          0.000000   1.000000 11  1 11
    47    2          5.114560          0.000000   1.000000 11  3  9
    47    3          5.298971          0.000000   1.000000 11  5  7
    47    4          5.536548          0.000000   1.000000 11  7  5
    47    5          5.859398          0.000000   1.000000 11  9  3
    47    6          6.265758          0.000000   1.000000 11 11  1
 FREQUENCY-EST.ERROR.-LINE.STR. DIP**2-LGSTR.-ITD,-GUP-I.D.-QNFORM-QUANTUM NUMBERS
   24309.8826   0.0000 1.07609E+001  -7.8978  3    4.0826  23       0  303 11 111      10 110       
   24979.2500   0.0000 9.95545E+000  -7.9299  3    4.2813  23       0  303 11 3 9      10 3 8       
   19726.3579   0.0000 2.16149E-002 -10.8076  3    4.4566  23       0  303 11 3 9      10 5 6       
   25254.8394   0.0000 8.75016E+000  -7.9951  3    4.4566  23       0  303 11 5 7      10 5 6       
   25203.8301   0.0000 6.57624E+000  -8.1457  3    4.6958  23       0  303 11 7 5      10 7 4       
   25169.5764   0.0000 3.65413E+000  -8.4358  3    5.0198  23       0  303 11 9 3      10 9 2       
    3086.2792   0.0000 7.73602E-001 -10.8944  3    5.0116  23       0  303 11 3 9      11 110       
 ENERGIES FOR BLOCK NUMBER  48, INDEX-DEGEN-ENERGY--EST.ERROR-MIXING-   QUANTUM NUMBERS
    48    1          4.893525          0.000000   1.000000 11  0 11
    48    2          5.110661          0.000000   1.000000 11  2  9
    48    3          5.233788          0.000000   1.000000 11  4  7
    48    4          5.407660          0.000000   1.000000 11  6  5
    48    5          5.687411          0.000000   1.000000 11  8  3
    48    6          6.052233          0.000000   1.000000 11 10  1
 FREQUENCY-EST.ERROR.-LINE.STR. DIP**2-LGSTR.-ITD,-GUP-I.D.-QNFORM-QUANTUM NUMBERS
   24310.1426   0.0000 1.07610E+001  -7.8978  3    4.0826  23       0  303 11 011      10 010       
   25077.7103   0.0000 1.00450E+001  -7.9220  3    4.2742  23       0  303 11 2 9      10 2 8       
   21848.4103   0.0000 9.26918E-002 -10.0824  3    4.3819  23       0  303 11 2 9      10 4 6       
   28768.9663   0.0000 2.76492E-001  -9.3691  3    4.2742  23       0  303 11 4 7      10 2 8       
   25539.6662   0.0000 9.68153E+000  -7.9341  3    4.3819  23       0  303 11 4 7      10 4 6       
   20029.7125   0.0000 1.94584E-002 -10.8519  3    4.5657  23       0  303 11 4 7      10 6 4       
   25242.2503   0.0000 7.76132E+000  -8.0589  3    4.5657  23       0  303 11 6 5      10 6 4       
   25183.4029   0.0000 5.20682E+000  -8.2636  3    4.8474  23       0  303 11 8 3      10 8 2       
   25159.8217   0.0000 1.91848E+000  -8.7360  3    5.2130  23       0  303 1110 1      1010 0       
    3547.4697   0.0000 4.48426E-001 -10.9988  3    4.8935  23       0  303 11 210      11 011       
    2962.1205   0.0000 7.84422E-001 -10.9239  3    5.0119  23       0  303 11 2 9      11 210       
    2857.6188   0.0000 8.08826E-001 -10.9519  3    5.1107  23       0  303 11 4 8      11 2 9       
 ENERGIES FOR BLOCK NUMBER  49, INDEX-DEGEN-ENERGY--EST.ERROR-MIXING-   QUANTUM NUMBERS
    49    1          5.777608          0.000000   1.000000 12  0 12
    49    2          6.019549          0.000000   1.000000 12  2 10
    49    3          6.164188          0.000000   1.000000 12  4  8
    49    4          6.327337          0.000000   1.000000 12  6  6
    49    5          6.604260          0.000000   1.000000 12  8  4
    49    6          6.968052          0.000000   1.000000 12 10  2
    49    7          7.415156          0.000000   1.000000 12 12  0
 FREQUENCY-EST.ERROR.-LINE.STR. DIP**2-LGSTR.-ITD,-GUP-I.D.-QNFORM-QUANTUM NUMBERS
   26504.1379   0.0000 1.17602E+001  -7.8723  3    4.8935  25       0  303 12 012      11 011       
   27247.7667   0.0000 1.09927E+001  -7.9015  3    5.1107  25       0  303 12 210      11 2 9       
   23556.5107   0.0000 7.18734E-002 -10.2191  3    5.2338  25       0  303 12 210      11 4 7       
   27892.6736   0.0000 1.08226E+001  -7.9018  3    5.2338  25       0  303 12 4 8      11 4 7       
   22680.1358   0.0000 3.57449E-002 -10.5720  3    5.4077  25       0  303 12 4 8      11 6 5       
   27571.2322   0.0000 9.03839E+000  -8.0077  3    5.4077  25       0  303 12 6 6      11 6 5       
   27486.4607   0.0000 6.69864E+000  -8.1695  3    5.6874  25       0  303 12 8 4      11 8 3       
   27455.5907   0.0000 3.68466E+000  -8.4680  3    6.0522  25       0  303 1210 2      1110 1       
 ENERGIES FOR BLOCK NUMBER  50, INDEX-DEGEN-ENERGY--EST.ERROR-MIXING-   QUANTUM NUMBERS
    50    1          5.777610          0.000000   1.000000 12  1 12
    50    2          6.021532          0.000000   1.000000 12  3 10
    50    3          6.218137          0.000000   1.000000 12  5  8
    50    4          6.454281          0.000000   1.000000 12  7  6
    50    5          6.775643          0.000000   1.000000 12  9  4
    50    6          7.181267          0.000000   1.000000 12 11  2
 FREQUENCY-EST.ERROR.-LINE.STR. DIP**2-LGSTR.-ITD,-GUP-I.D.-QNFORM-QUANTUM NUMBERS
   26504.0355   0.0000 1.17602E+001  -7.8724  3    4.8935  25       0  303 12 112      11 111       
   27190.3321   0.0000 1.09550E+001  -7.9051  3    5.1146  25       0  303 12 310      11 3 9       
   21661.8506   0.0000 2.47096E-002 -10.7592  3    5.2990  25       0  303 12 310      11 5 7       
   27555.9057   0.0000 9.92705E+000  -7.9561  3    5.2990  25       0  303 12 5 8      11 5 7       
   27512.9572   0.0000 7.95343E+000  -8.0784  3    5.5365  25       0  303 12 7 6      11 7 5       
   27468.3175   0.0000 5.27555E+000  -8.2917  3    5.8594  25       0  303 12 9 4      11 9 3       
   27446.2667   0.0000 1.92612E+000  -8.7722  3    6.2658  25       0  303 1211 2      1111 1       
 ENERGIES FOR BLOCK NUMBER  51, INDEX-DEGEN-ENERGY--EST.ERROR-MIXING-   QUANTUM NUMBERS
    51    1          5.907482          0.000000   1.000000 12  1 11
    51    2          6.105369          0.000000   1.000000 12  3  9
    51    3          6.229055          0.000000   1.000000 12  5  7
    51    4          6.454356          0.000000   1.000000 12  7  5
    51    5          6.775643          0.000000   1.000000 12  9  3
    51    6          7.181267          0.000000   1.000000 12 11  1
 FREQUENCY-EST.ERROR.-LINE.STR. DIP**2-LGSTR.-ITD,-GUP-I.D.-QNFORM-QUANTUM NUMBERS
   26857.4588   0.0000 1.13286E+001  -7.8900  3    5.0116  25       0  303 12 111      11 110       
   21767.3650   0.0000 1.62599E-002 -10.9247  3    5.1814  25       0  303 12 111      11 3 8       
   27699.8817   0.0000 1.09579E+001  -7.8967  3    5.1814  25       0  303 12 3 9      11 3 8       
   24019.6583   0.0000 1.14244E-001 -10.0090  3    5.3042  25       0  303 12 3 9      11 5 6       
   27727.6780   0.0000 9.97623E+000  -7.9494  3    5.3042  25       0  303 12 5 7      11 5 6       
   27514.5845   0.0000 7.95345E+000  -8.0784  3    5.5366  25       0  303 12 7 5      11 7 4       
   27468.3192   0.0000 5.27555E+000  -8.2917  3    5.8594  25       0  303 12 9 3      11 9 2       
   27446.2667   0.0000 1.92612E+000  -8.7722  3    6.2658  25       0  303 1211 1      1111 0       
    3419.1525   0.0000 7.99627E-001 -10.8850  3    5.9075  25       0  303 12 310      12 111       
 ENERGIES FOR BLOCK NUMBER  52, INDEX-DEGEN-ENERGY--EST.ERROR-MIXING-   QUANTUM NUMBERS
    52    1          5.907586          0.000000   1.000000 12  2 11
    52    2          6.121580          0.000000   1.000000 12  4  9
    52    3          6.326115          0.000000   1.000000 12  6  7
    52    4          6.604258          0.000000   1.000000 12  8  5
    52    5          6.968052          0.000000   1.000000 12 10  3
    52    6          7.415156          0.000000   1.000000 12 12  1
 FREQUENCY-EST.ERROR.-LINE.STR. DIP**2-LGSTR.-ITD,-GUP-I.D.-QNFORM-QUANTUM NUMBERS
   26853.3341   0.0000 1.13269E+001  -7.8902  3    5.0119  25       0  303 12 211      11 210       
   27448.9491   0.0000 1.05533E+001  -7.9231  3    5.2060  25       0  303 12 4 9      11 4 8       
   21415.7918   0.0000 2.17952E-002 -10.8345  3    5.4072  25       0  303 12 4 9      11 6 6       
   27547.5950   0.0000 9.03720E+000  -8.0084  3    5.4072  25       0  303 12 6 7      11 6 6       
   27486.3938   0.0000 6.69863E+000  -8.1695  3    5.6874  25       0  303 12 8 5      11 8 4       
   27455.5906   0.0000 3.68466E+000  -8.4680  3    6.0522  25       0  303 1210 3      1110 2       
    3356.5531   0.0000 8.03626E-001 -10.8987  3    5.9076  25       0  303 12 210      12 211       
    3058.8012   0.0000 9.36449E-001 -10.9241  3    6.0195  25       0  303 12 4 9      12 210       
 ENERGIES FOR BLOCK NUMBER  53, INDEX-DEGEN-ENERGY--EST.ERROR-MIXING-   QUANTUM NUMBERS
    53    1          6.876522          0.000000   1.000000 13  2 12
    53    2          7.111883          0.000000   1.000000 13  4 10
    53    3          7.322237          0.000000   1.000000 13  6  8
    53    4          7.598049          0.000000   1.000000 13  8  6
    53    5          7.960527          0.000000   1.000000 13 10  4
    53    6          8.406933          0.000000   1.000000 13 12  2
 FREQUENCY-EST.ERROR.-LINE.STR. DIP**2-LGSTR.-ITD,-GUP-I.D.-QNFORM-QUANTUM NUMBERS
   29047.9714   0.0000 1.23216E+001  -7.8824  3    5.9076  27       0  303 13 212      12 211       
   29688.5575   0.0000 1.15862E+001  -7.9135  3    6.1216  27       0  303 13 410      12 4 9       
   23556.7543   0.0000 2.87070E-002 -10.7314  3    6.3261  27       0  303 13 410      12 6 7       
   29863.0052   0.0000 1.02686E+001  -7.9824  3    6.3261  27       0  303 13 6 8      12 6 7       
   29793.1175   0.0000 8.11540E+000  -8.1155  3    6.6043  27       0  303 13 8 6      12 8 5       
   29753.6231   0.0000 5.33367E+000  -8.3368  3    6.9681  27       0  303 1310 4      1210 3       
   29732.7372   0.0000 1.93257E+000  -8.8248  3    7.4152  27       0  303 1312 2      1212 1       
 ENERGIES FOR BLOCK NUMBER  54, INDEX-DEGEN-ENERGY--EST.ERROR-MIXING-   QUANTUM NUMBERS
    54    1          6.876478          0.000000   1.000000 13  1 12
    54    2          7.102090          0.000000   1.000000 13  3 10
    54    3          7.233932          0.000000   1.000000 13  5  8
    54    4          7.449424          0.000000   1.000000 13  7  6
    54    5          7.768660          0.000000   1.000000 13  9  4
    54    6          8.173344          0.000000   1.000000 13 11  2
    54    7          8.661186          0.000000   1.000000 13 13  0
 FREQUENCY-EST.ERROR.-LINE.STR. DIP**2-LGSTR.-ITD,-GUP-I.D.-QNFORM-QUANTUM NUMBERS
   29049.7862   0.0000 1.23222E+001  -7.8823  3    5.9075  27       0  303 13 112      12 111       
   29880.9322   0.0000 1.18138E+001  -7.8981  3    6.1054  27       0  303 13 310      12 3 9       
   26172.9126   0.0000 1.36774E-001  -9.9562  3    6.2291  27       0  303 13 310      12 5 7       
   23371.1247   0.0000 2.00000E-002 -10.9083  3    6.4544  27       0  303 13 5 8      12 7 5       
   29831.3907   0.0000 9.27303E+000  -8.0409  3    6.4544  27       0  303 13 7 6      12 7 5       
   29769.9251   0.0000 6.80205E+000  -8.2107  3    6.7756  27       0  303 13 9 4      12 9 3       
   29741.7204   0.0000 3.71048E+000  -8.5169  3    7.1813  27       0  303 1311 2      1211 1       
 ENERGIES FOR BLOCK NUMBER  55, INDEX-DEGEN-ENERGY--EST.ERROR-MIXING-   QUANTUM NUMBERS
    55    1          6.734877          0.000000   1.000000 13  1 13
    55    2          7.002003          0.000000   1.000000 13  3 11
    55    3          7.213705          0.000000   1.000000 13  5  9
    55    4          7.449186          0.000000   1.000000 13  7  7
    55    5          7.768660          0.000000   1.000000 13  9  5
    55    6          8.173344          0.000000   1.000000 13 11  3
    55    7          8.661186          0.000000   1.000000 13 13  1
 FREQUENCY-EST.ERROR.-LINE.STR. DIP**2-LGSTR.-ITD,-GUP-I.D.-QNFORM-QUANTUM NUMBERS
   28698.1569   0.0000 1.27596E+001  -7.8636  3    5.7776  27       0  303 13 113      12 112       
   29393.7835   0.0000 1.19468E+001  -7.8979  3    6.0215  27       0  303 13 311      12 310       
   23499.7284   0.0000 2.58724E-002 -10.7673  3    6.2181  27       0  303 13 311      12 5 8       
   29846.3906   0.0000 1.10614E+001  -7.9393  3    6.2181  27       0  303 13 5 9      12 5 8       
   22766.9649   0.0000 1.78370E-002 -10.9797  3    6.4543  27       0  303 13 5 9      12 7 6       
   29826.5044   0.0000 9.27292E+000  -8.0411  3    6.4543  27       0  303 13 7 7      12 7 6       
   29769.9163   0.0000 6.80205E+000  -8.2107  3    6.7756  27       0  303 13 9 5      12 9 4       
   29741.7204   0.0000 3.71048E+000  -8.5169  3    7.1813  27       0  303 1311 3      1211 2       
    3763.1498   0.0000 8.18778E-001 -10.8929  3    6.8765  27       0  303 13 311      13 112       
    3000.5129   0.0000 1.06783E+000 -10.9861  3    7.0020  27       0  303 13 310      13 311       
 ENERGIES FOR BLOCK NUMBER  56, INDEX-DEGEN-ENERGY--EST.ERROR-MIXING-   QUANTUM NUMBERS
    56    1          6.734876          0.000000   1.000000 13  0 13
    56    2          7.001043          0.000000   1.000000 13  2 11
    56    3          7.171735          0.000000   1.000000 13  4  9
    56    4          7.325282          0.000000   1.000000 13  6  7
    56    5          7.598061          0.000000   1.000000 13  8  5
    56    6          7.960527          0.000000   1.000000 13 10  3
    56    7          8.406933          0.000000   1.000000 13 12  1
 FREQUENCY-EST.ERROR.-LINE.STR. DIP**2-LGSTR.-ITD,-GUP-I.D.-QNFORM-QUANTUM NUMBERS
   28698.1966   0.0000 1.27596E+001  -7.8636  3    5.7776  27       0  303 13 013      12 012       
   29424.4394   0.0000 1.19623E+001  -7.8963  3    6.0195  27       0  303 13 211      12 210       
   25088.2765   0.0000 5.17989E-002 -10.4061  3    6.1642  27       0  303 13 211      12 4 8       
   25314.4084   0.0000 6.35375E-002 -10.3269  3    6.3273  27       0  303 13 4 9      12 6 6       
   29917.6343   0.0000 1.02737E+001  -7.9808  3    6.3273  27       0  303 13 6 7      12 6 6       
   29793.3766   0.0000 8.11540E+000  -8.1155  3    6.6043  27       0  303 13 8 5      12 8 4       
   29753.6233   0.0000 5.33367E+000  -8.3368  3    6.9681  27       0  303 1310 3      1210 2       
   29732.7372   0.0000 1.93257E+000  -8.8248  3    7.4152  27       0  303 1312 1      1212 0       
    3733.0211   0.0000 8.20266E-001 -10.8991  3    6.8765  27       0  303 13 211      13 212       
    3322.9193   0.0000 1.02331E+000 -10.9164  3    7.0010  27       0  303 13 410      13 211       
 ENERGIES FOR BLOCK NUMBER  57, INDEX-DEGEN-ENERGY--EST.ERROR-MIXING-   QUANTUM NUMBERS
    57    1          7.765332          0.000000   1.000000 14  0 14
    57    2          8.055364          0.000000   1.000000 14  2 12
    57    3          8.254825          0.000000   1.000000 14  4 10
    57    4          8.402284          0.000000   1.000000 14  6  8
    57    5          8.668961          0.000000   1.000000 14  8  6
    57    6          9.029738          0.000000   1.000000 14 10  4
    57    7          9.475270          0.000000   1.000000 14 12  2
    57    8         10.003847          0.000000   1.000000 14 14  0
 FREQUENCY-EST.ERROR.-LINE.STR. DIP**2-LGSTR.-ITD,-GUP-I.D.-QNFORM-QUANTUM NUMBERS
   26490.5321   0.0000 3.78512E-002 -10.6024  3    7.1717  29       0  303 14 212      13 4 9       
   27866.9963   0.0000 1.04893E-001 -10.1340  3    7.3253  29       0  303 14 410      13 6 7       
 ENERGIES FOR BLOCK NUMBER  58, INDEX-DEGEN-ENERGY--EST.ERROR-MIXING-   QUANTUM NUMBERS
    58    1          7.765332          0.000000   1.000000 14  1 14
    58    2          8.055812          0.000000   1.000000 14  3 12
    58    3          8.285200          0.000000   1.000000 14  5 10
    58    4          8.521398          0.000000   1.000000 14  7  8
    58    5          8.838556          0.000000   1.000000 14  9  6
    58    6          9.242056          0.000000   1.000000 14 11  4
    58    7          9.729232          0.000000   1.000000 14 13  2
 FREQUENCY-EST.ERROR.-LINE.STR. DIP**2-LGSTR.-ITD,-GUP-I.D.-QNFORM-QUANTUM NUMBERS
   25245.7360   0.0000 2.54373E-002 -10.8191  3    7.2137  29       0  303 14 312      13 5 9       
   25063.0571   0.0000 2.55820E-002 -10.8471  3    7.4492  29       0  303 14 510      13 7 7       
 ENERGIES FOR BLOCK NUMBER  59, INDEX-DEGEN-ENERGY--EST.ERROR-MIXING-   QUANTUM NUMBERS
    59    1          7.918630          0.000000   1.000000 14  1 13
    59    2          8.170931          0.000000   1.000000 14  3 11
    59    3          8.318594          0.000000   1.000000 14  5  9
    59    4          8.522070          0.000000   1.000000 14  7  7
    59    5          8.838558          0.000000   1.000000 14  9  5
    59    6          9.242056          0.000000   1.000000 14 11  3
    59    7          9.729232          0.000000   1.000000 14 13  1
 FREQUENCY-EST.ERROR.-LINE.STR. DIP**2-LGSTR.-ITD,-GUP-I.D.-QNFORM-QUANTUM NUMBERS
   28090.5003   0.0000 1.28704E-001 -10.0291  3    7.2339  29       0  303 14 311      13 5 8       
   26057.0690   0.0000 3.27258E-002 -10.7081  3    7.4494  29       0  303 14 5 9      13 7 6       
    4112.6111   0.0000 8.33768E-001 -10.9171  3    7.9186  29       0  303 14 312      14 113       
    3451.1614   0.0000 1.09970E+000 -10.9623  3    8.0558  29       0  303 14 311      14 312       
 ENERGIES FOR BLOCK NUMBER  60, INDEX-DEGEN-ENERGY--EST.ERROR-MIXING-   QUANTUM NUMBERS
    60    1          7.918649          0.000000   1.000000 14  2 13
    60    2          8.176407          0.000000   1.000000 14  4 11
    60    3          8.395514          0.000000   1.000000 14  6  9
    60    4          8.668921          0.000000   1.000000 14  8  7
    60    5          9.029738          0.000000   1.000000 14 10  5
    60    6          9.475270          0.000000   1.000000 14 12  3
    60    7         10.003847          0.000000   1.000000 14 14  1
 FREQUENCY-EST.ERROR.-LINE.STR. DIP**2-LGSTR.-ITD,-GUP-I.D.-QNFORM-QUANTUM NUMBERS
   25607.3788   0.0000 3.44483E-002 -10.6869  3    7.3222  29       0  303 14 411      13 6 8       
    4098.6218   0.0000 8.34323E-001 -10.9197  3    7.9186  29       0  303 14 212      14 213       
    3628.7887   0.0000 1.08232E+000 -10.9259  3    8.0554  29       0  303 14 411      14 212       
INITIAL Q =  57134805.4736, NEW Q IS RELATIVE TO MIN.EGY.=         0.0000
 NUMBER OF LINES =    290
TEMPERATURE - Q(SPIN-ROT.) - log Q(SPIN-ROT.)
    300.000      4366.7724    3.6402
    225.000      4328.1938    3.6363
    150.000      4252.2539    3.6286
     75.000      4033.8405    3.6057
     37.500      3636.2300    3.5607
     18.750      2974.9479    3.4735
      9.375      2046.8967    3.3111
      6.000      1403.7449    3.1473
