unknown                                                 Thu Jun 20 23:06:01 2019
ID=     0 QSPINROT=  57134805.4736 MIN, MAX QN=   2  14
MIN.LOG.STR=   -11.000 MIN.LOG.STR(FRQ/300GHZ)**2=  -100.000 MAX FREQ       30.0 GHZ, TEMP=     6.00
     1 003 1.000000
.VAR FILE TITLE :unknown
                              PARAMETERS - A.PRIORI ERROR 
     1      1         10000  1.4484692650000E+003   1.000000E-037 
     2      2         20000  1.1834313590000E+003   1.000000E-037 
     3      3         30000  1.0970679950000E+003   1.000000E-037 
     4      4           200  1.0000000000000E-006   1.000000E-037 
     5      5          1100  1.0000000000000E-006   1.000000E-037 
     6      6          2000  1.0000000000000E-006   1.000000E-037 
     7      7         40100  1.0000000000000E-006   1.000000E-037 
     8      8         41000  1.0000000000000E-006   1.000000E-037 
8 parameters read, 8 independent parameters
IQNFMT = 303
ENERGY SORT OF WANG SUB-BLOCKS
PROLATE ROTOR
    V KMIN KMAX WTPL WTMN ESYMWT NSYM SPINS
    0    0   14    1    1     99    2
BLOCK - WT - SYM - V - TSP - N  -  other quanta  (rel. to F=0 )
    1    1    x    0    0
    2    1    c    0    0
    3    1    b    0    0
    4    1    a    0    0
Maximum Dimension for Hamiltonian = 8
 ENERGIES FOR BLOCK NUMBER   9, INDEX-DEGEN-ENERGY--EST.ERROR-MIXING-   QUANTUM NUMBERS
     9    1          0.227611          0.000000   1.000000  2  0  2
     9    2          0.269929          0.000000   1.000000  2  2  0
 ENERGIES FOR BLOCK NUMBER  10, INDEX-DEGEN-ENERGY--EST.ERROR-MIXING-   QUANTUM NUMBERS
    10    1          0.234168          0.000000   1.000000  2  1  2
 ENERGIES FOR BLOCK NUMBER  11, INDEX-DEGEN-ENERGY--EST.ERROR-MIXING-   QUANTUM NUMBERS
    11    1          0.242810          0.000000   1.000000  2  1  1
 ENERGIES FOR BLOCK NUMBER  12, INDEX-DEGEN-ENERGY--EST.ERROR-MIXING-   QUANTUM NUMBERS
    12    1          0.269332          0.000000   1.000000  2  2  1
 ENERGIES FOR BLOCK NUMBER  13, INDEX-DEGEN-ENERGY--EST.ERROR-MIXING-   QUANTUM NUMBERS
    13    1          0.497540          0.000000   1.000000  3  2  2
 FREQUENCY-EST.ERROR.-LINE.STR. DIP**2-LGSTR.-ITD,-GUP-I.D.-QNFORM-QUANTUM NUMBERS
    7895.7021   0.0000 1.66667E+000  -9.2559  3    0.2342   7       0  303  3 2 2       2 1 2       
 ENERGIES FOR BLOCK NUMBER  14, INDEX-DEGEN-ENERGY--EST.ERROR-MIXING-   QUANTUM NUMBERS
    14    1          0.474919          0.000000   1.000000  3  1  2
    14    2          0.549366          0.000000   1.000000  3  3  0
 FREQUENCY-EST.ERROR.-LINE.STR. DIP**2-LGSTR.-ITD,-GUP-I.D.-QNFORM-QUANTUM NUMBERS
    7414.0945   0.0000 1.86597E+000  -9.2600  3    0.2276   7       0  303  3 1 2       2 0 2       
    6145.4367   0.0000 2.05843E-001 -10.3826  3    0.2699   7       0  303  3 1 2       2 2 0       
    8377.3097   0.0000 2.58757E+000  -9.0180  3    0.2699   7       0  303  3 3 0       2 2 0       
 ENERGIES FOR BLOCK NUMBER  15, INDEX-DEGEN-ENERGY--EST.ERROR-MIXING-   QUANTUM NUMBERS
    15    1          0.457713          0.000000   1.000000  3  1  3
    15    2          0.549287          0.000000   1.000000  3  3  1
 FREQUENCY-EST.ERROR.-LINE.STR. DIP**2-LGSTR.-ITD,-GUP-I.D.-QNFORM-QUANTUM NUMBERS
    5647.5227   0.0000 9.67118E-002 -10.7832  3    0.2693   7       0  303  3 1 3       2 2 1       
    8392.8226   0.0000 2.56995E+000  -9.0193  3    0.2693   7       0  303  3 3 1       2 2 1       
 ENERGIES FOR BLOCK NUMBER  16, INDEX-DEGEN-ENERGY--EST.ERROR-MIXING-   QUANTUM NUMBERS
    16    1          0.453584          0.000000   1.000000  3  0  3
    16    2          0.500372          0.000000   1.000000  3  2  1
 FREQUENCY-EST.ERROR.-LINE.STR. DIP**2-LGSTR.-ITD,-GUP-I.D.-QNFORM-QUANTUM NUMBERS
    6318.8333   0.0000 4.24648E-001 -10.0415  3    0.2428   7       0  303  3 0 3       2 1 1       
    7721.5121   0.0000 2.24202E+000  -9.1471  3    0.2428   7       0  303  3 2 1       2 1 1       
 ENERGIES FOR BLOCK NUMBER  17, INDEX-DEGEN-ENERGY--EST.ERROR-MIXING-   QUANTUM NUMBERS
    17    1          0.752991          0.000000   1.000000  4  0  4
    17    2          0.809041          0.000000   1.000000  4  2  2
    17    3          0.925668          0.000000   1.000000  4  4  0
 FREQUENCY-EST.ERROR.-LINE.STR. DIP**2-LGSTR.-ITD,-GUP-I.D.-QNFORM-QUANTUM NUMBERS
    8336.3982   0.0000 4.05047E-001  -9.8489  3    0.4749   9       0  303  4 0 4       3 1 2       
   10016.7388   0.0000 2.89655E+000  -8.8380  3    0.4749   9       0  303  4 2 2       3 1 2       
    7784.8657   0.0000 1.17490E-001 -10.4527  3    0.5494   9       0  303  4 2 2       3 3 0       
   11281.2555   0.0000 3.57589E+000  -8.6531  3    0.5494   9       0  303  4 4 0       3 3 0       
 ENERGIES FOR BLOCK NUMBER  18, INDEX-DEGEN-ENERGY--EST.ERROR-MIXING-   QUANTUM NUMBERS
    18    1          0.755236          0.000000   1.000000  4  1  4
    18    2          0.854557          0.000000   1.000000  4  3  2
 FREQUENCY-EST.ERROR.-LINE.STR. DIP**2-LGSTR.-ITD,-GUP-I.D.-QNFORM-QUANTUM NUMBERS
    7725.5315   0.0000 1.76806E-001 -10.2764  3    0.4975   9       0  303  4 1 4       3 2 2       
   10703.0860   0.0000 2.82319E+000  -8.7951  3    0.4975   9       0  303  4 3 2       3 2 2       
    1364.5190   0.0000 1.32454E+000 -10.9291  3    0.8090   9       0  303  4 3 2       4 2 2       
    2131.8708   0.0000 7.58555E-001 -10.7897  3    0.8546   9       0  303  4 4 0       4 3 2       
 ENERGIES FOR BLOCK NUMBER  19, INDEX-DEGEN-ENERGY--EST.ERROR-MIXING-   QUANTUM NUMBERS
    19    1          0.783503          0.000000   1.000000  4  1  3
    19    2          0.855097          0.000000   1.000000  4  3  1
 FREQUENCY-EST.ERROR.-LINE.STR. DIP**2-LGSTR.-ITD,-GUP-I.D.-QNFORM-QUANTUM NUMBERS
    9890.7310   0.0000 2.03968E+000  -8.9988  3    0.4536   9       0  303  4 1 3       3 0 3       
    8488.0523   0.0000 5.11907E-001  -9.7345  3    0.5004   9       0  303  4 1 3       3 2 1       
   12037.0780   0.0000 2.88091E-002 -10.6819  3    0.4536   9       0  303  4 3 1       3 0 3       
   10634.3993   0.0000 2.91961E+000  -8.7862  3    0.5004   9       0  303  4 3 1       3 2 1       
 ENERGIES FOR BLOCK NUMBER  20, INDEX-DEGEN-ENERGY--EST.ERROR-MIXING-   QUANTUM NUMBERS
    20    1          0.801348          0.000000   1.000000  4  2  3
    20    2          0.925659          0.000000   1.000000  4  4  1
 FREQUENCY-EST.ERROR.-LINE.STR. DIP**2-LGSTR.-ITD,-GUP-I.D.-QNFORM-QUANTUM NUMBERS
   10301.9105   0.0000 1.82155E+000  -9.0137  3    0.4577   9       0  303  4 2 3       3 1 3       
    7556.6106   0.0000 1.03000E-001 -10.5353  3    0.5493   9       0  303  4 2 3       3 3 1       
   11283.3715   0.0000 3.57447E+000  -8.6531  3    0.5493   9       0  303  4 4 1       3 3 1       
    1611.3645   0.0000 1.13163E+000 -10.8527  3    0.8013   9       0  303  4 3 1       4 2 3       
    2115.3965   0.0000 7.61224E-001 -10.7950  3    0.8551   9       0  303  4 4 1       4 3 1       
 ENERGIES FOR BLOCK NUMBER  21, INDEX-DEGEN-ENERGY--EST.ERROR-MIXING-   QUANTUM NUMBERS
    21    1          1.180373          0.000000   1.000000  5  2  4
    21    2          1.307327          0.000000   1.000000  5  4  2
 FREQUENCY-EST.ERROR.-LINE.STR. DIP**2-LGSTR.-ITD,-GUP-I.D.-QNFORM-QUANTUM NUMBERS
   12745.2942   0.0000 1.93843E+000  -8.8370  3    0.7552  11       0  303  5 2 4       4 1 4       
    9767.7397   0.0000 2.33427E-001  -9.9927  3    0.8546  11       0  303  5 2 4       4 3 2       
   13573.7140   0.0000 3.82513E+000  -8.4989  3    0.8546  11       0  303  5 4 2       4 3 2       
 ENERGIES FOR BLOCK NUMBER  22, INDEX-DEGEN-ENERGY--EST.ERROR-MIXING-   QUANTUM NUMBERS
    22    1          1.167609          0.000000   1.000000  5  1  4
    22    2          1.238315          0.000000   1.000000  5  3  2
    22    3          1.398638          0.000000   1.000000  5  5  0
 FREQUENCY-EST.ERROR.-LINE.STR. DIP**2-LGSTR.-ITD,-GUP-I.D.-QNFORM-QUANTUM NUMBERS
   12429.9373   0.0000 2.07364E+000  -8.8287  3    0.7530  11       0  303  5 1 4       4 0 4       
   10749.5968   0.0000 7.85938E-001  -9.3792  3    0.8090  11       0  303  5 1 4       4 2 2       
   14549.6489   0.0000 5.25849E-002 -10.2914  3    0.7530  11       0  303  5 3 2       4 0 4       
   12869.3084   0.0000 3.42428E+000  -8.5873  3    0.8090  11       0  303  5 3 2       4 2 2       
    9372.9187   0.0000 8.83822E-002 -10.4570  3    0.9257  11       0  303  5 3 2       4 4 0       
   14179.2672   0.0000 4.57312E+000  -8.3918  3    0.9257  11       0  303  5 5 0       4 4 0       
    1737.0497   0.0000 1.27871E+000 -10.7741  3    1.1804  11       0  303  5 3 2       5 2 4       
    2068.9246   0.0000 1.35168E+000 -10.6047  3    1.2383  11       0  303  5 4 2       5 3 2       
    2737.4239   0.0000 7.80070E-001 -10.6086  3    1.3073  11       0  303  5 5 0       5 4 2       
 ENERGIES FOR BLOCK NUMBER  23, INDEX-DEGEN-ENERGY--EST.ERROR-MIXING-   QUANTUM NUMBERS
    23    1          1.126450          0.000000   1.000000  5  1  5
    23    2          1.236263          0.000000   1.000000  5  3  3
    23    3          1.398637          0.000000   1.000000  5  5  1
 FREQUENCY-EST.ERROR.-LINE.STR. DIP**2-LGSTR.-ITD,-GUP-I.D.-QNFORM-QUANTUM NUMBERS
    9746.3120   0.0000 2.27011E-001 -10.0011  3    0.8013  11       0  303  5 1 5       4 2 3       
   13038.4307   0.0000 3.11175E+000  -8.6170  3    0.8013  11       0  303  5 3 3       4 2 3       
    9311.6697   0.0000 8.72022E-002 -10.4684  3    0.9257  11       0  303  5 3 3       4 4 1       
   14179.5021   0.0000 4.57301E+000  -8.3918  3    0.9257  11       0  303  5 5 1       4 4 1       
 ENERGIES FOR BLOCK NUMBER  24, INDEX-DEGEN-ENERGY--EST.ERROR-MIXING-   QUANTUM NUMBERS
    24    1          1.125356          0.000000   1.000000  5  0  5
    24    2          1.195979          0.000000   1.000000  5  2  3
    24    3          1.307404          0.000000   1.000000  5  4  1
 FREQUENCY-EST.ERROR.-LINE.STR. DIP**2-LGSTR.-ITD,-GUP-I.D.-QNFORM-QUANTUM NUMBERS
   10248.5105   0.0000 3.48906E-001  -9.7698  3    0.7835  11       0  303  5 0 5       4 1 3       
   12365.7188   0.0000 3.48071E+000  -8.6113  3    0.7835  11       0  303  5 2 3       4 1 3       
   10219.3717   0.0000 3.15404E-001  -9.8235  3    0.8551  11       0  303  5 2 3       4 3 1       
   15706.1557   0.0000 1.16544E-002 -10.8845  3    0.7835  11       0  303  5 4 1       4 1 3       
   13559.8086   0.0000 3.83550E+000  -8.4986  3    0.8551  11       0  303  5 4 1       4 3 1       
    1207.6945   0.0000 1.90899E+000 -10.9165  3    1.1960  11       0  303  5 3 3       5 2 3       
    2132.7424   0.0000 1.33085E+000 -10.5850  3    1.2363  11       0  303  5 4 1       5 3 3       
    2735.0900   0.0000 7.80280E-001 -10.6092  3    1.3074  11       0  303  5 5 1       5 4 1       
 ENERGIES FOR BLOCK NUMBER  25, INDEX-DEGEN-ENERGY--EST.ERROR-MIXING-   QUANTUM NUMBERS
    25    1          1.570644          0.000000   1.000000  6  0  6
    25    2          1.660618          0.000000   1.000000  6  2  4
    25    3          1.766055          0.000000   1.000000  6  4  2
    25    4          1.968244          0.000000   1.000000  6  6  0
 FREQUENCY-EST.ERROR.-LINE.STR. DIP**2-LGSTR.-ITD,-GUP-I.D.-QNFORM-QUANTUM NUMBERS
   12082.6774   0.0000 3.06540E-001  -9.7261  3    1.1676  13       0  303  6 0 6       5 1 4       
   14780.0396   0.0000 3.87434E+000  -8.4540  3    1.1676  13       0  303  6 2 4       5 1 4       
   12660.3279   0.0000 6.05538E-001  -9.3983  3    1.2383  13       0  303  6 2 4       5 3 2       
   17940.9580   0.0000 3.62786E-002 -10.3196  3    1.1676  13       0  303  6 4 2       5 1 4       
   15821.2463   0.0000 4.18723E+000  -8.3703  3    1.2383  13       0  303  6 4 2       5 3 2       
   11014.8978   0.0000 7.31839E-002 -10.4508  3    1.3986  13       0  303  6 4 2       5 5 0       
   17076.3648   0.0000 5.57169E+000  -8.1987  3    1.3986  13       0  303  6 6 0       5 5 0       
 ENERGIES FOR BLOCK NUMBER  26, INDEX-DEGEN-ENERGY--EST.ERROR-MIXING-   QUANTUM NUMBERS
    26    1          1.571139          0.000000   1.000000  6  1  6
    26    2          1.694245          0.000000   1.000000  6  3  4
    26    3          1.856571          0.000000   1.000000  6  5  2
 FREQUENCY-EST.ERROR.-LINE.STR. DIP**2-LGSTR.-ITD,-GUP-I.D.-QNFORM-QUANTUM NUMBERS
   11714.8480   0.0000 2.53359E-001  -9.8365  3    1.1804  13       0  303  6 1 6       5 2 4       
   15405.4947   0.0000 3.38667E+000  -8.4788  3    1.1804  13       0  303  6 3 4       5 2 4       
   11599.5203   0.0000 2.17565E-001  -9.9242  3    1.3073  13       0  303  6 3 4       5 4 2       
   16465.9172   0.0000 4.80541E+000  -8.2841  3    1.3073  13       0  303  6 5 2       5 4 2       
    1008.1170   0.0000 2.62542E+000 -10.9830  3    1.6606  13       0  303  6 3 4       6 2 4       
    2152.8014   0.0000 1.74527E+000 -10.5068  3    1.6942  13       0  303  6 4 2       6 3 4       
    2713.5955   0.0000 1.41378E+000 -10.4057  3    1.7661  13       0  303  6 5 2       6 4 2       
    3347.8716   0.0000 7.93746E-001 -10.4845  3    1.8566  13       0  303  6 6 0       6 5 2       
 ENERGIES FOR BLOCK NUMBER  27, INDEX-DEGEN-ENERGY--EST.ERROR-MIXING-   QUANTUM NUMBERS
    27    1          1.626026          0.000000   1.000000  6  1  5
    27    2          1.699845          0.000000   1.000000  6  3  3
    27    3          1.856580          0.000000   1.000000  6  5  1
 FREQUENCY-EST.ERROR.-LINE.STR. DIP**2-LGSTR.-ITD,-GUP-I.D.-QNFORM-QUANTUM NUMBERS
   15009.6954   0.0000 2.07364E+000  -8.7081  3    1.1254  13       0  303  6 1 5       5 0 5       
   12892.4871   0.0000 8.92566E-001  -9.2100  3    1.1960  13       0  303  6 1 5       5 2 3       
   17222.7265   0.0000 5.68557E-002 -10.1543  3    1.1254  13       0  303  6 3 3       5 0 5       
   15105.5182   0.0000 4.09975E+000  -8.4140  3    1.1960  13       0  303  6 3 3       5 2 3       
   11765.0813   0.0000 2.27287E-001  -9.8932  3    1.3074  13       0  303  6 3 3       5 4 1       
   16463.8896   0.0000 4.80644E+000  -8.2841  3    1.3074  13       0  303  6 5 1       5 4 1       
 ENERGIES FOR BLOCK NUMBER  28, INDEX-DEGEN-ENERGY--EST.ERROR-MIXING-   QUANTUM NUMBERS
    28    1          1.634181          0.000000   1.000000  6  2  5
    28    2          1.765681          0.000000   1.000000  6  4  3
    28    3          1.968244          0.000000   1.000000  6  6  1
 FREQUENCY-EST.ERROR.-LINE.STR. DIP**2-LGSTR.-ITD,-GUP-I.D.-QNFORM-QUANTUM NUMBERS
   15221.3865   0.0000 2.01720E+000  -8.7084  3    1.1265  13       0  303  6 2 5       5 1 5       
   11929.2678   0.0000 3.55986E-001  -9.6792  3    1.2363  13       0  303  6 2 5       5 3 3       
   15871.5559   0.0000 4.14247E+000  -8.3721  3    1.2363  13       0  303  6 4 3       5 3 3       
   11003.7235   0.0000 7.30928E-002 -10.4522  3    1.3986  13       0  303  6 4 3       5 5 1       
   17076.3883   0.0000 5.57169E+000  -8.1987  3    1.3986  13       0  303  6 6 1       5 5 1       
    1968.5559   0.0000 1.15982E+000 -10.7555  3    1.6342  13       0  303  6 3 3       6 2 5       
    1973.7322   0.0000 1.84109E+000 -10.5593  3    1.6998  13       0  303  6 4 3       6 3 3       
    2725.0762   0.0000 1.41177E+000 -10.4026  3    1.7657  13       0  303  6 5 1       6 4 3       
    3347.5886   0.0000 7.93762E-001 -10.4845  3    1.8566  13       0  303  6 6 1       6 5 1       
 ENERGIES FOR BLOCK NUMBER  29, INDEX-DEGEN-ENERGY--EST.ERROR-MIXING-   QUANTUM NUMBERS
    29    1          2.162331          0.000000   1.000000  7  2  6
    29    2          2.300797          0.000000   1.000000  7  4  4
    29    3          2.502433          0.000000   1.000000  7  6  2
 FREQUENCY-EST.ERROR.-LINE.STR. DIP**2-LGSTR.-ITD,-GUP-I.D.-QNFORM-QUANTUM NUMBERS
   17723.5133   0.0000 2.06744E+000  -8.6161  3    1.5711  15       0  303  7 2 6       6 1 6       
   14032.8667   0.0000 4.51438E-001  -9.4862  3    1.6942  15       0  303  7 2 6       6 3 4       
   21874.6001   0.0000 7.27158E-003 -10.8941  3    1.5711  15       0  303  7 4 4       6 1 6       
   18183.9534   0.0000 4.49260E+000  -8.2703  3    1.6942  15       0  303  7 4 4       6 3 4       
   13317.5566   0.0000 1.89332E-001  -9.9247  3    1.8566  15       0  303  7 4 4       6 5 2       
   19362.4548   0.0000 5.78891E+000  -8.1246  3    1.8566  15       0  303  7 6 2       6 5 2       
 ENERGIES FOR BLOCK NUMBER  30, INDEX-DEGEN-ENERGY--EST.ERROR-MIXING-   QUANTUM NUMBERS
    30    1          2.157672          0.000000   1.000000  7  1  6
    30    2          2.240292          0.000000   1.000000  7  3  4
    30    3          2.391256          0.000000   1.000000  7  5  2
    30    4          2.634483          0.000000   1.000000  7  7  0
 FREQUENCY-EST.ERROR.-LINE.STR. DIP**2-LGSTR.-ITD,-GUP-I.D.-QNFORM-QUANTUM NUMBERS
   17598.6590   0.0000 2.08562E+000  -8.6181  3    1.5706  15       0  303  7 1 6       6 0 6       
   14901.2969   0.0000 8.41181E-001  -9.1618  3    1.6606  15       0  303  7 1 6       6 2 4       
   20075.5458   0.0000 4.33636E-002 -10.1901  3    1.5706  15       0  303  7 3 4       6 0 6       
   17378.1836   0.0000 4.84256E+000  -8.2722  3    1.6606  15       0  303  7 3 4       6 2 4       
   14217.2652   0.0000 4.13457E-001  -9.5209  3    1.7661  15       0  303  7 3 4       6 4 2       
   21903.9645   0.0000 1.35109E-002 -10.6332  3    1.6606  15       0  303  7 5 2       6 2 4       
   18743.0461   0.0000 5.11105E+000  -8.1964  3    1.7661  15       0  303  7 5 2       6 4 2       
   12681.5790   0.0000 6.26334E-002 -10.4582  3    1.9682  15       0  303  7 5 2       6 6 0       
   19973.3413   0.0000 6.57074E+000  -8.0552  3    1.9682  15       0  303  7 7 0       6 6 0       
    2337.1999   0.0000 8.89683E-001 -10.7772  3    2.1623  15       0  303  7 3 4       7 2 6       
    1813.8868   0.0000 2.29676E+000 -10.5927  3    2.2403  15       0  303  7 4 4       7 3 4       
    2711.8940   0.0000 1.93190E+000 -10.3263  3    2.3008  15       0  303  7 5 2       7 4 4       
    3333.0042   0.0000 1.46045E+000 -10.2792  3    2.3913  15       0  303  7 6 2       7 5 2       
    3958.7581   0.0000 8.03616E-001 -10.4018  3    2.5024  15       0  303  7 7 0       7 6 2       
 ENERGIES FOR BLOCK NUMBER  31, INDEX-DEGEN-ENERGY--EST.ERROR-MIXING-   QUANTUM NUMBERS
    31    1          2.089162          0.000000   1.000000  7  1  7
    31    2          2.228195          0.000000   1.000000  7  3  5
    31    3          2.391201          0.000000   1.000000  7  5  3
    31    4          2.634483          0.000000   1.000000  7  7  1
 FREQUENCY-EST.ERROR.-LINE.STR. DIP**2-LGSTR.-ITD,-GUP-I.D.-QNFORM-QUANTUM NUMBERS
   13640.0008   0.0000 2.65035E-001  -9.7353  3    1.6342  15       0  303  7 1 7       6 2 5       
   17808.0871   0.0000 3.61927E+000  -8.3754  3    1.6342  15       0  303  7 3 5       6 2 5       
   13865.7990   0.0000 3.68016E-001  -9.5925  3    1.7657  15       0  303  7 3 5       6 4 3       
   22694.8862   0.0000 7.10905E-003 -10.8799  3    1.6342  15       0  303  7 5 3       6 2 5       
   18752.5981   0.0000 5.10576E+000  -8.1964  3    1.7657  15       0  303  7 5 3       6 4 3       
   12679.9333   0.0000 6.26263E-002 -10.4584  3    1.9682  15       0  303  7 5 3       6 6 1       
   19973.3435   0.0000 6.57074E+000  -8.0552  3    1.9682  15       0  303  7 7 1       6 6 1       
 ENERGIES FOR BLOCK NUMBER  32, INDEX-DEGEN-ENERGY--EST.ERROR-MIXING-   QUANTUM NUMBERS
    32    1          2.088949          0.000000   1.000000  7  0  7
    32    2          2.202018          0.000000   1.000000  7  2  5
    32    3          2.302100          0.000000   1.000000  7  4  3
    32    4          2.502434          0.000000   1.000000  7  6  1
 FREQUENCY-EST.ERROR.-LINE.STR. DIP**2-LGSTR.-ITD,-GUP-I.D.-QNFORM-QUANTUM NUMBERS
   13878.0903   0.0000 2.84744E-001  -9.6887  3    1.6260  15       0  303  7 0 7       6 1 5       
   17267.7958   0.0000 4.04136E+000  -8.3525  3    1.6260  15       0  303  7 2 5       6 1 5       
   15054.7647   0.0000 9.61306E-001  -9.0992  3    1.6998  15       0  303  7 2 5       6 3 3       
   20268.1792   0.0000 7.82096E-002  -9.9317  3    1.6260  15       0  303  7 4 3       6 1 5       
   18055.1481   0.0000 4.64092E+000  -8.2627  3    1.6998  15       0  303  7 4 3       6 3 3       
   13356.3398   0.0000 1.90224E-001  -9.9202  3    1.8566  15       0  303  7 4 3       6 5 1       
   19362.2051   0.0000 5.78900E+000  -8.1246  3    1.8566  15       0  303  7 6 1       6 5 1       
    2215.6170   0.0000 1.97173E+000 -10.4846  3    2.2282  15       0  303  7 4 3       7 3 5       
    2671.1822   0.0000 1.94274E+000 -10.3371  3    2.3021  15       0  303  7 5 3       7 4 3       
    3334.6832   0.0000 1.46026E+000 -10.2788  3    2.3912  15       0  303  7 6 1       7 5 3       
    3958.7270   0.0000 8.03617E-001 -10.4019  3    2.5024  15       0  303  7 7 1       7 6 1       
 ENERGIES FOR BLOCK NUMBER  33, INDEX-DEGEN-ENERGY--EST.ERROR-MIXING-   QUANTUM NUMBERS
    33    1          2.680354          0.000000   1.000000  8  0  8
    33    2          2.818958          0.000000   1.000000  8  2  6
    33    3          2.916245          0.000000   1.000000  8  4  4
    33    4          3.113291          0.000000   1.000000  8  6  2
    33    5          3.397354          0.000000   1.000000  8  8  0
 FREQUENCY-EST.ERROR.-LINE.STR. DIP**2-LGSTR.-ITD,-GUP-I.D.-QNFORM-QUANTUM NUMBERS
   15669.6315   0.0000 2.75747E-001  -9.6556  3    2.1577  17       0  303  8 0 8       7 1 6       
   19824.8588   0.0000 4.05648E+000  -8.2907  3    2.1577  17       0  303  8 2 6       7 1 6       
   17347.9721   0.0000 1.25962E+000  -8.9189  3    2.2403  17       0  303  8 2 6       7 3 4       
   22741.4470   0.0000 1.16594E-001  -9.7178  3    2.1577  17       0  303  8 4 4       7 1 6       
   20264.5603   0.0000 5.23886E+000  -8.1699  3    2.2403  17       0  303  8 4 4       7 3 4       
   15738.7794   0.0000 3.38840E-001  -9.5867  3    2.3913  17       0  303  8 4 4       7 5 2       
   26171.8487   0.0000 6.63157E-003 -10.8552  3    2.2403  17       0  303  8 6 2       7 3 4       
   21646.0679   0.0000 6.06858E+000  -8.0668  3    2.3913  17       0  303  8 6 2       7 5 2       
   14354.3056   0.0000 5.47563E-002 -10.4812  3    2.6345  17       0  303  8 6 2       7 7 0       
   22870.2975   0.0000 7.57005E+000  -7.9504  3    2.6345  17       0  303  8 8 0       7 7 0       
 ENERGIES FOR BLOCK NUMBER  34, INDEX-DEGEN-ENERGY--EST.ERROR-MIXING-   QUANTUM NUMBERS
    34    1          2.680443          0.000000   1.000000  8  1  8
    34    2          2.837688          0.000000   1.000000  8  3  6
    34    3          3.002673          0.000000   1.000000  8  5  4
    34    4          3.244930          0.000000   1.000000  8  7  2
 FREQUENCY-EST.ERROR.-LINE.STR. DIP**2-LGSTR.-ITD,-GUP-I.D.-QNFORM-QUANTUM NUMBERS
   15532.5990   0.0000 2.69156E-001  -9.6739  3    2.1623  17       0  303  8 1 8       7 2 6       
   20246.6814   0.0000 3.79820E+000  -8.3021  3    2.1623  17       0  303  8 3 6       7 2 6       
   16095.5946   0.0000 5.19450E-001  -9.3729  3    2.3008  17       0  303  8 3 6       7 4 4       
   25192.8024   0.0000 1.21449E-002 -10.6158  3    2.1623  17       0  303  8 5 4       7 2 6       
   21041.7156   0.0000 5.45564E+000  -8.1272  3    2.3008  17       0  303  8 5 4       7 4 4       
   14996.8174   0.0000 1.65504E-001  -9.9501  3    2.5024  17       0  303  8 5 4       7 6 2       
   22259.5220   0.0000 6.77656E+000  -8.0072  3    2.5024  17       0  303  8 7 2       7 6 2       
    2355.0788   0.0000 1.96001E+000 -10.4979  3    2.8377  17       0  303  8 4 4       8 3 6       
    2591.0422   0.0000 2.38898E+000 -10.3376  3    2.9162  17       0  303  8 5 4       8 4 4       
    3316.2463   0.0000 2.03188E+000 -10.2038  3    3.0027  17       0  303  8 6 2       8 5 4       
    3946.4583   0.0000 1.49506E+000 -10.1985  3    3.1133  17       0  303  8 7 2       8 6 2       
    4569.5336   0.0000 8.11141E-001 -10.3516  3    3.2449  17       0  303  8 8 0       8 7 2       
 ENERGIES FOR BLOCK NUMBER  35, INDEX-DEGEN-ENERGY--EST.ERROR-MIXING-   QUANTUM NUMBERS
    35    1          2.762007          0.000000   1.000000  8  1  7
    35    2          2.859601          0.000000   1.000000  8  3  5
    35    3          3.002903          0.000000   1.000000  8  5  3
    35    4          3.244931          0.000000   1.000000  8  7  1
 FREQUENCY-EST.ERROR.-LINE.STR. DIP**2-LGSTR.-ITD,-GUP-I.D.-QNFORM-QUANTUM NUMBERS
   20177.7748   0.0000 2.10487E+000  -8.5537  3    2.0889  17       0  303  8 1 7       7 0 7       
   16788.0693   0.0000 7.37123E-001  -9.1752  3    2.2020  17       0  303  8 1 7       7 2 5       
   13787.6859   0.0000 2.52704E-002 -10.8164  3    2.3021  17       0  303  8 1 7       7 4 3       
   23103.5565   0.0000 2.75967E-002 -10.3234  3    2.0889  17       0  303  8 3 5       7 0 7       
   19713.8510   0.0000 5.48200E+000  -8.1692  3    2.2020  17       0  303  8 3 5       7 2 5       
   16713.4675   0.0000 6.67487E-001  -9.2324  3    2.3021  17       0  303  8 3 5       7 4 3       
   24009.9496   0.0000 3.46035E-002 -10.2050  3    2.2020  17       0  303  8 5 3       7 2 5       
   21009.5662   0.0000 5.47606E+000  -8.1270  3    2.3021  17       0  303  8 5 3       7 4 3       
   15003.7008   0.0000 1.65585E-001  -9.9495  3    2.5024  17       0  303  8 5 3       7 6 1       
   22259.4943   0.0000 6.77657E+000  -8.0072  3    2.5024  17       0  303  8 7 1       7 6 1       
 ENERGIES FOR BLOCK NUMBER  36, INDEX-DEGEN-ENERGY--EST.ERROR-MIXING-   QUANTUM NUMBERS
    36    1          2.764433          0.000000   1.000000  8  2  7
    36    2          2.912637          0.000000   1.000000  8  4  5
    36    3          3.113284          0.000000   1.000000  8  6  3
    36    4          3.397354          0.000000   1.000000  8  8  1
 FREQUENCY-EST.ERROR.-LINE.STR. DIP**2-LGSTR.-ITD,-GUP-I.D.-QNFORM-QUANTUM NUMBERS
   20244.1150   0.0000 2.09961E+000  -8.5521  3    2.0892  17       0  303  8 2 7       7 1 7       
   16076.0287   0.0000 5.14105E-001  -9.3708  3    2.2282  17       0  303  8 2 7       7 3 5       
   24687.1597   0.0000 8.02755E-003 -10.8048  3    2.0892  17       0  303  8 4 5       7 1 7       
   20519.0734   0.0000 4.84400E+000  -8.1922  3    2.2282  17       0  303  8 4 5       7 3 5       
   15632.2743   0.0000 3.33800E-001  -9.5989  3    2.3912  17       0  303  8 4 5       7 5 3       
   26534.3025   0.0000 5.83343E-003 -10.8983  3    2.2282  17       0  303  8 6 3       7 3 5       
   21647.5033   0.0000 6.06799E+000  -8.0668  3    2.3912  17       0  303  8 6 3       7 5 3       
   14354.0932   0.0000 5.47557E-002 -10.4812  3    2.6345  17       0  303  8 6 3       7 7 1       
   22870.2977   0.0000 7.57005E+000  -7.9504  3    2.6345  17       0  303  8 8 1       7 7 1       
    2853.0558   0.0000 6.21204E-001 -10.8235  3    2.7644  17       0  303  8 3 5       8 2 7       
    1589.9889   0.0000 2.81464E+000 -10.6829  3    2.8596  17       0  303  8 4 5       8 3 5       
    2706.1098   0.0000 2.34472E+000 -10.3078  3    2.9126  17       0  303  8 5 3       8 4 5       
    3309.1193   0.0000 2.03305E+000 -10.2054  3    3.0029  17       0  303  8 6 3       8 5 3       
    3946.6741   0.0000 1.49505E+000 -10.1985  3    3.1133  17       0  303  8 7 1       8 6 3       
    4569.5305   0.0000 8.11141E-001 -10.3516  3    3.2449  17       0  303  8 8 1       8 7 1       
 ENERGIES FOR BLOCK NUMBER  37, INDEX-DEGEN-ENERGY--EST.ERROR-MIXING-   QUANTUM NUMBERS
    37    1          3.440181          0.000000   1.000000  9  2  8
    37    2          3.601022          0.000000   1.000000  9  4  6
    37    3          3.800935          0.000000   1.000000  9  6  4
    37    4          4.084064          0.000000   1.000000  9  8  2
 FREQUENCY-EST.ERROR.-LINE.STR. DIP**2-LGSTR.-ITD,-GUP-I.D.-QNFORM-QUANTUM NUMBERS
   22776.3636   0.0000 2.12130E+000  -8.5111  3    2.6804  19       0  303  9 2 8       8 1 8       
   18062.2813   0.0000 5.48497E-001  -9.3083  3    2.8377  19       0  303  9 2 8       8 3 6       
   27598.2731   0.0000 7.79977E-003 -10.7869  3    2.6804  19       0  303  9 4 6       8 1 8       
   22884.1908   0.0000 5.16747E+000  -8.1369  3    2.8377  19       0  303  9 4 6       8 3 6       
   17938.0698   0.0000 4.96285E-001  -9.3748  3    3.0027  19       0  303  9 4 6       8 5 4       
   28877.4285   0.0000 1.11627E-002 -10.6104  3    2.8377  19       0  303  9 6 4       8 3 6       
   23931.3075   0.0000 6.39619E+000  -8.0243  3    3.0027  19       0  303  9 6 4       8 5 4       
   16668.6029   0.0000 1.46795E-001  -9.9906  3    3.2449  19       0  303  9 6 4       8 7 2       
   25156.5847   0.0000 7.76713E+000  -7.9239  3    3.2449  19       0  303  9 8 2       8 7 2       
 ENERGIES FOR BLOCK NUMBER  38, INDEX-DEGEN-ENERGY--EST.ERROR-MIXING-   QUANTUM NUMBERS
    38    1          3.439002          0.000000   1.000000  9  1  8
    38    2          3.557040          0.000000   1.000000  9  3  6
    38    3          3.691877          0.000000   1.000000  9  5  4
    38    4          3.932011          0.000000   1.000000  9  7  2
    38    5          4.256857          0.000000   1.000000  9  9  0
 FREQUENCY-EST.ERROR.-LINE.STR. DIP**2-LGSTR.-ITD,-GUP-I.D.-QNFORM-QUANTUM NUMBERS
   22743.6854   0.0000 2.12283E+000  -8.5120  3    2.6804  19       0  303  9 1 8       8 0 8       
   18588.4580   0.0000 6.53479E-001  -9.2063  3    2.8190  19       0  303  9 1 8       8 2 6       
   15671.8698   0.0000 2.97181E-002 -10.7019  3    2.9162  19       0  303  9 1 8       8 4 4       
   26282.3773   0.0000 1.68141E-002 -10.4935  3    2.6804  19       0  303  9 3 6       8 0 8       
   22127.1499   0.0000 5.89044E+000  -8.1060  3    2.8190  19       0  303  9 3 6       8 2 6       
   19210.5618   0.0000 1.01108E+000  -8.9993  3    2.9162  19       0  303  9 3 6       8 4 4       
   26169.4625   0.0000 7.57808E-002  -9.8576  3    2.8190  19       0  303  9 5 4       8 2 6       
   23252.8743   0.0000 5.90525E+000  -8.0738  3    2.9162  19       0  303  9 5 4       8 4 4       
   17345.5858   0.0000 2.97379E-001  -9.6369  3    3.1133  19       0  303  9 5 4       8 6 2       
   24544.6036   0.0000 7.03830E+000  -7.9733  3    3.1133  19       0  303  9 7 2       8 6 2       
   16028.6117   0.0000 4.86419E-002 -10.5191  3    3.3974  19       0  303  9 7 2       8 8 0       
   25767.2478   0.0000 8.56953E+000  -7.8772  3    3.3974  19       0  303  9 9 0       8 8 0       
    4857.2422   0.0000 1.86938E-001 -10.9566  3    3.4390  19       0  303  9 4 6       9 1 8       
    3503.3593   0.0000 4.27823E-001 -10.8786  3    3.4402  19       0  303  9 3 6       9 2 8       
    1318.5502   0.0000 3.50640E+000 -10.8222  3    3.5570  19       0  303  9 4 6       9 3 6       
    2723.7623   0.0000 2.62702E+000 -10.3245  3    3.6010  19       0  303  9 5 4       9 4 6       
    3269.4754   0.0000 2.52787E+000 -10.1930  3    3.6919  19       0  303  9 6 4       9 5 4       
    3929.5424   0.0000 2.10111E+000 -10.1261  3    3.8009  19       0  303  9 7 2       9 6 4       
    4558.4394   0.0000 1.52175E+000 -10.1520  3    3.9320  19       0  303  9 8 2       9 7 2       
    5180.1967   0.0000 8.17083E-001 -10.3279  3    4.0841  19       0  303  9 9 0       9 8 2       
 ENERGIES FOR BLOCK NUMBER  39, INDEX-DEGEN-ENERGY--EST.ERROR-MIXING-   QUANTUM NUMBERS
    39    1          3.344942          0.000000   1.000000  9  1  9
    39    2          3.522236          0.000000   1.000000  9  3  7
    39    3          3.691108          0.000000   1.000000  9  5  5
    39    4          3.932010          0.000000   1.000000  9  7  3
    39    5          4.256857          0.000000   1.000000  9  9  1
 FREQUENCY-EST.ERROR.-LINE.STR. DIP**2-LGSTR.-ITD,-GUP-I.D.-QNFORM-QUANTUM NUMBERS
   17403.2029   0.0000 2.69933E-001  -9.6398  3    2.7644  19       0  303  9 1 9       8 2 7       
   22718.3498   0.0000 3.92637E+000  -8.2546  3    2.7644  19       0  303  9 3 7       8 2 7       
   18275.3051   0.0000 6.53927E-001  -9.2300  3    2.9126  19       0  303  9 3 7       8 4 5       
   27781.0043   0.0000 1.70624E-002 -10.4503  3    2.7644  19       0  303  9 5 5       8 2 7       
   23337.9596   0.0000 5.83903E+000  -8.0753  3    2.9126  19       0  303  9 5 5       8 4 5       
   17322.7305   0.0000 2.96862E-001  -9.6387  3    3.1133  19       0  303  9 5 5       8 6 3       
   24544.7912   0.0000 7.03824E+000  -7.9733  3    3.1133  19       0  303  9 7 3       8 6 3       
   16028.5866   0.0000 4.86418E-002 -10.5191  3    3.3974  19       0  303  9 7 3       8 8 1       
   25767.2478   0.0000 8.56953E+000  -7.8772  3    3.3974  19       0  303  9 9 1       8 8 1       
 ENERGIES FOR BLOCK NUMBER  40, INDEX-DEGEN-ENERGY--EST.ERROR-MIXING-   QUANTUM NUMBERS
    40    1          3.344906          0.000000   1.000000  9  0  9
    40    2          3.510063          0.000000   1.000000  9  2  7
    40    3          3.609317          0.000000   1.000000  9  4  5
    40    4          3.800970          0.000000   1.000000  9  6  3
    40    5          4.084064          0.000000   1.000000  9  8  1
 FREQUENCY-EST.ERROR.-LINE.STR. DIP**2-LGSTR.-ITD,-GUP-I.D.-QNFORM-QUANTUM NUMBERS
   17474.8537   0.0000 2.72077E-001  -9.6327  3    2.7620  19       0  303  9 0 9       8 1 7       
   22426.1332   0.0000 4.04242E+000  -8.2524  3    2.7620  19       0  303  9 2 7       8 1 7       
   19500.3515   0.0000 1.36676E+000  -8.8500  3    2.8596  19       0  303  9 2 7       8 3 5       
   15204.2529   0.0000 1.66570E-002 -10.9879  3    3.0029  19       0  303  9 2 7       8 5 3       
   25401.7182   0.0000 1.22467E-001  -9.6678  3    2.7620  19       0  303  9 4 5       8 1 7       
   22475.9365   0.0000 5.99421E+000  -8.0896  3    2.8596  19       0  303  9 4 5       8 3 5       
   18179.8379   0.0000 5.17863E-001  -9.3451  3    3.0029  19       0  303  9 4 5       8 5 3       
   28221.5293   0.0000 1.49495E-002 -10.5047  3    2.8596  19       0  303  9 6 3       8 3 5       
   23925.4307   0.0000 6.39878E+000  -8.0244  3    3.0029  19       0  303  9 6 3       8 5 3       
   16669.6373   0.0000 1.46803E-001  -9.9905  3    3.2449  19       0  303  9 6 3       8 7 1       
   25156.5819   0.0000 7.76714E+000  -7.9239  3    3.2449  19       0  303  9 8 1       8 7 1       
    2610.6425   0.0000 1.70920E+000 -10.5396  3    3.5222  19       0  303  9 4 5       9 3 7       
    2452.0119   0.0000 2.77761E+000 -10.3920  3    3.6093  19       0  303  9 5 5       9 4 5       
    3293.5809   0.0000 2.52251E+000 -10.1875  3    3.6911  19       0  303  9 6 3       9 5 5       
    3928.4798   0.0000 2.10123E+000 -10.1263  3    3.8010  19       0  303  9 7 3       9 6 3       
    4558.4648   0.0000 1.52174E+000 -10.1519  3    3.9320  19       0  303  9 8 1       9 7 3       
    5180.1964   0.0000 8.17083E-001 -10.3279  3    4.0841  19       0  303  9 9 1       9 8 1       
 ENERGIES FOR BLOCK NUMBER  41, INDEX-DEGEN-ENERGY--EST.ERROR-MIXING-   QUANTUM NUMBERS
    41    1          4.082626          0.000000   1.000000 10  0 10
    41    2          4.274159          0.000000   1.000000 10  2  8
    41    3          4.381877          0.000000   1.000000 10  4  6
    41    4          4.565669          0.000000   1.000000 10  6  4
    41    5          4.847383          0.000000   1.000000 10  8  2
    41    6          5.212991          0.000000   1.000000 10 10  0
 FREQUENCY-EST.ERROR.-LINE.STR. DIP**2-LGSTR.-ITD,-GUP-I.D.-QNFORM-QUANTUM NUMBERS
   19295.3479   0.0000 2.70154E-001  -9.6233  3    3.4390  21       0  303 10 010       9 1 8       
   25037.3704   0.0000 4.05636E+000  -8.2301  3    3.4390  21       0  303 10 2 8       9 1 8       
   21498.6785   0.0000 1.28942E+000  -8.8666  3    3.5570  21       0  303 10 2 8       9 3 6       
   17456.3659   0.0000 3.28108E-002 -10.6491  3    3.6919  21       0  303 10 2 8       9 5 4       
   28266.6705   0.0000 9.78593E-002  -9.7477  3    3.4390  21       0  303 10 4 6       9 1 8       
   24727.9785   0.0000 6.80450E+000  -8.0281  3    3.5570  21       0  303 10 4 6       9 3 6       
   20685.6660   0.0000 7.40396E-001  -9.1537  3    3.6919  21       0  303 10 4 6       9 5 4       
   26195.6197   0.0000 6.77437E+000  -7.9964  3    3.6919  21       0  303 10 6 4       9 5 4       
   18996.6019   0.0000 2.66214E-001  -9.6940  3    3.9320  21       0  303 10 6 4       9 7 2       
   27442.1693   0.0000 8.01504E+000  -7.9101  3    3.9320  21       0  303 10 8 2       9 7 2       
   17703.5331   0.0000 4.37573E-002 -10.5711  3    4.2569  21       0  303 10 8 2       9 9 0       
   28664.1956   0.0000 9.56912E+000  -7.8311  3    4.2569  21       0  303 1010 0       9 9 0       
 ENERGIES FOR BLOCK NUMBER  42, INDEX-DEGEN-ENERGY--EST.ERROR-MIXING-   QUANTUM NUMBERS
    42    1          4.082640          0.000000   1.000000 10  1 10
    42    2          4.281342          0.000000   1.000000 10  3  8
    42    3          4.456560          0.000000   1.000000 10  5  6
    42    4          4.695838          0.000000   1.000000 10  7  4
    42    5          5.019831          0.000000   1.000000 10  9  2
 FREQUENCY-EST.ERROR.-LINE.STR. DIP**2-LGSTR.-ITD,-GUP-I.D.-QNFORM-QUANTUM NUMBERS
   19260.4419   0.0000 2.69446E-001  -9.6260  3    3.4402  21       0  303 10 110       9 2 8       
   25217.3898   0.0000 4.01489E+000  -8.2288  3    3.4402  21       0  303 10 3 8       9 2 8       
   20395.4803   0.0000 7.58187E-001  -9.1457  3    3.6010  21       0  303 10 3 8       9 4 6       
   25648.3723   0.0000 6.23667E+000  -8.0403  3    3.6010  21       0  303 10 5 6       9 4 6       
   19655.1346   0.0000 4.49863E-001  -9.4240  3    3.8009  21       0  303 10 5 6       9 6 4       
   26828.5182   0.0000 7.34540E+000  -7.9529  3    3.8009  21       0  303 10 7 4       9 6 4       
   18340.5364   0.0000 1.31892E-001 -10.0443  3    4.0841  21       0  303 10 7 4       9 8 2       
   28053.6083   0.0000 8.75972E+000  -7.8692  3    4.0841  21       0  303 10 9 2       9 8 2       
    3013.9481   0.0000 1.32524E+000 -10.6051  3    4.2813  21       0  303 10 4 6      10 3 8       
    5468.2441   0.0000 1.87702E-001 -10.9400  3    4.2742  21       0  303 10 5 6      10 2 8       
    2238.9440   0.0000 3.16316E+000 -10.4946  3    4.3819  21       0  303 10 5 6      10 4 6       
    3271.0097   0.0000 2.93273E+000 -10.2077  3    4.4566  21       0  303 10 6 4      10 5 6       
    3902.3739   0.0000 2.63691E+000 -10.1130  3    4.5657  21       0  303 10 7 4      10 6 4       
    4543.1934   0.0000 2.15411E+000 -10.0835  3    4.6958  21       0  303 10 8 2      10 7 4       
    5169.8785   0.0000 1.54300E+000 -10.1330  3    4.8474  21       0  303 10 9 2      10 8 2       
    5790.7840   0.0000 8.21900E-001 -10.3270  3    5.0198  21       0  303 1010 0      10 9 2       
 ENERGIES FOR BLOCK NUMBER  43, INDEX-DEGEN-ENERGY--EST.ERROR-MIXING-   QUANTUM NUMBERS
    43    1          4.188819          0.000000   1.000000 10  1  9
    43    2          4.331449          0.000000   1.000000 10  3  7
    43    3          4.458713          0.000000   1.000000 10  5  5
    43    4          4.695843          0.000000   1.000000 10  7  3
    43    5          5.019831          0.000000   1.000000 10  9  1
 FREQUENCY-EST.ERROR.-LINE.STR. DIP**2-LGSTR.-ITD,-GUP-I.D.-QNFORM-QUANTUM NUMBERS
   25299.8951   0.0000 2.13744E+000  -8.4900  3    3.3449  21       0  303 10 1 9       9 0 9       
   20348.6157   0.0000 6.05656E-001  -9.2357  3    3.5101  21       0  303 10 1 9       9 2 7       
   17373.0307   0.0000 2.62275E-002 -10.7417  3    3.6093  21       0  303 10 1 9       9 4 5       
   29575.8179   0.0000 1.06916E-002 -10.6623  3    3.3449  21       0  303 10 3 7       9 0 9       
   24624.5385   0.0000 6.04201E+000  -8.0782  3    3.5101  21       0  303 10 3 7       9 2 7       
   21648.9535   0.0000 1.41042E+000  -8.8273  3    3.6093  21       0  303 10 3 7       9 4 5       
   28439.8088   0.0000 1.35280E-001  -9.6095  3    3.5101  21       0  303 10 5 5       9 2 7       
   25464.2237   0.0000 6.42562E+000  -8.0341  3    3.6093  21       0  303 10 5 5       9 4 5       
   19718.6309   0.0000 4.52302E-001  -9.4190  3    3.8010  21       0  303 10 5 5       9 6 3       
   26827.6198   0.0000 7.34571E+000  -7.9530  3    3.8010  21       0  303 10 7 3       9 6 3       
   18340.6752   0.0000 1.31893E-001 -10.0443  3    4.0841  21       0  303 10 7 3       9 8 1       
   28053.6080   0.0000 8.75972E+000  -7.8692  3    4.0841  21       0  303 10 9 1       9 8 1       
 ENERGIES FOR BLOCK NUMBER  44, INDEX-DEGEN-ENERGY--EST.ERROR-MIXING-   QUANTUM NUMBERS
    44    1          4.189364          0.000000   1.000000 10  2  9
    44    2          4.365621          0.000000   1.000000 10  4  7
    44    3          4.565535          0.000000   1.000000 10  6  5
    44    4          4.847383          0.000000   1.000000 10  8  3
    44    5          5.212991          0.000000   1.000000 10 10  1
 FREQUENCY-EST.ERROR.-LINE.STR. DIP**2-LGSTR.-ITD,-GUP-I.D.-QNFORM-QUANTUM NUMBERS
   25315.1463   0.0000 2.13698E+000  -8.4896  3    3.3449  21       0  303 10 2 9       9 1 9       
   19999.9993   0.0000 5.63490E-001  -9.2827  3    3.5222  21       0  303 10 2 9       9 3 7       
   25284.0547   0.0000 5.44146E+000  -8.1031  3    3.5222  21       0  303 10 4 7       9 3 7       
   20221.4003   0.0000 6.66057E-001  -9.2185  3    3.6911  21       0  303 10 4 7       9 5 5       
   26214.6762   0.0000 6.76502E+000  -7.9963  3    3.6911  21       0  303 10 6 5       9 5 5       
   18992.6155   0.0000 2.66162E-001  -9.6943  3    3.9320  21       0  303 10 6 5       9 7 3       
   27442.1915   0.0000 8.01504E+000  -7.9101  3    3.9320  21       0  303 10 8 3       9 7 3       
   17703.5304   0.0000 4.37573E-002 -10.5711  3    4.2569  21       0  303 10 8 3       9 9 1       
   28664.1956   0.0000 9.56912E+000  -7.8311  3    4.2569  21       0  303 1010 1       9 9 1       
    4259.5967   0.0000 3.08174E-001 -10.9307  3    4.1894  21       0  303 10 3 7      10 2 9       
    5300.3815   0.0000 1.97312E-001 -10.9362  3    4.1888  21       0  303 10 4 7      10 1 9       
    2790.8115   0.0000 2.72992E+000 -10.3664  3    4.3656  21       0  303 10 5 5      10 4 7       
    3202.4644   0.0000 2.95293E+000 -10.2232  3    4.4587  21       0  303 10 6 5      10 5 5       
    3906.5245   0.0000 2.63628E+000 -10.1122  3    4.5655  21       0  303 10 7 3      10 6 5       
    4543.0515   0.0000 2.15412E+000 -10.0835  3    4.6958  21       0  303 10 8 3      10 7 3       
    5169.8813   0.0000 1.54300E+000 -10.1330  3    4.8474  21       0  303 10 9 1      10 8 3       
    5790.7839   0.0000 8.21900E-001 -10.3270  3    5.0198  21       0  303 1010 1      10 9 1       
 ENERGIES FOR BLOCK NUMBER  45, INDEX-DEGEN-ENERGY--EST.ERROR-MIXING-   QUANTUM NUMBERS
    45    1          5.011856          0.000000   1.000000 11  2 10
    45    2          5.205981          0.000000   1.000000 11  4  8
    45    3          5.407226          0.000000   1.000000 11  6  6
    45    4          5.687410          0.000000   1.000000 11  8  4
    45    5          6.052233          0.000000   1.000000 11 10  2
 FREQUENCY-EST.ERROR.-LINE.STR. DIP**2-LGSTR.-ITD,-GUP-I.D.-QNFORM-QUANTUM NUMBERS
   27857.1857   0.0000 2.14902E+000  -8.4851  3    4.0826  23       0  303 11 210      10 110       
   21900.2378   0.0000 5.67470E-001  -9.2831  3    4.2813  23       0  303 11 210      10 3 8       
   27719.9772   0.0000 5.65661E+000  -8.0895  3    4.2813  23       0  303 11 4 8      10 3 8       
   22467.0851   0.0000 8.29723E-001  -9.1151  3    4.4566  23       0  303 11 4 8      10 5 6       
   28500.2423   0.0000 7.16651E+000  -7.9822  3    4.4566  23       0  303 11 6 6      10 5 6       
   21326.8587   0.0000 4.06971E-001  -9.4927  3    4.6958  23       0  303 11 6 6      10 7 4       
   29726.5792   0.0000 8.30492E+000  -7.9086  3    4.6958  23       0  303 11 8 4      10 7 4       
   20013.5072   0.0000 1.19753E-001 -10.1107  3    5.0198  23       0  303 11 8 4      10 9 2       
 ENERGIES FOR BLOCK NUMBER  46, INDEX-DEGEN-ENERGY--EST.ERROR-MIXING-   QUANTUM NUMBERS
    46    1          5.011613          0.000000   1.000000 11  1 10
    46    2          5.181400          0.000000   1.000000 11  3  8
    46    3          5.304160          0.000000   1.000000 11  5  6
    46    4          5.536568          0.000000   1.000000 11  7  4
    46    5          5.859398          0.000000   1.000000 11  9  2
    46    6          6.265758          0.000000   1.000000 11 11  0
 FREQUENCY-EST.ERROR.-LINE.STR. DIP**2-LGSTR.-ITD,-GUP-I.D.-QNFORM-QUANTUM NUMBERS
   27850.3453   0.0000 2.14916E+000  -8.4853  3    4.0826  23       0  303 11 110      10 010       
   22108.3227   0.0000 5.82729E-001  -9.2629  3    4.2742  23       0  303 11 110      10 2 8       
   18879.0227   0.0000 1.87108E-002 -10.8992  3    4.3819  23       0  303 11 110      10 4 6       
   27198.4166   0.0000 6.02943E+000  -8.0767  3    4.2742  23       0  303 11 3 8      10 2 8       
   23969.1165   0.0000 1.73444E+000  -8.7334  3    4.3819  23       0  303 11 3 8      10 4 6       
   27649.3399   0.0000 7.08778E+000  -8.0041  3    4.3819  23       0  303 11 5 6      10 4 6       
   22139.3862   0.0000 6.29068E-001  -9.2589  3    4.5657  23       0  303 11 5 6      10 6 4       
   29106.8138   0.0000 7.69288E+000  -7.9455  3    4.5657  23       0  303 11 7 4      10 6 4       
   20661.2465   0.0000 2.41199E-001  -9.7621  3    4.8474  23       0  303 11 7 4      10 8 2       
   19378.7927   0.0000 3.97651E-002 -10.6365  3    5.2130  23       0  303 11 9 2      1010 0       
    5827.0064   0.0000 1.93047E-001 -10.9500  3    5.0116  23       0  303 11 4 8      11 110       
    5082.8268   0.0000 2.38718E-001 -10.9752  3    5.0119  23       0  303 11 3 8      11 210       
    2943.3108   0.0000 2.60047E+000 -10.4291  3    5.2060  23       0  303 11 5 6      11 4 8       
    3089.8464   0.0000 3.31524E+000 -10.2919  3    5.3042  23       0  303 11 6 6      11 5 6       
    3877.5812   0.0000 3.10719E+000 -10.1349  3    5.4072  23       0  303 11 7 4      11 6 6       
    4522.1392   0.0000 2.72163E+000 -10.0734  3    5.5366  23       0  303 11 8 4      11 7 4       
    5156.0694   0.0000 2.19652E+000 -10.0694  3    5.6874  23       0  303 11 9 2      11 8 4       
    5781.0290   0.0000 1.56037E+000 -10.1375  3    5.8594  23       0  303 1110 2      11 9 2       
    6401.3205   0.0000 8.25886E-001 -10.3464  3    6.0522  23       0  303 1111 0      1110 2       
 ENERGIES FOR BLOCK NUMBER  47, INDEX-DEGEN-ENERGY--EST.ERROR-MIXING-   QUANTUM NUMBERS
    47    1          4.893530          0.000000   1.000000 11  1 11
    47    2          5.114560          0.000000   1.000000 11  3  9
    47    3          5.298971          0.000000   1.000000 11  5  7
    47    4          5.536548          0.000000   1.000000 11  7  5
    47    5          5.859398          0.000000   1.000000 11  9  3
    47    6          6.265758          0.000000   1.000000 11 11  1
 FREQUENCY-EST.ERROR.-LINE.STR. DIP**2-LGSTR.-ITD,-GUP-I.D.-QNFORM-QUANTUM NUMBERS
   21110.3758   0.0000 2.68585E-001  -9.6289  3    4.1894  23       0  303 11 111      10 2 9       
   27736.6910   0.0000 4.07644E+000  -8.2217  3    4.1894  23       0  303 11 3 9      10 2 9       
   22452.6356   0.0000 8.27540E-001  -9.1073  3    4.3656  23       0  303 11 3 9      10 4 7       
   27981.1171   0.0000 6.62494E+000  -8.0220  3    4.3656  23       0  303 11 5 7      10 4 7       
   21987.8412   0.0000 6.19438E-001  -9.2713  3    4.5655  23       0  303 11 5 7      10 6 5       
   29110.2155   0.0000 7.69164E+000  -7.9455  3    4.5655  23       0  303 11 7 5      10 6 5       
   20660.6395   0.0000 2.41194E-001  -9.7621  3    4.8474  23       0  303 11 7 5      10 8 3       
   19378.7924   0.0000 3.97651E-002 -10.6365  3    5.2130  23       0  303 11 9 3      1010 1       
 ENERGIES FOR BLOCK NUMBER  48, INDEX-DEGEN-ENERGY--EST.ERROR-MIXING-   QUANTUM NUMBERS
    48    1          4.893525          0.000000   1.000000 11  0 11
    48    2          5.110661          0.000000   1.000000 11  2  9
    48    3          5.233788          0.000000   1.000000 11  4  7
    48    4          5.407660          0.000000   1.000000 11  6  5
    48    5          5.687411          0.000000   1.000000 11  8  3
    48    6          6.052233          0.000000   1.000000 11 10  1
 FREQUENCY-EST.ERROR.-LINE.STR. DIP**2-LGSTR.-ITD,-GUP-I.D.-QNFORM-QUANTUM NUMBERS
   21126.5353   0.0000 2.68823E-001  -9.6278  3    4.1888  23       0  303 11 011      10 1 9       
   27636.1255   0.0000 4.08969E+000  -8.2233  3    4.1888  23       0  303 11 2 9      10 1 9       
   23360.2027   0.0000 1.14402E+000  -8.9302  3    4.3314  23       0  303 11 2 9      10 3 7       
   19544.9324   0.0000 4.78312E-002 -10.4706  3    4.4587  23       0  303 11 2 9      10 5 5       
   27051.4586   0.0000 7.48863E+000  -7.9930  3    4.3314  23       0  303 11 4 7      10 3 7       
   23236.1884   0.0000 1.03486E+000  -8.9914  3    4.4587  23       0  303 11 4 7      10 5 5       
   28448.7262   0.0000 7.19592E+000  -7.9821  3    4.4587  23       0  303 11 6 5      10 5 5       
   21339.7372   0.0000 4.07245E-001  -9.4919  3    4.6958  23       0  303 11 6 5      10 7 3       
   29726.4572   0.0000 8.30495E+000  -7.9086  3    4.6958  23       0  303 11 8 3      10 7 3       
   20013.5244   0.0000 1.19753E-001 -10.1107  3    5.0198  23       0  303 11 8 3      10 9 1       
    5645.3731   0.0000 2.62837E-001 -10.8535  3    5.1107  23       0  303 11 5 7      11 2 9       
    3574.3643   0.0000 9.57028E-001 -10.6861  3    5.1146  23       0  303 11 4 7      11 3 9       
    1954.1172   0.0000 3.63909E+000 -10.6401  3    5.2338  23       0  303 11 5 7      11 4 7       
    3258.4206   0.0000 3.24836E+000 -10.2544  3    5.2990  23       0  303 11 6 5      11 5 7       
    3863.9537   0.0000 3.10979E+000 -10.1376  3    5.4077  23       0  303 11 7 5      11 6 5       
    4522.7662   0.0000 2.72156E+000 -10.0733  3    5.5365  23       0  303 11 8 3      11 7 5       
    5156.0519   0.0000 2.19652E+000 -10.0694  3    5.6874  23       0  303 11 9 3      11 8 3       
    5781.0293   0.0000 1.56037E+000 -10.1375  3    5.8594  23       0  303 1110 1      11 9 3       
    6401.3205   0.0000 8.25886E-001 -10.3464  3    6.0522  23       0  303 1111 1      1110 1       
 ENERGIES FOR BLOCK NUMBER  49, INDEX-DEGEN-ENERGY--EST.ERROR-MIXING-   QUANTUM NUMBERS
    49    1          5.777608          0.000000   1.000000 12  0 12
    49    2          6.019549          0.000000   1.000000 12  2 10
    49    3          6.164188          0.000000   1.000000 12  4  8
    49    4          6.327337          0.000000   1.000000 12  6  6
    49    5          6.604260          0.000000   1.000000 12  8  4
    49    6          6.968052          0.000000   1.000000 12 10  2
    49    7          7.415156          0.000000   1.000000 12 12  0
 FREQUENCY-EST.ERROR.-LINE.STR. DIP**2-LGSTR.-ITD,-GUP-I.D.-QNFORM-QUANTUM NUMBERS
   22963.9353   0.0000 2.67765E-001  -9.6459  3    5.0116  25       0  303 12 012      11 110       
   25127.0604   0.0000 1.02200E+000  -9.0073  3    5.1814  25       0  303 12 210      11 3 8       
   21446.8371   0.0000 5.31254E-002 -10.4356  3    5.3042  25       0  303 12 210      11 5 6       
   29463.2233   0.0000 7.90915E+000  -7.9876  3    5.1814  25       0  303 12 4 8      11 3 8       
   25783.0000   0.0000 1.42228E+000  -8.8553  3    5.3042  25       0  303 12 4 8      11 5 6       
   23706.6687   0.0000 5.66742E-001  -9.3485  3    5.5366  25       0  303 12 6 6      11 7 4       
   22330.4084   0.0000 2.20578E-001  -9.8416  3    5.8594  25       0  303 12 8 4      11 9 2       
   21054.2702   0.0000 3.64412E-002 -10.7149  3    6.2658  25       0  303 1210 2      1111 0       
 ENERGIES FOR BLOCK NUMBER  50, INDEX-DEGEN-ENERGY--EST.ERROR-MIXING-   QUANTUM NUMBERS
    50    1          5.777610          0.000000   1.000000 12  1 12
    50    2          6.021532          0.000000   1.000000 12  3 10
    50    3          6.218137          0.000000   1.000000 12  5  8
    50    4          6.454281          0.000000   1.000000 12  7  6
    50    5          6.775643          0.000000   1.000000 12  9  4
    50    6          7.181267          0.000000   1.000000 12 11  2
 FREQUENCY-EST.ERROR.-LINE.STR. DIP**2-LGSTR.-ITD,-GUP-I.D.-QNFORM-QUANTUM NUMBERS
   22956.7324   0.0000 2.67684E-001  -9.6463  3    5.0119  25       0  303 12 112      11 210       
   24449.6049   0.0000 8.65860E-001  -9.1045  3    5.2060  25       0  303 12 310      11 4 8       
   24310.5028   0.0000 7.99792E-001  -9.1646  3    5.4072  25       0  303 12 5 8      11 6 6       
   22990.2081   0.0000 3.71199E-001  -9.5735  3    5.6874  25       0  303 12 7 6      11 8 4       
   21687.2882   0.0000 1.09672E-001 -10.1895  3    6.0522  25       0  303 12 9 4      1110 2       
    4276.7058   0.0000 6.84371E-001 -10.7715  3    6.0215  25       0  303 12 4 8      12 310       
    5953.5122   0.0000 3.11460E-001 -10.8288  3    6.0195  25       0  303 12 5 8      12 210       
    1617.3493   0.0000 4.31721E+000 -10.8265  3    6.1642  25       0  303 12 5 8      12 4 8       
    3273.7471   0.0000 3.43582E+000 -10.3217  3    6.2181  25       0  303 12 6 6      12 5 8       
    3805.6787   0.0000 3.52303E+000 -10.1923  3    6.3273  25       0  303 12 7 6      12 6 6       
    4496.2697   0.0000 3.23178E+000 -10.0993  3    6.4543  25       0  303 12 8 4      12 7 6       
    5137.9088   0.0000 2.78962E+000 -10.0641  3    6.6043  25       0  303 12 9 4      12 8 4       
    5768.3025   0.0000 2.23139E+000 -10.0795  3    6.7756  25       0  303 1210 2      12 9 4       
    6391.9965   0.0000 1.57484E+000 -10.1628  3    6.9681  25       0  303 1211 2      1210 2       
    7011.8217   0.0000 8.29240E-001 -10.3842  3    7.1813  25       0  303 1212 0      1211 2       
 ENERGIES FOR BLOCK NUMBER  51, INDEX-DEGEN-ENERGY--EST.ERROR-MIXING-   QUANTUM NUMBERS
    51    1          5.907482          0.000000   1.000000 12  1 11
    51    2          6.105369          0.000000   1.000000 12  3  9
    51    3          6.229055          0.000000   1.000000 12  5  7
    51    4          6.454356          0.000000   1.000000 12  7  5
    51    5          6.775643          0.000000   1.000000 12  9  3
    51    6          7.181267          0.000000   1.000000 12 11  1
 FREQUENCY-EST.ERROR.-LINE.STR. DIP**2-LGSTR.-ITD,-GUP-I.D.-QNFORM-QUANTUM NUMBERS
   23888.0712   0.0000 5.71564E-001  -9.2942  3    5.1107  25       0  303 12 111      11 2 9       
   29820.5879   0.0000 5.99197E+000  -8.0909  3    5.1107  25       0  303 12 3 9      11 2 9       
   26129.3320   0.0000 1.84448E+000  -8.7241  3    5.2338  25       0  303 12 3 9      11 4 7       
   20916.7942   0.0000 3.13959E-002 -10.6957  3    5.4077  25       0  303 12 3 9      11 6 5       
   29837.3516   0.0000 7.90609E+000  -7.9829  3    5.2338  25       0  303 12 5 7      11 4 7       
   24624.8138   0.0000 8.33248E-001  -9.1363  3    5.4077  25       0  303 12 5 7      11 6 5       
   22992.4281   0.0000 3.71229E-001  -9.5734  3    5.6874  25       0  303 12 7 5      11 8 3       
   21687.2902   0.0000 1.09672E-001 -10.1895  3    6.0522  25       0  303 12 9 3      1110 1       
 ENERGIES FOR BLOCK NUMBER  52, INDEX-DEGEN-ENERGY--EST.ERROR-MIXING-   QUANTUM NUMBERS
    52    1          5.907586          0.000000   1.000000 12  2 11
    52    2          6.121580          0.000000   1.000000 12  4  9
    52    3          6.326115          0.000000   1.000000 12  6  7
    52    4          6.604258          0.000000   1.000000 12  8  5
    52    5          6.968052          0.000000   1.000000 12 10  3
    52    6          7.415156          0.000000   1.000000 12 12  1
 FREQUENCY-EST.ERROR.-LINE.STR. DIP**2-LGSTR.-ITD,-GUP-I.D.-QNFORM-QUANTUM NUMBERS
   23774.3219   0.0000 5.66236E-001  -9.3026  3    5.1146  25       0  303 12 211      11 3 9       
   24661.1947   0.0000 9.72644E-001  -9.0565  3    5.2990  25       0  303 12 4 9      11 5 7       
   23670.6236   0.0000 5.65582E-001  -9.3507  3    5.5365  25       0  303 12 6 7      11 7 5       
   22330.3247   0.0000 2.20577E-001  -9.8416  3    5.8594  25       0  303 12 8 5      11 9 3       
   21054.2702   0.0000 3.64412E-002 -10.7149  3    6.2658  25       0  303 1210 3      1111 1       
    6418.4966   0.0000 1.81633E-001 -10.9868  3    5.9075  25       0  303 12 4 9      12 111       
    3222.0397   0.0000 2.24091E+000 -10.5110  3    6.1216  25       0  303 12 5 7      12 4 9       
    6617.7832   0.0000 1.74567E-001 -10.9984  3    6.1054  25       0  303 12 6 7      12 3 9       
    2909.7635   0.0000 3.63519E+000 -10.4001  3    6.2291  25       0  303 12 6 7      12 5 7       
    3844.5707   0.0000 3.51376E+000 -10.1846  3    6.3261  25       0  303 12 7 5      12 6 7       
    4493.9485   0.0000 3.23210E+000 -10.0998  3    6.4544  25       0  303 12 8 5      12 7 5       
    5137.9948   0.0000 2.78961E+000 -10.0641  3    6.6043  25       0  303 12 9 3      12 8 5       
    5768.3005   0.0000 2.23139E+000 -10.0795  3    6.7756  25       0  303 1210 3      12 9 3       
    6391.9965   0.0000 1.57484E+000 -10.1628  3    6.9681  25       0  303 1211 1      1210 3       
    7011.8217   0.0000 8.29240E-001 -10.3842  3    7.1813  25       0  303 1212 1      1211 1       
 ENERGIES FOR BLOCK NUMBER  53, INDEX-DEGEN-ENERGY--EST.ERROR-MIXING-   QUANTUM NUMBERS
    53    1          6.876522          0.000000   1.000000 13  2 12
    53    2          7.111883          0.000000   1.000000 13  4 10
    53    3          7.322237          0.000000   1.000000 13  6  8
    53    4          7.598049          0.000000   1.000000 13  8  6
    53    5          7.960527          0.000000   1.000000 13 10  4
    53    6          8.406933          0.000000   1.000000 13 12  2
 FREQUENCY-EST.ERROR.-LINE.STR. DIP**2-LGSTR.-ITD,-GUP-I.D.-QNFORM-QUANTUM NUMBERS
   25631.9612   0.0000 5.63033E-001  -9.3373  3    6.0215  27       0  303 13 212      12 310       
   26793.8465   0.0000 1.08324E+000  -9.0370  3    6.2181  27       0  303 13 410      12 5 8       
   26020.6717   0.0000 7.39327E-001  -9.2516  3    6.4543  27       0  303 13 6 8      12 7 6       
   24655.1246   0.0000 3.41359E-001  -9.6653  3    6.7756  27       0  303 13 8 6      12 9 4       
   23361.6265   0.0000 1.01164E-001 -10.2803  3    7.1813  27       0  303 1310 4      1211 2       
 ENERGIES FOR BLOCK NUMBER  54, INDEX-DEGEN-ENERGY--EST.ERROR-MIXING-   QUANTUM NUMBERS
    54    1          6.876478          0.000000   1.000000 13  1 12
    54    2          7.102090          0.000000   1.000000 13  3 10
    54    3          7.233932          0.000000   1.000000 13  5  8
    54    4          7.449424          0.000000   1.000000 13  7  6
    54    5          7.768660          0.000000   1.000000 13  9  4
    54    6          8.173344          0.000000   1.000000 13 11  2
    54    7          8.661186          0.000000   1.000000 13 13  0
 FREQUENCY-EST.ERROR.-LINE.STR. DIP**2-LGSTR.-ITD,-GUP-I.D.-QNFORM-QUANTUM NUMBERS
   25690.0908   0.0000 5.64910E-001  -9.3338  3    6.0195  27       0  303 13 112      12 210       
   28117.5906   0.0000 1.74533E+000  -8.7846  3    6.1642  27       0  303 13 310      12 4 8       
   23226.4942   0.0000 5.41344E-002 -10.4678  3    6.3273  27       0  303 13 310      12 6 6       
   27179.0406   0.0000 1.08347E+000  -9.0366  3    6.3273  27       0  303 13 5 8      12 6 6       
   25337.3581   0.0000 5.18678E-001  -9.4432  3    6.6043  27       0  303 13 7 6      12 8 4       
   24001.6246   0.0000 2.03257E-001  -9.9327  3    6.9681  27       0  303 13 9 4      1210 2       
   22729.8986   0.0000 3.36304E-002 -10.8057  3    7.4152  27       0  303 1311 2      1212 0       
    6599.8561   0.0000 2.80403E-001 -10.8987  3    7.1021  27       0  303 13 6 8      13 310       
    3658.9412   0.0000 1.75708E+000 -10.6100  3    7.1119  27       0  303 13 5 8      13 410       
    2647.3097   0.0000 3.96838E+000 -10.5483  3    7.2339  27       0  303 13 6 8      13 5 8       
    3812.9562   0.0000 3.84777E+000 -10.2560  3    7.3222  27       0  303 13 7 6      13 6 8       
    4455.6753   0.0000 3.68956E+000 -10.1533  3    7.4494  27       0  303 13 8 6      13 7 6       
    5114.8025   0.0000 3.32984E+000 -10.0946  3    7.5980  27       0  303 13 9 4      13 8 6       
    5751.9984   0.0000 2.84567E+000 -10.0797  3    7.7687  27       0  303 1310 4      13 9 4       
    6380.0938   0.0000 2.26064E+000 -10.1107  3    7.9605  27       0  303 1311 2      1310 4       
    7002.8386   0.0000 1.58710E+000 -10.2067  3    8.1733  27       0  303 1312 2      1311 2       
    7622.2975   0.0000 8.32102E-001 -10.4389  3    8.4069  27       0  303 1313 0      1312 2       
 ENERGIES FOR BLOCK NUMBER  55, INDEX-DEGEN-ENERGY--EST.ERROR-MIXING-   QUANTUM NUMBERS
    55    1          6.734877          0.000000   1.000000 13  1 13
    55    2          7.002003          0.000000   1.000000 13  3 11
    55    3          7.213705          0.000000   1.000000 13  5  9
    55    4          7.449186          0.000000   1.000000 13  7  7
    55    5          7.768660          0.000000   1.000000 13  9  5
    55    6          8.173344          0.000000   1.000000 13 11  3
    55    7          8.661186          0.000000   1.000000 13 13  1
 FREQUENCY-EST.ERROR.-LINE.STR. DIP**2-LGSTR.-ITD,-GUP-I.D.-QNFORM-QUANTUM NUMBERS
   24801.5552   0.0000 2.66850E-001  -9.6769  3    5.9076  27       0  303 13 113      12 211       
   26394.4394   0.0000 8.81774E-001  -9.1287  3    6.1216  27       0  303 13 311      12 4 9       
   26609.2984   0.0000 9.82385E-001  -9.0964  3    6.3261  27       0  303 13 5 9      12 6 7       
   25330.3188   0.0000 5.18538E-001  -9.4435  3    6.6043  27       0  303 13 7 7      12 8 5       
   24001.6139   0.0000 2.03257E-001  -9.9327  3    6.9681  27       0  303 13 9 5      1210 3       
   22729.8986   0.0000 3.36304E-002 -10.8057  3    7.4152  27       0  303 1311 3      1212 1       
 ENERGIES FOR BLOCK NUMBER  56, INDEX-DEGEN-ENERGY--EST.ERROR-MIXING-   QUANTUM NUMBERS
    56    1          6.734876          0.000000   1.000000 13  0 13
    56    2          7.001043          0.000000   1.000000 13  2 11
    56    3          7.171735          0.000000   1.000000 13  4  9
    56    4          7.325282          0.000000   1.000000 13  6  7
    56    5          7.598061          0.000000   1.000000 13  8  5
    56    6          7.960527          0.000000   1.000000 13 10  3
    56    7          8.406933          0.000000   1.000000 13 12  1
 FREQUENCY-EST.ERROR.-LINE.STR. DIP**2-LGSTR.-ITD,-GUP-I.D.-QNFORM-QUANTUM NUMBERS
   24804.6731   0.0000 2.66878E-001  -9.6768  3    5.9075  27       0  303 13 013      12 111       
   26851.6182   0.0000 9.47786E-001  -9.0815  3    6.1054  27       0  303 13 211      12 3 9       
   23143.5985   0.0000 4.66472E-002 -10.5251  3    6.2291  27       0  303 13 211      12 5 7       
   28260.8268   0.0000 1.86071E+000  -8.7594  3    6.2291  27       0  303 13 4 9      12 5 7       
   26109.7185   0.0000 7.43604E-001  -9.2463  3    6.4544  27       0  303 13 6 7      12 7 5       
   24655.4659   0.0000 3.41362E-001  -9.6653  3    6.7756  27       0  303 13 8 5      12 9 3       
   23361.6267   0.0000 1.01164E-001 -10.2803  3    7.1813  27       0  303 1310 3      1211 1       
    6375.4634   0.0000 3.29959E-001 -10.8472  3    7.0010  27       0  303 13 5 9      13 211       
    5088.4271   0.0000 5.09099E-001 -10.8526  3    7.0020  27       0  303 13 4 9      13 311       
    3344.9908   0.0000 3.44176E+000 -10.4060  3    7.2137  27       0  303 13 6 7      13 5 9       
    3714.5488   0.0000 3.87751E+000 -10.2755  3    7.3253  27       0  303 13 7 7      13 6 7       
    4463.1419   0.0000 3.68831E+000 -10.1519  3    7.4492  27       0  303 13 8 5      13 7 7       
    5114.4485   0.0000 3.32988E+000 -10.0947  3    7.5981  27       0  303 13 9 5      13 8 5       
    5752.0094   0.0000 2.84567E+000 -10.0797  3    7.7687  27       0  303 1310 3      13 9 5       
    6380.0936   0.0000 2.26064E+000 -10.1107  3    7.9605  27       0  303 1311 3      1310 3       
    7002.8386   0.0000 1.58710E+000 -10.2067  3    8.1733  27       0  303 1312 1      1311 3       
    7622.2975   0.0000 8.32102E-001 -10.4389  3    8.4069  27       0  303 1313 1      1312 1       
 ENERGIES FOR BLOCK NUMBER  57, INDEX-DEGEN-ENERGY--EST.ERROR-MIXING-   QUANTUM NUMBERS
    57    1          7.765332          0.000000   1.000000 14  0 14
    57    2          8.055364          0.000000   1.000000 14  2 12
    57    3          8.254825          0.000000   1.000000 14  4 10
    57    4          8.402284          0.000000   1.000000 14  6  8
    57    5          8.668961          0.000000   1.000000 14  8  6
    57    6          9.029738          0.000000   1.000000 14 10  4
    57    7          9.475270          0.000000   1.000000 14 12  2
    57    8         10.003847          0.000000   1.000000 14 14  0
 FREQUENCY-EST.ERROR.-LINE.STR. DIP**2-LGSTR.-ITD,-GUP-I.D.-QNFORM-QUANTUM NUMBERS
   26647.1718   0.0000 2.66116E-001  -9.7198  3    6.8765  29       0  303 14 014      13 112       
   28578.4463   0.0000 9.09406E-001  -9.1520  3    7.1021  29       0  303 14 212      13 310       
   24625.8999   0.0000 3.41452E-002 -10.7139  3    7.2339  29       0  303 14 212      13 5 8       
   24145.3241   0.0000 2.56430E-002 -10.8770  3    7.4494  29       0  303 14 410      13 7 6       
   28566.0198   0.0000 9.39647E-001  -9.1744  3    7.4494  29       0  303 14 6 8      13 7 6       
   26990.3309   0.0000 4.78893E-001  -9.5470  3    7.7687  29       0  303 14 8 6      13 9 4       
   25674.0494   0.0000 1.88491E-001 -10.0353  3    8.1733  29       0  303 1410 4      1311 2       
   24405.6363   0.0000 3.12225E-002 -10.9088  3    8.6612  29       0  303 1412 2      1313 0       
 ENERGIES FOR BLOCK NUMBER  58, INDEX-DEGEN-ENERGY--EST.ERROR-MIXING-   QUANTUM NUMBERS
    58    1          7.765332          0.000000   1.000000 14  1 14
    58    2          8.055812          0.000000   1.000000 14  3 12
    58    3          8.285200          0.000000   1.000000 14  5 10
    58    4          8.521398          0.000000   1.000000 14  7  8
    58    5          8.838556          0.000000   1.000000 14  9  6
    58    6          9.242056          0.000000   1.000000 14 11  4
    58    7          9.729232          0.000000   1.000000 14 13  2
 FREQUENCY-EST.ERROR.-LINE.STR. DIP**2-LGSTR.-ITD,-GUP-I.D.-QNFORM-QUANTUM NUMBERS
   26645.8535   0.0000 2.66107E-001  -9.7198  3    6.8765  29       0  303 14 114      13 212       
   28298.2802   0.0000 8.84259E-001  -9.1733  3    7.1119  29       0  303 14 312      13 410       
   28868.8898   0.0000 1.15527E+000  -9.0627  3    7.3222  29       0  303 14 510      13 6 8       
   27681.3120   0.0000 6.81078E-001  -9.3554  3    7.5980  29       0  303 14 7 8      13 8 6       
   26322.6686   0.0000 3.16096E-001  -9.7680  3    7.9605  29       0  303 14 9 6      1310 4       
   25036.3533   0.0000 9.38858E-002 -10.3831  3    8.4069  29       0  303 1411 4      1312 2       
    5966.2510   0.0000 4.03905E-001 -10.9261  3    8.0558  29       0  303 14 410      14 312       
    6890.2997   0.0000 3.26634E-001 -10.8948  3    8.0554  29       0  303 14 510      14 212       
    3510.0862   0.0000 3.21448E+000 -10.5057  3    8.2852  29       0  303 14 6 8      14 510       
    3570.9674   0.0000 4.17697E+000 -10.3893  3    8.4023  29       0  303 14 7 8      14 6 8       
    4423.8213   0.0000 4.09095E+000 -10.2262  3    8.5214  29       0  303 14 8 6      14 7 8       
    5084.3361   0.0000 3.82185E+000 -10.1514  3    8.6690  29       0  303 14 9 6      14 8 6       
    5731.4747   0.0000 3.41037E+000 -10.1156  3    8.8386  29       0  303 1410 4      14 9 6       
    6365.1424   0.0000 2.89285E+000 -10.1170  3    9.0297  29       0  303 1411 4      1410 4       
    6991.5806   0.0000 2.28555E+000 -10.1610  3    9.2421  29       0  303 1412 2      1411 4       
    7613.5906   0.0000 1.59761E+000 -10.2678  3    9.4753  29       0  303 1413 2      1412 2       
    8232.7545   0.0000 8.34574E-001 -10.5094  3    9.7292  29       0  303 1414 0      1413 2       
 ENERGIES FOR BLOCK NUMBER  59, INDEX-DEGEN-ENERGY--EST.ERROR-MIXING-   QUANTUM NUMBERS
    59    1          7.918630          0.000000   1.000000 14  1 13
    59    2          8.170931          0.000000   1.000000 14  3 11
    59    3          8.318594          0.000000   1.000000 14  5  9
    59    4          8.522070          0.000000   1.000000 14  7  7
    59    5          8.838558          0.000000   1.000000 14  9  5
    59    6          9.242056          0.000000   1.000000 14 11  3
    59    7          9.729232          0.000000   1.000000 14 13  1
 FREQUENCY-EST.ERROR.-LINE.STR. DIP**2-LGSTR.-ITD,-GUP-I.D.-QNFORM-QUANTUM NUMBERS
   27508.5883   0.0000 5.60059E-001  -9.3834  3    7.0010  29       0  303 14 113      13 211       
   29955.1325   0.0000 1.56299E+000  -8.8855  3    7.1717  29       0  303 14 311      13 4 9       
   25351.9066   0.0000 7.36803E-002 -10.3653  3    7.3253  29       0  303 14 311      13 6 7       
   29778.7412   0.0000 1.41167E+000  -8.9506  3    7.3253  29       0  303 14 5 9      13 6 7       
   27701.1096   0.0000 6.81626E-001  -9.3545  3    7.5981  29       0  303 14 7 7      13 8 5       
   26322.7166   0.0000 3.16096E-001  -9.7680  3    7.9605  29       0  303 14 9 5      1310 3       
   25036.3533   0.0000 9.38858E-002 -10.3831  3    8.4069  29       0  303 1411 3      1312 1       
 ENERGIES FOR BLOCK NUMBER  60, INDEX-DEGEN-ENERGY--EST.ERROR-MIXING-   QUANTUM NUMBERS
    60    1          7.918649          0.000000   1.000000 14  2 13
    60    2          8.176407          0.000000   1.000000 14  4 11
    60    3          8.395514          0.000000   1.000000 14  6  9
    60    4          8.668921          0.000000   1.000000 14  8  7
    60    5          9.029738          0.000000   1.000000 14 10  5
    60    6          9.475270          0.000000   1.000000 14 12  3
    60    7         10.003847          0.000000   1.000000 14 14  1
 FREQUENCY-EST.ERROR.-LINE.STR. DIP**2-LGSTR.-ITD,-GUP-I.D.-QNFORM-QUANTUM NUMBERS
   27480.3374   0.0000 5.59385E-001  -9.3849  3    7.0020  29       0  303 14 213      13 311       
   28861.0856   0.0000 1.15711E+000  -9.0510  3    7.2137  29       0  303 14 411      13 5 9       
   28370.2072   0.0000 9.25227E-001  -9.1867  3    7.4492  29       0  303 14 6 9      13 7 7       
   26989.1276   0.0000 4.78877E-001  -9.5470  3    7.7687  29       0  303 14 8 7      13 9 5       
   25674.0481   0.0000 1.88491E-001 -10.0353  3    8.1733  29       0  303 1410 5      1311 3       
   24405.6363   0.0000 3.12225E-002 -10.9088  3    8.6612  29       0  303 1412 3      1313 1       
    4262.6464   0.0000 1.29915E+000 -10.7204  3    8.1764  29       0  303 14 5 9      14 411       
    6732.8494   0.0000 3.79285E-001 -10.8618  3    8.1709  29       0  303 14 6 9      14 311       
    2306.0147   0.0000 4.41164E+000 -10.7345  3    8.3186  29       0  303 14 6 9      14 5 9       
    3794.0443   0.0000 4.08876E+000 -10.3456  3    8.3955  29       0  303 14 7 7      14 6 9       
    4402.4665   0.0000 4.09523E+000 -10.2300  3    8.5221  29       0  303 14 8 7      14 7 7       
    5085.5984   0.0000 3.82169E+000 -10.1512  3    8.6689  29       0  303 14 9 5      14 8 7       
    5731.4251   0.0000 3.41037E+000 -10.1156  3    8.8386  29       0  303 1410 5      14 9 5       
    6365.1437   0.0000 2.89285E+000 -10.1170  3    9.0297  29       0  303 1411 3      1410 5       
    6991.5806   0.0000 2.28555E+000 -10.1610  3    9.2421  29       0  303 1412 3      1411 3       
    7613.5906   0.0000 1.59761E+000 -10.2678  3    9.4753  29       0  303 1413 1      1412 3       
    8232.7545   0.0000 8.34574E-001 -10.5094  3    9.7292  29       0  303 1414 1      1413 1       
INITIAL Q =  57134805.4736, NEW Q IS RELATIVE TO MIN.EGY.=         0.0000
 NUMBER OF LINES =    470
TEMPERATURE - Q(SPIN-ROT.) - log Q(SPIN-ROT.)
    300.000      4366.7724    3.6402
    225.000      4328.1938    3.6363
    150.000      4252.2539    3.6286
     75.000      4033.8405    3.6057
     37.500      3636.2300    3.5607
     18.750      2974.9479    3.4735
      9.375      2046.8967    3.3111
      6.000      1403.7449    3.1473
