unknown                                                 Thu Jun 20 23:06:01 2019
ID=     0 QSPINROT=  57134805.4736 MIN, MAX QN=   2  14
MIN.LOG.STR=   -11.000 MIN.LOG.STR(FRQ/300GHZ)**2=  -100.000 MAX FREQ       30.0 GHZ, TEMP=     6.00
     1 002 1.000000
.VAR FILE TITLE :unknown
                              PARAMETERS - A.PRIORI ERROR 
     1      1         10000  1.4484692650000E+003   1.000000E-037 
     2      2         20000  1.1834313590000E+003   1.000000E-037 
     3      3         30000  1.0970679950000E+003   1.000000E-037 
     4      4           200  1.0000000000000E-006   1.000000E-037 
     5      5          1100  1.0000000000000E-006   1.000000E-037 
     6      6          2000  1.0000000000000E-006   1.000000E-037 
     7      7         40100  1.0000000000000E-006   1.000000E-037 
     8      8         41000  1.0000000000000E-006   1.000000E-037 
8 parameters read, 8 independent parameters
IQNFMT = 303
ENERGY SORT OF WANG SUB-BLOCKS
PROLATE ROTOR
    V KMIN KMAX WTPL WTMN ESYMWT NSYM SPINS
    0    0   14    1    1     99    2
BLOCK - WT - SYM - V - TSP - N  -  other quanta  (rel. to F=0 )
    1    1    x    0    0
    2    1    c    0    0
    3    1    b    0    0
    4    1    a    0    0
Maximum Dimension for Hamiltonian = 8
 ENERGIES FOR BLOCK NUMBER   9, INDEX-DEGEN-ENERGY--EST.ERROR-MIXING-   QUANTUM NUMBERS
     9    1          0.227611          0.000000   1.000000  2  0  2
     9    2          0.269929          0.000000   1.000000  2  2  0
 ENERGIES FOR BLOCK NUMBER  10, INDEX-DEGEN-ENERGY--EST.ERROR-MIXING-   QUANTUM NUMBERS
    10    1          0.234168          0.000000   1.000000  2  1  2
 ENERGIES FOR BLOCK NUMBER  11, INDEX-DEGEN-ENERGY--EST.ERROR-MIXING-   QUANTUM NUMBERS
    11    1          0.242810          0.000000   1.000000  2  1  1
 ENERGIES FOR BLOCK NUMBER  12, INDEX-DEGEN-ENERGY--EST.ERROR-MIXING-   QUANTUM NUMBERS
    12    1          0.269332          0.000000   1.000000  2  2  1
 ENERGIES FOR BLOCK NUMBER  13, INDEX-DEGEN-ENERGY--EST.ERROR-MIXING-   QUANTUM NUMBERS
    13    1          0.497540          0.000000   1.000000  3  2  2
 FREQUENCY-EST.ERROR.-LINE.STR. DIP**2-LGSTR.-ITD,-GUP-I.D.-QNFORM-QUANTUM NUMBERS
    7636.6119   0.0000 1.66667E+000  -9.2854  3    0.2428   7       0  303  3 2 2       2 1 1       
 ENERGIES FOR BLOCK NUMBER  14, INDEX-DEGEN-ENERGY--EST.ERROR-MIXING-   QUANTUM NUMBERS
    14    1          0.474919          0.000000   1.000000  3  1  2
    14    2          0.549366          0.000000   1.000000  3  3  0
 FREQUENCY-EST.ERROR.-LINE.STR. DIP**2-LGSTR.-ITD,-GUP-I.D.-QNFORM-QUANTUM NUMBERS
    6163.3264   0.0000 2.76582E-001 -10.2518  3    0.2693   7       0  303  3 1 2       2 2 1       
    8395.1995   0.0000 2.39009E+000  -9.0506  3    0.2693   7       0  303  3 3 0       2 2 1       
 ENERGIES FOR BLOCK NUMBER  15, INDEX-DEGEN-ENERGY--EST.ERROR-MIXING-   QUANTUM NUMBERS
    15    1          0.457713          0.000000   1.000000  3  1  3
    15    2          0.549287          0.000000   1.000000  3  3  1
 FREQUENCY-EST.ERROR.-LINE.STR. DIP**2-LGSTR.-ITD,-GUP-I.D.-QNFORM-QUANTUM NUMBERS
    6898.2909   0.0000 2.13580E+000  -9.2631  3    0.2276   7       0  303  3 1 3       2 0 2       
    5629.6330   0.0000 1.10756E-001 -10.7271  3    0.2699   7       0  303  3 1 3       2 2 0       
    8374.9329   0.0000 2.41036E+000  -9.0491  3    0.2699   7       0  303  3 3 1       2 2 0       
    1551.3244   0.0000 1.01480E+000 -10.9013  3    0.4975   7       0  303  3 3 1       3 2 2       
 ENERGIES FOR BLOCK NUMBER  16, INDEX-DEGEN-ENERGY--EST.ERROR-MIXING-   QUANTUM NUMBERS
    16    1          0.453584          0.000000   1.000000  3  0  3
    16    2          0.500372          0.000000   1.000000  3  2  1
 FREQUENCY-EST.ERROR.-LINE.STR. DIP**2-LGSTR.-ITD,-GUP-I.D.-QNFORM-QUANTUM NUMBERS
    6577.9235   0.0000 1.65605E+000  -9.4151  3    0.2342   7       0  303  3 0 3       2 1 2       
    7980.6022   0.0000 1.01061E+000  -9.4641  3    0.2342   7       0  303  3 2 1       2 1 2       
    1468.8011   0.0000 1.05400E+000 -10.9324  3    0.5004   7       0  303  3 3 0       3 2 1       
 ENERGIES FOR BLOCK NUMBER  17, INDEX-DEGEN-ENERGY--EST.ERROR-MIXING-   QUANTUM NUMBERS
    17    1          0.752991          0.000000   1.000000  4  0  4
    17    2          0.809041          0.000000   1.000000  4  2  2
    17    3          0.925668          0.000000   1.000000  4  4  0
 FREQUENCY-EST.ERROR.-LINE.STR. DIP**2-LGSTR.-ITD,-GUP-I.D.-QNFORM-QUANTUM NUMBERS
    8852.2019   0.0000 2.72659E+000  -8.9678  3    0.4577   9       0  303  4 0 4       3 1 3       
   10532.5424   0.0000 7.07027E-001  -9.4059  3    0.4577   9       0  303  4 2 2       3 1 3       
    7787.2425   0.0000 1.52793E-001 -10.3383  3    0.5493   9       0  303  4 2 2       3 3 1       
   11283.6323   0.0000 3.40859E+000  -8.6737  3    0.5493   9       0  303  4 4 0       3 3 1       
 ENERGIES FOR BLOCK NUMBER  18, INDEX-DEGEN-ENERGY--EST.ERROR-MIXING-   QUANTUM NUMBERS
    18    1          0.755236          0.000000   1.000000  4  1  4
    18    2          0.854557          0.000000   1.000000  4  3  2
 FREQUENCY-EST.ERROR.-LINE.STR. DIP**2-LGSTR.-ITD,-GUP-I.D.-QNFORM-QUANTUM NUMBERS
    9043.3100   0.0000 2.95170E+000  -8.9147  3    0.4536   9       0  303  4 1 4       3 0 3       
    7640.6313   0.0000 1.48355E-001 -10.3623  3    0.5004   9       0  303  4 1 4       3 2 1       
   12020.8646   0.0000 4.03408E-002 -10.5369  3    0.4536   9       0  303  4 3 2       3 0 3       
   10618.1858   0.0000 2.35960E+000  -8.8800  3    0.5004   9       0  303  4 3 2       3 2 1       
 ENERGIES FOR BLOCK NUMBER  19, INDEX-DEGEN-ENERGY--EST.ERROR-MIXING-   QUANTUM NUMBERS
    19    1          0.783503          0.000000   1.000000  4  1  3
    19    2          0.855097          0.000000   1.000000  4  3  1
 FREQUENCY-EST.ERROR.-LINE.STR. DIP**2-LGSTR.-ITD,-GUP-I.D.-QNFORM-QUANTUM NUMBERS
    8572.9524   0.0000 7.50788E-001  -9.5594  3    0.4975   9       0  303  4 1 3       3 2 2       
   10719.2995   0.0000 2.24921E+000  -8.8925  3    0.4975   9       0  303  4 3 1       3 2 2       
     765.6145   0.0000 3.60307E+000 -10.9928  3    0.7835   9       0  303  4 2 2       4 1 3       
    1380.7325   0.0000 2.04926E+000 -10.7294  3    0.8090   9       0  303  4 3 1       4 2 2       
    2115.6573   0.0000 1.05827E+000 -10.6518  3    0.8551   9       0  303  4 4 0       4 3 1       
 ENERGIES FOR BLOCK NUMBER  20, INDEX-DEGEN-ENERGY--EST.ERROR-MIXING-   QUANTUM NUMBERS
    20    1          0.801348          0.000000   1.000000  4  2  3
    20    2          0.925659          0.000000   1.000000  4  4  1
 FREQUENCY-EST.ERROR.-LINE.STR. DIP**2-LGSTR.-ITD,-GUP-I.D.-QNFORM-QUANTUM NUMBERS
    9786.1068   0.0000 1.95443E+000  -9.0286  3    0.4749   9       0  303  4 2 3       3 1 2       
    7554.2337   0.0000 1.32337E-001 -10.4267  3    0.5494   9       0  303  4 2 3       3 3 0       
   11280.9947   0.0000 3.41023E+000  -8.6737  3    0.5494   9       0  303  4 4 1       3 3 0       
    1382.4036   0.0000 1.61889E+000 -10.8251  3    0.7552   9       0  303  4 2 3       4 1 4       
    1595.1510   0.0000 1.82493E+000 -10.6539  3    0.8013   9       0  303  4 3 2       4 2 3       
    2131.6100   0.0000 1.05517E+000 -10.6465  3    0.8546   9       0  303  4 4 1       4 3 2       
 ENERGIES FOR BLOCK NUMBER  21, INDEX-DEGEN-ENERGY--EST.ERROR-MIXING-   QUANTUM NUMBERS
    21    1          1.180373          0.000000   1.000000  5  2  4
    21    2          1.307327          0.000000   1.000000  5  4  2
 FREQUENCY-EST.ERROR.-LINE.STR. DIP**2-LGSTR.-ITD,-GUP-I.D.-QNFORM-QUANTUM NUMBERS
   11897.8732   0.0000 2.38513E+000  -8.8082  3    0.7835  11       0  303  5 2 4       4 1 3       
    9751.5262   0.0000 2.76865E-001  -9.9200  3    0.8551  11       0  303  5 2 4       4 3 1       
   15703.8476   0.0000 1.55049E-002 -10.7606  3    0.7835  11       0  303  5 4 2       4 1 3       
   13557.5006   0.0000 3.32250E+000  -8.5611  3    0.8551  11       0  303  5 4 2       4 3 1       
 ENERGIES FOR BLOCK NUMBER  22, INDEX-DEGEN-ENERGY--EST.ERROR-MIXING-   QUANTUM NUMBERS
    22    1          1.167609          0.000000   1.000000  5  1  4
    22    2          1.238315          0.000000   1.000000  5  3  2
    22    3          1.398638          0.000000   1.000000  5  5  0
 FREQUENCY-EST.ERROR.-LINE.STR. DIP**2-LGSTR.-ITD,-GUP-I.D.-QNFORM-QUANTUM NUMBERS
   10980.2287   0.0000 1.45870E+000  -9.0917  3    0.8013  11       0  303  5 1 4       4 2 3       
   13099.9404   0.0000 2.00955E+000  -8.8029  3    0.8013  11       0  303  5 3 2       4 2 3       
    9373.1795   0.0000 1.15800E-001 -10.3396  3    0.9257  11       0  303  5 3 2       4 4 1       
   14179.5280   0.0000 4.41343E+000  -8.4072  3    0.9257  11       0  303  5 5 0       4 4 1       
 ENERGIES FOR BLOCK NUMBER  23, INDEX-DEGEN-ENERGY--EST.ERROR-MIXING-   QUANTUM NUMBERS
    23    1          1.126450          0.000000   1.000000  5  1  5
    23    2          1.236263          0.000000   1.000000  5  3  3
    23    3          1.398637          0.000000   1.000000  5  5  1
 FREQUENCY-EST.ERROR.-LINE.STR. DIP**2-LGSTR.-ITD,-GUP-I.D.-QNFORM-QUANTUM NUMBERS
   11196.0205   0.0000 3.90032E+000  -8.6430  3    0.7530  11       0  303  5 1 5       4 0 4       
    9515.6800   0.0000 1.19964E-001 -10.2993  3    0.8090  11       0  303  5 1 5       4 2 2       
   14488.1392   0.0000 8.38823E-002 -10.0922  3    0.7530  11       0  303  5 3 3       4 0 4       
   12807.7987   0.0000 2.36655E+000  -8.7518  3    0.8090  11       0  303  5 3 3       4 2 2       
    9311.4089   0.0000 1.14155E-001 -10.3515  3    0.9257  11       0  303  5 3 3       4 4 0       
   14179.2413   0.0000 4.41356E+000  -8.4072  3    0.9257  11       0  303  5 5 1       4 4 0       
    1616.5787   0.0000 1.79256E+000 -10.6840  3    1.1265  11       0  303  5 2 4       5 1 5       
    1675.5400   0.0000 2.49294E+000 -10.5154  3    1.1804  11       0  303  5 3 3       5 2 4       
    2130.4343   0.0000 1.97199E+000 -10.4151  3    1.2363  11       0  303  5 4 2       5 3 3       
    2737.3981   0.0000 1.07177E+000 -10.4707  3    1.3073  11       0  303  5 5 1       5 4 2       
 ENERGIES FOR BLOCK NUMBER  24, INDEX-DEGEN-ENERGY--EST.ERROR-MIXING-   QUANTUM NUMBERS
    24    1          1.125356          0.000000   1.000000  5  0  5
    24    2          1.195979          0.000000   1.000000  5  2  3
    24    3          1.307404          0.000000   1.000000  5  4  1
 FREQUENCY-EST.ERROR.-LINE.STR. DIP**2-LGSTR.-ITD,-GUP-I.D.-QNFORM-QUANTUM NUMBERS
   11095.9315   0.0000 3.81291E+000  -8.6607  3    0.7552  11       0  303  5 0 5       4 1 4       
   13213.1397   0.0000 4.63167E-001  -9.4282  3    0.7552  11       0  303  5 2 3       4 1 4       
   10235.5852   0.0000 3.98336E-001  -9.7207  3    0.8546  11       0  303  5 2 3       4 3 2       
   13576.0221   0.0000 3.31058E+000  -8.5615  3    0.8546  11       0  303  5 4 1       4 3 2       
    1266.7008   0.0000 2.08830E+000 -10.8288  3    1.1254  11       0  303  5 1 4       5 0 5       
     850.5075   0.0000 4.37963E+000 -10.8568  3    1.1676  11       0  303  5 2 3       5 1 4       
    1269.2042   0.0000 3.20642E+000 -10.6482  3    1.1960  11       0  303  5 3 2       5 2 3       
    2071.2327   0.0000 1.99602E+000 -10.4345  3    1.2383  11       0  303  5 4 1       5 3 2       
    2735.1158   0.0000 1.07202E+000 -10.4713  3    1.3074  11       0  303  5 5 0       5 4 1       
 ENERGIES FOR BLOCK NUMBER  25, INDEX-DEGEN-ENERGY--EST.ERROR-MIXING-   QUANTUM NUMBERS
    25    1          1.570644          0.000000   1.000000  6  0  6
    25    2          1.660618          0.000000   1.000000  6  2  4
    25    3          1.766055          0.000000   1.000000  6  4  2
    25    4          1.968244          0.000000   1.000000  6  6  0
 FREQUENCY-EST.ERROR.-LINE.STR. DIP**2-LGSTR.-ITD,-GUP-I.D.-QNFORM-QUANTUM NUMBERS
   13316.5942   0.0000 4.87059E+000  -8.4384  3    1.1265  13       0  303  6 0 6       5 1 5       
   16013.9563   0.0000 3.06171E-001  -9.4844  3    1.1265  13       0  303  6 2 4       5 1 5       
   12721.8376   0.0000 7.58913E-001  -9.2959  3    1.2363  13       0  303  6 2 4       5 3 3       
   19174.8747   0.0000 6.97164E-003 -10.9759  3    1.1265  13       0  303  6 4 2       5 1 5       
   15882.7560   0.0000 3.19302E+000  -8.4845  3    1.2363  13       0  303  6 4 2       5 3 3       
   11014.9236   0.0000 9.63322E-002 -10.3315  3    1.3986  13       0  303  6 4 2       5 5 1       
   17076.3907   0.0000 5.41578E+000  -8.2111  3    1.3986  13       0  303  6 6 0       5 5 1       
 ENERGIES FOR BLOCK NUMBER  26, INDEX-DEGEN-ENERGY--EST.ERROR-MIXING-   QUANTUM NUMBERS
    26    1          1.571139          0.000000   1.000000  6  1  6
    26    2          1.694245          0.000000   1.000000  6  3  4
    26    3          1.856571          0.000000   1.000000  6  5  2
 FREQUENCY-EST.ERROR.-LINE.STR. DIP**2-LGSTR.-ITD,-GUP-I.D.-QNFORM-QUANTUM NUMBERS
   13364.2108   0.0000 4.90214E+000  -8.4325  3    1.1254  13       0  303  6 1 6       5 0 5       
   11247.0025   0.0000 7.91924E-002 -10.3777  3    1.1960  13       0  303  6 1 6       5 2 3       
   17054.8574   0.0000 1.17663E-001  -9.8467  3    1.1254  13       0  303  6 3 4       5 0 5       
   14937.6491   0.0000 2.46618E+000  -8.6442  3    1.1960  13       0  303  6 3 4       5 2 3       
   11597.2122   0.0000 2.76820E-001  -9.8198  3    1.3074  13       0  303  6 3 4       5 4 1       
   16463.6091   0.0000 4.31800E+000  -8.3306  3    1.3074  13       0  303  6 5 2       5 4 1       
 ENERGIES FOR BLOCK NUMBER  27, INDEX-DEGEN-ENERGY--EST.ERROR-MIXING-   QUANTUM NUMBERS
    27    1          1.626026          0.000000   1.000000  6  1  5
    27    2          1.699845          0.000000   1.000000  6  3  3
    27    3          1.856580          0.000000   1.000000  6  5  1
 FREQUENCY-EST.ERROR.-LINE.STR. DIP**2-LGSTR.-ITD,-GUP-I.D.-QNFORM-QUANTUM NUMBERS
   13360.3326   0.0000 2.40569E+000  -8.7476  3    1.1804  13       0  303  6 1 5       5 2 4       
   15573.3637   0.0000 1.64175E+000  -8.7842  3    1.1804  13       0  303  6 3 3       5 2 4       
   11767.3894   0.0000 2.90754E-001  -9.7861  3    1.3073  13       0  303  6 3 3       5 4 2       
   16466.1977   0.0000 4.31682E+000  -8.3306  3    1.3073  13       0  303  6 5 1       5 4 2       
    1660.3172   0.0000 1.99887E+000 -10.6598  3    1.5706  13       0  303  6 1 5       6 0 6       
    1037.0450   0.0000 4.59650E+000 -10.7117  3    1.6260  13       0  303  6 2 4       6 1 5       
    1175.9861   0.0000 4.56113E+000 -10.6096  3    1.6606  13       0  303  6 3 3       6 2 4       
    1984.9323   0.0000 2.92658E+000 -10.3532  3    1.6998  13       0  303  6 4 2       6 3 3       
    2713.8760   0.0000 2.02857E+000 -10.2488  3    1.7661  13       0  303  6 5 1       6 4 2       
    3347.5910   0.0000 1.08276E+000 -10.3497  3    1.8566  13       0  303  6 6 0       6 5 1       
 ENERGIES FOR BLOCK NUMBER  28, INDEX-DEGEN-ENERGY--EST.ERROR-MIXING-   QUANTUM NUMBERS
    28    1          1.634181          0.000000   1.000000  6  2  5
    28    2          1.765681          0.000000   1.000000  6  4  3
    28    3          1.968244          0.000000   1.000000  6  6  1
 FREQUENCY-EST.ERROR.-LINE.STR. DIP**2-LGSTR.-ITD,-GUP-I.D.-QNFORM-QUANTUM NUMBERS
   13987.4697   0.0000 3.00099E+000  -8.6115  3    1.1676  13       0  303  6 2 5       5 1 4       
   11867.7580   0.0000 3.59170E-001  -9.6799  3    1.2383  13       0  303  6 2 5       5 3 2       
   17929.7578   0.0000 4.90473E-002 -10.1891  3    1.1676  13       0  303  6 4 3       5 1 4       
   15810.0462   0.0000 3.24439E+000  -8.4817  3    1.2383  13       0  303  6 4 3       5 3 2       
   11003.6977   0.0000 9.62062E-002 -10.3329  3    1.3986  13       0  303  6 4 3       5 5 0       
   17076.3624   0.0000 5.41579E+000  -8.2111  3    1.3986  13       0  303  6 6 1       5 5 0       
    1889.9598   0.0000 1.88484E+000 -10.5733  3    1.5711  13       0  303  6 2 5       6 1 6       
    1800.6869   0.0000 3.01393E+000 -10.4178  3    1.6342  13       0  303  6 3 4       6 2 5       
    2141.6012   0.0000 2.81572E+000 -10.3036  3    1.6942  13       0  303  6 4 3       6 3 4       
    2724.7956   0.0000 2.02628E+000 -10.2458  3    1.7657  13       0  303  6 5 2       6 4 3       
    3347.8692   0.0000 1.08274E+000 -10.3496  3    1.8566  13       0  303  6 6 1       6 5 2       
 ENERGIES FOR BLOCK NUMBER  29, INDEX-DEGEN-ENERGY--EST.ERROR-MIXING-   QUANTUM NUMBERS
    29    1          2.162331          0.000000   1.000000  7  2  6
    29    2          2.300797          0.000000   1.000000  7  4  4
    29    3          2.502433          0.000000   1.000000  7  6  2
 FREQUENCY-EST.ERROR.-LINE.STR. DIP**2-LGSTR.-ITD,-GUP-I.D.-QNFORM-QUANTUM NUMBERS
   16078.0287   0.0000 3.81390E+000  -8.4377  3    1.6260  15       0  303  7 2 6       6 1 5       
   13864.9976   0.0000 3.45932E-001  -9.6126  3    1.6998  15       0  303  7 2 6       6 3 3       
   20229.1154   0.0000 1.11553E-001  -9.7791  3    1.6260  15       0  303  7 4 4       6 1 5       
   18016.0844   0.0000 3.16425E+000  -8.4309  3    1.6998  15       0  303  7 4 4       6 3 3       
   13317.2760   0.0000 2.45437E-001  -9.8120  3    1.8566  15       0  303  7 4 4       6 5 1       
   19362.1743   0.0000 5.31471E+000  -8.1617  3    1.8566  15       0  303  7 6 2       6 5 1       
 ENERGIES FOR BLOCK NUMBER  30, INDEX-DEGEN-ENERGY--EST.ERROR-MIXING-   QUANTUM NUMBERS
    30    1          2.157672          0.000000   1.000000  7  1  6
    30    2          2.240292          0.000000   1.000000  7  3  4
    30    3          2.391256          0.000000   1.000000  7  5  2
    30    4          2.634483          0.000000   1.000000  7  7  0
 FREQUENCY-EST.ERROR.-LINE.STR. DIP**2-LGSTR.-ITD,-GUP-I.D.-QNFORM-QUANTUM NUMBERS
   15693.8667   0.0000 3.50483E+000  -8.4956  3    1.6342  15       0  303  7 1 6       6 2 5       
   11751.5786   0.0000 2.04495E-002 -10.9878  3    1.7657  15       0  303  7 1 6       6 4 3       
   18170.7534   0.0000 1.22321E+000  -8.8297  3    1.6342  15       0  303  7 3 4       6 2 5       
   14228.4653   0.0000 5.11106E-001  -9.4281  3    1.7657  15       0  303  7 3 4       6 4 3       
   22696.5343   0.0000 9.37725E-003 -10.7596  3    1.6342  15       0  303  7 5 2       6 2 5       
   18754.2462   0.0000 4.23032E+000  -8.2780  3    1.7657  15       0  303  7 5 2       6 4 3       
   12681.5814   0.0000 8.26447E-002 -10.3378  3    1.9682  15       0  303  7 5 2       6 6 1       
   19973.3437   0.0000 6.41726E+000  -8.0655  3    1.9682  15       0  303  7 7 0       6 6 1       
 ENERGIES FOR BLOCK NUMBER  31, INDEX-DEGEN-ENERGY--EST.ERROR-MIXING-   QUANTUM NUMBERS
    31    1          2.089162          0.000000   1.000000  7  1  7
    31    2          2.228195          0.000000   1.000000  7  3  5
    31    3          2.391201          0.000000   1.000000  7  5  3
    31    4          2.634483          0.000000   1.000000  7  7  1
 FREQUENCY-EST.ERROR.-LINE.STR. DIP**2-LGSTR.-ITD,-GUP-I.D.-QNFORM-QUANTUM NUMBERS
   15544.7931   0.0000 5.91461E+000  -8.2697  3    1.5706  15       0  303  7 1 7       6 0 6       
   12847.4309   0.0000 5.04002E-002 -10.5095  3    1.6606  15       0  303  7 1 7       6 2 4       
   19712.8794   0.0000 1.32107E-001  -9.7215  3    1.5706  15       0  303  7 3 5       6 0 6       
   17015.5173   0.0000 2.70204E+000  -8.5433  3    1.6606  15       0  303  7 3 5       6 2 4       
   13854.5989   0.0000 4.44363E-001  -9.5114  3    1.7661  15       0  303  7 3 5       6 4 2       
   21902.3164   0.0000 1.79132E-002 -10.5108  3    1.6606  15       0  303  7 5 3       6 2 4       
   18741.3980   0.0000 4.23642E+000  -8.2780  3    1.7661  15       0  303  7 5 3       6 4 2       
   12679.9309   0.0000 8.26349E-002 -10.3380  3    1.9682  15       0  303  7 5 3       6 6 0       
   19973.3411   0.0000 6.41726E+000  -8.0655  3    1.9682  15       0  303  7 7 1       6 6 0       
    2193.5528   0.0000 1.93089E+000 -10.4879  3    2.0892  15       0  303  7 2 6       7 1 7       
    1974.5336   0.0000 3.38486E+000 -10.3427  3    2.1623  15       0  303  7 3 5       7 2 6       
    2176.5532   0.0000 3.59035E+000 -10.2397  3    2.2282  15       0  303  7 4 4       7 3 5       
    2710.2460   0.0000 2.92433E+000 -10.1468  3    2.3008  15       0  303  7 5 3       7 4 4       
    3334.6523   0.0000 2.05999E+000 -10.1294  3    2.3912  15       0  303  7 6 2       7 5 3       
    3958.7579   0.0000 1.09099E+000 -10.2691  3    2.5024  15       0  303  7 7 1       7 6 2       
 ENERGIES FOR BLOCK NUMBER  32, INDEX-DEGEN-ENERGY--EST.ERROR-MIXING-   QUANTUM NUMBERS
    32    1          2.088949          0.000000   1.000000  7  0  7
    32    2          2.202018          0.000000   1.000000  7  2  5
    32    3          2.302100          0.000000   1.000000  7  4  3
    32    4          2.502434          0.000000   1.000000  7  6  1
 FREQUENCY-EST.ERROR.-LINE.STR. DIP**2-LGSTR.-ITD,-GUP-I.D.-QNFORM-QUANTUM NUMBERS
   15523.5749   0.0000 5.90337E+000  -8.2718  3    1.5711  15       0  303  7 0 7       6 1 6       
   11832.9283   0.0000 2.10018E-002 -10.9629  3    1.6942  15       0  303  7 0 7       6 3 4       
   18913.2804   0.0000 2.15270E-001  -9.5441  3    1.5711  15       0  303  7 2 5       6 1 6       
   15222.6338   0.0000 1.28993E+000  -8.9616  3    1.6942  15       0  303  7 2 5       6 3 4       
   21913.6639   0.0000 8.74922E-003 -10.8123  3    1.5711  15       0  303  7 4 3       6 1 6       
   18223.0172   0.0000 2.99496E+000  -8.4446  3    1.6942  15       0  303  7 4 3       6 3 4       
   13356.6203   0.0000 2.46705E-001  -9.8073  3    1.8566  15       0  303  7 4 3       6 5 2       
   19362.4857   0.0000 5.31460E+000  -8.1617  3    1.8566  15       0  303  7 6 1       6 5 2       
    2060.2516   0.0000 1.96944E+000 -10.5335  3    2.0889  15       0  303  7 1 6       7 0 7       
    1329.4539   0.0000 4.41906E+000 -10.5689  3    2.1577  15       0  303  7 2 5       7 1 6       
    1147.4328   0.0000 5.85621E+000 -10.5788  3    2.2020  15       0  303  7 3 4       7 2 5       
    1852.9506   0.0000 3.96698E+000 -10.3369  3    2.2403  15       0  303  7 4 3       7 3 4       
    2672.8303   0.0000 2.93665E+000 -10.1571  3    2.3021  15       0  303  7 5 2       7 4 3       
    3333.0351   0.0000 2.06020E+000 -10.1298  3    2.3913  15       0  303  7 6 1       7 5 2       
    3958.7272   0.0000 1.09100E+000 -10.2691  3    2.5024  15       0  303  7 7 0       7 6 1       
 ENERGIES FOR BLOCK NUMBER  33, INDEX-DEGEN-ENERGY--EST.ERROR-MIXING-   QUANTUM NUMBERS
    33    1          2.680354          0.000000   1.000000  8  0  8
    33    2          2.818958          0.000000   1.000000  8  2  6
    33    3          2.916245          0.000000   1.000000  8  4  4
    33    4          3.113291          0.000000   1.000000  8  6  2
    33    5          3.397354          0.000000   1.000000  8  8  0
 FREQUENCY-EST.ERROR.-LINE.STR. DIP**2-LGSTR.-ITD,-GUP-I.D.-QNFORM-QUANTUM NUMBERS
   17723.4974   0.0000 6.92219E+000  -8.1452  3    2.0892  17       0  303  8 0 8       7 1 7       
   13555.4111   0.0000 2.13771E-002 -10.8958  3    2.2282  17       0  303  8 0 8       7 3 5       
   21878.7248   0.0000 1.64738E-001  -9.5927  3    2.0892  17       0  303  8 2 6       7 1 7       
   17710.6385   0.0000 2.04872E+000  -8.6890  3    2.2282  17       0  303  8 2 6       7 3 5       
   24795.3129   0.0000 8.40215E-003 -10.7813  3    2.0892  17       0  303  8 4 4       7 1 7       
   20627.2266   0.0000 2.66596E+000  -8.4472  3    2.2282  17       0  303  8 4 4       7 3 5       
   15740.4275   0.0000 4.29452E-001  -9.4837  3    2.3912  17       0  303  8 4 4       7 5 3       
   26534.5151   0.0000 7.72473E-003 -10.7764  3    2.2282  17       0  303  8 6 2       7 3 5       
   21647.7160   0.0000 5.23192E+000  -8.1311  3    2.3912  17       0  303  8 6 2       7 5 3       
   14354.3058   0.0000 7.23509E-002 -10.3602  3    2.6345  17       0  303  8 6 2       7 7 1       
   22870.2977   0.0000 7.41829E+000  -7.9592  3    2.6345  17       0  303  8 8 0       7 7 1       
 ENERGIES FOR BLOCK NUMBER  34, INDEX-DEGEN-ENERGY--EST.ERROR-MIXING-   QUANTUM NUMBERS
    34    1          2.680443          0.000000   1.000000  8  1  8
    34    2          2.837688          0.000000   1.000000  8  3  6
    34    3          3.002673          0.000000   1.000000  8  5  4
    34    4          3.244930          0.000000   1.000000  8  7  2
 FREQUENCY-EST.ERROR.-LINE.STR. DIP**2-LGSTR.-ITD,-GUP-I.D.-QNFORM-QUANTUM NUMBERS
   17732.5374   0.0000 6.92619E+000  -8.1445  3    2.0889  17       0  303  8 1 8       7 0 7       
   14342.8319   0.0000 3.38358E-002 -10.6459  3    2.2020  17       0  303  8 1 8       7 2 5       
   22446.6198   0.0000 1.32068E-001  -9.6674  3    2.0889  17       0  303  8 3 6       7 0 7       
   19056.9143   0.0000 3.11397E+000  -8.4431  3    2.2020  17       0  303  8 3 6       7 2 5       
   16056.5308   0.0000 5.71399E-001  -9.3336  3    2.3021  17       0  303  8 3 6       7 4 3       
   24003.0353   0.0000 4.60867E-002 -10.0808  3    2.2020  17       0  303  8 5 4       7 2 5       
   21002.6518   0.0000 4.14391E+000  -8.2483  3    2.3021  17       0  303  8 5 4       7 4 3       
   14996.7865   0.0000 2.16242E-001  -9.8340  3    2.5024  17       0  303  8 5 4       7 6 1       
   22259.4911   0.0000 6.31138E+000  -8.0381  3    2.5024  17       0  303  8 7 2       7 6 1       
 ENERGIES FOR BLOCK NUMBER  35, INDEX-DEGEN-ENERGY--EST.ERROR-MIXING-   QUANTUM NUMBERS
    35    1          2.762007          0.000000   1.000000  8  1  7
    35    2          2.859601          0.000000   1.000000  8  3  5
    35    3          3.002903          0.000000   1.000000  8  5  3
    35    4          3.244931          0.000000   1.000000  8  7  1
 FREQUENCY-EST.ERROR.-LINE.STR. DIP**2-LGSTR.-ITD,-GUP-I.D.-QNFORM-QUANTUM NUMBERS
   17977.8364   0.0000 4.63464E+000  -8.3151  3    2.1623  17       0  303  8 1 7       7 2 6       
   13826.7497   0.0000 3.66865E-002 -10.6520  3    2.3008  17       0  303  8 1 7       7 4 4       
   20903.6181   0.0000 8.65025E-001  -8.9181  3    2.1623  17       0  303  8 3 5       7 2 6       
   16752.5313   0.0000 7.96579E-001  -9.1535  3    2.3008  17       0  303  8 3 5       7 4 4       
   25199.7167   0.0000 1.58319E-002 -10.5004  3    2.1623  17       0  303  8 5 3       7 2 6       
   21048.6300   0.0000 4.12036E+000  -8.2488  3    2.3008  17       0  303  8 5 3       7 4 4       
   15003.7317   0.0000 2.16356E-001  -9.8334  3    2.5024  17       0  303  8 5 3       7 6 2       
   22259.5252   0.0000 6.31137E+000  -8.0381  3    2.5024  17       0  303  8 7 1       7 6 2       
    2447.8918   0.0000 1.96608E+000 -10.4467  3    2.6804  17       0  303  8 1 7       8 0 8       
    1707.3356   0.0000 4.15613E+000 -10.4418  3    2.7620  17       0  303  8 2 6       8 1 7       
    4623.9238   0.0000 1.64880E-001 -10.9830  3    2.7620  17       0  303  8 4 4       8 1 7       
    1218.4461   0.0000 6.69403E+000 -10.5329  3    2.8190  17       0  303  8 3 5       8 2 6       
    1698.1421   0.0000 5.23977E+000 -10.3560  3    2.8596  17       0  303  8 4 4       8 3 5       
    2597.9565   0.0000 3.84200E+000 -10.1289  3    2.9162  17       0  303  8 5 3       8 4 4       
    3309.3319   0.0000 2.98245E+000 -10.0390  3    3.0029  17       0  303  8 6 2       8 5 3       
    3946.4615   0.0000 2.08587E+000 -10.0539  3    3.1133  17       0  303  8 7 1       8 6 2       
    4569.5305   0.0000 1.09748E+000 -10.2203  3    3.2449  17       0  303  8 8 0       8 7 1       
 ENERGIES FOR BLOCK NUMBER  36, INDEX-DEGEN-ENERGY--EST.ERROR-MIXING-   QUANTUM NUMBERS
    36    1          2.764433          0.000000   1.000000  8  2  7
    36    2          2.912637          0.000000   1.000000  8  4  5
    36    3          3.113284          0.000000   1.000000  8  6  3
    36    4          3.397354          0.000000   1.000000  8  8  1
 FREQUENCY-EST.ERROR.-LINE.STR. DIP**2-LGSTR.-ITD,-GUP-I.D.-QNFORM-QUANTUM NUMBERS
   18190.2491   0.0000 4.76993E+000  -8.2923  3    2.1577  17       0  303  8 2 7       7 1 6       
   15713.3623   0.0000 2.68363E-001  -9.6736  3    2.2403  17       0  303  8 2 7       7 3 4       
   22633.2938   0.0000 1.89362E-001  -9.5112  3    2.1577  17       0  303  8 4 5       7 1 6       
   20156.4071   0.0000 3.11548E+000  -8.4000  3    2.2403  17       0  303  8 4 5       7 3 4       
   15630.6262   0.0000 4.22121E-001  -9.4971  3    2.3913  17       0  303  8 4 5       7 5 2       
   26171.6361   0.0000 8.78538E-003 -10.7331  3    2.2403  17       0  303  8 6 3       7 3 4       
   21645.8553   0.0000 5.23260E+000  -8.1312  3    2.3913  17       0  303  8 6 3       7 5 2       
   14354.0930   0.0000 7.23502E-002 -10.3602  3    2.6345  17       0  303  8 6 3       7 7 0       
   22870.2975   0.0000 7.41829E+000  -7.9592  3    2.6345  17       0  303  8 8 1       7 7 0       
    2517.9632   0.0000 1.95356E+000 -10.4251  3    2.6804  17       0  303  8 2 7       8 1 8       
    2196.1191   0.0000 3.62325E+000 -10.2838  3    2.7644  17       0  303  8 3 6       8 2 7       
    2246.9256   0.0000 4.26977E+000 -10.2004  3    2.8377  17       0  303  8 4 5       8 3 6       
    2699.1954   0.0000 3.79155E+000 -10.1013  3    2.9126  17       0  303  8 5 4       8 4 5       
    3316.0337   0.0000 2.98113E+000 -10.0374  3    3.0027  17       0  303  8 6 3       8 5 4       
    3946.6709   0.0000 2.08585E+000 -10.0539  3    3.1133  17       0  303  8 7 2       8 6 3       
    4569.5336   0.0000 1.09748E+000 -10.2203  3    3.2449  17       0  303  8 8 1       8 7 2       
 ENERGIES FOR BLOCK NUMBER  37, INDEX-DEGEN-ENERGY--EST.ERROR-MIXING-   QUANTUM NUMBERS
    37    1          3.440181          0.000000   1.000000  9  2  8
    37    2          3.601022          0.000000   1.000000  9  4  6
    37    3          3.800935          0.000000   1.000000  9  6  4
    37    4          4.084064          0.000000   1.000000  9  8  2
 FREQUENCY-EST.ERROR.-LINE.STR. DIP**2-LGSTR.-ITD,-GUP-I.D.-QNFORM-QUANTUM NUMBERS
   20331.1262   0.0000 5.78744E+000  -8.1782  3    2.7620  19       0  303  9 2 8       8 1 7       
   17405.3446   0.0000 1.84562E-001  -9.8147  3    2.8596  19       0  303  9 2 8       8 3 5       
   25153.0357   0.0000 2.52931E-001  -9.3610  3    2.7620  19       0  303  9 4 6       8 1 7       
   22227.2541   0.0000 3.16210E+000  -8.3766  3    2.8596  19       0  303  9 4 6       8 3 5       
   17931.1554   0.0000 6.04083E-001  -9.2897  3    3.0029  19       0  303  9 4 6       8 5 3       
   28220.4918   0.0000 1.97918E-002 -10.3828  3    2.8596  19       0  303  9 6 4       8 3 5       
   23924.3932   0.0000 5.14876E+000  -8.1188  3    3.0029  19       0  303  9 6 4       8 5 3       
   16668.5997   0.0000 1.92620E-001  -9.8726  3    3.2449  19       0  303  9 6 4       8 7 1       
   25156.5816   0.0000 7.30827E+000  -7.9503  3    3.2449  19       0  303  9 8 2       8 7 1       
 ENERGIES FOR BLOCK NUMBER  38, INDEX-DEGEN-ENERGY--EST.ERROR-MIXING-   QUANTUM NUMBERS
    38    1          3.439002          0.000000   1.000000  9  1  8
    38    2          3.557040          0.000000   1.000000  9  3  6
    38    3          3.691877          0.000000   1.000000  9  5  4
    38    4          3.932011          0.000000   1.000000  9  7  2
    38    5          4.256857          0.000000   1.000000  9  9  0
 FREQUENCY-EST.ERROR.-LINE.STR. DIP**2-LGSTR.-ITD,-GUP-I.D.-QNFORM-QUANTUM NUMBERS
   20223.0678   0.0000 5.73297E+000  -8.1870  3    2.7644  19       0  303  9 1 8       8 2 7       
   15780.0231   0.0000 4.95368E-002 -10.4738  3    2.9126  19       0  303  9 1 8       8 4 5       
   23761.7597   0.0000 6.14391E-001  -9.0229  3    2.7644  19       0  303  9 3 6       8 2 7       
   19318.7150   0.0000 1.19451E+000  -8.9219  3    2.9126  19       0  303  9 3 6       8 4 5       
   27804.0723   0.0000 2.15628E-002 -10.3479  3    2.7644  19       0  303  9 5 4       8 2 7       
   23361.0275   0.0000 3.95191E+000  -8.2440  3    2.9126  19       0  303  9 5 4       8 4 5       
   17345.7984   0.0000 3.82712E-001  -9.5273  3    3.1133  19       0  303  9 5 4       8 6 3       
   24544.8162   0.0000 6.22676E+000  -8.0265  3    3.1133  19       0  303  9 7 2       8 6 3       
   16028.6117   0.0000 6.43273E-002 -10.3977  3    3.3974  19       0  303  9 7 2       8 8 1       
   25767.2478   0.0000 8.41906E+000  -7.8849  3    3.3974  19       0  303  9 9 0       8 8 1       
 ENERGIES FOR BLOCK NUMBER  39, INDEX-DEGEN-ENERGY--EST.ERROR-MIXING-   QUANTUM NUMBERS
    39    1          3.344942          0.000000   1.000000  9  1  9
    39    2          3.522236          0.000000   1.000000  9  3  7
    39    3          3.691108          0.000000   1.000000  9  5  5
    39    4          3.932010          0.000000   1.000000  9  7  3
    39    5          4.256857          0.000000   1.000000  9  9  1
 FREQUENCY-EST.ERROR.-LINE.STR. DIP**2-LGSTR.-ITD,-GUP-I.D.-QNFORM-QUANTUM NUMBERS
   19923.8205   0.0000 7.93534E+000  -8.0495  3    2.6804  19       0  303  9 1 9       8 0 8       
   15768.5931   0.0000 2.48377E-002 -10.7645  3    2.8190  19       0  303  9 1 9       8 2 6       
   25238.9674   0.0000 1.24914E-001  -9.6560  3    2.6804  19       0  303  9 3 7       8 0 8       
   21083.7401   0.0000 3.73584E+000  -8.3439  3    2.8190  19       0  303  9 3 7       8 2 6       
   18167.1519   0.0000 6.12750E-001  -9.2636  3    2.9162  19       0  303  9 3 7       8 4 4       
   26146.3945   0.0000 1.02896E-001  -9.7255  3    2.8190  19       0  303  9 5 5       8 2 6       
   23229.8064   0.0000 4.02796E+000  -8.2408  3    2.9162  19       0  303  9 5 5       8 4 4       
   17322.5179   0.0000 3.81965E-001  -9.5293  3    3.1133  19       0  303  9 5 5       8 6 2       
   24544.5786   0.0000 6.22683E+000  -8.0265  3    3.1133  19       0  303  9 7 3       8 6 2       
   16028.5866   0.0000 6.43272E-002 -10.3977  3    3.3974  19       0  303  9 7 3       8 8 0       
   25767.2478   0.0000 8.41906E+000  -7.8849  3    3.3974  19       0  303  9 9 1       8 8 0       
    2855.1975   0.0000 1.96534E+000 -10.3831  3    3.3449  19       0  303  9 2 8       9 1 9       
    2459.9494   0.0000 3.76229E+000 -10.2398  3    3.4402  19       0  303  9 3 7       9 2 8       
    2361.9601   0.0000 4.82218E+000 -10.1757  3    3.5222  19       0  303  9 4 6       9 3 7       
    2700.6944   0.0000 4.62868E+000 -10.0858  3    3.6010  19       0  303  9 5 5       9 4 6       
    3292.5434   0.0000 3.87462E+000 -10.0014  3    3.6911  19       0  303  9 6 4       9 5 5       
    3929.5173   0.0000 3.02420E+000  -9.9679  3    3.8009  19       0  303  9 7 3       9 6 4       
    4558.4645   0.0000 2.10677E+000 -10.0107  3    3.9320  19       0  303  9 8 2       9 7 3       
    5180.1967   0.0000 1.10271E+000 -10.1977  3    4.0841  19       0  303  9 9 1       9 8 2       
 ENERGIES FOR BLOCK NUMBER  40, INDEX-DEGEN-ENERGY--EST.ERROR-MIXING-   QUANTUM NUMBERS
    40    1          3.344906          0.000000   1.000000  9  0  9
    40    2          3.510063          0.000000   1.000000  9  2  7
    40    3          3.609317          0.000000   1.000000  9  4  5
    40    4          3.800970          0.000000   1.000000  9  6  3
    40    5          4.084064          0.000000   1.000000  9  8  1
 FREQUENCY-EST.ERROR.-LINE.STR. DIP**2-LGSTR.-ITD,-GUP-I.D.-QNFORM-QUANTUM NUMBERS
   19920.0911   0.0000 7.93391E+000  -8.0498  3    2.6804  19       0  303  9 0 9       8 1 8       
   15206.0088   0.0000 2.01124E-002 -10.8887  3    2.8377  19       0  303  9 0 9       8 3 6       
   24871.3705   0.0000 1.36424E-001  -9.6299  3    2.6804  19       0  303  9 2 7       8 1 8       
   20157.2882   0.0000 3.04351E+000  -8.4724  3    2.8377  19       0  303  9 2 7       8 3 6       
   15211.1672   0.0000 2.23379E-002 -10.8600  3    3.0027  19       0  303  9 2 7       8 5 4       
   27846.9556   0.0000 6.39762E-003 -10.8656  3    2.6804  19       0  303  9 4 5       8 1 8       
   23132.8732   0.0000 2.20423E+000  -8.4979  3    2.8377  19       0  303  9 4 5       8 3 6       
   18186.7522   0.0000 6.35930E-001  -9.2555  3    3.0027  19       0  303  9 4 5       8 5 4       
   28878.4661   0.0000 1.47471E-002 -10.4894  3    2.8377  19       0  303  9 6 3       8 3 6       
   23932.3451   0.0000 5.14577E+000  -8.1187  3    3.0027  19       0  303  9 6 3       8 5 4       
   16669.6405   0.0000 1.92630E-001  -9.8725  3    3.2449  19       0  303  9 6 3       8 7 2       
   25156.5851   0.0000 7.30827E+000  -7.9503  3    3.2449  19       0  303  9 8 1       8 7 2       
    2820.9399   0.0000 1.96946E+000 -10.3926  3    3.3449  19       0  303  9 1 8       9 0 9       
    2130.3396   0.0000 3.98694E+000 -10.3388  3    3.4390  19       0  303  9 2 7       9 1 8       
    1408.3524   0.0000 6.89007E+000 -10.4669  3    3.5101  19       0  303  9 3 6       9 2 7       
    5450.6649   0.0000 1.38499E-001 -10.9952  3    3.5101  19       0  303  9 5 4       9 2 7       
    5105.9246   0.0000 1.55880E-001 -10.9926  3    3.4390  19       0  303  9 4 5       9 1 8       
    1567.2326   0.0000 6.72811E+000 -10.3895  3    3.5570  19       0  303  9 4 5       9 3 6       
    2475.0799   0.0000 4.80242E+000 -10.1461  3    3.6093  19       0  303  9 5 4       9 4 5       
    3270.5129   0.0000 3.88063E+000 -10.0066  3    3.6919  19       0  303  9 6 3       9 5 4       
    3928.5049   0.0000 3.02433E+000  -9.9681  3    3.8010  19       0  303  9 7 2       9 6 3       
    4558.4397   0.0000 2.10677E+000 -10.0107  3    3.9320  19       0  303  9 8 1       9 7 2       
    5180.1964   0.0000 1.10271E+000 -10.1977  3    4.0841  19       0  303  9 9 0       9 8 1       
 ENERGIES FOR BLOCK NUMBER  41, INDEX-DEGEN-ENERGY--EST.ERROR-MIXING-   QUANTUM NUMBERS
    41    1          4.082626          0.000000   1.000000 10  0 10
    41    2          4.274159          0.000000   1.000000 10  2  8
    41    3          4.381877          0.000000   1.000000 10  4  6
    41    4          4.565669          0.000000   1.000000 10  6  4
    41    5          4.847383          0.000000   1.000000 10  8  2
    41    6          5.212991          0.000000   1.000000 10 10  0
 FREQUENCY-EST.ERROR.-LINE.STR. DIP**2-LGSTR.-ITD,-GUP-I.D.-QNFORM-QUANTUM NUMBERS
   22115.2128   0.0000 8.94193E+000  -7.9799  3    3.3449  21       0  303 10 010       9 1 9       
   16800.0658   0.0000 1.82615E-002 -10.9181  3    3.5222  21       0  303 10 010       9 3 7       
   27857.2353   0.0000 1.19243E-001  -9.6641  3    3.3449  21       0  303 10 2 8       9 1 9       
   22542.0883   0.0000 4.19250E+000  -8.3115  3    3.5222  21       0  303 10 2 8       9 3 7       
   17479.4339   0.0000 4.52253E-002 -10.5085  3    3.6911  21       0  303 10 2 8       9 5 5       
   25771.3884   0.0000 1.69266E+000  -8.5945  3    3.5222  21       0  303 10 4 6       9 3 7       
   20708.7339   0.0000 8.74824E-001  -9.0802  3    3.6911  21       0  303 10 4 6       9 5 5       
   26218.6877   0.0000 5.03755E+000  -8.1242  3    3.6911  21       0  303 10 6 4       9 5 5       
   18996.6270   0.0000 3.45615E-001  -9.5807  3    3.9320  21       0  303 10 6 4       9 7 3       
   27442.1943   0.0000 7.22041E+000  -7.9554  3    3.9320  21       0  303 10 8 2       9 7 3       
   17703.5331   0.0000 5.79008E-002 -10.4494  3    4.2569  21       0  303 10 8 2       9 9 1       
   28664.1956   0.0000 9.41965E+000  -7.8380  3    4.2569  21       0  303 1010 0       9 9 1       
 ENERGIES FOR BLOCK NUMBER  42, INDEX-DEGEN-ENERGY--EST.ERROR-MIXING-   QUANTUM NUMBERS
    42    1          4.082640          0.000000   1.000000 10  1 10
    42    2          4.281342          0.000000   1.000000 10  3  8
    42    3          4.456560          0.000000   1.000000 10  5  6
    42    4          4.695838          0.000000   1.000000 10  7  4
    42    5          5.019831          0.000000   1.000000 10  9  2
 FREQUENCY-EST.ERROR.-LINE.STR. DIP**2-LGSTR.-ITD,-GUP-I.D.-QNFORM-QUANTUM NUMBERS
   22116.7144   0.0000 8.94243E+000  -7.9798  3    3.3449  21       0  303 10 110       9 0 9       
   17165.4350   0.0000 1.98766E-002 -10.8619  3    3.5101  21       0  303 10 110       9 2 7       
   28073.6623   0.0000 1.15478E-001  -9.6716  3    3.3449  21       0  303 10 3 8       9 0 9       
   23122.3828   0.0000 4.56741E+000  -8.2519  3    3.5101  21       0  303 10 3 8       9 2 7       
   20146.7978   0.0000 5.52253E-001  -9.2944  3    3.6093  21       0  303 10 3 8       9 4 5       
   28375.2749   0.0000 1.94369E-001  -9.4539  3    3.5101  21       0  303 10 5 6       9 2 7       
   25399.6899   0.0000 3.89704E+000  -8.2534  3    3.6093  21       0  303 10 5 6       9 4 5       
   19654.0971   0.0000 5.66362E-001  -9.3241  3    3.8010  21       0  303 10 5 6       9 6 3       
   26827.4807   0.0000 6.14688E+000  -8.0303  3    3.8010  21       0  303 10 7 4       9 6 3       
   18340.5361   0.0000 1.73521E-001  -9.9252  3    4.0841  21       0  303 10 7 4       9 8 1       
   28053.6080   0.0000 8.30551E+000  -7.8923  3    4.0841  21       0  303 10 9 2       9 8 1       
 ENERGIES FOR BLOCK NUMBER  43, INDEX-DEGEN-ENERGY--EST.ERROR-MIXING-   QUANTUM NUMBERS
    43    1          4.188819          0.000000   1.000000 10  1  9
    43    2          4.331449          0.000000   1.000000 10  3  7
    43    3          4.458713          0.000000   1.000000 10  5  5
    43    4          4.695843          0.000000   1.000000 10  7  3
    43    5          5.019831          0.000000   1.000000 10  9  1
 FREQUENCY-EST.ERROR.-LINE.STR. DIP**2-LGSTR.-ITD,-GUP-I.D.-QNFORM-QUANTUM NUMBERS
   22443.6226   0.0000 6.79513E+000  -8.0968  3    3.4402  21       0  303 10 1 9       9 2 8       
   17621.7131   0.0000 5.57944E-002 -10.4011  3    3.6010  21       0  303 10 1 9       9 4 6       
   26719.5454   0.0000 4.58164E-001  -9.1237  3    3.4402  21       0  303 10 3 7       9 2 8       
   21897.6359   0.0000 1.76808E+000  -8.7187  3    3.6010  21       0  303 10 3 7       9 4 6       
   25712.9062   0.0000 3.68218E+000  -8.2671  3    3.6010  21       0  303 10 5 5       9 4 6       
   19719.6685   0.0000 5.69956E-001  -9.3185  3    3.8009  21       0  303 10 5 5       9 6 4       
   26828.6574   0.0000 6.14653E+000  -8.0303  3    3.8009  21       0  303 10 7 3       9 6 4       
   18340.6755   0.0000 1.73522E-001  -9.9251  3    4.0841  21       0  303 10 7 3       9 8 2       
   28053.6083   0.0000 8.30551E+000  -7.8923  3    4.0841  21       0  303 10 9 1       9 8 2       
    3183.6073   0.0000 1.97361E+000 -10.3641  3    4.0826  21       0  303 10 1 9      10 010       
    2558.4152   0.0000 3.92038E+000 -10.2659  3    4.1888  21       0  303 10 2 8      10 1 9       
    1717.5077   0.0000 6.62620E+000 -10.3916  3    4.2742  21       0  303 10 3 7      10 2 8       
    1511.7924   0.0000 8.13388E+000 -10.4190  3    4.3314  21       0  303 10 4 6      10 3 7       
    5532.7779   0.0000 2.25873E-001 -10.8495  3    4.2742  21       0  303 10 5 5      10 2 8       
    2303.4779   0.0000 5.91889E+000 -10.1979  3    4.3819  21       0  303 10 5 5      10 4 6       
    3206.4759   0.0000 4.77844E+000 -10.0131  3    4.4587  21       0  303 10 6 4      10 5 5       
    3902.5130   0.0000 3.93196E+000  -9.9395  3    4.5657  21       0  303 10 7 3      10 6 4       
    4543.0543   0.0000 3.06020E+000  -9.9310  3    4.6958  21       0  303 10 8 2      10 7 3       
    5169.8785   0.0000 2.12407E+000  -9.9942  3    4.8474  21       0  303 10 9 1      10 8 2       
    5790.7839   0.0000 1.10703E+000 -10.1977  3    5.0198  21       0  303 1010 0      10 9 1       
 ENERGIES FOR BLOCK NUMBER  44, INDEX-DEGEN-ENERGY--EST.ERROR-MIXING-   QUANTUM NUMBERS
    44    1          4.189364          0.000000   1.000000 10  2  9
    44    2          4.365621          0.000000   1.000000 10  4  7
    44    3          4.565535          0.000000   1.000000 10  6  5
    44    4          4.847383          0.000000   1.000000 10  8  3
    44    5          5.212991          0.000000   1.000000 10 10  1
 FREQUENCY-EST.ERROR.-LINE.STR. DIP**2-LGSTR.-ITD,-GUP-I.D.-QNFORM-QUANTUM NUMBERS
   22495.2814   0.0000 6.81653E+000  -8.0934  3    3.4390  21       0  303 10 2 9       9 1 8       
   18956.5894   0.0000 1.23928E-001  -9.9888  3    3.5570  21       0  303 10 2 9       9 3 6       
   27779.3368   0.0000 2.86327E-001  -9.2957  3    3.4390  21       0  303 10 4 7       9 1 8       
   24240.6448   0.0000 3.36415E+000  -8.3504  3    3.5570  21       0  303 10 4 7       9 3 6       
   20198.3323   0.0000 7.63643E-001  -9.1601  3    3.6919  21       0  303 10 4 7       9 5 4       
   26191.6082   0.0000 5.04838E+000  -8.1242  3    3.6919  21       0  303 10 6 5       9 5 4       
   18992.5904   0.0000 3.45539E-001  -9.5809  3    3.9320  21       0  303 10 6 5       9 7 2       
   27442.1665   0.0000 7.22041E+000  -7.9554  3    3.9320  21       0  303 10 8 3       9 7 2       
   17703.5304   0.0000 5.79008E-002 -10.4494  3    4.2569  21       0  303 10 8 3       9 9 0       
   28664.1956   0.0000 9.41965E+000  -7.8380  3    4.2569  21       0  303 1010 1       9 9 0       
    3199.5068   0.0000 1.97222E+000 -10.3601  3    4.0826  21       0  303 10 2 9      10 110       
    2757.4410   0.0000 3.83753E+000 -10.2106  3    4.1894  21       0  303 10 3 8      10 2 9       
    2526.6144   0.0000 5.23098E+000 -10.1611  3    4.2813  21       0  303 10 4 7      10 3 8       
    2726.2777   0.0000 5.41481E+000 -10.0892  3    4.3656  21       0  303 10 5 6      10 4 7       
    3266.9982   0.0000 4.75577E+000  -9.9988  3    4.4566  21       0  303 10 6 5      10 5 6       
    3906.3854   0.0000 3.93126E+000  -9.9387  3    4.5655  21       0  303 10 7 4      10 6 5       
    4543.1907   0.0000 3.06019E+000  -9.9310  3    4.6958  21       0  303 10 8 3      10 7 4       
    5169.8812   0.0000 2.12407E+000  -9.9942  3    4.8474  21       0  303 10 9 2      10 8 3       
    5790.7840   0.0000 1.10703E+000 -10.1977  3    5.0198  21       0  303 1010 1      10 9 2       
 ENERGIES FOR BLOCK NUMBER  45, INDEX-DEGEN-ENERGY--EST.ERROR-MIXING-   QUANTUM NUMBERS
    45    1          5.011856          0.000000   1.000000 11  2 10
    45    2          5.205981          0.000000   1.000000 11  4  8
    45    3          5.407226          0.000000   1.000000 11  6  6
    45    4          5.687410          0.000000   1.000000 11  8  4
    45    5          6.052233          0.000000   1.000000 11 10  2
 FREQUENCY-EST.ERROR.-LINE.STR. DIP**2-LGSTR.-ITD,-GUP-I.D.-QNFORM-QUANTUM NUMBERS
   24674.0050   0.0000 7.84172E+000  -8.0340  3    4.1888  23       0  303 11 210      10 1 9       
   20398.0822   0.0000 8.69440E-002 -10.1622  3    4.3314  23       0  303 11 210      10 3 7       
   26217.8215   0.0000 3.76664E+000  -8.3172  3    4.3314  23       0  303 11 4 8      10 3 7       
   22402.5512   0.0000 8.63529E-001  -9.1003  3    4.4587  23       0  303 11 4 8      10 5 5       
   28435.7085   0.0000 4.92010E+000  -8.1476  3    4.4587  23       0  303 11 6 6      10 5 5       
   21326.7195   0.0000 5.20612E-001  -9.3857  3    4.6958  23       0  303 11 6 6      10 7 3       
   29726.4400   0.0000 7.14094E+000  -7.9741  3    4.6958  23       0  303 11 8 4      10 7 3       
   20013.5072   0.0000 1.57825E-001  -9.9908  3    5.0198  23       0  303 11 8 4      10 9 1       
 ENERGIES FOR BLOCK NUMBER  46, INDEX-DEGEN-ENERGY--EST.ERROR-MIXING-   QUANTUM NUMBERS
    46    1          5.011613          0.000000   1.000000 11  1 10
    46    2          5.181400          0.000000   1.000000 11  3  8
    46    3          5.304160          0.000000   1.000000 11  5  6
    46    4          5.536568          0.000000   1.000000 11  7  4
    46    5          5.859398          0.000000   1.000000 11  9  2
    46    6          6.265758          0.000000   1.000000 11 11  0
 FREQUENCY-EST.ERROR.-LINE.STR. DIP**2-LGSTR.-ITD,-GUP-I.D.-QNFORM-QUANTUM NUMBERS
   24650.4118   0.0000 7.83337E+000  -8.0353  3    4.1894  23       0  303 11 110      10 2 9       
   19366.3564   0.0000 5.63052E-002 -10.3977  3    4.3656  23       0  303 11 110      10 4 7       
   29740.5056   0.0000 3.66377E-001  -9.2108  3    4.1894  23       0  303 11 3 8      10 2 9       
   24456.4502   0.0000 2.57426E+000  -8.5435  3    4.3656  23       0  303 11 3 8      10 4 7       
   18463.1743   0.0000 1.94753E-002 -10.9196  3    4.5655  23       0  303 11 3 8      10 6 5       
   28136.6736   0.0000 3.27248E+000  -8.3237  3    4.3656  23       0  303 11 5 6      10 4 7       
   22143.3977   0.0000 7.71052E-001  -9.1703  3    4.5655  23       0  303 11 5 6      10 6 5       
   29110.8253   0.0000 6.05784E+000  -8.0492  3    4.5655  23       0  303 11 7 4      10 6 5       
   20661.2492   0.0000 3.14829E-001  -9.6464  3    4.8474  23       0  303 11 7 4      10 8 3       
   19378.7927   0.0000 5.26394E-002 -10.5147  3    5.2130  23       0  303 11 9 2      1010 1       
 ENERGIES FOR BLOCK NUMBER  47, INDEX-DEGEN-ENERGY--EST.ERROR-MIXING-   QUANTUM NUMBERS
    47    1          4.893530          0.000000   1.000000 11  1 11
    47    2          5.114560          0.000000   1.000000 11  3  9
    47    3          5.298971          0.000000   1.000000 11  5  7
    47    4          5.536548          0.000000   1.000000 11  7  5
    47    5          5.859398          0.000000   1.000000 11  9  3
    47    6          6.265758          0.000000   1.000000 11 11  1
 FREQUENCY-EST.ERROR.-LINE.STR. DIP**2-LGSTR.-ITD,-GUP-I.D.-QNFORM-QUANTUM NUMBERS
   24310.3093   0.0000 9.94800E+000  -7.9319  3    4.0826  23       0  303 11 111      10 010       
   18568.2867   0.0000 1.69021E-002 -10.9460  3    4.2742  23       0  303 11 111      10 2 8       
   25194.6020   0.0000 5.54892E+000  -8.1759  3    4.2742  23       0  303 11 3 9      10 2 8       
   21965.3019   0.0000 4.28537E-001  -9.4130  3    4.3819  23       0  303 11 3 9      10 4 6       
   27493.7834   0.0000 3.79643E+000  -8.2799  3    4.3819  23       0  303 11 5 7      10 4 6       
   21983.8297   0.0000 7.56677E-001  -9.1845  3    4.5657  23       0  303 11 5 7      10 6 4       
   29106.2040   0.0000 6.05929E+000  -8.0492  3    4.5657  23       0  303 11 7 5      10 6 4       
   20660.6367   0.0000 3.14821E-001  -9.6464  3    4.8474  23       0  303 11 7 5      10 8 2       
   19378.7924   0.0000 5.26394E-002 -10.5147  3    5.2130  23       0  303 11 9 3      1010 0       
    3547.3031   0.0000 1.97682E+000 -10.3546  3    4.8935  23       0  303 11 210      11 111       
    3079.0122   0.0000 3.87696E+000 -10.1965  3    5.0119  23       0  303 11 3 9      11 210       
    2740.7272   0.0000 5.50418E+000 -10.1555  3    5.1146  23       0  303 11 4 8      11 3 9       
    2787.7543   0.0000 6.11440E+000 -10.1047  3    5.2060  23       0  303 11 5 7      11 4 8       
    3245.4029   0.0000 5.62776E+000 -10.0191  3    5.2990  23       0  303 11 6 6      11 5 7       
    3876.9714   0.0000 4.82392E+000  -9.9440  3    5.4072  23       0  303 11 7 5      11 6 6       
    4522.7490   0.0000 3.97942E+000  -9.9083  3    5.5365  23       0  303 11 8 4      11 7 5       
    5156.0691   0.0000 3.09090E+000  -9.9210  3    5.6874  23       0  303 11 9 3      11 8 4       
    5781.0293   0.0000 2.13860E+000 -10.0006  3    5.8594  23       0  303 1110 2      11 9 3       
    6401.3205   0.0000 1.11064E+000 -10.2178  3    6.0522  23       0  303 1111 1      1110 2       
 ENERGIES FOR BLOCK NUMBER  48, INDEX-DEGEN-ENERGY--EST.ERROR-MIXING-   QUANTUM NUMBERS
    48    1          4.893525          0.000000   1.000000 11  0 11
    48    2          5.110661          0.000000   1.000000 11  2  9
    48    3          5.233788          0.000000   1.000000 11  4  7
    48    4          5.407660          0.000000   1.000000 11  6  5
    48    5          5.687411          0.000000   1.000000 11  8  3
    48    6          6.052233          0.000000   1.000000 11 10  1
 FREQUENCY-EST.ERROR.-LINE.STR. DIP**2-LGSTR.-ITD,-GUP-I.D.-QNFORM-QUANTUM NUMBERS
   24309.7160   0.0000 9.94783E+000  -7.9320  3    4.0826  23       0  303 11 011      10 110       
   18352.7682   0.0000 1.63873E-002 -10.9700  3    4.2813  23       0  303 11 011      10 3 8       
   24862.3584   0.0000 5.37500E+000  -8.2014  3    4.2813  23       0  303 11 2 9      10 3 8       
   19609.4663   0.0000 7.05380E-002 -10.2989  3    4.4566  23       0  303 11 2 9      10 5 6       
   28553.6143   0.0000 1.24573E+000  -8.7223  3    4.2813  23       0  303 11 4 7      10 3 8       
   23300.7222   0.0000 1.17885E+000  -8.9323  3    4.4566  23       0  303 11 4 7      10 5 6       
   28513.2600   0.0000 4.88606E+000  -8.1482  3    4.4566  23       0  303 11 6 5      10 5 6       
   21339.8764   0.0000 5.21013E-001  -9.3849  3    4.6958  23       0  303 11 6 5      10 7 4       
   29726.5964   0.0000 7.14090E+000  -7.9741  3    4.6958  23       0  303 11 8 3      10 7 4       
   20013.5244   0.0000 1.57825E-001  -9.9908  3    5.0198  23       0  303 11 8 3      10 9 2       
    3540.2026   0.0000 1.97730E+000 -10.3562  3    4.8935  23       0  303 11 110      11 011       
    2969.3876   0.0000 3.90600E+000 -10.2245  3    5.0116  23       0  303 11 2 9      11 110       
    2120.7062   0.0000 6.25637E+000 -10.3212  3    5.1107  23       0  303 11 3 8      11 2 9       
    5800.9296   0.0000 2.76569E-001 -10.8080  3    5.1107  23       0  303 11 5 6      11 2 9       
    1570.5497   0.0000 9.02566E+000 -10.4293  3    5.1814  23       0  303 11 4 7      11 3 8       
    2109.6737   0.0000 7.30199E+000 -10.2714  3    5.2338  23       0  303 11 5 6      11 4 7       
    3102.8641   0.0000 5.70361E+000 -10.0526  3    5.3042  23       0  303 11 6 5      11 5 6       
    3864.5635   0.0000 4.82681E+000  -9.9465  3    5.4077  23       0  303 11 7 4      11 6 5       
    4522.1564   0.0000 3.97950E+000  -9.9084  3    5.5366  23       0  303 11 8 3      11 7 4       
    5156.0522   0.0000 3.09090E+000  -9.9210  3    5.6874  23       0  303 11 9 2      11 8 3       
    5781.0290   0.0000 2.13860E+000 -10.0006  3    5.8594  23       0  303 1110 1      11 9 2       
    6401.3205   0.0000 1.11064E+000 -10.2178  3    6.0522  23       0  303 1111 0      1110 1       
 ENERGIES FOR BLOCK NUMBER  49, INDEX-DEGEN-ENERGY--EST.ERROR-MIXING-   QUANTUM NUMBERS
    49    1          5.777608          0.000000   1.000000 12  0 12
    49    2          6.019549          0.000000   1.000000 12  2 10
    49    3          6.164188          0.000000   1.000000 12  4  8
    49    4          6.327337          0.000000   1.000000 12  6  6
    49    5          6.604260          0.000000   1.000000 12  8  4
    49    6          6.968052          0.000000   1.000000 12 10  2
    49    7          7.415156          0.000000   1.000000 12 12  0
 FREQUENCY-EST.ERROR.-LINE.STR. DIP**2-LGSTR.-ITD,-GUP-I.D.-QNFORM-QUANTUM NUMBERS
   26503.9713   0.0000 1.09524E+001  -7.9033  3    4.8935  25       0  303 12 012      11 111       
   27130.8750   0.0000 6.52082E+000  -8.1322  3    5.1146  25       0  303 12 210      11 3 9       
   21602.3935   0.0000 8.98432E-002 -10.2009  3    5.2990  25       0  303 12 210      11 5 7       
   25938.5564   0.0000 1.60236E+000  -8.7980  3    5.2990  25       0  303 12 4 8      11 5 7       
   23707.2785   0.0000 7.11345E-001  -9.2498  3    5.5365  25       0  303 12 6 6      11 7 5       
   22330.4087   0.0000 2.88934E-001  -9.7244  3    5.8594  25       0  303 12 8 4      11 9 3       
   21054.2702   0.0000 4.82533E-002 -10.5929  3    6.2658  25       0  303 1210 2      1111 1       
 ENERGIES FOR BLOCK NUMBER  50, INDEX-DEGEN-ENERGY--EST.ERROR-MIXING-   QUANTUM NUMBERS
    50    1          5.777610          0.000000   1.000000 12  1 12
    50    2          6.021532          0.000000   1.000000 12  3 10
    50    3          6.218137          0.000000   1.000000 12  5  8
    50    4          6.454281          0.000000   1.000000 12  7  6
    50    5          6.775643          0.000000   1.000000 12  9  4
    50    6          7.181267          0.000000   1.000000 12 11  2
 FREQUENCY-EST.ERROR.-LINE.STR. DIP**2-LGSTR.-ITD,-GUP-I.D.-QNFORM-QUANTUM NUMBERS
   26504.2021   0.0000 1.09525E+001  -7.9032  3    4.8935  25       0  303 12 112      11 011       
   27307.2237   0.0000 6.59505E+000  -8.1216  3    5.1107  25       0  303 12 310      11 2 9       
   23615.9678   0.0000 3.03650E-001  -9.5912  3    5.2338  25       0  303 12 310      11 4 7       
   29510.0229   0.0000 3.79955E+000  -8.3102  3    5.2338  25       0  303 12 5 8      11 4 7       
   24297.4851   0.0000 9.36226E-001  -9.0967  3    5.4077  25       0  303 12 5 8      11 6 5       
   22990.1909   0.0000 4.79308E-001  -9.4625  3    5.6874  25       0  303 12 7 6      11 8 3       
   21687.2882   0.0000 1.44715E-001 -10.0690  3    6.0522  25       0  303 12 9 4      1110 1       
 ENERGIES FOR BLOCK NUMBER  51, INDEX-DEGEN-ENERGY--EST.ERROR-MIXING-   QUANTUM NUMBERS
    51    1          5.907482          0.000000   1.000000 12  1 11
    51    2          6.105369          0.000000   1.000000 12  3  9
    51    3          6.229055          0.000000   1.000000 12  5  7
    51    4          6.454356          0.000000   1.000000 12  7  5
    51    5          6.775643          0.000000   1.000000 12  9  3
    51    6          7.181267          0.000000   1.000000 12 11  1
 FREQUENCY-EST.ERROR.-LINE.STR. DIP**2-LGSTR.-ITD,-GUP-I.D.-QNFORM-QUANTUM NUMBERS
   26850.1918   0.0000 8.85803E+000  -7.9971  3    5.0119  25       0  303 12 111      11 210       
   21030.4524   0.0000 5.34096E-002 -10.4394  3    5.2060  25       0  303 12 111      11 4 8       
   26962.9691   0.0000 3.61873E+000  -8.4026  3    5.2060  25       0  303 12 3 9      11 4 8       
   20929.8119   0.0000 4.22572E-002 -10.5661  3    5.4072  25       0  303 12 3 9      11 6 6       
   24637.8315   0.0000 9.86411E-001  -9.0625  3    5.4072  25       0  303 12 5 7      11 6 6       
   22992.4453   0.0000 4.79352E-001  -9.4623  3    5.6874  25       0  303 12 7 5      11 8 4       
   21687.2902   0.0000 1.44715E-001 -10.0690  3    6.0522  25       0  303 12 9 3      1110 2       
    3893.5235   0.0000 1.98042E+000 -10.3655  3    5.7776  25       0  303 12 111      12 012       
    3359.6954   0.0000 3.90854E+000 -10.2110  3    5.9075  25       0  303 12 210      12 111       
    2572.8212   0.0000 6.00401E+000 -10.2666  3    6.0195  25       0  303 12 3 9      12 210       
    1763.3417   0.0000 9.20143E+000 -10.4169  3    6.1054  25       0  303 12 4 8      12 3 9       
    6654.4380   0.0000 2.22906E-001 -10.8875  3    6.1054  25       0  303 12 6 6      12 3 9       
    6280.8409   0.0000 2.60461E-001 -10.8605  3    6.0195  25       0  303 12 5 7      12 210       
    1944.6780   0.0000 8.91211E+000 -10.3522  3    6.1642  25       0  303 12 5 7      12 4 8       
    2946.4184   0.0000 6.70990E+000 -10.1231  3    6.2291  25       0  303 12 6 6      12 5 7       
    3807.9158   0.0000 5.72341E+000  -9.9811  3    6.3273  25       0  303 12 7 5      12 6 6       
    4494.0326   0.0000 4.88022E+000  -9.9208  3    6.4544  25       0  303 12 8 4      12 7 5       
    5137.9108   0.0000 4.02193E+000  -9.9052  3    6.6043  25       0  303 12 9 3      12 8 4       
    5768.3005   0.0000 3.11737E+000  -9.9343  3    6.7756  25       0  303 1210 2      12 9 3       
    6391.9965   0.0000 2.15097E+000 -10.0274  3    6.9681  25       0  303 1211 1      1210 2       
    7011.8217   0.0000 1.11371E+000 -10.2561  3    7.1813  25       0  303 1212 0      1211 1       
 ENERGIES FOR BLOCK NUMBER  52, INDEX-DEGEN-ENERGY--EST.ERROR-MIXING-   QUANTUM NUMBERS
    52    1          5.907586          0.000000   1.000000 12  2 11
    52    2          6.121580          0.000000   1.000000 12  4  9
    52    3          6.326115          0.000000   1.000000 12  6  7
    52    4          6.604258          0.000000   1.000000 12  8  5
    52    5          6.968052          0.000000   1.000000 12 10  3
    52    6          7.415156          0.000000   1.000000 12 12  1
 FREQUENCY-EST.ERROR.-LINE.STR. DIP**2-LGSTR.-ITD,-GUP-I.D.-QNFORM-QUANTUM NUMBERS
   26860.6012   0.0000 8.86126E+000  -7.9966  3    5.0116  25       0  303 12 211      11 110       
   21770.5073   0.0000 6.57718E-002 -10.3176  3    5.1814  25       0  303 12 211      11 3 8       
   28185.8616   0.0000 4.39909E+000  -8.2788  3    5.1814  25       0  303 12 4 9      11 3 8       
   24505.6383   0.0000 8.66020E-001  -9.1127  3    5.3042  25       0  303 12 4 9      11 5 6       
   23670.0138   0.0000 7.09619E-001  -9.2522  3    5.5366  25       0  303 12 6 7      11 7 4       
   22330.3244   0.0000 2.88933E-001  -9.7244  3    5.8594  25       0  303 12 8 5      11 9 2       
   21054.2702   0.0000 4.82533E-002 -10.5929  3    6.2658  25       0  303 1210 3      1111 0       
    3896.6016   0.0000 1.98026E+000 -10.3649  3    5.7776  25       0  303 12 211      12 112       
    3416.0102   0.0000 3.89830E+000 -10.1978  3    5.9076  25       0  303 12 310      12 211       
    2999.3441   0.0000 5.66949E+000 -10.1592  3    6.0215  25       0  303 12 4 9      12 310       
    2894.7110   0.0000 6.69155E+000 -10.1283  3    6.1216  25       0  303 12 5 8      12 4 9       
    3237.0922   0.0000 6.47937E+000 -10.0559  3    6.2181  25       0  303 12 6 7      12 5 8       
    3842.3335   0.0000 5.71313E+000  -9.9740  3    6.3261  25       0  303 12 7 6      12 6 7       
    4496.1857   0.0000 4.87986E+000  -9.9204  3    6.4543  25       0  303 12 8 5      12 7 6       
    5137.9929   0.0000 4.02193E+000  -9.9052  3    6.6043  25       0  303 12 9 4      12 8 5       
    5768.3024   0.0000 3.11737E+000  -9.9343  3    6.7756  25       0  303 1210 3      12 9 4       
    6391.9965   0.0000 2.15097E+000 -10.0274  3    6.9681  25       0  303 1211 2      1210 3       
    7011.8217   0.0000 1.11371E+000 -10.2561  3    7.1813  25       0  303 1212 1      1211 2       
 ENERGIES FOR BLOCK NUMBER  53, INDEX-DEGEN-ENERGY--EST.ERROR-MIXING-   QUANTUM NUMBERS
    53    1          6.876522          0.000000   1.000000 13  2 12
    53    2          7.111883          0.000000   1.000000 13  4 10
    53    3          7.322237          0.000000   1.000000 13  6  8
    53    4          7.598049          0.000000   1.000000 13  8  6
    53    5          7.960527          0.000000   1.000000 13 10  4
    53    6          8.406933          0.000000   1.000000 13 12  2
 FREQUENCY-EST.ERROR.-LINE.STR. DIP**2-LGSTR.-ITD,-GUP-I.D.-QNFORM-QUANTUM NUMBERS
   29051.1137   0.0000 9.87631E+000  -7.9783  3    5.9075  27       0  303 13 212      12 111       
   23118.5971   0.0000 5.36281E-002 -10.4526  3    6.1054  27       0  303 13 212      12 3 9       
   26466.5178   0.0000 7.62266E-001  -9.2009  3    6.2291  27       0  303 13 410      12 5 7       
   26018.4345   0.0000 9.04586E-001  -9.1641  3    6.4544  27       0  303 13 6 8      12 7 5       
   24655.1226   0.0000 4.43454E-001  -9.5516  3    6.7756  27       0  303 13 8 6      12 9 3       
   23361.6265   0.0000 1.33606E-001 -10.1595  3    7.1813  27       0  303 1310 4      1211 1       
 ENERGIES FOR BLOCK NUMBER  54, INDEX-DEGEN-ENERGY--EST.ERROR-MIXING-   QUANTUM NUMBERS
    54    1          6.876478          0.000000   1.000000 13  1 12
    54    2          7.102090          0.000000   1.000000 13  3 10
    54    3          7.233932          0.000000   1.000000 13  5  8
    54    4          7.449424          0.000000   1.000000 13  7  6
    54    5          7.768660          0.000000   1.000000 13  9  4
    54    6          8.173344          0.000000   1.000000 13 11  2
    54    7          8.661186          0.000000   1.000000 13 13  0
 FREQUENCY-EST.ERROR.-LINE.STR. DIP**2-LGSTR.-ITD,-GUP-I.D.-QNFORM-QUANTUM NUMBERS
   29046.6439   0.0000 9.87506E+000  -7.9785  3    5.9076  27       0  303 13 112      12 211       
   22631.2896   0.0000 4.91206E-002 -10.5101  3    6.1216  27       0  303 13 112      12 4 9       
   29394.9523   0.0000 4.82025E+000  -8.3025  3    6.1216  27       0  303 13 310      12 4 9       
   23263.1491   0.0000 7.51333E-002 -10.3240  3    6.3261  27       0  303 13 310      12 6 7       
   27215.6955   0.0000 1.23219E+000  -8.9795  3    6.3261  27       0  303 13 5 8      12 6 7       
   25337.4422   0.0000 6.60497E-001  -9.3382  3    6.6043  27       0  303 13 7 6      12 8 5       
   24001.6246   0.0000 2.66902E-001  -9.8144  3    6.9681  27       0  303 13 9 4      1210 3       
   22729.8986   0.0000 4.45413E-002 -10.6837  3    7.4152  27       0  303 1311 2      1212 1       
 ENERGIES FOR BLOCK NUMBER  55, INDEX-DEGEN-ENERGY--EST.ERROR-MIXING-   QUANTUM NUMBERS
    55    1          6.734877          0.000000   1.000000 13  1 13
    55    2          7.002003          0.000000   1.000000 13  3 11
    55    3          7.213705          0.000000   1.000000 13  5  9
    55    4          7.449186          0.000000   1.000000 13  7  7
    55    5          7.768660          0.000000   1.000000 13  9  5
    55    6          8.173344          0.000000   1.000000 13 11  3
    55    7          8.661186          0.000000   1.000000 13 13  1
 FREQUENCY-EST.ERROR.-LINE.STR. DIP**2-LGSTR.-ITD,-GUP-I.D.-QNFORM-QUANTUM NUMBERS
   28698.2211   0.0000 1.19561E+001  -7.8918  3    5.7776  27       0  303 13 113      12 012       
   29453.2406   0.0000 7.65068E+000  -8.0896  3    6.0195  27       0  303 13 311      12 210       
   25117.0777   0.0000 2.11240E-001  -9.7947  3    6.1642  27       0  303 13 311      12 4 8       
   26572.6435   0.0000 1.07967E+000  -9.0567  3    6.3273  27       0  303 13 5 9      12 6 6       
   25330.2347   0.0000 6.60292E-001  -9.3386  3    6.6043  27       0  303 13 7 7      12 8 4       
   24001.6138   0.0000 2.66902E-001  -9.8144  3    6.9681  27       0  303 13 9 5      1210 2       
   22729.8986   0.0000 4.45413E-002 -10.6837  3    7.4152  27       0  303 1311 3      1212 0       
    4246.4162   0.0000 1.98301E+000 -10.3899  3    6.7349  27       0  303 13 212      13 113       
    3761.8223   0.0000 3.91109E+000 -10.2141  3    6.8765  27       0  303 13 311      13 212       
    3294.1181   0.0000 5.76140E+000 -10.1735  3    7.0020  27       0  303 13 410      13 311       
    3052.5442   0.0000 7.12608E+000 -10.1583  3    7.1119  27       0  303 13 5 9      13 410       
    3253.7068   0.0000 7.28383E+000 -10.1043  3    7.2137  27       0  303 13 6 8      13 5 9       
    3805.8328   0.0000 6.60370E+000 -10.0230  3    7.3222  27       0  303 13 7 7      13 6 8       
    4462.7987   0.0000 5.77288E+000  -9.9574  3    7.4492  27       0  303 13 8 6      13 7 7       
    5114.7917   0.0000 4.93082E+000  -9.9241  3    7.5980  27       0  303 13 9 5      13 8 6       
    5752.0092   0.0000 4.05961E+000  -9.9254  3    7.7687  27       0  303 1310 4      13 9 5       
    6380.0938   0.0000 3.14036E+000  -9.9680  3    7.9605  27       0  303 1311 3      1310 4       
    7002.8386   0.0000 2.16163E+000 -10.0725  3    8.1733  27       0  303 1312 2      1311 3       
    7622.2975   0.0000 1.11635E+000 -10.3113  3    8.4069  27       0  303 1313 1      1312 2       
 ENERGIES FOR BLOCK NUMBER  56, INDEX-DEGEN-ENERGY--EST.ERROR-MIXING-   QUANTUM NUMBERS
    56    1          6.734876          0.000000   1.000000 13  0 13
    56    2          7.001043          0.000000   1.000000 13  2 11
    56    3          7.171735          0.000000   1.000000 13  4  9
    56    4          7.325282          0.000000   1.000000 13  6  7
    56    5          7.598061          0.000000   1.000000 13  8  5
    56    6          7.960527          0.000000   1.000000 13 10  3
    56    7          8.406933          0.000000   1.000000 13 12  1
 FREQUENCY-EST.ERROR.-LINE.STR. DIP**2-LGSTR.-ITD,-GUP-I.D.-QNFORM-QUANTUM NUMBERS
   28698.1324   0.0000 1.19561E+001  -7.8918  3    5.7776  27       0  303 13 013      12 112       
   29364.9823   0.0000 7.61984E+000  -8.0940  3    6.0215  27       0  303 13 211      12 310       
   23470.9272   0.0000 9.93444E-002 -10.1840  3    6.2181  27       0  303 13 211      12 5 8       
   28588.1555   0.0000 2.21082E+000  -8.6739  3    6.2181  27       0  303 13 4 9      12 5 8       
   26111.9557   0.0000 9.11042E-001  -9.1581  3    6.4543  27       0  303 13 6 7      12 7 6       
   24655.4678   0.0000 4.43459E-001  -9.5516  3    6.7756  27       0  303 13 8 5      12 9 4       
   23361.6267   0.0000 1.33606E-001 -10.1595  3    7.1813  27       0  303 1310 3      1211 2       
    4245.1131   0.0000 1.98307E+000 -10.3902  3    6.7349  27       0  303 13 112      13 013       
    3734.3486   0.0000 3.91477E+000 -10.2200  3    6.8765  27       0  303 13 211      13 112       
    3029.3141   0.0000 5.89167E+000 -10.2360  3    7.0010  27       0  303 13 310      13 211       
    6981.8605   0.0000 1.99888E-001 -10.9870  3    7.0010  27       0  303 13 5 8      13 211       
    2087.9142   0.0000 8.85691E+000 -10.3911  3    7.1021  27       0  303 13 4 9      13 310       
    1864.6322   0.0000 1.04205E+001 -10.4256  3    7.1717  27       0  303 13 5 8      13 4 9       
    6691.1401   0.0000 3.35272E-001 -10.8093  3    7.1021  27       0  303 13 6 7      13 310       
    2738.5937   0.0000 7.90070E+000 -10.2199  3    7.2339  27       0  303 13 6 7      13 5 8       
    3721.6722   0.0000 6.63682E+000 -10.0404  3    7.3253  27       0  303 13 7 6      13 6 7       
    4456.0185   0.0000 5.77426E+000  -9.9587  3    7.4494  27       0  303 13 8 5      13 7 6       
    5114.4592   0.0000 4.93086E+000  -9.9242  3    7.5981  27       0  303 13 9 4      13 8 5       
    5751.9987   0.0000 4.05961E+000  -9.9254  3    7.7687  27       0  303 1310 3      13 9 4       
    6380.0936   0.0000 3.14036E+000  -9.9680  3    7.9605  27       0  303 1311 2      1310 3       
    7002.8386   0.0000 2.16163E+000 -10.0725  3    8.1733  27       0  303 1312 1      1311 2       
    7622.2975   0.0000 1.11635E+000 -10.3113  3    8.4069  27       0  303 1313 0      1312 1       
 ENERGIES FOR BLOCK NUMBER  57, INDEX-DEGEN-ENERGY--EST.ERROR-MIXING-   QUANTUM NUMBERS
    57    1          7.765332          0.000000   1.000000 14  0 14
    57    2          8.055364          0.000000   1.000000 14  2 12
    57    3          8.254825          0.000000   1.000000 14  4 10
    57    4          8.402284          0.000000   1.000000 14  6  8
    57    5          8.668961          0.000000   1.000000 14  8  6
    57    6          9.029738          0.000000   1.000000 14 10  4
    57    7          9.475270          0.000000   1.000000 14 12  2
    57    8         10.003847          0.000000   1.000000 14 14  0
 FREQUENCY-EST.ERROR.-LINE.STR. DIP**2-LGSTR.-ITD,-GUP-I.D.-QNFORM-QUANTUM NUMBERS
   25232.2969   0.0000 1.00291E-001 -10.2237  3    7.2137  29       0  303 14 212      13 5 9       
   24152.4475   0.0000 3.41626E-002 -10.7521  3    7.4492  29       0  303 14 410      13 7 7       
   28573.1433   0.0000 1.11719E+000  -9.0990  3    7.4492  29       0  303 14 6 8      13 7 7       
   26990.3416   0.0000 6.15565E-001  -9.4379  3    7.7687  29       0  303 14 8 6      13 9 5       
   25674.0494   0.0000 2.47953E-001  -9.9162  3    8.1733  29       0  303 1410 4      1311 3       
   24405.6363   0.0000 4.13591E-002 -10.7867  3    8.6612  29       0  303 1412 2      1313 1       
 ENERGIES FOR BLOCK NUMBER  58, INDEX-DEGEN-ENERGY--EST.ERROR-MIXING-   QUANTUM NUMBERS
    58    1          7.765332          0.000000   1.000000 14  1 14
    58    2          8.055812          0.000000   1.000000 14  3 12
    58    3          8.285200          0.000000   1.000000 14  5 10
    58    4          8.521398          0.000000   1.000000 14  7  8
    58    5          8.838556          0.000000   1.000000 14  9  6
    58    6          9.242056          0.000000   1.000000 14 11  4
    58    7          9.729232          0.000000   1.000000 14 13  2
 FREQUENCY-EST.ERROR.-LINE.STR. DIP**2-LGSTR.-ITD,-GUP-I.D.-QNFORM-QUANTUM NUMBERS
   26503.9711   0.0000 1.52695E-001  -9.9962  3    7.1717  29       0  303 14 312      13 4 9       
   28777.6058   0.0000 1.15172E+000  -9.0670  3    7.3253  29       0  303 14 510      13 6 7       
   27680.9688   0.0000 8.52238E-001  -9.2581  3    7.5981  29       0  303 14 7 8      13 8 5       
   26322.6683   0.0000 4.12354E-001  -9.6526  3    7.9605  29       0  303 14 9 6      1310 3       
   25036.3533   0.0000 1.24075E-001 -10.2620  3    8.4069  29       0  303 1411 4      1312 1       
 ENERGIES FOR BLOCK NUMBER  59, INDEX-DEGEN-ENERGY--EST.ERROR-MIXING-   QUANTUM NUMBERS
    59    1          7.918630          0.000000   1.000000 14  1 13
    59    2          8.170931          0.000000   1.000000 14  3 11
    59    3          8.318594          0.000000   1.000000 14  5  9
    59    4          8.522070          0.000000   1.000000 14  7  7
    59    5          8.838558          0.000000   1.000000 14  9  5
    59    6          9.242056          0.000000   1.000000 14 11  3
    59    7          9.729232          0.000000   1.000000 14 13  1
 FREQUENCY-EST.ERROR.-LINE.STR. DIP**2-LGSTR.-ITD,-GUP-I.D.-QNFORM-QUANTUM NUMBERS
   24185.6691   0.0000 4.46371E-002 -10.5997  3    7.1119  29       0  303 14 113      13 410       
   25443.1906   0.0000 1.09671E-001 -10.1893  3    7.3222  29       0  303 14 311      13 6 8       
   29870.0252   0.0000 1.54740E+000  -8.9079  3    7.3222  29       0  303 14 5 9      13 6 8       
   27701.4528   0.0000 8.53061E-001  -9.2571  3    7.5980  29       0  303 14 7 7      13 8 6       
   26322.7169   0.0000 4.12354E-001  -9.6526  3    7.9605  29       0  303 14 9 5      1310 4       
   25036.3533   0.0000 1.24075E-001 -10.2620  3    8.4069  29       0  303 1411 3      1312 2       
    4595.7652   0.0000 1.98534E+000 -10.4287  3    7.7653  29       0  303 14 113      14 014       
    4099.1720   0.0000 3.92120E+000 -10.2475  3    7.9186  29       0  303 14 212      14 113       
    3464.6005   0.0000 5.85788E+000 -10.2324  3    8.0554  29       0  303 14 311      14 212       
    2515.0897   0.0000 8.38506E+000 -10.3652  3    8.1709  29       0  303 14 410      14 311       
    6935.7854   0.0000 3.97559E-001 -10.8159  3    8.1709  29       0  303 14 6 8      14 311       
    1911.7450   0.0000 1.13646E+001 -10.4791  3    8.2548  29       0  303 14 5 9      14 410       
    2508.9508   0.0000 9.38425E+000 -10.3338  3    8.3186  29       0  303 14 6 8      14 5 9       
    3591.1082   0.0000 7.59193E+000 -10.1250  3    8.4023  29       0  303 14 7 7      14 6 8       
    4403.6805   0.0000 6.67157E+000 -10.0178  3    8.5221  29       0  303 14 8 6      14 7 7       
    5084.3844   0.0000 5.82820E+000  -9.9681  3    8.6690  29       0  303 14 9 5      14 8 6       
    5731.4264   0.0000 4.97750E+000  -9.9514  3    8.8386  29       0  303 1410 4      14 9 5       
    6365.1424   0.0000 4.09309E+000  -9.9663  3    9.0297  29       0  303 1411 3      1410 4       
    6991.5806   0.0000 3.16049E+000 -10.0202  3    9.2421  29       0  303 1412 2      1411 3       
    7613.5906   0.0000 2.17090E+000 -10.1347  3    9.4753  29       0  303 1413 1      1412 2       
    8232.7545   0.0000 1.11865E+000 -10.3822  3    9.7292  29       0  303 1414 0      1413 1       
 ENERGIES FOR BLOCK NUMBER  60, INDEX-DEGEN-ENERGY--EST.ERROR-MIXING-   QUANTUM NUMBERS
    60    1          7.918649          0.000000   1.000000 14  2 13
    60    2          8.176407          0.000000   1.000000 14  4 11
    60    3          8.395514          0.000000   1.000000 14  6  9
    60    4          8.668921          0.000000   1.000000 14  8  7
    60    5          9.029738          0.000000   1.000000 14 10  5
    60    6          9.475270          0.000000   1.000000 14 12  3
    60    7         10.003847          0.000000   1.000000 14 14  1
 FREQUENCY-EST.ERROR.-LINE.STR. DIP**2-LGSTR.-ITD,-GUP-I.D.-QNFORM-QUANTUM NUMBERS
   24479.8245   0.0000 4.61687E-002 -10.5740  3    7.1021  29       0  303 14 213      13 310       
   28254.6885   0.0000 5.95505E-001  -9.3590  3    7.2339  29       0  303 14 411      13 5 8       
   28363.0838   0.0000 1.09531E+000  -9.1136  3    7.4494  29       0  303 14 6 9      13 7 6       
   26989.1169   0.0000 6.15542E-001  -9.4380  3    7.7687  29       0  303 14 8 7      13 9 4       
   25674.0481   0.0000 2.47953E-001  -9.9162  3    8.1733  29       0  303 1410 5      1311 2       
   24405.6363   0.0000 4.13591E-002 -10.7867  3    8.6612  29       0  303 1412 3      1313 0       
    4596.3061   0.0000 1.98532E+000 -10.4286  3    7.7653  29       0  303 14 213      14 114       
    4112.0609   0.0000 3.91986E+000 -10.2449  3    7.9186  29       0  303 14 312      14 213       
    3615.3496   0.0000 5.80991E+000 -10.1993  3    8.0558  29       0  303 14 411      14 312       
    3261.5110   0.0000 7.42202E+000 -10.1943  3    8.1764  29       0  303 14 510      14 411       
    3307.1502   0.0000 8.00334E+000 -10.1609  3    8.2852  29       0  303 14 6 9      14 510       
    3773.9035   0.0000 7.49198E+000 -10.0872  3    8.3955  29       0  303 14 7 8      14 6 9       
    4422.6073   0.0000 6.66687E+000 -10.0144  3    8.5214  29       0  303 14 8 7      14 7 8       
    5085.5501   0.0000 5.82802E+000  -9.9680  3    8.6689  29       0  303 14 9 6      14 8 7       
    5731.4734   0.0000 4.97749E+000  -9.9514  3    8.8386  29       0  303 1410 5      14 9 6       
    6365.1437   0.0000 4.09309E+000  -9.9663  3    9.0297  29       0  303 1411 4      1410 5       
    6991.5806   0.0000 3.16049E+000 -10.0202  3    9.2421  29       0  303 1412 3      1411 4       
    7613.5906   0.0000 2.17090E+000 -10.1347  3    9.4753  29       0  303 1413 2      1412 3       
    8232.7545   0.0000 1.11865E+000 -10.3822  3    9.7292  29       0  303 1414 1      1413 2       
INITIAL Q =  57134805.4736, NEW Q IS RELATIVE TO MIN.EGY.=         0.0000
 NUMBER OF LINES =    528
TEMPERATURE - Q(SPIN-ROT.) - log Q(SPIN-ROT.)
    300.000      4366.7724    3.6402
    225.000      4328.1938    3.6363
    150.000      4252.2539    3.6286
     75.000      4033.8405    3.6057
     37.500      3636.2300    3.5607
     18.750      2974.9479    3.4735
      9.375      2046.8967    3.3111
      6.000      1403.7449    3.1473
