unknown                                                 Thu Jun 20 23:06:33 2019
ID=    -3 QSPINROT=  57160966.1318 MIN, MAX QN=   0  14
MIN.LOG.STR=   -11.000 MIN.LOG.STR(FRQ/300GHZ)**2=  -100.000 MAX FREQ       30.0 GHZ, TEMP=     6.00
     1 002 1.000000
.VAR FILE TITLE :unknown
                              PARAMETERS - A.PRIORI ERROR 
     1      1         10000  1.4471239750000E+003   1.000000E-037 
     2      2         20000  1.1834241500000E+003   1.000000E-037 
     3      3         30000  1.0970896600000E+003   1.000000E-037 
     4      4           200 -0.0000000000000E+000   1.000000E-037 
     5      5          1100 -0.0000000000000E+000   1.000000E-037 
     6      6          2000 -0.0000000000000E+000   1.000000E-037 
     7      7         40100 -0.0000000000000E+000   1.000000E-037 
     8      8         41000 -0.0000000000000E+000   1.000000E-037 
8 parameters read, 8 independent parameters
IQNFMT = 303
ENERGY SORT OF WANG SUB-BLOCKS
PROLATE ROTOR
    V KMIN KMAX WTPL WTMN ESYMWT NSYM SPINS
    0    0   14    1    1     99    2
BLOCK - WT - SYM - V - TSP - N  -  other quanta  (rel. to F=0 )
    1    1    x    0    0
    2    1    c    0    0
    3    1    b    0    0
    4    1    a    0    0
Maximum Dimension for Hamiltonian = 8
 ENERGIES FOR BLOCK NUMBER   1, INDEX-DEGEN-ENERGY--EST.ERROR-MIXING-   QUANTUM NUMBERS
     1    1          0.000000          0.000000   1.000000  0  0  0
 ENERGIES FOR BLOCK NUMBER   6, INDEX-DEGEN-ENERGY--EST.ERROR-MIXING-   QUANTUM NUMBERS
     6    1          0.087746          0.000000   1.000000  1  1  0
 ENERGIES FOR BLOCK NUMBER   7, INDEX-DEGEN-ENERGY--EST.ERROR-MIXING-   QUANTUM NUMBERS
     7    1          0.084866          0.000000   1.000000  1  1  1
 FREQUENCY-EST.ERROR.-LINE.STR. DIP**2-LGSTR.-ITD,-GUP-I.D.-QNFORM-QUANTUM NUMBERS
    2544.2136   0.0000 1.00000E+000 -10.4280  3    0.0000   3      -3  303  1 1 1       0 0 0       
 ENERGIES FOR BLOCK NUMBER   8, INDEX-DEGEN-ENERGY--EST.ERROR-MIXING-   QUANTUM NUMBERS
     8    1          0.076070          0.000000   1.000000  1  0  1
 ENERGIES FOR BLOCK NUMBER   9, INDEX-DEGEN-ENERGY--EST.ERROR-MIXING-   QUANTUM NUMBERS
     9    1          0.227610          0.000000   1.000000  2  0  2
     9    2          0.269752          0.000000   1.000000  2  2  0
 FREQUENCY-EST.ERROR.-LINE.STR. DIP**2-LGSTR.-ITD,-GUP-I.D.-QNFORM-QUANTUM NUMBERS
    4279.3733   0.0000 7.19220E-001 -10.1314  3    0.0849   5      -3  303  2 0 2       1 1 1       
    5542.7506   0.0000 1.28078E+000  -9.6582  3    0.0849   5      -3  303  2 2 0       1 1 1       
 ENERGIES FOR BLOCK NUMBER  10, INDEX-DEGEN-ENERGY--EST.ERROR-MIXING-   QUANTUM NUMBERS
    10    1          0.234126          0.000000   1.000000  2  1  2
 FREQUENCY-EST.ERROR.-LINE.STR. DIP**2-LGSTR.-ITD,-GUP-I.D.-QNFORM-QUANTUM NUMBERS
    4738.3930   0.0000 1.50000E+000  -9.7235  3    0.0761   5      -3  303  2 1 2       1 0 1       
 ENERGIES FOR BLOCK NUMBER  11, INDEX-DEGEN-ENERGY--EST.ERROR-MIXING-   QUANTUM NUMBERS
    11    1          0.242765          0.000000   1.000000  2  1  1
 ENERGIES FOR BLOCK NUMBER  12, INDEX-DEGEN-ENERGY--EST.ERROR-MIXING-   QUANTUM NUMBERS
    12    1          0.269153          0.000000   1.000000  2  2  1
 FREQUENCY-EST.ERROR.-LINE.STR. DIP**2-LGSTR.-ITD,-GUP-I.D.-QNFORM-QUANTUM NUMBERS
    5438.4616   0.0000 1.50000E+000  -9.6062  3    0.0877   5      -3  303  2 2 1       1 1 0       
 ENERGIES FOR BLOCK NUMBER  13, INDEX-DEGEN-ENERGY--EST.ERROR-MIXING-   QUANTUM NUMBERS
    13    1          0.497362          0.000000   1.000000  3  2  2
 FREQUENCY-EST.ERROR.-LINE.STR. DIP**2-LGSTR.-ITD,-GUP-I.D.-QNFORM-QUANTUM NUMBERS
    7632.6409   0.0000 1.66667E+000  -9.2860  3    0.2428   7      -3  303  3 2 2       2 1 1       
 ENERGIES FOR BLOCK NUMBER  14, INDEX-DEGEN-ENERGY--EST.ERROR-MIXING-   QUANTUM NUMBERS
    14    1          0.474872          0.000000   1.000000  3  1  2
    14    2          0.548965          0.000000   1.000000  3  3  0
 FREQUENCY-EST.ERROR.-LINE.STR. DIP**2-LGSTR.-ITD,-GUP-I.D.-QNFORM-QUANTUM NUMBERS
    6167.2880   0.0000 2.77130E-001 -10.2506  3    0.2692   7      -3  303  3 1 2       2 2 1       
    8388.5324   0.0000 2.38954E+000  -9.0516  3    0.2692   7      -3  303  3 3 0       2 2 1       
 ENERGIES FOR BLOCK NUMBER  15, INDEX-DEGEN-ENERGY--EST.ERROR-MIXING-   QUANTUM NUMBERS
    15    1          0.457673          0.000000   1.000000  3  1  3
    15    2          0.548885          0.000000   1.000000  3  3  1
 FREQUENCY-EST.ERROR.-LINE.STR. DIP**2-LGSTR.-ITD,-GUP-I.D.-QNFORM-QUANTUM NUMBERS
    6897.0992   0.0000 2.13632E+000  -9.2634  3    0.2276   7      -3  303  3 1 3       2 0 2       
    5633.7219   0.0000 1.10532E-001 -10.7275  3    0.2698   7      -3  303  3 1 3       2 2 0       
    8368.1826   0.0000 2.40999E+000  -9.0500  3    0.2698   7      -3  303  3 3 1       2 2 0       
    1544.5957   0.0000 1.01532E+000 -10.9050  3    0.4974   7      -3  303  3 3 1       3 2 2       
 ENERGIES FOR BLOCK NUMBER  16, INDEX-DEGEN-ENERGY--EST.ERROR-MIXING-   QUANTUM NUMBERS
    16    1          0.453577          0.000000   1.000000  3  0  3
    16    2          0.500204          0.000000   1.000000  3  2  1
 FREQUENCY-EST.ERROR.-LINE.STR. DIP**2-LGSTR.-ITD,-GUP-I.D.-QNFORM-QUANTUM NUMBERS
    6579.0009   0.0000 1.65826E+000  -9.4145  3    0.2341   7      -3  303  3 0 3       2 1 2       
    7976.8196   0.0000 1.00841E+000  -9.4656  3    0.2341   7      -3  303  3 2 1       2 1 2       
    1461.8158   0.0000 1.05488E+000 -10.9364  3    0.5002   7      -3  303  3 3 0       3 2 1       
 ENERGIES FOR BLOCK NUMBER  17, INDEX-DEGEN-ENERGY--EST.ERROR-MIXING-   QUANTUM NUMBERS
    17    1          0.752975          0.000000   1.000000  4  0  4
    17    2          0.808884          0.000000   1.000000  4  2  2
    17    3          0.924953          0.000000   1.000000  4  4  0
 FREQUENCY-EST.ERROR.-LINE.STR. DIP**2-LGSTR.-ITD,-GUP-I.D.-QNFORM-QUANTUM NUMBERS
    8852.9447   0.0000 2.72951E+000  -8.9674  3    0.4577   9      -3  303  4 0 4       3 1 3       
   10529.0488   0.0000 7.04318E-001  -9.4080  3    0.4577   9      -3  303  4 2 2       3 1 3       
    7794.5881   0.0000 1.52980E-001 -10.3372  3    0.5489   9      -3  303  4 2 2       3 3 1       
   11274.2431   0.0000 3.40817E+000  -8.6746  3    0.5489   9      -3  303  4 4 0       3 3 1       
 ENERGIES FOR BLOCK NUMBER  18, INDEX-DEGEN-ENERGY--EST.ERROR-MIXING-   QUANTUM NUMBERS
    18    1          0.755196          0.000000   1.000000  4  1  4
    18    2          0.854159          0.000000   1.000000  4  3  2
 FREQUENCY-EST.ERROR.-LINE.STR. DIP**2-LGSTR.-ITD,-GUP-I.D.-QNFORM-QUANTUM NUMBERS
    9042.3136   0.0000 2.95310E+000  -8.9148  3    0.4536   9      -3  303  4 1 4       3 0 3       
    7644.4950   0.0000 1.47686E-001 -10.3640  3    0.5002   9      -3  303  4 1 4       3 2 1       
   12009.1455   0.0000 4.05996E-002 -10.5351  3    0.4536   9      -3  303  4 3 2       3 0 3       
   10611.3268   0.0000 2.35862E+000  -8.8809  3    0.5002   9      -3  303  4 3 2       3 2 1       
 ENERGIES FOR BLOCK NUMBER  19, INDEX-DEGEN-ENERGY--EST.ERROR-MIXING-   QUANTUM NUMBERS
    19    1          0.783450          0.000000   1.000000  4  1  3
    19    2          0.854704          0.000000   1.000000  4  3  1
 FREQUENCY-EST.ERROR.-LINE.STR. DIP**2-LGSTR.-ITD,-GUP-I.D.-QNFORM-QUANTUM NUMBERS
    8576.6788   0.0000 7.52730E-001  -9.5581  3    0.4974   9      -3  303  4 1 3       3 2 2       
   10712.8383   0.0000 2.24727E+000  -8.8935  3    0.4974   9      -3  303  4 3 1       3 2 2       
     762.5050   0.0000 3.60495E+000 -10.9963  3    0.7834   9      -3  303  4 2 2       4 1 3       
    1373.6545   0.0000 2.05191E+000 -10.7335  3    0.8089   9      -3  303  4 3 1       4 2 2       
    2106.0005   0.0000 1.05897E+000 -10.6556  3    0.8547   9      -3  303  4 4 0       4 3 1       
 ENERGIES FOR BLOCK NUMBER  20, INDEX-DEGEN-ENERGY--EST.ERROR-MIXING-   QUANTUM NUMBERS
    20    1          0.801171          0.000000   1.000000  4  2  3
    20    2          0.924944          0.000000   1.000000  4  4  1
 FREQUENCY-EST.ERROR.-LINE.STR. DIP**2-LGSTR.-ITD,-GUP-I.D.-QNFORM-QUANTUM NUMBERS
    9782.1939   0.0000 1.95481E+000  -9.0291  3    0.4749   9      -3  303  4 2 3       3 1 2       
    7560.9495   0.0000 1.32327E-001 -10.4262  3    0.5490   9      -3  303  4 2 3       3 3 0       
   11271.5838   0.0000 3.40983E+000  -8.6746  3    0.5490   9      -3  303  4 4 1       3 3 0       
    1378.2703   0.0000 1.61757E+000 -10.8282  3    0.7552   9      -3  303  4 2 3       4 1 4       
    1588.5615   0.0000 1.82558E+000 -10.6575  3    0.8012   9      -3  303  4 3 2       4 2 3       
    2122.0728   0.0000 1.05583E+000 -10.6503  3    0.8542   9      -3  303  4 4 1       4 3 2       
 ENERGIES FOR BLOCK NUMBER  21, INDEX-DEGEN-ENERGY--EST.ERROR-MIXING-   QUANTUM NUMBERS
    21    1          1.180194          0.000000   1.000000  5  2  4
    21    2          1.306619          0.000000   1.000000  5  4  2
 FREQUENCY-EST.ERROR.-LINE.STR. DIP**2-LGSTR.-ITD,-GUP-I.D.-QNFORM-QUANTUM NUMBERS
   11894.0820   0.0000 2.38652E+000  -8.8084  3    0.7834  11      -3  303  5 2 4       4 1 3       
    9757.9226   0.0000 2.76545E-001  -9.9201  3    0.8547  11      -3  303  5 2 4       4 3 1       
   15684.2138   0.0000 1.56650E-002 -10.7574  3    0.7834  11      -3  303  5 4 2       4 1 3       
   13548.0543   0.0000 3.32127E+000  -8.5620  3    0.8547  11      -3  303  5 4 2       4 3 1       
 ENERGIES FOR BLOCK NUMBER  22, INDEX-DEGEN-ENERGY--EST.ERROR-MIXING-   QUANTUM NUMBERS
    22    1          1.167540          0.000000   1.000000  5  1  4
    22    2          1.237937          0.000000   1.000000  5  3  2
    22    3          1.397519          0.000000   1.000000  5  5  0
 FREQUENCY-EST.ERROR.-LINE.STR. DIP**2-LGSTR.-ITD,-GUP-I.D.-QNFORM-QUANTUM NUMBERS
   10983.4894   0.0000 1.46302E+000  -9.0904  3    0.8012  11      -3  303  5 1 4       4 2 3       
   13093.9399   0.0000 2.00552E+000  -8.8044  3    0.8012  11      -3  303  5 3 2       4 2 3       
    9383.3055   0.0000 1.15880E-001 -10.3385  3    0.9249  11      -3  303  5 3 2       4 4 1       
   14167.4390   0.0000 4.41304E+000  -8.4081  3    0.9249  11      -3  303  5 5 0       4 4 1       
 ENERGIES FOR BLOCK NUMBER  23, INDEX-DEGEN-ENERGY--EST.ERROR-MIXING-   QUANTUM NUMBERS
    23    1          1.126410          0.000000   1.000000  5  1  5
    23    2          1.235871          0.000000   1.000000  5  3  3
    23    3          1.397518          0.000000   1.000000  5  5  1
 FREQUENCY-EST.ERROR.-LINE.STR. DIP**2-LGSTR.-ITD,-GUP-I.D.-QNFORM-QUANTUM NUMBERS
   11195.3061   0.0000 3.90233E+000  -8.6431  3    0.7530  11      -3  303  5 1 5       4 0 4       
    9519.2021   0.0000 1.19106E-001 -10.3023  3    0.8089  11      -3  303  5 1 5       4 2 2       
   14476.8536   0.0000 8.42196E-002 -10.0913  3    0.7530  11      -3  303  5 3 3       4 0 4       
   12800.7496   0.0000 2.36538E+000  -8.7527  3    0.8089  11      -3  303  5 3 3       4 2 2       
    9321.0946   0.0000 1.14212E-001 -10.3505  3    0.9250  11      -3  303  5 3 3       4 4 0       
   14167.1488   0.0000 4.41317E+000  -8.4081  3    0.9250  11      -3  303  5 5 1       4 4 0       
    1612.3749   0.0000 1.79043E+000 -10.6870  3    1.1264  11      -3  303  5 2 4       5 1 5       
    1669.1725   0.0000 2.49309E+000 -10.5188  3    1.1802  11      -3  303  5 3 3       5 2 4       
    2120.9593   0.0000 1.97326E+000 -10.4189  3    1.2359  11      -3  303  5 4 2       5 3 3       
    2725.0950   0.0000 1.07245E+000 -10.4744  3    1.3066  11      -3  303  5 5 1       5 4 2       
 ENERGIES FOR BLOCK NUMBER  24, INDEX-DEGEN-ENERGY--EST.ERROR-MIXING-   QUANTUM NUMBERS
    24    1          1.125331          0.000000   1.000000  5  0  5
    24    2          1.195831          0.000000   1.000000  5  2  3
    24    3          1.306697          0.000000   1.000000  5  4  1
 FREQUENCY-EST.ERROR.-LINE.STR. DIP**2-LGSTR.-ITD,-GUP-I.D.-QNFORM-QUANTUM NUMBERS
   11096.3595   0.0000 3.81578E+000  -8.6606  3    0.7552  11      -3  303  5 0 5       4 1 4       
   13209.8817   0.0000 4.60857E-001  -9.4308  3    0.7552  11      -3  303  5 2 3       4 1 4       
   10243.0498   0.0000 3.99133E-001  -9.7194  3    0.8542  11      -3  303  5 2 3       4 3 2       
   13566.7259   0.0000 3.30919E+000  -8.5624  3    0.8542  11      -3  303  5 4 1       4 3 2       
    1265.4003   0.0000 2.08308E+000 -10.8310  3    1.1253  11      -3  303  5 1 4       5 0 5       
     848.1219   0.0000 4.37669E+000 -10.8597  3    1.1675  11      -3  303  5 2 3       5 1 4       
    1262.3286   0.0000 3.21212E+000 -10.6523  3    1.1958  11      -3  303  5 3 2       5 2 3       
    2061.3476   0.0000 1.99763E+000 -10.4384  3    1.2379  11      -3  303  5 4 1       5 3 2       
    2722.7859   0.0000 1.07270E+000 -10.4750  3    1.3067  11      -3  303  5 5 0       5 4 1       
 ENERGIES FOR BLOCK NUMBER  25, INDEX-DEGEN-ENERGY--EST.ERROR-MIXING-   QUANTUM NUMBERS
    25    1          1.570611          0.000000   1.000000  6  0  6
    25    2          1.660471          0.000000   1.000000  6  2  4
    25    3          1.765360          0.000000   1.000000  6  4  2
    25    4          1.966632          0.000000   1.000000  6  6  0
 FREQUENCY-EST.ERROR.-LINE.STR. DIP**2-LGSTR.-ITD,-GUP-I.D.-QNFORM-QUANTUM NUMBERS
   13316.8070   0.0000 4.87318E+000  -8.4384  3    1.1264  13      -3  303  6 0 6       5 1 5       
   16010.7175   0.0000 3.04528E-001  -9.4871  3    1.1264  13      -3  303  6 2 4       5 1 5       
   12729.1700   0.0000 7.61143E-001  -9.2943  3    1.2359  13      -3  303  6 2 4       5 3 3       
   19155.2329   0.0000 6.99100E-003 -10.9758  3    1.1264  13      -3  303  6 4 2       5 1 5       
   15873.6855   0.0000 3.19017E+000  -8.4856  3    1.2359  13      -3  303  6 4 2       5 3 3       
   11027.6312   0.0000 9.63930E-002 -10.3303  3    1.3975  13      -3  303  6 4 2       5 5 1       
   17061.6088   0.0000 5.41540E+000  -8.2119  3    1.3975  13      -3  303  6 6 0       5 5 1       
 ENERGIES FOR BLOCK NUMBER  26, INDEX-DEGEN-ENERGY--EST.ERROR-MIXING-   QUANTUM NUMBERS
    26    1          1.571098          0.000000   1.000000  6  1  6
    26    2          1.693857          0.000000   1.000000  6  3  4
    26    3          1.855461          0.000000   1.000000  6  5  2
 FREQUENCY-EST.ERROR.-LINE.STR. DIP**2-LGSTR.-ITD,-GUP-I.D.-QNFORM-QUANTUM NUMBERS
   13363.7664   0.0000 4.90434E+000  -8.4325  3    1.1253  13      -3  303  6 1 6       5 0 5       
   11250.2443   0.0000 7.84770E-002 -10.3816  3    1.1958  13      -3  303  6 1 6       5 2 3       
   17043.9633   0.0000 1.17867E-001  -9.8467  3    1.1253  13      -3  303  6 3 4       5 0 5       
   14930.4412   0.0000 2.46557E+000  -8.6449  3    1.1958  13      -3  303  6 3 4       5 2 3       
   11606.7651   0.0000 2.76875E-001  -9.8191  3    1.3067  13      -3  303  6 3 4       5 4 1       
   16451.5349   0.0000 4.31681E+000  -8.3315  3    1.3067  13      -3  303  6 5 2       5 4 1       
 ENERGIES FOR BLOCK NUMBER  27, INDEX-DEGEN-ENERGY--EST.ERROR-MIXING-   QUANTUM NUMBERS
    27    1          1.625930          0.000000   1.000000  6  1  5
    27    2          1.699492          0.000000   1.000000  6  3  3
    27    3          1.855470          0.000000   1.000000  6  5  1
 FREQUENCY-EST.ERROR.-LINE.STR. DIP**2-LGSTR.-ITD,-GUP-I.D.-QNFORM-QUANTUM NUMBERS
   13362.8443   0.0000 2.41258E+000  -8.7464  3    1.1802  13      -3  303  6 1 5       5 2 4       
   15568.1625   0.0000 1.63572E+000  -8.7862  3    1.1802  13      -3  303  6 3 3       5 2 4       
   11778.0307   0.0000 2.91014E-001  -9.7851  3    1.3066  13      -3  303  6 3 3       5 4 2       
   16454.1552   0.0000 4.31561E+000  -8.3315  3    1.3066  13      -3  303  6 5 1       5 4 2       
    1658.4122   0.0000 1.99446E+000 -10.6620  3    1.5706  13      -3  303  6 1 5       6 0 6       
    1035.4983   0.0000 4.58750E+000 -10.7140  3    1.6259  13      -3  303  6 2 4       6 1 5       
    1169.8199   0.0000 4.56896E+000 -10.6136  3    1.6605  13      -3  303  6 3 3       6 2 4       
    1974.6955   0.0000 2.92980E+000 -10.3573  3    1.6995  13      -3  303  6 4 2       6 3 3       
    2701.4290   0.0000 2.03001E+000 -10.2526  3    1.7654  13      -3  303  6 5 1       6 4 2       
    3332.5485   0.0000 1.08344E+000 -10.3534  3    1.8555  13      -3  303  6 6 0       6 5 1       
 ENERGIES FOR BLOCK NUMBER  28, INDEX-DEGEN-ENERGY--EST.ERROR-MIXING-   QUANTUM NUMBERS
    28    1          1.633995          0.000000   1.000000  6  2  5
    28    2          1.764982          0.000000   1.000000  6  4  3
    28    3          1.966632          0.000000   1.000000  6  6  1
 FREQUENCY-EST.ERROR.-LINE.STR. DIP**2-LGSTR.-ITD,-GUP-I.D.-QNFORM-QUANTUM NUMBERS
   13983.9593   0.0000 3.00412E+000  -8.6114  3    1.1675  13      -3  303  6 2 5       5 1 4       
   11873.5089   0.0000 3.58055E-001  -9.6810  3    1.2379  13      -3  303  6 2 5       5 3 2       
   17910.8594   0.0000 4.95249E-002 -10.1860  3    1.1675  13      -3  303  6 4 3       5 1 4       
   15800.4090   0.0000 3.24221E+000  -8.4826  3    1.2379  13      -3  303  6 4 3       5 3 2       
   11016.2755   0.0000 9.62647E-002 -10.3317  3    1.3975  13      -3  303  6 4 3       5 5 0       
   17061.5801   0.0000 5.41541E+000  -8.2119  3    1.3975  13      -3  303  6 6 1       5 5 0       
    1885.5931   0.0000 1.88209E+000 -10.5761  3    1.5711  13      -3  303  6 2 5       6 1 6       
    1794.6038   0.0000 3.01292E+000 -10.4211  3    1.6340  13      -3  303  6 3 4       6 2 5       
    2132.2964   0.0000 2.81738E+000 -10.3073  3    1.6939  13      -3  303  6 4 3       6 3 4       
    2712.4734   0.0000 2.02768E+000 -10.2495  3    1.7650  13      -3  303  6 5 2       6 4 3       
    3332.8311   0.0000 1.08342E+000 -10.3533  3    1.8555  13      -3  303  6 6 1       6 5 2       
 ENERGIES FOR BLOCK NUMBER  29, INDEX-DEGEN-ENERGY--EST.ERROR-MIXING-   QUANTUM NUMBERS
    29    1          2.162135          0.000000   1.000000  7  2  6
    29    2          2.300108          0.000000   1.000000  7  4  4
    29    3          2.500831          0.000000   1.000000  7  6  2
 FREQUENCY-EST.ERROR.-LINE.STR. DIP**2-LGSTR.-ITD,-GUP-I.D.-QNFORM-QUANTUM NUMBERS
   16075.0328   0.0000 3.81897E+000  -8.4374  3    1.6259  15      -3  303  7 2 6       6 1 5       
   13869.7146   0.0000 3.43909E-001  -9.6150  3    1.6995  15      -3  303  7 2 6       6 3 3       
   20211.3481   0.0000 1.12439E-001  -9.7766  3    1.6259  15      -3  303  7 4 4       6 1 5       
   18006.0299   0.0000 3.16130E+000  -8.4319  3    1.6995  15      -3  303  7 4 4       6 3 3       
   13329.9053   0.0000 2.45572E-001  -9.8111  3    1.8555  15      -3  303  7 4 4       6 5 1       
   19347.4236   0.0000 5.31356E+000  -8.1625  3    1.8555  15      -3  303  7 6 2       6 5 1       
 ENERGIES FOR BLOCK NUMBER  30, INDEX-DEGEN-ENERGY--EST.ERROR-MIXING-   QUANTUM NUMBERS
    30    1          2.157539          0.000000   1.000000  7  1  6
    30    2          2.239967          0.000000   1.000000  7  3  4
    30    3          2.390158          0.000000   1.000000  7  5  2
    30    4          2.632288          0.000000   1.000000  7  7  0
 FREQUENCY-EST.ERROR.-LINE.STR. DIP**2-LGSTR.-ITD,-GUP-I.D.-QNFORM-QUANTUM NUMBERS
   15695.4644   0.0000 3.51307E+000  -8.4947  3    1.6340  15      -3  303  7 1 6       6 2 5       
   11768.5642   0.0000 2.05540E-002 -10.9845  3    1.7650  15      -3  303  7 1 6       6 4 3       
   18166.5770   0.0000 1.21664E+000  -8.8324  3    1.6340  15      -3  303  7 3 4       6 2 5       
   14239.6768   0.0000 5.11853E-001  -9.4269  3    1.7650  15      -3  303  7 3 4       6 4 3       
   22669.1862   0.0000 9.43750E-003 -10.7580  3    1.6340  15      -3  303  7 5 2       6 2 5       
   18742.2861   0.0000 4.22804E+000  -8.2789  3    1.7650  15      -3  303  7 5 2       6 4 3       
   12696.9815   0.0000 8.26968E-002 -10.3365  3    1.9666  15      -3  303  7 5 2       6 6 1       
   19955.8697   0.0000 6.41689E+000  -8.0663  3    1.9666  15      -3  303  7 7 0       6 6 1       
 ENERGIES FOR BLOCK NUMBER  31, INDEX-DEGEN-ENERGY--EST.ERROR-MIXING-   QUANTUM NUMBERS
    31    1          2.089122          0.000000   1.000000  7  1  7
    31    2          2.227806          0.000000   1.000000  7  3  5
    31    3          2.390102          0.000000   1.000000  7  5  3
    31    4          2.632288          0.000000   1.000000  7  7  1
 FREQUENCY-EST.ERROR.-LINE.STR. DIP**2-LGSTR.-ITD,-GUP-I.D.-QNFORM-QUANTUM NUMBERS
   15544.5489   0.0000 5.91680E+000  -8.2698  3    1.5706  15      -3  303  7 1 7       6 0 6       
   12850.6384   0.0000 4.99054E-002 -10.5138  3    1.6605  15      -3  303  7 1 7       6 2 4       
   19702.1939   0.0000 1.32109E-001  -9.7221  3    1.5706  15      -3  303  7 3 5       6 0 6       
   17008.2833   0.0000 2.70284E+000  -8.5437  3    1.6605  15      -3  303  7 3 5       6 2 4       
   13863.7679   0.0000 4.44148E-001  -9.5112  3    1.7654  15      -3  303  7 3 5       6 4 2       
   21873.7979   0.0000 1.81158E-002 -10.5072  3    1.6605  15      -3  303  7 5 3       6 2 4       
   18729.2825   0.0000 4.23425E+000  -8.2789  3    1.7654  15      -3  303  7 5 3       6 4 2       
   12695.3049   0.0000 8.26868E-002 -10.3367  3    1.9666  15      -3  303  7 5 3       6 6 0       
   19955.8671   0.0000 6.41689E+000  -8.0663  3    1.9666  15      -3  303  7 7 1       6 6 0       
    2188.8961   0.0000 1.92773E+000 -10.4906  3    2.0891  15      -3  303  7 2 6       7 1 7       
    1968.7488   0.0000 3.38226E+000 -10.3457  3    2.1621  15      -3  303  7 3 5       7 2 6       
    2167.5665   0.0000 3.59182E+000 -10.2433  3    2.2278  15      -3  303  7 4 4       7 3 5       
    2697.9481   0.0000 2.92648E+000 -10.1505  3    2.3001  15      -3  303  7 5 3       7 4 4       
    3319.5702   0.0000 2.06139E+000 -10.1331  3    2.3901  15      -3  303  7 6 2       7 5 3       
    3940.9920   0.0000 1.09167E+000 -10.2727  3    2.5008  15      -3  303  7 7 1       7 6 2       
 ENERGIES FOR BLOCK NUMBER  32, INDEX-DEGEN-ENERGY--EST.ERROR-MIXING-   QUANTUM NUMBERS
    32    1          2.088912          0.000000   1.000000  7  0  7
    32    2          2.201857          0.000000   1.000000  7  2  5
    32    3          2.301426          0.000000   1.000000  7  4  3
    32    4          2.500832          0.000000   1.000000  7  6  1
 FREQUENCY-EST.ERROR.-LINE.STR. DIP**2-LGSTR.-ITD,-GUP-I.D.-QNFORM-QUANTUM NUMBERS
   15523.6738   0.0000 5.90572E+000  -8.2718  3    1.5711  15      -3  303  7 0 7       6 1 6       
   11843.4769   0.0000 2.09260E-002 -10.9639  3    1.6939  15      -3  303  7 0 7       6 3 4       
   18909.6790   0.0000 2.14191E-001  -9.5466  3    1.5711  15      -3  303  7 2 5       6 1 6       
   15229.4821   0.0000 1.29483E+000  -8.9597  3    1.6939  15      -3  303  7 2 5       6 3 4       
   21894.6539   0.0000 8.74778E-003 -10.8133  3    1.5711  15      -3  303  7 4 3       6 1 6       
   18214.4570   0.0000 2.98982E+000  -8.4459  3    1.6939  15      -3  303  7 4 3       6 3 4       
   13369.6872   0.0000 2.46863E-001  -9.8063  3    1.8555  15      -3  303  7 4 3       6 5 2       
   19347.7402   0.0000 5.31344E+000  -8.1625  3    1.8555  15      -3  303  7 6 1       6 5 2       
    2057.3837   0.0000 1.96560E+000 -10.5357  3    2.0889  15      -3  303  7 1 6       7 0 7       
    1328.6215   0.0000 4.40678E+000 -10.5708  3    2.1575  15      -3  303  7 2 5       7 1 6       
    1142.4911   0.0000 5.86101E+000 -10.5824  3    2.2019  15      -3  303  7 3 4       7 2 5       
    1842.4838   0.0000 3.97349E+000 -10.3412  3    2.2400  15      -3  303  7 4 3       7 3 4       
    2660.1254   0.0000 2.93901E+000 -10.1610  3    2.3014  15      -3  303  7 5 2       7 4 3       
    3317.9275   0.0000 2.06161E+000 -10.1335  3    2.3902  15      -3  303  7 6 1       7 5 2       
    3940.9607   0.0000 1.09167E+000 -10.2727  3    2.5008  15      -3  303  7 7 0       7 6 1       
 ENERGIES FOR BLOCK NUMBER  33, INDEX-DEGEN-ENERGY--EST.ERROR-MIXING-   QUANTUM NUMBERS
    33    1          2.680316          0.000000   1.000000  8  0  8
    33    2          2.818766          0.000000   1.000000  8  2  6
    33    3          2.915603          0.000000   1.000000  8  4  4
    33    4          3.111701          0.000000   1.000000  8  6  2
    33    5          3.394487          0.000000   1.000000  8  8  0
 FREQUENCY-EST.ERROR.-LINE.STR. DIP**2-LGSTR.-ITD,-GUP-I.D.-QNFORM-QUANTUM NUMBERS
   17723.5543   0.0000 6.92439E+000  -8.1452  3    2.0891  17      -3  303  8 0 8       7 1 7       
   13565.9094   0.0000 2.12694E-002 -10.8974  3    2.2278  17      -3  303  8 0 8       7 3 5       
   21874.1991   0.0000 1.64046E-001  -9.5949  3    2.0891  17      -3  303  8 2 6       7 1 7       
   17716.5541   0.0000 2.05747E+000  -8.6871  3    2.2278  17      -3  303  8 2 6       7 3 5       
   24777.2935   0.0000 8.36967E-003 -10.7838  3    2.0891  17      -3  303  8 4 4       7 1 7       
   20619.6485   0.0000 2.65777E+000  -8.4490  3    2.2278  17      -3  303  8 4 4       7 3 5       
   15754.1339   0.0000 4.29750E-001  -9.4827  3    2.3901  17      -3  303  8 4 4       7 5 3       
   26498.5249   0.0000 7.78837E-003 -10.7741  3    2.2278  17      -3  303  8 6 2       7 3 5       
   21633.0104   0.0000 5.22985E+000  -8.1320  3    2.3901  17      -3  303  8 6 2       7 5 3       
   14372.4482   0.0000 7.23966E-002 -10.3588  3    2.6323  17      -3  303  8 6 2       7 7 1       
   22850.1313   0.0000 7.41793E+000  -7.9599  3    2.6323  17      -3  303  8 8 0       7 7 1       
 ENERGIES FOR BLOCK NUMBER  34, INDEX-DEGEN-ENERGY--EST.ERROR-MIXING-   QUANTUM NUMBERS
    34    1          2.680403          0.000000   1.000000  8  1  8
    34    2          2.837293          0.000000   1.000000  8  3  6
    34    3          3.001588          0.000000   1.000000  8  5  4
    34    4          3.242747          0.000000   1.000000  8  7  2
 FREQUENCY-EST.ERROR.-LINE.STR. DIP**2-LGSTR.-ITD,-GUP-I.D.-QNFORM-QUANTUM NUMBERS
   17732.4270   0.0000 6.92832E+000  -8.1446  3    2.0889  17      -3  303  8 1 8       7 0 7       
   14346.4218   0.0000 3.35093E-002 -10.6501  3    2.2019  17      -3  303  8 1 8       7 2 5       
   22435.8847   0.0000 1.31920E-001  -9.6685  3    2.0889  17      -3  303  8 3 6       7 0 7       
   19049.8795   0.0000 3.11712E+000  -8.4432  3    2.2019  17      -3  303  8 3 6       7 2 5       
   16064.9046   0.0000 5.70358E-001  -9.3341  3    2.3014  17      -3  303  8 3 6       7 4 3       
   23975.3161   0.0000 4.66315E-002 -10.0768  3    2.2019  17      -3  303  8 5 4       7 2 5       
   20990.3412   0.0000 4.14057E+000  -8.2493  3    2.3014  17      -3  303  8 5 4       7 4 3       
   15012.2883   0.0000 2.16375E-001  -9.8329  3    2.5008  17      -3  303  8 5 4       7 6 1       
   22242.0513   0.0000 6.31026E+000  -8.0388  3    2.5008  17      -3  303  8 7 2       7 6 1       
 ENERGIES FOR BLOCK NUMBER  35, INDEX-DEGEN-ENERGY--EST.ERROR-MIXING-   QUANTUM NUMBERS
    35    1          2.761837          0.000000   1.000000  8  1  7
    35    2          2.859298          0.000000   1.000000  8  3  5
    35    3          3.001822          0.000000   1.000000  8  5  3
    35    4          3.242747          0.000000   1.000000  8  7  1
 FREQUENCY-EST.ERROR.-LINE.STR. DIP**2-LGSTR.-ITD,-GUP-I.D.-QNFORM-QUANTUM NUMBERS
   17978.5966   0.0000 4.64280E+000  -8.3145  3    2.1621  17      -3  303  8 1 7       7 2 6       
   13842.2813   0.0000 3.67545E-002 -10.6504  3    2.3001  17      -3  303  8 1 7       7 4 4       
   20900.3958   0.0000 8.59456E-001  -8.9212  3    2.1621  17      -3  303  8 3 5       7 2 6       
   16764.0805   0.0000 7.98541E-001  -9.1520  3    2.3001  17      -3  303  8 3 5       7 4 4       
   25173.1751   0.0000 1.59063E-002 -10.4995  3    2.1621  17      -3  303  8 5 3       7 2 6       
   21036.8598   0.0000 4.11662E+000  -8.2498  3    2.3001  17      -3  303  8 5 3       7 4 4       
   15019.3416   0.0000 2.16492E-001  -9.8323  3    2.5008  17      -3  303  8 5 3       7 6 2       
   22242.0861   0.0000 6.31025E+000  -8.0388  3    2.5008  17      -3  303  8 7 1       7 6 2       
    2443.9384   0.0000 1.96245E+000 -10.4491  3    2.6803  17      -3  303  8 1 7       8 0 8       
    1706.7064   0.0000 4.14438E+000 -10.4436  3    2.7618  17      -3  303  8 2 6       8 1 7       
    4609.8007   0.0000 1.64715E-001 -10.9863  3    2.7618  17      -3  303  8 4 4       8 1 7       
    1215.0929   0.0000 6.68966E+000 -10.5358  3    2.8188  17      -3  303  8 3 5       8 2 6       
    1688.0015   0.0000 5.25117E+000 -10.3604  3    2.8593  17      -3  303  8 4 4       8 3 5       
    2584.7778   0.0000 3.84571E+000 -10.1330  3    2.9156  17      -3  303  8 5 3       8 4 4       
    3294.0986   0.0000 2.98467E+000 -10.0427  3    3.0018  17      -3  303  8 6 2       8 5 3       
    3928.6459   0.0000 2.08726E+000 -10.0575  3    3.1117  17      -3  303  8 7 1       8 6 2       
    4549.0371   0.0000 1.09815E+000 -10.2238  3    3.2427  17      -3  303  8 8 0       8 7 1       
 ENERGIES FOR BLOCK NUMBER  36, INDEX-DEGEN-ENERGY--EST.ERROR-MIXING-   QUANTUM NUMBERS
    36    1          2.764223          0.000000   1.000000  8  2  7
    36    2          2.911958          0.000000   1.000000  8  4  5
    36    3          3.111694          0.000000   1.000000  8  6  3
    36    4          3.394487          0.000000   1.000000  8  8  1
 FREQUENCY-EST.ERROR.-LINE.STR. DIP**2-LGSTR.-ITD,-GUP-I.D.-QNFORM-QUANTUM NUMBERS
   18187.9239   0.0000 4.77622E+000  -8.2920  3    2.1575  17      -3  303  8 2 7       7 1 6       
   15716.8113   0.0000 2.66046E-001  -9.6773  3    2.2400  17      -3  303  8 2 7       7 3 4       
   22616.9120   0.0000 1.90364E-001  -9.5097  3    2.1575  17      -3  303  8 4 5       7 1 6       
   20145.7993   0.0000 3.11261E+000  -8.4010  3    2.2400  17      -3  303  8 4 5       7 3 4       
   15643.1901   0.0000 4.22278E-001  -9.4963  3    2.3902  17      -3  303  8 4 5       7 5 2       
   26133.7286   0.0000 8.87325E-003 -10.7301  3    2.2400  17      -3  303  8 6 3       7 3 4       
   21631.1193   0.0000 5.23054E+000  -8.1320  3    2.3902  17      -3  303  8 6 3       7 5 2       
   14372.2312   0.0000 7.23958E-002 -10.3588  3    2.6323  17      -3  303  8 6 3       7 7 0       
   22850.1310   0.0000 7.41793E+000  -7.9599  3    2.6323  17      -3  303  8 8 1       7 7 0       
    2512.8805   0.0000 1.95018E+000 -10.4278  3    2.6804  17      -3  303  8 2 7       8 1 8       
    2190.5772   0.0000 3.61906E+000 -10.2867  3    2.7642  17      -3  303  8 3 6       8 2 7       
    2238.4109   0.0000 4.27021E+000 -10.2038  3    2.8373  17      -3  303  8 4 5       8 3 6       
    2687.0257   0.0000 3.79434E+000 -10.1050  3    2.9120  17      -3  303  8 5 4       8 4 5       
    3300.9035   0.0000 2.98332E+000 -10.0411  3    3.0016  17      -3  303  8 6 3       8 5 4       
    3928.8595   0.0000 2.08724E+000 -10.0575  3    3.1117  17      -3  303  8 7 2       8 6 3       
    4549.0404   0.0000 1.09815E+000 -10.2238  3    3.2427  17      -3  303  8 8 1       8 7 2       
 ENERGIES FOR BLOCK NUMBER  37, INDEX-DEGEN-ENERGY--EST.ERROR-MIXING-   QUANTUM NUMBERS
    37    1          3.439954          0.000000   1.000000  9  2  8
    37    2          3.600350          0.000000   1.000000  9  4  6
    37    3          3.799361          0.000000   1.000000  9  6  4
    37    4          4.081209          0.000000   1.000000  9  8  2
 FREQUENCY-EST.ERROR.-LINE.STR. DIP**2-LGSTR.-ITD,-GUP-I.D.-QNFORM-QUANTUM NUMBERS
   20329.4317   0.0000 5.79408E+000  -8.1780  3    2.7618  19      -3  303  9 2 8       8 1 7       
   17407.6324   0.0000 1.82620E-001  -9.8194  3    2.8593  19      -3  303  9 2 8       8 3 5       
   25137.9868   0.0000 2.53599E-001  -9.3605  3    2.7618  19      -3  303  9 4 6       8 1 7       
   22216.1875   0.0000 3.16062E+000  -8.3774  3    2.8593  19      -3  303  9 4 6       8 3 5       
   17943.4082   0.0000 6.04061E-001  -9.2893  3    3.0018  19      -3  303  9 4 6       8 5 3       
   28182.4011   0.0000 2.00131E-002 -10.3793  3    2.8593  19      -3  303  9 6 4       8 3 5       
   23909.6218   0.0000 5.14563E+000  -8.1196  3    3.0018  19      -3  303  9 6 4       8 5 3       
   16686.8773   0.0000 1.92742E-001  -9.8714  3    3.2427  19      -3  303  9 6 4       8 7 1       
   25136.4498   0.0000 7.30717E+000  -7.9510  3    3.2427  19      -3  303  9 8 2       8 7 1       
 ENERGIES FOR BLOCK NUMBER  38, INDEX-DEGEN-ENERGY--EST.ERROR-MIXING-   QUANTUM NUMBERS
    38    1          3.438797          0.000000   1.000000  9  1  8
    38    2          3.556742          0.000000   1.000000  9  3  6
    38    3          3.690820          0.000000   1.000000  9  5  4
    38    4          3.929841          0.000000   1.000000  9  7  2
    38    5          4.253227          0.000000   1.000000  9  9  0
 FREQUENCY-EST.ERROR.-LINE.STR. DIP**2-LGSTR.-ITD,-GUP-I.D.-QNFORM-QUANTUM NUMBERS
   20223.2210   0.0000 5.74050E+000  -8.1866  3    2.7642  19      -3  303  9 1 8       8 2 7       
   15794.2329   0.0000 4.94872E-002 -10.4737  3    2.9120  19      -3  303  9 1 8       8 4 5       
   23759.1188   0.0000 6.10347E-001  -9.0260  3    2.7642  19      -3  303  9 3 6       8 2 7       
   19330.1307   0.0000 1.19891E+000  -8.9199  3    2.9120  19      -3  303  9 3 6       8 4 5       
   27778.6846   0.0000 2.16123E-002 -10.3478  3    2.7642  19      -3  303  9 5 4       8 2 7       
   23349.6965   0.0000 3.94599E+000  -8.2452  3    2.9120  19      -3  303  9 5 4       8 4 5       
   17361.7672   0.0000 3.82948E-001  -9.5263  3    3.1117  19      -3  303  9 5 4       8 6 3       
   24527.4096   0.0000 6.22477E+000  -8.0273  3    3.1117  19      -3  303  9 7 2       8 6 3       
   16049.5097   0.0000 6.43678E-002 -10.3962  3    3.3945  19      -3  303  9 7 2       8 8 1       
   25744.3883   0.0000 8.41870E+000  -7.8856  3    3.3945  19      -3  303  9 9 0       8 8 1       
 ENERGIES FOR BLOCK NUMBER  39, INDEX-DEGEN-ENERGY--EST.ERROR-MIXING-   QUANTUM NUMBERS
    39    1          3.344902          0.000000   1.000000  9  1  9
    39    2          3.521828          0.000000   1.000000  9  3  7
    39    3          3.690039          0.000000   1.000000  9  5  5
    39    4          3.929840          0.000000   1.000000  9  7  3
    39    5          4.253227          0.000000   1.000000  9  9  1
 FREQUENCY-EST.ERROR.-LINE.STR. DIP**2-LGSTR.-ITD,-GUP-I.D.-QNFORM-QUANTUM NUMBERS
   19923.8006   0.0000 7.93742E+000  -8.0496  3    2.6803  19      -3  303  9 1 9       8 0 8       
   15773.1558   0.0000 2.46164E-002 -10.7683  3    2.8188  19      -3  303  9 1 9       8 2 6       
   25227.8916   0.0000 1.24688E-001  -9.6574  3    2.6803  19      -3  303  9 3 7       8 0 8       
   21077.2468   0.0000 3.74214E+000  -8.3436  3    2.8188  19      -3  303  9 3 7       8 2 6       
   18174.1525   0.0000 6.10262E-001  -9.2651  3    2.9156  19      -3  303  9 3 7       8 4 4       
   26120.1051   0.0000 1.04060E-001  -9.7216  3    2.8188  19      -3  303  9 5 5       8 2 6       
   23217.0108   0.0000 4.02336E+000  -8.2419  3    2.9156  19      -3  303  9 5 5       8 4 4       
   17338.1343   0.0000 3.82184E-001  -9.5283  3    3.1117  19      -3  303  9 5 5       8 6 2       
   24527.1671   0.0000 6.22485E+000  -8.0273  3    3.1117  19      -3  303  9 7 3       8 6 2       
   16049.4840   0.0000 6.43678E-002 -10.3962  3    3.3945  19      -3  303  9 7 3       8 8 0       
   25744.3883   0.0000 8.41870E+000  -7.8856  3    3.3945  19      -3  303  9 9 1       8 8 0       
    2849.5695   0.0000 1.96185E+000 -10.3858  3    3.3449  19      -3  303  9 2 8       9 1 9       
    2454.5215   0.0000 3.75682E+000 -10.2425  3    3.4400  19      -3  303  9 3 7       9 2 8       
    2354.0336   0.0000 4.82073E+000 -10.1789  3    3.5218  19      -3  303  9 4 6       9 3 7       
    2688.8247   0.0000 4.63171E+000 -10.0895  3    3.6003  19      -3  303  9 5 5       9 4 6       
    3277.3888   0.0000 3.87766E+000 -10.0051  3    3.6900  19      -3  303  9 6 4       9 5 5       
    3911.6439   0.0000 3.02636E+000  -9.9716  3    3.7994  19      -3  303  9 7 3       9 6 4       
    4537.9287   0.0000 2.10815E+000 -10.0142  3    3.9298  19      -3  303  9 8 2       9 7 3       
    5156.9756   0.0000 1.10339E+000 -10.2012  3    4.0812  19      -3  303  9 9 1       9 8 2       
 ENERGIES FOR BLOCK NUMBER  40, INDEX-DEGEN-ENERGY--EST.ERROR-MIXING-   QUANTUM NUMBERS
    40    1          3.344867          0.000000   1.000000  9  0  9
    40    2          3.509819          0.000000   1.000000  9  2  7
    40    3          3.608721          0.000000   1.000000  9  4  5
    40    4          3.799397          0.000000   1.000000  9  6  3
    40    5          4.081209          0.000000   1.000000  9  8  1
 FREQUENCY-EST.ERROR.-LINE.STR. DIP**2-LGSTR.-ITD,-GUP-I.D.-QNFORM-QUANTUM NUMBERS
   19920.1489   0.0000 7.93603E+000  -8.0498  3    2.6804  19      -3  303  9 0 9       8 1 8       
   15216.6913   0.0000 1.99915E-002 -10.8909  3    2.8373  19      -3  303  9 0 9       8 3 6       
   24865.2700   0.0000 1.35963E-001  -9.6318  3    2.6804  19      -3  303  9 2 7       8 1 8       
   20161.8123   0.0000 3.05607E+000  -8.4706  3    2.8373  19      -3  303  9 2 7       8 3 6       
   15236.3757   0.0000 2.25559E-002 -10.8545  3    3.0016  19      -3  303  9 2 7       8 5 4       
   27830.2895   0.0000 6.34624E-003 -10.8698  3    2.6804  19      -3  303  9 4 5       8 1 8       
   23126.8318   0.0000 2.19343E+000  -8.5004  3    2.8373  19      -3  303  9 4 5       8 3 6       
   18201.3952   0.0000 6.36531E-001  -9.2545  3    3.0016  19      -3  303  9 4 5       8 5 4       
   28843.1383   0.0000 1.48579E-002 -10.4873  3    2.8373  19      -3  303  9 6 3       8 3 6       
   23917.7017   0.0000 5.14257E+000  -8.1196  3    3.0016  19      -3  303  9 6 3       8 5 4       
   16687.9386   0.0000 1.92752E-001  -9.8713  3    3.2427  19      -3  303  9 6 3       8 7 2       
   25136.4534   0.0000 7.30717E+000  -7.9510  3    3.2427  19      -3  303  9 8 1       8 7 2       
    2815.9526   0.0000 1.96588E+000 -10.3952  3    3.3449  19      -3  303  9 1 8       9 0 9       
    2129.1685   0.0000 3.97722E+000 -10.3406  3    3.4388  19      -3  303  9 2 7       9 1 8       
    1406.7293   0.0000 6.87517E+000 -10.4690  3    3.5098  19      -3  303  9 3 6       9 2 7       
    5426.2951   0.0000 1.39723E-001 -10.9954  3    3.5098  19      -3  303  9 5 4       9 2 7       
    5094.1880   0.0000 1.54943E-001 -10.9974  3    3.4388  19      -3  303  9 4 5       9 1 8       
    1558.2902   0.0000 6.74219E+000 -10.3938  3    3.5567  19      -3  303  9 4 5       9 3 6       
    2461.2756   0.0000 4.80872E+000 -10.1505  3    3.6087  19      -3  303  9 5 4       9 4 5       
    3255.0309   0.0000 3.88380E+000 -10.0104  3    3.6908  19      -3  303  9 6 3       9 5 4       
    3910.6114   0.0000 3.02650E+000  -9.9718  3    3.7994  19      -3  303  9 7 2       9 6 3       
    4537.9033   0.0000 2.10815E+000 -10.0143  3    3.9298  19      -3  303  9 8 1       9 7 2       
    5156.9753   0.0000 1.10339E+000 -10.2012  3    4.0812  19      -3  303  9 9 0       9 8 1       
 ENERGIES FOR BLOCK NUMBER  41, INDEX-DEGEN-ENERGY--EST.ERROR-MIXING-   QUANTUM NUMBERS
    41    1          4.082589          0.000000   1.000000 10  0 10
    41    2          4.273847          0.000000   1.000000 10  2  8
    41    3          4.381330          0.000000   1.000000 10  4  6
    41    4          4.564117          0.000000   1.000000 10  6  4
    41    5          4.844542          0.000000   1.000000 10  8  2
    41    6          5.208509          0.000000   1.000000 10 10  0
 FREQUENCY-EST.ERROR.-LINE.STR. DIP**2-LGSTR.-ITD,-GUP-I.D.-QNFORM-QUANTUM NUMBERS
   22115.2945   0.0000 8.94399E+000  -7.9800  3    3.3449  21      -3  303 10 010       9 1 9       
   16811.2035   0.0000 1.81408E-002 -10.9205  3    3.5218  21      -3  303 10 010       9 3 7       
   27849.0753   0.0000 1.18902E-001  -9.6658  3    3.3449  21      -3  303 10 2 8       9 1 9       
   22544.9843   0.0000 4.20700E+000  -8.3100  3    3.5218  21      -3  303 10 2 8       9 3 7       
   17502.1260   0.0000 4.55187E-002 -10.5047  3    3.6900  21      -3  303 10 2 8       9 5 5       
   25767.2292   0.0000 1.68137E+000  -8.5977  3    3.5218  21      -3  303 10 4 6       9 3 7       
   20724.3709   0.0000 8.76252E-001  -9.0789  3    3.6900  21      -3  303 10 4 6       9 5 5       
   26204.1811   0.0000 5.03290E+000  -8.1252  3    3.6900  21      -3  303 10 6 4       9 5 5       
   19015.1484   0.0000 3.45830E-001  -9.5796  3    3.9298  21      -3  303 10 6 4       9 7 3       
   27422.0946   0.0000 7.21848E+000  -7.9561  3    3.9298  21      -3  303 10 8 2       9 7 3       
   17727.1904   0.0000 5.79372E-002 -10.4479  3    4.2532  21      -3  303 10 8 2       9 9 1       
   28638.6424   0.0000 9.41930E+000  -7.8386  3    4.2532  21      -3  303 1010 0       9 9 1       
 ENERGIES FOR BLOCK NUMBER  42, INDEX-DEGEN-ENERGY--EST.ERROR-MIXING-   QUANTUM NUMBERS
    42    1          4.082603          0.000000   1.000000 10  1 10
    42    2          4.280913          0.000000   1.000000 10  3  8
    42    3          4.455509          0.000000   1.000000 10  5  6
    42    4          4.693685          0.000000   1.000000 10  7  4
    42    5          5.016215          0.000000   1.000000 10  9  2
 FREQUENCY-EST.ERROR.-LINE.STR. DIP**2-LGSTR.-ITD,-GUP-I.D.-QNFORM-QUANTUM NUMBERS
   22116.7614   0.0000 8.94448E+000  -7.9799  3    3.3449  21      -3  303 10 110       9 0 9       
   17171.6403   0.0000 1.97155E-002 -10.8653  3    3.5098  21      -3  303 10 110       9 2 7       
   28061.9516   0.0000 1.15226E-001  -9.6731  3    3.3449  21      -3  303 10 3 8       9 0 9       
   23116.8306   0.0000 4.57681E+000  -8.2514  3    3.5098  21      -3  303 10 3 8       9 2 7       
   20151.8111   0.0000 5.48362E-001  -9.2974  3    3.6087  21      -3  303 10 3 8       9 4 5       
   28351.0730   0.0000 1.96202E-001  -9.4507  3    3.5098  21      -3  303 10 5 6       9 2 7       
   25386.0535   0.0000 3.89160E+000  -8.2546  3    3.6087  21      -3  303 10 5 6       9 4 5       
   19669.7470   0.0000 5.66628E-001  -9.3232  3    3.7994  21      -3  303 10 5 6       9 6 3       
   26810.0815   0.0000 6.14392E+000  -8.0311  3    3.7994  21      -3  303 10 7 4       9 6 3       
   18361.5668   0.0000 1.73631E-001  -9.9238  3    4.0812  21      -3  303 10 7 4       9 8 1       
   28030.7832   0.0000 8.30442E+000  -7.8930  3    4.0812  21      -3  303 10 9 2       9 8 1       
 ENERGIES FOR BLOCK NUMBER  43, INDEX-DEGEN-ENERGY--EST.ERROR-MIXING-   QUANTUM NUMBERS
    43    1          4.188585          0.000000   1.000000 10  1  9
    43    2          4.331132          0.000000   1.000000 10  3  7
    43    3          4.457692          0.000000   1.000000 10  5  5
    43    4          4.693689          0.000000   1.000000 10  7  3
    43    5          5.016215          0.000000   1.000000 10  9  1
 FREQUENCY-EST.ERROR.-LINE.STR. DIP**2-LGSTR.-ITD,-GUP-I.D.-QNFORM-QUANTUM NUMBERS
   22443.4074   0.0000 6.80209E+000  -8.0966  3    3.4400  21      -3  303 10 1 9       9 2 8       
   17634.8523   0.0000 5.56134E-002 -10.4020  3    3.6003  21      -3  303 10 1 9       9 4 6       
   26716.8560   0.0000 4.55455E-001  -9.1266  3    3.4400  21      -3  303 10 3 7       9 2 8       
   21908.3009   0.0000 1.77654E+000  -8.7164  3    3.6003  21      -3  303 10 3 7       9 4 6       
   25702.4822   0.0000 3.67305E+000  -8.2686  3    3.6003  21      -3  303 10 5 5       9 4 6       
   19736.2686   0.0000 5.70305E-001  -9.3176  3    3.7994  21      -3  303 10 5 5       9 6 4       
   26811.2822   0.0000 6.14355E+000  -8.0311  3    3.7994  21      -3  303 10 7 3       9 6 4       
   18361.7096   0.0000 1.73632E-001  -9.9238  3    4.0812  21      -3  303 10 7 3       9 8 2       
   28030.7836   0.0000 8.30442E+000  -7.8930  3    4.0812  21      -3  303 10 9 1       9 8 2       
    3177.6824   0.0000 1.97004E+000 -10.3667  3    4.0826  21      -3  303 10 1 9      10 010       
    2556.0985   0.0000 3.91219E+000 -10.2678  3    4.1886  21      -3  303 10 2 8      10 1 9       
    1717.3501   0.0000 6.60577E+000 -10.3932  3    4.2738  21      -3  303 10 3 7      10 2 8       
    1504.8947   0.0000 8.14251E+000 -10.4226  3    4.3311  21      -3  303 10 4 6      10 3 7       
    5511.5314   0.0000 2.26887E-001 -10.8510  3    4.2738  21      -3  303 10 5 5      10 2 8       
    2289.2866   0.0000 5.93025E+000 -10.2025  3    4.3813  21      -3  303 10 5 5      10 4 6       
    3190.5237   0.0000 4.78283E+000 -10.0171  3    4.4577  21      -3  303 10 6 4      10 5 5       
    3884.4899   0.0000 3.93499E+000  -9.9432  3    4.5641  21      -3  303 10 7 3      10 6 4       
    4522.4563   0.0000 3.06233E+000  -9.9346  3    4.6937  21      -3  303 10 8 2      10 7 3       
    5146.6176   0.0000 2.12544E+000  -9.9977  3    4.8445  21      -3  303 10 9 1      10 8 2       
    5764.8344   0.0000 1.10770E+000 -10.2011  3    5.0162  21      -3  303 1010 0      10 9 1       
 ENERGIES FOR BLOCK NUMBER  44, INDEX-DEGEN-ENERGY--EST.ERROR-MIXING-   QUANTUM NUMBERS
    44    1          4.189118          0.000000   1.000000 10  2  9
    44    2          4.364948          0.000000   1.000000 10  4  7
    44    3          4.563980          0.000000   1.000000 10  6  5
    44    4          4.844542          0.000000   1.000000 10  8  3
    44    5          5.208509          0.000000   1.000000 10 10  1
 FREQUENCY-EST.ERROR.-LINE.STR. DIP**2-LGSTR.-ITD,-GUP-I.D.-QNFORM-QUANTUM NUMBERS
   22494.0537   0.0000 6.82310E+000  -8.0932  3    3.4388  21      -3  303 10 2 9       9 1 8       
   18958.1559   0.0000 1.22547E-001  -9.9938  3    3.5567  21      -3  303 10 2 9       9 3 6       
   27765.3137   0.0000 2.86490E-001  -9.2961  3    3.4388  21      -3  303 10 4 7       9 1 8       
   24229.4159   0.0000 3.36536E+000  -8.3508  3    3.5567  21      -3  303 10 4 7       9 3 6       
   20209.8501   0.0000 7.62966E-001  -9.1601  3    3.6908  21      -3  303 10 4 7       9 5 4       
   26176.6752   0.0000 5.04395E+000  -8.1252  3    3.6908  21      -3  303 10 6 5       9 5 4       
   19011.0329   0.0000 3.45753E-001  -9.5798  3    3.9298  21      -3  303 10 6 5       9 7 2       
   27422.0661   0.0000 7.21849E+000  -7.9561  3    3.9298  21      -3  303 10 8 3       9 7 2       
   17727.1875   0.0000 5.79372E-002 -10.4479  3    4.2532  21      -3  303 10 8 3       9 9 0       
   28638.6424   0.0000 9.41930E+000  -7.8386  3    4.2532  21      -3  303 1010 1       9 9 0       
    3193.2449   0.0000 1.96868E+000 -10.3628  3    4.0826  21      -3  303 10 2 9      10 110       
    2751.9454   0.0000 3.83121E+000 -10.2132  3    4.1891  21      -3  303 10 3 8      10 2 9       
    2519.3147   0.0000 5.22711E+000 -10.1641  3    4.2809  21      -3  303 10 4 7      10 3 8       
    2714.9278   0.0000 5.41729E+000 -10.0927  3    4.3649  21      -3  303 10 5 6      10 4 7       
    3251.8973   0.0000 4.75966E+000 -10.0025  3    4.4555  21      -3  303 10 6 5      10 5 6       
    3888.4372   0.0000 3.93427E+000  -9.9424  3    4.5640  21      -3  303 10 7 4      10 6 5       
    4522.5960   0.0000 3.06232E+000  -9.9346  3    4.6937  21      -3  303 10 8 3      10 7 4       
    5146.6204   0.0000 2.12544E+000  -9.9977  3    4.8445  21      -3  303 10 9 2      10 8 3       
    5764.8345   0.0000 1.10770E+000 -10.2011  3    5.0162  21      -3  303 1010 1      10 9 2       
 ENERGIES FOR BLOCK NUMBER  45, INDEX-DEGEN-ENERGY--EST.ERROR-MIXING-   QUANTUM NUMBERS
    45    1          5.011591          0.000000   1.000000 11  2 10
    45    2          5.205299          0.000000   1.000000 11  4  8
    45    3          5.405693          0.000000   1.000000 11  6  6
    45    4          5.684587          0.000000   1.000000 11  8  4
    45    5          6.047765          0.000000   1.000000 11 10  2
 FREQUENCY-EST.ERROR.-LINE.STR. DIP**2-LGSTR.-ITD,-GUP-I.D.-QNFORM-QUANTUM NUMBERS
   24673.0791   0.0000 7.84812E+000  -8.0339  3    4.1886  23      -3  303 11 210      10 1 9       
   20399.6305   0.0000 8.60140E-002 -10.1669  3    4.3311  23      -3  303 11 210      10 3 7       
   26206.8720   0.0000 3.77175E+000  -8.3171  3    4.3311  23      -3  303 11 4 8      10 3 7       
   22412.6907   0.0000 8.61412E-001  -9.1011  3    4.4577  23      -3  303 11 4 8      10 5 5       
   28420.3478   0.0000 4.91417E+000  -8.1487  3    4.4577  23      -3  303 11 6 6      10 5 5       
   21345.3342   0.0000 5.20918E-001  -9.3847  3    4.6937  23      -3  303 11 6 6      10 7 3       
   29706.3641   0.0000 7.13808E+000  -7.9748  3    4.6937  23      -3  303 11 8 4      10 7 3       
   20037.2901   0.0000 1.57925E-001  -9.9894  3    5.0162  23      -3  303 11 8 4      10 9 1       
 ENERGIES FOR BLOCK NUMBER  46, INDEX-DEGEN-ENERGY--EST.ERROR-MIXING-   QUANTUM NUMBERS
    46    1          5.011354          0.000000   1.000000 11  1 10
    46    2          5.181035          0.000000   1.000000 11  3  8
    46    3          5.303193          0.000000   1.000000 11  5  6
    46    4          5.534435          0.000000   1.000000 11  7  4
    46    5          5.855797          0.000000   1.000000 11  9  2
    46    6          6.260333          0.000000   1.000000 11 11  0
 FREQUENCY-EST.ERROR.-LINE.STR. DIP**2-LGSTR.-ITD,-GUP-I.D.-QNFORM-QUANTUM NUMBERS
   24650.0056   0.0000 7.83995E+000  -8.0352  3    4.1891  23      -3  303 11 110      10 2 9       
   19378.7456   0.0000 5.60308E-002 -10.3995  3    4.3649  23      -3  303 11 110      10 4 7       
   29736.9114   0.0000 3.64619E-001  -9.2132  3    4.1891  23      -3  303 11 3 8      10 2 9       
   24465.6514   0.0000 2.58813E+000  -8.5410  3    4.3649  23      -3  303 11 3 8      10 4 7       
   18498.8263   0.0000 1.97375E-002 -10.9122  3    4.5640  23      -3  303 11 3 8      10 6 5       
   28127.8636   0.0000 3.25936E+000  -8.3259  3    4.3649  23      -3  303 11 5 6      10 4 7       
   22161.0385   0.0000 7.71569E-001  -9.1694  3    4.5640  23      -3  303 11 5 6      10 6 5       
   29093.4918   0.0000 6.05368E+000  -8.0500  3    4.5640  23      -3  303 11 7 4      10 6 5       
   20682.4586   0.0000 3.15027E-001  -9.6451  3    4.8445  23      -3  303 11 7 4      10 8 3       
   19405.2106   0.0000 5.26725E-002 -10.5130  3    5.2085  23      -3  303 11 9 2      1010 1       
 ENERGIES FOR BLOCK NUMBER  47, INDEX-DEGEN-ENERGY--EST.ERROR-MIXING-   QUANTUM NUMBERS
    47    1          4.893497          0.000000   1.000000 11  1 11
    47    2          5.114103          0.000000   1.000000 11  3  9
    47    3          5.297935          0.000000   1.000000 11  5  7
    47    4          5.534414          0.000000   1.000000 11  7  5
    47    5          5.855797          0.000000   1.000000 11  9  3
    47    6          6.260333          0.000000   1.000000 11 11  1
 FREQUENCY-EST.ERROR.-LINE.STR. DIP**2-LGSTR.-ITD,-GUP-I.D.-QNFORM-QUANTUM NUMBERS
   24310.4112   0.0000 9.95002E+000  -7.9320  3    4.0826  23      -3  303 11 111      10 010       
   18576.6304   0.0000 1.67739E-002 -10.9491  3    4.2738  23      -3  303 11 111      10 2 8       
   25190.2311   0.0000 5.56020E+000  -8.1753  3    4.2738  23      -3  303 11 3 9      10 2 8       
   21967.9862   0.0000 4.24262E-001  -9.4174  3    4.3813  23      -3  303 11 3 9      10 4 6       
   27479.1230   0.0000 3.79148E+000  -8.2811  3    4.3813  23      -3  303 11 5 7      10 4 6       
   21999.3128   0.0000 7.56851E-001  -9.1839  3    4.5641  23      -3  303 11 5 7      10 6 4       
   29088.7776   0.0000 6.05517E+000  -8.0500  3    4.5641  23      -3  303 11 7 5      10 6 4       
   20681.8314   0.0000 3.15019E-001  -9.6452  3    4.8445  23      -3  303 11 7 5      10 8 2       
   19405.2103   0.0000 5.26725E-002 -10.5130  3    5.2085  23      -3  303 11 9 3      1010 0       
    3540.3503   0.0000 1.97326E+000 -10.3572  3    4.8935  23      -3  303 11 210      11 111       
    3073.2504   0.0000 3.87015E+000 -10.1991  3    5.0116  23      -3  303 11 3 9      11 210       
    2733.9910   0.0000 5.49792E+000 -10.1583  3    5.1141  23      -3  303 11 4 8      11 3 9       
    2777.1458   0.0000 6.11526E+000 -10.1080  3    5.2053  23      -3  303 11 5 7      11 4 8       
    3230.5113   0.0000 5.63228E+000 -10.0229  3    5.2979  23      -3  303 11 6 6      11 5 7       
    3858.9535   0.0000 4.82787E+000  -9.9477  3    5.4057  23      -3  303 11 7 5      11 6 6       
    4502.0764   0.0000 3.98237E+000  -9.9119  3    5.5344  23      -3  303 11 8 4      11 7 5       
    5132.7546   0.0000 3.09301E+000  -9.9246  3    5.6846  23      -3  303 11 9 3      11 8 4       
    5755.0422   0.0000 2.13996E+000 -10.0040  3    5.8558  23      -3  303 1110 2      11 9 3       
    6372.6421   0.0000 1.11131E+000 -10.2211  3    6.0478  23      -3  303 1111 1      1110 2       
 ENERGIES FOR BLOCK NUMBER  48, INDEX-DEGEN-ENERGY--EST.ERROR-MIXING-   QUANTUM NUMBERS
    48    1          4.893492          0.000000   1.000000 11  0 11
    48    2          5.110279          0.000000   1.000000 11  2  9
    48    3          5.233280          0.000000   1.000000 11  4  7
    48    4          5.406136          0.000000   1.000000 11  6  5
    48    5          5.684588          0.000000   1.000000 11  8  3
    48    6          6.047765          0.000000   1.000000 11 10  1
 FREQUENCY-EST.ERROR.-LINE.STR. DIP**2-LGSTR.-ITD,-GUP-I.D.-QNFORM-QUANTUM NUMBERS
   24309.8331   0.0000 9.94985E+000  -7.9321  3    4.0826  23      -3  303 11 011      10 110       
   18364.6428   0.0000 1.62736E-002 -10.9726  3    4.2809  23      -3  303 11 011      10 3 8       
   24863.7630   0.0000 5.38934E+000  -8.2004  3    4.2809  23      -3  303 11 2 9      10 3 8       
   19629.5206   0.0000 7.07399E-002 -10.2969  3    4.4555  23      -3  303 11 2 9      10 5 6       
   28551.2247   0.0000 1.23614E+000  -8.7259  3    4.2809  23      -3  303 11 4 7      10 3 8       
   23316.9823   0.0000 1.18219E+000  -8.9306  3    4.4555  23      -3  303 11 4 7      10 5 6       
   28499.0776   0.0000 4.87940E+000  -8.1493  3    4.4555  23      -3  303 11 6 5      10 5 6       
   21358.7431   0.0000 5.21330E-001  -9.3839  3    4.6937  23      -3  303 11 6 5      10 7 4       
   29706.5243   0.0000 7.13804E+000  -7.9748  3    4.6937  23      -3  303 11 8 3      10 7 4       
   20037.3079   0.0000 1.57925E-001  -9.9894  3    5.0162  23      -3  303 11 8 3      10 9 2       
    3533.4175   0.0000 1.97372E+000 -10.3588  3    4.8935  23      -3  303 11 110      11 011       
    2965.7028   0.0000 3.89848E+000 -10.2266  3    5.0114  23      -3  303 11 2 9      11 110       
    2121.2030   0.0000 6.23684E+000 -10.3225  3    5.1103  23      -3  303 11 3 8      11 2 9       
    5783.4152   0.0000 2.76292E-001 -10.8112  3    5.1103  23      -3  303 11 5 6      11 2 9       
    1566.2587   0.0000 9.02000E+000 -10.4321  3    5.1810  23      -3  303 11 4 7      11 3 8       
    2095.9535   0.0000 7.32029E+000 -10.2761  3    5.2333  23      -3  303 11 5 6      11 4 7       
    3086.1418   0.0000 5.70989E+000 -10.0569  3    5.3032  23      -3  303 11 6 5      11 5 6       
    3846.3115   0.0000 4.83083E+000  -9.9503  3    5.4061  23      -3  303 11 7 4      11 6 5       
    4501.4697   0.0000 3.98245E+000  -9.9120  3    5.5344  23      -3  303 11 8 3      11 7 4       
    5132.7372   0.0000 3.09301E+000  -9.9246  3    5.6846  23      -3  303 11 9 2      11 8 3       
    5755.0419   0.0000 2.13996E+000 -10.0040  3    5.8558  23      -3  303 1110 1      11 9 2       
    6372.6421   0.0000 1.11131E+000 -10.2211  3    6.0478  23      -3  303 1111 0      1110 1       
 ENERGIES FOR BLOCK NUMBER  49, INDEX-DEGEN-ENERGY--EST.ERROR-MIXING-   QUANTUM NUMBERS
    49    1          5.777580          0.000000   1.000000 12  0 12
    49    2          6.019101          0.000000   1.000000 12  2 10
    49    3          6.163691          0.000000   1.000000 12  4  8
    49    4          6.325852          0.000000   1.000000 12  6  6
    49    5          6.601458          0.000000   1.000000 12  8  4
    49    6          6.963601          0.000000   1.000000 12 10  2
    49    7          7.408699          0.000000   1.000000 12 12  0
 FREQUENCY-EST.ERROR.-LINE.STR. DIP**2-LGSTR.-ITD,-GUP-I.D.-QNFORM-QUANTUM NUMBERS
   26504.1292   0.0000 1.09544E+001  -7.9034  3    4.8935  25      -3  303 12 012      11 111       
   27131.1688   0.0000 6.53409E+000  -8.1315  3    5.1141  25      -3  303 12 210      11 3 9       
   21620.0320   0.0000 8.98117E-002 -10.2004  3    5.2979  25      -3  303 12 210      11 5 7       
   25954.7136   0.0000 1.60927E+000  -8.7957  3    5.2979  25      -3  303 12 4 8      11 5 7       
   23726.7162   0.0000 7.11762E-001  -9.2489  3    5.5344  25      -3  303 12 6 6      11 7 5       
   22354.3470   0.0000 2.89117E-001  -9.7230  3    5.8558  25      -3  303 12 8 4      11 9 3       
   21083.4495   0.0000 4.82836E-002 -10.5911  3    6.2603  25      -3  303 1210 2      1111 1       
 ENERGIES FOR BLOCK NUMBER  50, INDEX-DEGEN-ENERGY--EST.ERROR-MIXING-   QUANTUM NUMBERS
    50    1          5.777582          0.000000   1.000000 12  1 12
    50    2          6.021041          0.000000   1.000000 12  3 10
    50    3          6.217111          0.000000   1.000000 12  5  8
    50    4          6.452171          0.000000   1.000000 12  7  6
    50    5          6.772060          0.000000   1.000000 12  9  4
    50    6          7.175858          0.000000   1.000000 12 11  2
 FREQUENCY-EST.ERROR.-LINE.STR. DIP**2-LGSTR.-ITD,-GUP-I.D.-QNFORM-QUANTUM NUMBERS
   26504.3536   0.0000 1.09545E+001  -7.9034  3    4.8935  25      -3  303 12 112      11 011       
   27303.9626   0.0000 6.60681E+000  -8.1211  3    5.1103  25      -3  303 12 310      11 2 9       
   23616.5009   0.0000 3.00042E-001  -9.5965  3    5.2333  25      -3  303 12 310      11 4 7       
   29494.5187   0.0000 3.79696E+000  -8.3111  3    5.2333  25      -3  303 12 5 8      11 4 7       
   24312.4233   0.0000 9.35961E-001  -9.0964  3    5.4061  25      -3  303 12 5 8      11 6 5       
   23011.5812   0.0000 4.79604E-001  -9.4613  3    5.6846  25      -3  303 12 7 6      11 8 3       
   21713.8256   0.0000 1.44806E-001 -10.0675  3    6.0478  25      -3  303 12 9 4      1110 1       
 ENERGIES FOR BLOCK NUMBER  51, INDEX-DEGEN-ENERGY--EST.ERROR-MIXING-   QUANTUM NUMBERS
    51    1          5.907200          0.000000   1.000000 12  1 11
    51    2          6.104923          0.000000   1.000000 12  3  9
    51    3          6.228159          0.000000   1.000000 12  5  7
    51    4          6.452248          0.000000   1.000000 12  7  5
    51    5          6.772060          0.000000   1.000000 12  9  3
    51    6          7.175858          0.000000   1.000000 12 11  1
 FREQUENCY-EST.ERROR.-LINE.STR. DIP**2-LGSTR.-ITD,-GUP-I.D.-QNFORM-QUANTUM NUMBERS
   26849.7062   0.0000 8.86436E+000  -7.9969  3    5.0116  25      -3  303 12 111      11 210       
   21042.4647   0.0000 5.30904E-002 -10.4417  3    5.2053  25      -3  303 12 111      11 4 8       
   26970.0376   0.0000 3.63771E+000  -8.4002  3    5.2053  25      -3  303 12 3 9      11 4 8       
   20962.3805   0.0000 4.27372E-002 -10.5599  3    5.4057  25      -3  303 12 3 9      11 6 6       
   24656.9145   0.0000 9.87364E-001  -9.0615  3    5.4057  25      -3  303 12 5 7      11 6 6       
   23013.8888   0.0000 4.79649E-001  -9.4612  3    5.6846  25      -3  303 12 7 5      11 8 4       
   21713.8277   0.0000 1.44806E-001 -10.0675  3    6.0478  25      -3  303 12 9 3      1110 2       
    3885.9272   0.0000 1.97685E+000 -10.3682  3    5.7776  25      -3  303 12 111      12 012       
    3354.7130   0.0000 3.90122E+000 -10.2132  3    5.9072  25      -3  303 12 210      12 111       
    2572.8599   0.0000 5.98807E+000 -10.2679  3    6.0191  25      -3  303 12 3 9      12 210       
    1761.8218   0.0000 9.18000E+000 -10.4188  3    6.1049  25      -3  303 12 4 8      12 3 9       
    6623.2892   0.0000 2.25144E-001 -10.8874  3    6.1049  25      -3  303 12 6 6      12 3 9       
    6267.3939   0.0000 2.58723E-001 -10.8654  3    6.0191  25      -3  303 12 5 7      12 210       
    1932.7122   0.0000 8.93363E+000 -10.3566  3    6.1637  25      -3  303 12 5 7      12 4 8       
    2928.7553   0.0000 6.71989E+000 -10.1277  3    6.2282  25      -3  303 12 6 6      12 5 7       
    3789.2489   0.0000 5.72860E+000  -9.9849  3    6.3259  25      -3  303 12 7 5      12 6 6       
    4473.2128   0.0000 4.88408E+000  -9.9244  3    6.4522  25      -3  303 12 8 4      12 7 5       
    5114.5229   0.0000 4.02483E+000  -9.9087  3    6.6015  25      -3  303 12 9 3      12 8 4       
    5742.2639   0.0000 3.11945E+000  -9.9377  3    6.7721  25      -3  303 1210 2      12 9 3       
    6363.2822   0.0000 2.15233E+000 -10.0307  3    6.9636  25      -3  303 1211 1      1210 2       
    6980.4140   0.0000 1.11438E+000 -10.2593  3    7.1759  25      -3  303 1212 0      1211 1       
 ENERGIES FOR BLOCK NUMBER  52, INDEX-DEGEN-ENERGY--EST.ERROR-MIXING-   QUANTUM NUMBERS
    52    1          5.907302          0.000000   1.000000 12  2 11
    52    2          6.120877          0.000000   1.000000 12  4  9
    52    3          6.324607          0.000000   1.000000 12  6  7
    52    4          6.601455          0.000000   1.000000 12  8  5
    52    5          6.963601          0.000000   1.000000 12 10  3
    52    6          7.408699          0.000000   1.000000 12 12  1
 FREQUENCY-EST.ERROR.-LINE.STR. DIP**2-LGSTR.-ITD,-GUP-I.D.-QNFORM-QUANTUM NUMBERS
   26859.8615   0.0000 8.86752E+000  -7.9964  3    5.0114  25      -3  303 12 211      11 110       
   21772.9557   0.0000 6.51369E-002 -10.3219  3    5.1810  25      -3  303 12 211      11 3 8       
   28175.7669   0.0000 4.40895E+000  -8.2782  3    5.1810  25      -3  303 12 4 9      11 3 8       
   24513.5547   0.0000 8.61743E-001  -9.1147  3    5.3032  25      -3  303 12 4 9      11 5 6       
   23688.7596   0.0000 7.09989E-001  -9.2513  3    5.5344  25      -3  303 12 6 7      11 7 4       
   22354.2602   0.0000 2.89116E-001  -9.7230  3    5.8558  25      -3  303 12 8 5      11 9 2       
   21083.4495   0.0000 4.82836E-002 -10.5911  3    6.2603  25      -3  303 1210 3      1111 0       
    3888.9254   0.0000 1.97669E+000 -10.3676  3    5.7776  25      -3  303 12 211      12 112       
    3409.8039   0.0000 3.89126E+000 -10.2003  3    5.9073  25      -3  303 12 310      12 211       
    2993.0073   0.0000 5.66127E+000 -10.1618  3    6.0210  25      -3  303 12 4 9      12 310       
    2885.0105   0.0000 6.68974E+000 -10.1315  3    6.1209  25      -3  303 12 5 8      12 4 9       
    3222.6478   0.0000 6.48396E+000 -10.0595  3    6.2171  25      -3  303 12 6 7      12 5 8       
    3824.2914   0.0000 5.71806E+000  -9.9777  3    6.3246  25      -3  303 12 7 6      12 6 7       
    4475.4162   0.0000 4.88371E+000  -9.9240  3    6.4522  25      -3  303 12 8 5      12 7 6       
    5114.6073   0.0000 4.02482E+000  -9.9087  3    6.6015  25      -3  303 12 9 4      12 8 5       
    5742.2659   0.0000 3.11945E+000  -9.9377  3    6.7721  25      -3  303 1210 3      12 9 4       
    6363.2822   0.0000 2.15233E+000 -10.0307  3    6.9636  25      -3  303 1211 2      1210 3       
    6980.4140   0.0000 1.11438E+000 -10.2593  3    7.1759  25      -3  303 1212 1      1211 2       
 ENERGIES FOR BLOCK NUMBER  53, INDEX-DEGEN-ENERGY--EST.ERROR-MIXING-   QUANTUM NUMBERS
    53    1          6.876220          0.000000   1.000000 13  2 12
    53    2          7.111149          0.000000   1.000000 13  4 10
    53    3          7.320754          0.000000   1.000000 13  6  8
    53    4          7.595271          0.000000   1.000000 13  8  6
    53    5          7.956095          0.000000   1.000000 13 10  4
    53    6          8.400493          0.000000   1.000000 13 12  2
 FREQUENCY-EST.ERROR.-LINE.STR. DIP**2-LGSTR.-ITD,-GUP-I.D.-QNFORM-QUANTUM NUMBERS
   29050.4921   0.0000 9.88244E+000  -7.9782  3    5.9072  27      -3  303 13 212      12 111       
   23122.9192   0.0000 5.31673E-002 -10.4563  3    6.1049  27      -3  303 13 212      12 3 9       
   26471.3636   0.0000 7.56057E-001  -9.2044  3    6.2282  27      -3  303 13 410      12 5 7       
   26037.1740   0.0000 9.04926E-001  -9.1633  3    6.4522  27      -3  303 13 6 8      12 7 5       
   24679.2434   0.0000 4.43732E-001  -9.5504  3    6.7721  27      -3  303 13 8 6      12 9 3       
   23390.9205   0.0000 1.33690E-001 -10.1579  3    7.1759  27      -3  303 1310 4      1211 1       
 ENERGIES FOR BLOCK NUMBER  54, INDEX-DEGEN-ENERGY--EST.ERROR-MIXING-   QUANTUM NUMBERS
    54    1          6.876177          0.000000   1.000000 13  1 12
    54    2          7.101541          0.000000   1.000000 13  3 10
    54    3          7.233111          0.000000   1.000000 13  5  8
    54    4          7.447348          0.000000   1.000000 13  7  6
    54    5          7.765099          0.000000   1.000000 13  9  4
    54    6          8.167953          0.000000   1.000000 13 11  2
    54    7          8.653607          0.000000   1.000000 13 13  0
 FREQUENCY-EST.ERROR.-LINE.STR. DIP**2-LGSTR.-ITD,-GUP-I.D.-QNFORM-QUANTUM NUMBERS
   29046.1418   0.0000 9.88123E+000  -7.9784  3    5.9073  27      -3  303 13 112      12 211       
   22643.3307   0.0000 4.87935E-002 -10.5127  3    6.1209  27      -3  303 13 112      12 4 9       
   29399.5614   0.0000 4.84179E+000  -8.3006  3    6.1209  27      -3  303 13 310      12 4 9       
   23291.9032   0.0000 7.57215E-002 -10.3196  3    6.3246  27      -3  303 13 310      12 6 7       
   27236.2775   0.0000 1.23436E+000  -8.9781  3    6.3246  27      -3  303 13 5 8      12 6 7       
   25359.2181   0.0000 6.60895E-001  -9.3371  3    6.6015  27      -3  303 13 7 6      12 8 5       
   24028.3051   0.0000 2.67071E-001  -9.8129  3    6.9636  27      -3  303 13 9 4      1210 3       
   22761.8398   0.0000 4.45691E-002 -10.6818  3    7.4087  27      -3  303 1311 2      1212 1       
 ENERGIES FOR BLOCK NUMBER  55, INDEX-DEGEN-ENERGY--EST.ERROR-MIXING-   QUANTUM NUMBERS
    55    1          6.734856          0.000000   1.000000 13  1 13
    55    2          7.001475          0.000000   1.000000 13  3 11
    55    3          7.212680          0.000000   1.000000 13  5  9
    55    4          7.447105          0.000000   1.000000 13  7  7
    55    5          7.765099          0.000000   1.000000 13  9  5
    55    6          8.167953          0.000000   1.000000 13 11  3
    55    7          8.653607          0.000000   1.000000 13 13  1
 FREQUENCY-EST.ERROR.-LINE.STR. DIP**2-LGSTR.-ITD,-GUP-I.D.-QNFORM-QUANTUM NUMBERS
   28698.4197   0.0000 1.19581E+001  -7.8920  3    5.7776  27      -3  303 13 113      12 012       
   29450.8138   0.0000 7.66222E+000  -8.0892  3    6.0191  27      -3  303 13 311      12 210       
   25116.1321   0.0000 2.08626E-001  -9.8003  3    6.1637  27      -3  303 13 311      12 4 8       
   26586.4218   0.0000 1.07829E+000  -9.0568  3    6.3259  27      -3  303 13 5 9      12 6 6       
   25351.8436   0.0000 6.60684E-001  -9.3375  3    6.6015  27      -3  303 13 7 7      12 8 4       
   24028.2939   0.0000 2.67071E-001  -9.8129  3    6.9636  27      -3  303 13 9 5      1210 2       
   22761.8398   0.0000 4.45691E-002 -10.6818  3    7.4087  27      -3  303 1311 3      1212 0       
    4237.9996   0.0000 1.97944E+000 -10.3926  3    6.7349  27      -3  303 13 212      13 113       
    3755.0347   0.0000 3.90393E+000 -10.2166  3    6.8762  27      -3  303 13 311      13 212       
    3287.9437   0.0000 5.75185E+000 -10.1759  3    7.0015  27      -3  303 13 410      13 311       
    3043.8134   0.0000 7.12098E+000 -10.1612  3    7.1111  27      -3  303 13 5 9      13 410       
    3240.0011   0.0000 7.28747E+000 -10.1078  3    7.2127  27      -3  303 13 6 8      13 5 9       
    3787.8824   0.0000 6.60955E+000 -10.0267  3    7.3208  27      -3  303 13 7 7      13 6 8       
    4441.9227   0.0000 5.77773E+000  -9.9611  3    7.4471  27      -3  303 13 8 6      13 7 7       
    5091.3145   0.0000 4.93458E+000  -9.9276  3    7.5953  27      -3  303 13 9 5      13 8 6       
    5725.9087   0.0000 4.06246E+000  -9.9288  3    7.7651  27      -3  303 1310 4      13 9 5       
    6351.3333   0.0000 3.14243E+000  -9.9713  3    7.9561  27      -3  303 1311 3      1310 4       
    6971.3961   0.0000 2.16298E+000 -10.0757  3    8.1680  27      -3  303 1312 2      1311 3       
    7588.1600   0.0000 1.11703E+000 -10.3144  3    8.4005  27      -3  303 1313 1      1312 2       
 ENERGIES FOR BLOCK NUMBER  56, INDEX-DEGEN-ENERGY--EST.ERROR-MIXING-   QUANTUM NUMBERS
    56    1          6.734855          0.000000   1.000000 13  0 13
    56    2          7.000538          0.000000   1.000000 13  2 11
    56    3          7.171214          0.000000   1.000000 13  4  9
    56    4          7.323853          0.000000   1.000000 13  6  7
    56    5          7.595283          0.000000   1.000000 13  8  5
    56    6          7.956095          0.000000   1.000000 13 10  3
    56    7          8.400493          0.000000   1.000000 13 12  1
 FREQUENCY-EST.ERROR.-LINE.STR. DIP**2-LGSTR.-ITD,-GUP-I.D.-QNFORM-QUANTUM NUMBERS
   28698.3337   0.0000 1.19580E+001  -7.8920  3    5.7776  27      -3  303 13 013      12 112       
   29364.5682   0.0000 7.63208E+000  -8.0935  3    6.0210  27      -3  303 13 211      12 310       
   23486.5505   0.0000 9.90592E-002 -10.1848  3    6.2171  27      -3  303 13 211      12 5 8       
   28603.2836   0.0000 2.22330E+000  -8.6711  3    6.2171  27      -3  303 13 4 9      12 5 8       
   26132.3533   0.0000 9.11561E-001  -9.1571  3    6.4522  27      -3  303 13 6 7      12 7 6       
   24679.5983   0.0000 4.43737E-001  -9.5504  3    6.7721  27      -3  303 13 8 5      12 9 4       
   23390.9207   0.0000 1.33690E-001 -10.1579  3    7.1759  27      -3  303 1310 3      1211 2       
    4236.7335   0.0000 1.97949E+000 -10.3928  3    6.7349  27      -3  303 13 112      13 013       
    3728.2303   0.0000 3.90751E+000 -10.2224  3    6.8762  27      -3  303 13 211      13 112       
    3028.0005   0.0000 5.87858E+000 -10.2375  3    7.0005  27      -3  303 13 310      13 211       
    6972.3748   0.0000 1.97611E-001 -10.9933  3    7.0005  27      -3  303 13 5 8      13 211       
    2088.7326   0.0000 8.82725E+000 -10.3923  3    7.1015  27      -3  303 13 4 9      13 310       
    1855.6417   0.0000 1.04338E+001 -10.4294  3    7.1712  27      -3  303 13 5 8      13 4 9       
    6664.7414   0.0000 3.37010E-001 -10.8106  3    7.1015  27      -3  303 13 6 7      13 310       
    2720.3671   0.0000 7.91776E+000 -10.2249  3    7.2331  27      -3  303 13 6 7      13 5 8       
    3702.2810   0.0000 6.64356E+000 -10.0445  3    7.3239  27      -3  303 13 7 6      13 6 7       
    4434.9875   0.0000 5.77914E+000  -9.9624  3    7.4473  27      -3  303 13 8 5      13 7 6       
    5090.9728   0.0000 4.93462E+000  -9.9277  3    7.5953  27      -3  303 13 9 4      13 8 5       
    5725.8978   0.0000 4.06246E+000  -9.9288  3    7.7651  27      -3  303 1310 3      13 9 4       
    6351.3331   0.0000 3.14243E+000  -9.9713  3    7.9561  27      -3  303 1311 2      1310 3       
    6971.3961   0.0000 2.16298E+000 -10.0757  3    8.1680  27      -3  303 1312 1      1311 2       
    7588.1600   0.0000 1.11703E+000 -10.3144  3    8.4005  27      -3  303 1313 0      1312 1       
 ENERGIES FOR BLOCK NUMBER  57, INDEX-DEGEN-ENERGY--EST.ERROR-MIXING-   QUANTUM NUMBERS
    57    1          7.765319          0.000000   1.000000 14  0 14
    57    2          8.054809          0.000000   1.000000 14  2 12
    57    3          8.254236          0.000000   1.000000 14  4 10
    57    4          8.400933          0.000000   1.000000 14  6  8
    57    5          8.666213          0.000000   1.000000 14  8  6
    57    6          9.025328          0.000000   1.000000 14 10  4
    57    7          9.468849          0.000000   1.000000 14 12  2
    57    8          9.995057          0.000000   1.000000 14 14  0
 FREQUENCY-EST.ERROR.-LINE.STR. DIP**2-LGSTR.-ITD,-GUP-I.D.-QNFORM-QUANTUM NUMBERS
   25246.3904   0.0000 9.98198E-002 -10.2254  3    7.2127  29      -3  303 14 212      13 5 9       
   24197.1830   0.0000 3.46780E-002 -10.7441  3    7.4471  29      -3  303 14 410      13 7 7       
   28595.0523   0.0000 1.11790E+000  -9.0980  3    7.4471  29      -3  303 14 6 8      13 7 7       
   27014.7164   0.0000 6.15945E-001  -9.4368  3    7.7651  29      -3  303 14 8 6      13 9 5       
   25703.4778   0.0000 2.48109E-001  -9.9146  3    8.1680  29      -3  303 1410 4      1311 3       
   24440.3396   0.0000 4.13850E-002 -10.7847  3    8.6536  29      -3  303 1412 2      1313 1       
 ENERGIES FOR BLOCK NUMBER  58, INDEX-DEGEN-ENERGY--EST.ERROR-MIXING-   QUANTUM NUMBERS
    58    1          7.765319          0.000000   1.000000 14  1 14
    58    2          8.055245          0.000000   1.000000 14  3 12
    58    3          8.284162          0.000000   1.000000 14  5 10
    58    4          8.519348          0.000000   1.000000 14  7  8
    58    5          8.835020          0.000000   1.000000 14  9  6
    58    6          9.236685          0.000000   1.000000 14 11  4
    58    7          9.721671          0.000000   1.000000 14 13  2
 FREQUENCY-EST.ERROR.-LINE.STR. DIP**2-LGSTR.-ITD,-GUP-I.D.-QNFORM-QUANTUM NUMBERS
   26502.5845   0.0000 1.50910E-001 -10.0015  3    7.1712  29      -3  303 14 312      13 4 9       
   28789.3303   0.0000 1.14821E+000  -9.0680  3    7.3239  29      -3  303 14 510      13 6 7       
   27702.7892   0.0000 8.52704E-001  -9.2571  3    7.5953  29      -3  303 14 7 8      13 8 5       
   26349.5186   0.0000 4.12614E-001  -9.6512  3    7.9561  29      -3  303 14 9 6      1310 3       
   25068.4051   0.0000 1.24153E-001 -10.2602  3    8.4005  29      -3  303 1411 4      1312 1       
 ENERGIES FOR BLOCK NUMBER  59, INDEX-DEGEN-ENERGY--EST.ERROR-MIXING-   QUANTUM NUMBERS
    59    1          7.918312          0.000000   1.000000 14  1 13
    59    2          8.170275          0.000000   1.000000 14  3 11
    59    3          8.317830          0.000000   1.000000 14  5  9
    59    4          8.520035          0.000000   1.000000 14  7  7
    59    5          8.835022          0.000000   1.000000 14  9  5
    59    6          9.236685          0.000000   1.000000 14 11  3
    59    7          9.721671          0.000000   1.000000 14 13  1
 FREQUENCY-EST.ERROR.-LINE.STR. DIP**2-LGSTR.-ITD,-GUP-I.D.-QNFORM-QUANTUM NUMBERS
   24198.1456   0.0000 4.43227E-002 -10.6025  3    7.1111  29      -3  303 14 113      13 410       
   25467.9730   0.0000 1.10094E-001 -10.1869  3    7.3208  29      -3  303 14 311      13 6 8       
   29891.5803   0.0000 1.55228E+000  -8.9060  3    7.3208  29      -3  303 14 5 9      13 6 8       
   27723.7368   0.0000 8.53552E-001  -9.2561  3    7.5953  29      -3  303 14 7 7      13 8 6       
   26349.5687   0.0000 4.12614E-001  -9.6512  3    7.9561  29      -3  303 14 9 5      1310 4       
   25068.4051   0.0000 1.24153E-001 -10.2602  3    8.4005  29      -3  303 1411 3      1312 2       
    4586.6172   0.0000 1.98176E+000 -10.4313  3    7.7653  29      -3  303 14 113      14 014       
    4092.0582   0.0000 3.91396E+000 -10.2500  3    7.9183  29      -3  303 14 212      14 113       
    3461.5838   0.0000 5.84613E+000 -10.2342  3    8.0548  29      -3  303 14 311      14 212       
    2517.0924   0.0000 8.35662E+000 -10.3662  3    8.1703  29      -3  303 14 410      14 311       
    6914.9617   0.0000 3.97180E-001 -10.8190  3    8.1703  29      -3  303 14 6 8      14 311       
    1906.5149   0.0000 1.13579E+001 -10.4819  3    8.2542  29      -3  303 14 5 9      14 410       
    2491.3544   0.0000 9.41050E+000 -10.3388  3    8.3178  29      -3  303 14 6 8      14 5 9       
    3570.6072   0.0000 7.60119E+000 -10.1295  3    8.4009  29      -3  303 14 7 7      14 6 8       
    4382.2941   0.0000 6.67764E+000 -10.0216  3    8.5200  29      -3  303 14 8 6      14 7 7       
    5060.7610   0.0000 5.83291E+000  -9.9717  3    8.6662  29      -3  303 14 9 5      14 8 6       
    5705.2425   0.0000 4.98118E+000  -9.9548  3    8.8350  29      -3  303 1410 4      14 9 5       
    6336.3234   0.0000 4.09592E+000  -9.9696  3    9.0253  29      -3  303 1411 3      1410 4       
    6960.0945   0.0000 3.16256E+000 -10.0234  3    9.2367  29      -3  303 1412 2      1411 3       
    7579.4194   0.0000 2.17225E+000 -10.1378  3    9.4688  29      -3  303 1413 1      1412 2       
    8195.8868   0.0000 1.11932E+000 -10.3852  3    9.7217  29      -3  303 1414 0      1413 1       
 ENERGIES FOR BLOCK NUMBER  60, INDEX-DEGEN-ENERGY--EST.ERROR-MIXING-   QUANTUM NUMBERS
    60    1          7.918330          0.000000   1.000000 14  2 13
    60    2          8.175630          0.000000   1.000000 14  4 11
    60    3          8.394053          0.000000   1.000000 14  6  9
    60    4          8.666171          0.000000   1.000000 14  8  7
    60    5          9.025328          0.000000   1.000000 14 10  5
    60    6          9.468849          0.000000   1.000000 14 12  3
    60    7          9.995057          0.000000   1.000000 14 14  1
 FREQUENCY-EST.ERROR.-LINE.STR. DIP**2-LGSTR.-ITD,-GUP-I.D.-QNFORM-QUANTUM NUMBERS
   24486.7164   0.0000 4.58038E-002 -10.5774  3    7.1015  29      -3  303 14 213      13 310       
   28256.0186   0.0000 5.88824E-001  -9.3640  3    7.2331  29      -3  303 14 411      13 5 8       
   28381.5213   0.0000 1.09539E+000  -9.1131  3    7.4473  29      -3  303 14 6 9      13 7 6       
   27013.4578   0.0000 6.15921E-001  -9.4368  3    7.7651  29      -3  303 14 8 7      13 9 4       
   25703.4765   0.0000 2.48109E-001  -9.9146  3    8.1680  29      -3  303 1410 5      1311 2       
   24440.3396   0.0000 4.13850E-002 -10.7847  3    8.6536  29      -3  303 1412 3      1313 0       
    4587.1416   0.0000 1.98174E+000 -10.4313  3    7.7653  29      -3  303 14 213      14 114       
    4104.6007   0.0000 3.91266E+000 -10.2475  3    7.9183  29      -3  303 14 312      14 213       
    3609.0758   0.0000 5.79958E+000 -10.2017  3    8.0552  29      -3  303 14 411      14 312       
    3253.6789   0.0000 7.41368E+000 -10.1970  3    8.1756  29      -3  303 14 510      14 411       
    3294.4720   0.0000 8.00473E+000 -10.1643  3    8.2842  29      -3  303 14 6 9      14 510       
    3756.2554   0.0000 7.49843E+000 -10.0909  3    8.3941  29      -3  303 14 7 8      14 6 9       
    4401.6414   0.0000 6.67279E+000 -10.0181  3    8.5193  29      -3  303 14 8 7      14 7 8       
    5061.9586   0.0000 5.83273E+000  -9.9715  3    8.6662  29      -3  303 14 9 6      14 8 7       
    5705.2910   0.0000 4.98118E+000  -9.9548  3    8.8350  29      -3  303 1410 5      14 9 6       
    6336.3247   0.0000 4.09592E+000  -9.9696  3    9.0253  29      -3  303 1411 4      1410 5       
    6960.0945   0.0000 3.16256E+000 -10.0234  3    9.2367  29      -3  303 1412 3      1411 4       
    7579.4194   0.0000 2.17225E+000 -10.1378  3    9.4688  29      -3  303 1413 2      1412 3       
    8195.8868   0.0000 1.11932E+000 -10.3852  3    9.7217  29      -3  303 1414 1      1413 2       
INITIAL Q =  57160966.1318, NEW Q IS RELATIVE TO MIN.EGY.=         0.0000
 NUMBER OF LINES =    533
TEMPERATURE - Q(SPIN-ROT.) - log Q(SPIN-ROT.)
    300.000      4376.8103    3.6412
    225.000      4338.2437    3.6373
    150.000      4262.3269    3.6296
     75.000      4043.9761    3.6068
     37.500      3646.4639    3.5619
     18.750      2985.2953    3.4750
      9.375      2057.2741    3.3133
      6.000      1414.0225    3.1505
