unknown                                                 Thu Jun 20 23:06:34 2019
ID=    -3 QSPINROT=  57160966.1318 MIN, MAX QN=   0  14
MIN.LOG.STR=   -11.000 MIN.LOG.STR(FRQ/300GHZ)**2=  -100.000 MAX FREQ       30.0 GHZ, TEMP=     6.00
     1 003 1.000000
.VAR FILE TITLE :unknown
                              PARAMETERS - A.PRIORI ERROR 
     1      1         10000  1.4471239750000E+003   1.000000E-037 
     2      2         20000  1.1834241500000E+003   1.000000E-037 
     3      3         30000  1.0970896600000E+003   1.000000E-037 
     4      4           200 -0.0000000000000E+000   1.000000E-037 
     5      5          1100 -0.0000000000000E+000   1.000000E-037 
     6      6          2000 -0.0000000000000E+000   1.000000E-037 
     7      7         40100 -0.0000000000000E+000   1.000000E-037 
     8      8         41000 -0.0000000000000E+000   1.000000E-037 
8 parameters read, 8 independent parameters
IQNFMT = 303
ENERGY SORT OF WANG SUB-BLOCKS
PROLATE ROTOR
    V KMIN KMAX WTPL WTMN ESYMWT NSYM SPINS
    0    0   14    1    1     99    2
BLOCK - WT - SYM - V - TSP - N  -  other quanta  (rel. to F=0 )
    1    1    x    0    0
    2    1    c    0    0
    3    1    b    0    0
    4    1    a    0    0
Maximum Dimension for Hamiltonian = 8
 ENERGIES FOR BLOCK NUMBER   1, INDEX-DEGEN-ENERGY--EST.ERROR-MIXING-   QUANTUM NUMBERS
     1    1          0.000000          0.000000   1.000000  0  0  0
 ENERGIES FOR BLOCK NUMBER   6, INDEX-DEGEN-ENERGY--EST.ERROR-MIXING-   QUANTUM NUMBERS
     6    1          0.087746          0.000000   1.000000  1  1  0
 FREQUENCY-EST.ERROR.-LINE.STR. DIP**2-LGSTR.-ITD,-GUP-I.D.-QNFORM-QUANTUM NUMBERS
    2630.5481   0.0000 1.00000E+000 -10.3992  3    0.0000   3      -3  303  1 1 0       0 0 0       
 ENERGIES FOR BLOCK NUMBER   7, INDEX-DEGEN-ENERGY--EST.ERROR-MIXING-   QUANTUM NUMBERS
     7    1          0.084866          0.000000   1.000000  1  1  1
 ENERGIES FOR BLOCK NUMBER   8, INDEX-DEGEN-ENERGY--EST.ERROR-MIXING-   QUANTUM NUMBERS
     8    1          0.076070          0.000000   1.000000  1  0  1
 ENERGIES FOR BLOCK NUMBER   9, INDEX-DEGEN-ENERGY--EST.ERROR-MIXING-   QUANTUM NUMBERS
     9    1          0.227610          0.000000   1.000000  2  0  2
     9    2          0.269752          0.000000   1.000000  2  2  0
 FREQUENCY-EST.ERROR.-LINE.STR. DIP**2-LGSTR.-ITD,-GUP-I.D.-QNFORM-QUANTUM NUMBERS
    4193.0388   0.0000 3.09203E-001 -10.5158  3    0.0877   5      -3  303  2 0 2       1 1 0       
    5456.4161   0.0000 1.69080E+000  -9.5514  3    0.0877   5      -3  303  2 2 0       1 1 0       
 ENERGIES FOR BLOCK NUMBER  10, INDEX-DEGEN-ENERGY--EST.ERROR-MIXING-   QUANTUM NUMBERS
    10    1          0.234126          0.000000   1.000000  2  1  2
 ENERGIES FOR BLOCK NUMBER  11, INDEX-DEGEN-ENERGY--EST.ERROR-MIXING-   QUANTUM NUMBERS
    11    1          0.242765          0.000000   1.000000  2  1  1
 FREQUENCY-EST.ERROR.-LINE.STR. DIP**2-LGSTR.-ITD,-GUP-I.D.-QNFORM-QUANTUM NUMBERS
    4997.3964   0.0000 1.50000E+000  -9.6777  3    0.0761   5      -3  303  2 1 1       1 0 1       
 ENERGIES FOR BLOCK NUMBER  12, INDEX-DEGEN-ENERGY--EST.ERROR-MIXING-   QUANTUM NUMBERS
    12    1          0.269153          0.000000   1.000000  2  2  1
 FREQUENCY-EST.ERROR.-LINE.STR. DIP**2-LGSTR.-ITD,-GUP-I.D.-QNFORM-QUANTUM NUMBERS
    5524.7961   0.0000 1.50000E+000  -9.5924  3    0.0849   5      -3  303  2 2 1       1 1 1       
 ENERGIES FOR BLOCK NUMBER  13, INDEX-DEGEN-ENERGY--EST.ERROR-MIXING-   QUANTUM NUMBERS
    13    1          0.497362          0.000000   1.000000  3  2  2
 FREQUENCY-EST.ERROR.-LINE.STR. DIP**2-LGSTR.-ITD,-GUP-I.D.-QNFORM-QUANTUM NUMBERS
    7891.6444   0.0000 1.66667E+000  -9.2566  3    0.2341   7      -3  303  3 2 2       2 1 2       
 ENERGIES FOR BLOCK NUMBER  14, INDEX-DEGEN-ENERGY--EST.ERROR-MIXING-   QUANTUM NUMBERS
    14    1          0.474872          0.000000   1.000000  3  1  2
    14    2          0.548965          0.000000   1.000000  3  3  0
 FREQUENCY-EST.ERROR.-LINE.STR. DIP**2-LGSTR.-ITD,-GUP-I.D.-QNFORM-QUANTUM NUMBERS
    7412.7108   0.0000 1.86547E+000  -9.2605  3    0.2276   7      -3  303  3 1 2       2 0 2       
    6149.3335   0.0000 2.05929E-001 -10.3821  3    0.2698   7      -3  303  3 1 2       2 2 0       
    8370.5780   0.0000 2.58794E+000  -9.0188  3    0.2698   7      -3  303  3 3 0       2 2 0       
 ENERGIES FOR BLOCK NUMBER  15, INDEX-DEGEN-ENERGY--EST.ERROR-MIXING-   QUANTUM NUMBERS
    15    1          0.457673          0.000000   1.000000  3  1  3
    15    2          0.548885          0.000000   1.000000  3  3  1
 FREQUENCY-EST.ERROR.-LINE.STR. DIP**2-LGSTR.-ITD,-GUP-I.D.-QNFORM-QUANTUM NUMBERS
    5651.6764   0.0000 9.64899E-002 -10.7837  3    0.2692   7      -3  303  3 1 3       2 2 1       
    8386.1371   0.0000 2.57018E+000  -9.0202  3    0.2692   7      -3  303  3 3 1       2 2 1       
 ENERGIES FOR BLOCK NUMBER  16, INDEX-DEGEN-ENERGY--EST.ERROR-MIXING-   QUANTUM NUMBERS
    16    1          0.453577          0.000000   1.000000  3  0  3
    16    2          0.500204          0.000000   1.000000  3  2  1
 FREQUENCY-EST.ERROR.-LINE.STR. DIP**2-LGSTR.-ITD,-GUP-I.D.-QNFORM-QUANTUM NUMBERS
    6319.9974   0.0000 4.22986E-001 -10.0432  3    0.2428   7      -3  303  3 0 3       2 1 1       
    7717.8161   0.0000 2.24368E+000  -9.1474  3    0.2428   7      -3  303  3 2 1       2 1 1       
 ENERGIES FOR BLOCK NUMBER  17, INDEX-DEGEN-ENERGY--EST.ERROR-MIXING-   QUANTUM NUMBERS
    17    1          0.752975          0.000000   1.000000  4  0  4
    17    2          0.808884          0.000000   1.000000  4  2  2
    17    3          0.924953          0.000000   1.000000  4  4  0
 FREQUENCY-EST.ERROR.-LINE.STR. DIP**2-LGSTR.-ITD,-GUP-I.D.-QNFORM-QUANTUM NUMBERS
    8337.3332   0.0000 4.02828E-001  -9.8514  3    0.4749   9      -3  303  4 0 4       3 1 2       
   10013.4372   0.0000 2.89843E+000  -8.8381  3    0.4749   9      -3  303  4 2 2       3 1 2       
    7792.1927   0.0000 1.17502E-001 -10.4520  3    0.5490   9      -3  303  4 2 2       3 3 0       
   11271.8478   0.0000 3.57618E+000  -8.6539  3    0.5490   9      -3  303  4 4 0       3 3 0       
 ENERGIES FOR BLOCK NUMBER  18, INDEX-DEGEN-ENERGY--EST.ERROR-MIXING-   QUANTUM NUMBERS
    18    1          0.755196          0.000000   1.000000  4  1  4
    18    2          0.854159          0.000000   1.000000  4  3  2
 FREQUENCY-EST.ERROR.-LINE.STR. DIP**2-LGSTR.-ITD,-GUP-I.D.-QNFORM-QUANTUM NUMBERS
    7729.6702   0.0000 1.76258E-001 -10.2774  3    0.4974   9      -3  303  4 1 4       3 2 2       
   10696.5020   0.0000 2.82374E+000  -8.7957  3    0.4974   9      -3  303  4 3 2       3 2 2       
    1357.3182   0.0000 1.32403E+000 -10.9341  3    0.8089   9      -3  303  4 3 2       4 2 2       
    2122.3368   0.0000 7.57991E-001 -10.7941  3    0.8542   9      -3  303  4 4 0       4 3 2       
 ENERGIES FOR BLOCK NUMBER  19, INDEX-DEGEN-ENERGY--EST.ERROR-MIXING-   QUANTUM NUMBERS
    19    1          0.783450          0.000000   1.000000  4  1  3
    19    2          0.854704          0.000000   1.000000  4  3  1
 FREQUENCY-EST.ERROR.-LINE.STR. DIP**2-LGSTR.-ITD,-GUP-I.D.-QNFORM-QUANTUM NUMBERS
    9889.3223   0.0000 2.03830E+000  -8.9994  3    0.4536   9      -3  303  4 1 3       3 0 3       
    8491.5036   0.0000 5.11822E-001  -9.7344  3    0.5002   9      -3  303  4 1 3       3 2 1       
   12025.4817   0.0000 2.89416E-002 -10.6810  3    0.4536   9      -3  303  4 3 1       3 0 3       
   10627.6631   0.0000 2.92094E+000  -8.7868  3    0.5002   9      -3  303  4 3 1       3 2 1       
 ENERGIES FOR BLOCK NUMBER  20, INDEX-DEGEN-ENERGY--EST.ERROR-MIXING-   QUANTUM NUMBERS
    20    1          0.801171          0.000000   1.000000  4  2  3
    20    2          0.924944          0.000000   1.000000  4  4  1
 FREQUENCY-EST.ERROR.-LINE.STR. DIP**2-LGSTR.-ITD,-GUP-I.D.-QNFORM-QUANTUM NUMBERS
   10297.8055   0.0000 1.82138E+000  -9.0143  3    0.4577   9      -3  303  4 2 3       3 1 3       
    7563.3448   0.0000 1.02892E-001 -10.5352  3    0.5489   9      -3  303  4 2 3       3 3 1       
   11273.9792   0.0000 3.57474E+000  -8.6539  3    0.5489   9      -3  303  4 4 1       3 3 1       
    1604.8978   0.0000 1.12952E+000 -10.8572  3    0.8012   9      -3  303  4 3 1       4 2 3       
    2105.7366   0.0000 7.60693E-001 -10.7994  3    0.8547   9      -3  303  4 4 1       4 3 1       
 ENERGIES FOR BLOCK NUMBER  21, INDEX-DEGEN-ENERGY--EST.ERROR-MIXING-   QUANTUM NUMBERS
    21    1          1.180194          0.000000   1.000000  5  2  4
    21    2          1.306619          0.000000   1.000000  5  4  2
 FREQUENCY-EST.ERROR.-LINE.STR. DIP**2-LGSTR.-ITD,-GUP-I.D.-QNFORM-QUANTUM NUMBERS
   12741.0907   0.0000 1.93798E+000  -8.8376  3    0.7552  11      -3  303  5 2 4       4 1 4       
    9774.2588   0.0000 2.33067E-001  -9.9929  3    0.8542  11      -3  303  5 2 4       4 3 2       
   13564.3906   0.0000 3.82593E+000  -8.4995  3    0.8542  11      -3  303  5 4 2       4 3 2       
 ENERGIES FOR BLOCK NUMBER  22, INDEX-DEGEN-ENERGY--EST.ERROR-MIXING-   QUANTUM NUMBERS
    22    1          1.167540          0.000000   1.000000  5  1  4
    22    2          1.237937          0.000000   1.000000  5  3  2
    22    3          1.397519          0.000000   1.000000  5  5  0
 FREQUENCY-EST.ERROR.-LINE.STR. DIP**2-LGSTR.-ITD,-GUP-I.D.-QNFORM-QUANTUM NUMBERS
   12428.3502   0.0000 2.07182E+000  -8.8294  3    0.7530  11      -3  303  5 1 4       4 0 4       
   10752.2462   0.0000 7.84477E-001  -9.3799  3    0.8089  11      -3  303  5 1 4       4 2 2       
   14538.8006   0.0000 5.26300E-002 -10.2919  3    0.7530  11      -3  303  5 3 2       4 0 4       
   12862.6966   0.0000 3.42725E+000  -8.5875  3    0.8089  11      -3  303  5 3 2       4 2 2       
    9383.0416   0.0000 8.83446E-002 -10.4564  3    0.9250  11      -3  303  5 3 2       4 4 0       
   14167.1751   0.0000 4.57340E+000  -8.3926  3    0.9250  11      -3  303  5 5 0       4 4 0       
    1731.1196   0.0000 1.27434E+000 -10.7787  3    1.1802  11      -3  303  5 3 2       5 2 4       
    2059.0122   0.0000 1.35058E+000 -10.6094  3    1.2379  11      -3  303  5 4 2       5 3 2       
    2725.1212   0.0000 7.79540E-001 -10.6129  3    1.3066  11      -3  303  5 5 0       5 4 2       
 ENERGIES FOR BLOCK NUMBER  23, INDEX-DEGEN-ENERGY--EST.ERROR-MIXING-   QUANTUM NUMBERS
    23    1          1.126410          0.000000   1.000000  5  1  5
    23    2          1.235871          0.000000   1.000000  5  3  3
    23    3          1.397518          0.000000   1.000000  5  5  1
 FREQUENCY-EST.ERROR.-LINE.STR. DIP**2-LGSTR.-ITD,-GUP-I.D.-QNFORM-QUANTUM NUMBERS
    9750.4454   0.0000 2.26142E-001 -10.0026  3    0.8012  11      -3  303  5 1 5       4 2 3       
   13031.9929   0.0000 3.11239E+000  -8.6175  3    0.8012  11      -3  303  5 3 3       4 2 3       
    9321.3585   0.0000 8.71494E-002 -10.4679  3    0.9249  11      -3  303  5 3 3       4 4 1       
   14167.4127   0.0000 4.57328E+000  -8.3926  3    0.9249  11      -3  303  5 5 1       4 4 1       
 ENERGIES FOR BLOCK NUMBER  24, INDEX-DEGEN-ENERGY--EST.ERROR-MIXING-   QUANTUM NUMBERS
    24    1          1.125331          0.000000   1.000000  5  0  5
    24    2          1.195831          0.000000   1.000000  5  2  3
    24    3          1.306697          0.000000   1.000000  5  4  1
 FREQUENCY-EST.ERROR.-LINE.STR. DIP**2-LGSTR.-ITD,-GUP-I.D.-QNFORM-QUANTUM NUMBERS
   10249.3509   0.0000 3.46742E-001  -9.7726  3    0.7834  11      -3  303  5 0 5       4 1 3       
   12362.8730   0.0000 3.48159E+000  -8.6116  3    0.7834  11      -3  303  5 2 3       4 1 3       
   10226.7136   0.0000 3.15659E-001  -9.8227  3    0.8547  11      -3  303  5 2 3       4 3 1       
   15686.5491   0.0000 1.17603E-002 -10.8818  3    0.7834  11      -3  303  5 4 1       4 1 3       
   13550.3897   0.0000 3.83643E+000  -8.4992  3    0.8547  11      -3  303  5 4 1       4 3 1       
    1200.3815   0.0000 1.90929E+000 -10.9219  3    1.1958  11      -3  303  5 3 3       5 2 3       
    2123.2946   0.0000 1.32948E+000 -10.5894  3    1.2359  11      -3  303  5 4 1       5 3 3       
    2722.7596   0.0000 7.79754E-001 -10.6136  3    1.3067  11      -3  303  5 5 1       5 4 1       
 ENERGIES FOR BLOCK NUMBER  25, INDEX-DEGEN-ENERGY--EST.ERROR-MIXING-   QUANTUM NUMBERS
    25    1          1.570611          0.000000   1.000000  6  0  6
    25    2          1.660471          0.000000   1.000000  6  2  4
    25    3          1.765360          0.000000   1.000000  6  4  2
    25    4          1.966632          0.000000   1.000000  6  6  0
 FREQUENCY-EST.ERROR.-LINE.STR. DIP**2-LGSTR.-ITD,-GUP-I.D.-QNFORM-QUANTUM NUMBERS
   12083.7629   0.0000 3.04667E-001  -9.7289  3    1.1675  13      -3  303  6 0 6       5 1 4       
   14777.6734   0.0000 3.87319E+000  -8.4545  3    1.1675  13      -3  303  6 2 4       5 1 4       
   12667.2230   0.0000 6.06238E-001  -9.3975  3    1.2379  13      -3  303  6 2 4       5 3 2       
   17922.1889   0.0000 3.65765E-002 -10.3171  3    1.1675  13      -3  303  6 4 2       5 1 4       
   15811.7384   0.0000 4.18906E+000  -8.3708  3    1.2379  13      -3  303  6 4 2       5 3 2       
   11027.6050   0.0000 7.31473E-002 -10.4501  3    1.3975  13      -3  303  6 4 2       5 5 0       
   17061.5825   0.0000 5.57197E+000  -8.1995  3    1.3975  13      -3  303  6 6 0       5 5 0       
 ENERGIES FOR BLOCK NUMBER  26, INDEX-DEGEN-ENERGY--EST.ERROR-MIXING-   QUANTUM NUMBERS
    26    1          1.571098          0.000000   1.000000  6  1  6
    26    2          1.693857          0.000000   1.000000  6  3  4
    26    3          1.855461          0.000000   1.000000  6  5  2
 FREQUENCY-EST.ERROR.-LINE.STR. DIP**2-LGSTR.-ITD,-GUP-I.D.-QNFORM-QUANTUM NUMBERS
   11719.0353   0.0000 2.52243E-001  -9.8382  3    1.1802  13      -3  303  6 1 6       5 2 4       
   15399.2322   0.0000 3.38709E+000  -8.4793  3    1.1802  13      -3  303  6 3 4       5 2 4       
   11609.1004   0.0000 2.17406E-001  -9.9240  3    1.3066  13      -3  303  6 3 4       5 4 2       
   16453.8702   0.0000 4.80625E+000  -8.2847  3    1.3066  13      -3  303  6 5 2       5 4 2       
    1000.8896   0.0000 2.62786E+000 -10.9890  3    1.6605  13      -3  303  6 3 4       6 2 4       
    2143.6258   0.0000 1.74250E+000 -10.5114  3    1.6939  13      -3  303  6 4 2       6 3 4       
    2701.1440   0.0000 1.41266E+000 -10.4101  3    1.7654  13      -3  303  6 5 2       6 4 2       
    3332.8336   0.0000 7.93226E-001 -10.4887  3    1.8555  13      -3  303  6 6 0       6 5 2       
 ENERGIES FOR BLOCK NUMBER  27, INDEX-DEGEN-ENERGY--EST.ERROR-MIXING-   QUANTUM NUMBERS
    27    1          1.625930          0.000000   1.000000  6  1  5
    27    2          1.699492          0.000000   1.000000  6  3  3
    27    3          1.855470          0.000000   1.000000  6  5  1
 FREQUENCY-EST.ERROR.-LINE.STR. DIP**2-LGSTR.-ITD,-GUP-I.D.-QNFORM-QUANTUM NUMBERS
   15007.5754   0.0000 2.07203E+000  -8.7087  3    1.1253  13      -3  303  6 1 5       5 0 5       
   12894.0533   0.0000 8.88894E-001  -9.2119  3    1.1958  13      -3  303  6 1 5       5 2 3       
   17212.8936   0.0000 5.66507E-002 -10.1566  3    1.1253  13      -3  303  6 3 3       5 0 5       
   15099.3715   0.0000 4.10434E+000  -8.4141  3    1.1958  13      -3  303  6 3 3       5 2 3       
   11775.6953   0.0000 2.27257E-001  -9.8926  3    1.3067  13      -3  303  6 3 3       5 4 1       
   16451.8199   0.0000 4.80729E+000  -8.2848  3    1.3067  13      -3  303  6 5 1       5 4 1       
 ENERGIES FOR BLOCK NUMBER  28, INDEX-DEGEN-ENERGY--EST.ERROR-MIXING-   QUANTUM NUMBERS
    28    1          1.633995          0.000000   1.000000  6  2  5
    28    2          1.764982          0.000000   1.000000  6  4  3
    28    3          1.966632          0.000000   1.000000  6  6  1
 FREQUENCY-EST.ERROR.-LINE.STR. DIP**2-LGSTR.-ITD,-GUP-I.D.-QNFORM-QUANTUM NUMBERS
   15217.0034   0.0000 2.01647E+000  -8.7090  3    1.1264  13      -3  303  6 2 5       5 1 5       
   11935.4559   0.0000 3.55198E-001  -9.6799  3    1.2359  13      -3  303  6 2 5       5 3 3       
   15862.3560   0.0000 4.14375E+000  -8.3726  3    1.2359  13      -3  303  6 4 3       5 3 3       
   11016.3018   0.0000 7.30548E-002 -10.4516  3    1.3975  13      -3  303  6 4 3       5 5 1       
   17061.6063   0.0000 5.57196E+000  -8.1995  3    1.3975  13      -3  303  6 6 1       5 5 1       
    1963.5340   0.0000 1.15325E+000 -10.7603  3    1.6340  13      -3  303  6 3 3       6 2 5       
    1963.3661   0.0000 1.83958E+000 -10.5644  3    1.6995  13      -3  303  6 4 3       6 3 3       
    2712.7585   0.0000 1.41062E+000 -10.4070  3    1.7650  13      -3  303  6 5 1       6 4 3       
    3332.5461   0.0000 7.93243E-001 -10.4888  3    1.8555  13      -3  303  6 6 1       6 5 1       
 ENERGIES FOR BLOCK NUMBER  29, INDEX-DEGEN-ENERGY--EST.ERROR-MIXING-   QUANTUM NUMBERS
    29    1          2.162135          0.000000   1.000000  7  2  6
    29    2          2.300108          0.000000   1.000000  7  4  4
    29    3          2.500831          0.000000   1.000000  7  6  2
 FREQUENCY-EST.ERROR.-LINE.STR. DIP**2-LGSTR.-ITD,-GUP-I.D.-QNFORM-QUANTUM NUMBERS
   17718.8418   0.0000 2.06648E+000  -8.6167  3    1.5711  15      -3  303  7 2 6       6 1 6       
   14038.6449   0.0000 4.50094E-001  -9.4873  3    1.6939  15      -3  303  7 2 6       6 3 4       
   21855.1571   0.0000 7.27187E-003 -10.8950  3    1.5711  15      -3  303  7 4 4       6 1 6       
   18174.9602   0.0000 4.49415E+000  -8.2707  3    1.6939  15      -3  303  7 4 4       6 3 4       
   13330.1904   0.0000 1.89236E-001  -9.9242  3    1.8555  15      -3  303  7 4 4       6 5 2       
   19347.7087   0.0000 5.78973E+000  -8.1252  3    1.8555  15      -3  303  7 6 2       6 5 2       
 ENERGIES FOR BLOCK NUMBER  30, INDEX-DEGEN-ENERGY--EST.ERROR-MIXING-   QUANTUM NUMBERS
    30    1          2.157539          0.000000   1.000000  7  1  6
    30    2          2.239967          0.000000   1.000000  7  3  4
    30    3          2.390158          0.000000   1.000000  7  5  2
    30    4          2.632288          0.000000   1.000000  7  7  0
 FREQUENCY-EST.ERROR.-LINE.STR. DIP**2-LGSTR.-ITD,-GUP-I.D.-QNFORM-QUANTUM NUMBERS
   17595.6608   0.0000 2.08430E+000  -8.6187  3    1.5706  15      -3  303  7 1 6       6 0 6       
   14901.7502   0.0000 8.36163E-001  -9.1645  3    1.6605  15      -3  303  7 1 6       6 2 4       
   20066.7734   0.0000 4.30358E-002 -10.1939  3    1.5706  15      -3  303  7 3 4       6 0 6       
   17372.8628   0.0000 4.84706E+000  -8.2723  3    1.6605  15      -3  303  7 3 4       6 2 4       
   14228.3474   0.0000 4.13672E-001  -9.5201  3    1.7654  15      -3  303  7 3 4       6 4 2       
   21875.4721   0.0000 1.36476E-002 -10.6301  3    1.6605  15      -3  303  7 5 2       6 2 4       
   18730.9566   0.0000 5.11258E+000  -8.1970  3    1.7654  15      -3  303  7 5 2       6 4 2       
   12696.9791   0.0000 6.26015E-002 -10.4574  3    1.9666  15      -3  303  7 5 2       6 6 0       
   19955.8673   0.0000 6.57101E+000  -8.0560  3    1.9666  15      -3  303  7 7 0       6 6 0       
    2333.3283   0.0000 8.82585E-001 -10.7823  3    2.1621  15      -3  303  7 3 4       7 2 6       
    1802.9870   0.0000 2.29561E+000 -10.5983  3    2.2400  15      -3  303  7 4 4       7 3 4       
    2699.6223   0.0000 1.92991E+000 -10.3308  3    2.3001  15      -3  303  7 5 2       7 4 4       
    3317.8960   0.0000 1.45936E+000 -10.2835  3    2.3902  15      -3  303  7 6 2       7 5 2       
    3940.9922   0.0000 8.03100E-001 -10.4060  3    2.5008  15      -3  303  7 7 0       7 6 2       
 ENERGIES FOR BLOCK NUMBER  31, INDEX-DEGEN-ENERGY--EST.ERROR-MIXING-   QUANTUM NUMBERS
    31    1          2.089122          0.000000   1.000000  7  1  7
    31    2          2.227806          0.000000   1.000000  7  3  5
    31    3          2.390102          0.000000   1.000000  7  5  3
    31    4          2.632288          0.000000   1.000000  7  7  1
 FREQUENCY-EST.ERROR.-LINE.STR. DIP**2-LGSTR.-ITD,-GUP-I.D.-QNFORM-QUANTUM NUMBERS
   13644.3525   0.0000 2.63764E-001  -9.7373  3    1.6340  15      -3  303  7 1 7       6 2 5       
   17801.9975   0.0000 3.61920E+000  -8.3759  3    1.6340  15      -3  303  7 3 5       6 2 5       
   13875.0973   0.0000 3.67644E-001  -9.5925  3    1.7650  15      -3  303  7 3 5       6 4 3       
   22667.5120   0.0000 7.14703E-003 -10.8788  3    1.6340  15      -3  303  7 5 3       6 2 5       
   18740.6119   0.0000 5.10719E+000  -8.1969  3    1.7650  15      -3  303  7 5 3       6 4 3       
   12695.3074   0.0000 6.25942E-002 -10.4576  3    1.9666  15      -3  303  7 5 3       6 6 1       
   19955.8695   0.0000 6.57101E+000  -8.0560  3    1.9666  15      -3  303  7 7 1       6 6 1       
 ENERGIES FOR BLOCK NUMBER  32, INDEX-DEGEN-ENERGY--EST.ERROR-MIXING-   QUANTUM NUMBERS
    32    1          2.088912          0.000000   1.000000  7  0  7
    32    2          2.201857          0.000000   1.000000  7  2  5
    32    3          2.301426          0.000000   1.000000  7  4  3
    32    4          2.500832          0.000000   1.000000  7  6  1
 FREQUENCY-EST.ERROR.-LINE.STR. DIP**2-LGSTR.-ITD,-GUP-I.D.-QNFORM-QUANTUM NUMBERS
   13879.8648   0.0000 2.83120E-001  -9.6912  3    1.6259  15      -3  303  7 0 7       6 1 5       
   17265.8701   0.0000 4.03806E+000  -8.3532  3    1.6259  15      -3  303  7 2 5       6 1 5       
   15060.5519   0.0000 9.61695E-001  -9.0989  3    1.6995  15      -3  303  7 2 5       6 3 3       
   20250.8450   0.0000 7.86455E-002  -9.9302  3    1.6259  15      -3  303  7 4 3       6 1 5       
   18045.5268   0.0000 4.64432E+000  -8.2630  3    1.6995  15      -3  303  7 4 3       6 3 3       
   13369.4022   0.0000 1.90143E-001  -9.9197  3    1.8555  15      -3  303  7 4 3       6 5 1       
   19347.4551   0.0000 5.78983E+000  -8.1252  3    1.8555  15      -3  303  7 6 1       6 5 1       
    2207.0633   0.0000 1.96650E+000 -10.4893  3    2.2278  15      -3  303  7 4 3       7 3 5       
    2658.4512   0.0000 1.94093E+000 -10.3418  3    2.3014  15      -3  303  7 5 3       7 4 3       
    3319.6017   0.0000 1.45917E+000 -10.2831  3    2.3901  15      -3  303  7 6 1       7 5 3       
    3940.9605   0.0000 8.03102E-001 -10.4060  3    2.5008  15      -3  303  7 7 1       7 6 1       
 ENERGIES FOR BLOCK NUMBER  33, INDEX-DEGEN-ENERGY--EST.ERROR-MIXING-   QUANTUM NUMBERS
    33    1          2.680316          0.000000   1.000000  8  0  8
    33    2          2.818766          0.000000   1.000000  8  2  6
    33    3          2.915603          0.000000   1.000000  8  4  4
    33    4          3.111701          0.000000   1.000000  8  6  2
    33    5          3.394487          0.000000   1.000000  8  8  0
 FREQUENCY-EST.ERROR.-LINE.STR. DIP**2-LGSTR.-ITD,-GUP-I.D.-QNFORM-QUANTUM NUMBERS
   15672.4425   0.0000 2.74255E-001  -9.6579  3    2.1575  17      -3  303  8 0 8       7 1 6       
   19823.0873   0.0000 4.05233E+000  -8.2914  3    2.1575  17      -3  303  8 2 6       7 1 6       
   17351.9747   0.0000 1.25756E+000  -8.9196  3    2.2400  17      -3  303  8 2 6       7 3 4       
   22726.1816   0.0000 1.16728E-001  -9.7181  3    2.1575  17      -3  303  8 4 4       7 1 6       
   20255.0690   0.0000 5.24479E+000  -8.1699  3    2.2400  17      -3  303  8 4 4       7 3 4       
   15752.4598   0.0000 3.38751E-001  -9.5862  3    2.3902  17      -3  303  8 4 4       7 5 2       
   26133.9455   0.0000 6.69019E-003 -10.8528  3    2.2400  17      -3  303  8 6 2       7 3 4       
   21631.3362   0.0000 6.07003E+000  -8.0673  3    2.3902  17      -3  303  8 6 2       7 5 2       
   14372.4480   0.0000 5.47281E-002 -10.4803  3    2.6323  17      -3  303  8 6 2       7 7 0       
   22850.1310   0.0000 7.57032E+000  -7.9511  3    2.6323  17      -3  303  8 8 0       7 7 0       
 ENERGIES FOR BLOCK NUMBER  34, INDEX-DEGEN-ENERGY--EST.ERROR-MIXING-   QUANTUM NUMBERS
    34    1          2.680403          0.000000   1.000000  8  1  8
    34    2          2.837293          0.000000   1.000000  8  3  6
    34    3          3.001588          0.000000   1.000000  8  5  4
    34    4          3.242747          0.000000   1.000000  8  7  2
 FREQUENCY-EST.ERROR.-LINE.STR. DIP**2-LGSTR.-ITD,-GUP-I.D.-QNFORM-QUANTUM NUMBERS
   15537.2591   0.0000 2.67802E-001  -9.6761  3    2.1621  17      -3  303  8 1 8       7 2 6       
   20240.7167   0.0000 3.79750E+000  -8.3026  3    2.1621  17      -3  303  8 3 6       7 2 6       
   16104.4014   0.0000 5.18676E-001  -9.3732  3    2.3001  17      -3  303  8 3 6       7 4 4       
   25166.1534   0.0000 1.21914E-002 -10.6152  3    2.1621  17      -3  303  8 5 4       7 2 6       
   21029.8381   0.0000 5.45768E+000  -8.1276  3    2.3001  17      -3  303  8 5 4       7 4 4       
   15012.3198   0.0000 1.65425E-001  -9.9495  3    2.5008  17      -3  303  8 5 4       7 6 2       
   22242.0828   0.0000 6.77737E+000  -8.0078  3    2.5008  17      -3  303  8 7 2       7 6 2       
    2347.6806   0.0000 1.95129E+000 -10.5027  3    2.8373  17      -3  303  8 4 4       8 3 6       
    2577.7560   0.0000 2.38645E+000 -10.3426  3    2.9156  17      -3  303  8 5 4       8 4 4       
    3301.1204   0.0000 2.03012E+000 -10.2082  3    3.0016  17      -3  303  8 6 2       8 5 4       
    3928.6426   0.0000 1.49400E+000 -10.2028  3    3.1117  17      -3  303  8 7 2       8 6 2       
    4549.0404   0.0000 8.10628E-001 -10.3557  3    3.2427  17      -3  303  8 8 0       8 7 2       
 ENERGIES FOR BLOCK NUMBER  35, INDEX-DEGEN-ENERGY--EST.ERROR-MIXING-   QUANTUM NUMBERS
    35    1          2.761837          0.000000   1.000000  8  1  7
    35    2          2.859298          0.000000   1.000000  8  3  5
    35    3          3.001822          0.000000   1.000000  8  5  3
    35    4          3.242747          0.000000   1.000000  8  7  1
 FREQUENCY-EST.ERROR.-LINE.STR. DIP**2-LGSTR.-ITD,-GUP-I.D.-QNFORM-QUANTUM NUMBERS
   20173.7646   0.0000 2.10365E+000  -8.5543  3    2.0889  17      -3  303  8 1 7       7 0 7       
   16787.7594   0.0000 7.32158E-001  -9.1783  3    2.2019  17      -3  303  8 1 7       7 2 5       
   13802.7844   0.0000 2.52536E-002 -10.8159  3    2.3014  17      -3  303  8 1 7       7 4 3       
   23095.5638   0.0000 2.73189E-002 -10.3283  3    2.0889  17      -3  303  8 3 5       7 0 7       
   19709.5586   0.0000 5.48407E+000  -8.1694  3    2.2019  17      -3  303  8 3 5       7 2 5       
   16724.5837   0.0000 6.68404E-001  -9.2314  3    2.3014  17      -3  303  8 3 5       7 4 3       
   23982.3379   0.0000 3.49668E-002 -10.2016  3    2.2019  17      -3  303  8 5 3       7 2 5       
   20997.3630   0.0000 5.47843E+000  -8.1274  3    2.3014  17      -3  303  8 5 3       7 4 3       
   15019.3100   0.0000 1.65508E-001  -9.9489  3    2.5008  17      -3  303  8 5 3       7 6 1       
   22242.0546   0.0000 6.77738E+000  -8.0078  3    2.5008  17      -3  303  8 7 1       7 6 1       
 ENERGIES FOR BLOCK NUMBER  36, INDEX-DEGEN-ENERGY--EST.ERROR-MIXING-   QUANTUM NUMBERS
    36    1          2.764223          0.000000   1.000000  8  2  7
    36    2          2.911958          0.000000   1.000000  8  4  5
    36    3          3.111694          0.000000   1.000000  8  6  3
    36    4          3.394487          0.000000   1.000000  8  8  1
 FREQUENCY-EST.ERROR.-LINE.STR. DIP**2-LGSTR.-ITD,-GUP-I.D.-QNFORM-QUANTUM NUMBERS
   20239.0357   0.0000 2.09851E+000  -8.5527  3    2.0891  17      -3  303  8 2 7       7 1 7       
   16081.3908   0.0000 5.12198E-001  -9.3723  3    2.2278  17      -3  303  8 2 7       7 3 5       
   24668.0238   0.0000 8.01204E-003 -10.8064  3    2.0891  17      -3  303  8 4 5       7 1 7       
   20510.3788   0.0000 4.84548E+000  -8.1926  3    2.2278  17      -3  303  8 4 5       7 3 5       
   15644.8643   0.0000 3.33620E-001  -9.5985  3    2.3901  17      -3  303  8 4 5       7 5 3       
   26498.3081   0.0000 5.87479E-003 -10.8965  3    2.2278  17      -3  303  8 6 3       7 3 5       
   21632.7935   0.0000 6.06943E+000  -8.0673  3    2.3901  17      -3  303  8 6 3       7 5 3       
   14372.2314   0.0000 5.47276E-002 -10.4803  3    2.6323  17      -3  303  8 6 3       7 7 1       
   22850.1312   0.0000 7.57032E+000  -7.9511  3    2.6323  17      -3  303  8 8 1       7 7 1       
    2850.2562   0.0000 6.15282E-001 -10.8287  3    2.7642  17      -3  303  8 3 5       8 2 7       
    1578.7318   0.0000 2.81537E+000 -10.6891  3    2.8593  17      -3  303  8 4 5       8 3 5       
    2694.0475   0.0000 2.34141E+000 -10.3124  3    2.9120  17      -3  303  8 5 3       8 4 5       
    3293.8818   0.0000 2.03131E+000 -10.2099  3    3.0018  17      -3  303  8 6 3       8 5 3       
    3928.8628   0.0000 1.49398E+000 -10.2027  3    3.1117  17      -3  303  8 7 1       8 6 3       
    4549.0371   0.0000 8.10628E-001 -10.3557  3    3.2427  17      -3  303  8 8 1       8 7 1       
 ENERGIES FOR BLOCK NUMBER  37, INDEX-DEGEN-ENERGY--EST.ERROR-MIXING-   QUANTUM NUMBERS
    37    1          3.439954          0.000000   1.000000  9  2  8
    37    2          3.600350          0.000000   1.000000  9  4  6
    37    3          3.799361          0.000000   1.000000  9  6  4
    37    4          4.081209          0.000000   1.000000  9  8  2
 FREQUENCY-EST.ERROR.-LINE.STR. DIP**2-LGSTR.-ITD,-GUP-I.D.-QNFORM-QUANTUM NUMBERS
   22770.7692   0.0000 2.12012E+000  -8.5117  3    2.6804  19      -3  303  9 2 8       8 1 8       
   18067.3115   0.0000 5.46132E-001  -9.3101  3    2.8373  19      -3  303  9 2 8       8 3 6       
   27579.3243   0.0000 7.77138E-003 -10.7892  3    2.6804  19      -3  303  9 4 6       8 1 8       
   22875.8666   0.0000 5.16845E+000  -8.1372  3    2.8373  19      -3  303  9 4 6       8 3 6       
   17950.4300   0.0000 4.95955E-001  -9.3745  3    3.0016  19      -3  303  9 4 6       8 5 4       
   28842.0802   0.0000 1.12342E-002 -10.6088  3    2.8373  19      -3  303  9 6 4       8 3 6       
   23916.6436   0.0000 6.39829E+000  -8.0248  3    3.0016  19      -3  303  9 6 4       8 5 4       
   16686.8805   0.0000 1.46724E-001  -9.9899  3    3.2427  19      -3  303  9 6 4       8 7 2       
   25136.4531   0.0000 7.76794E+000  -7.9245  3    3.2427  19      -3  303  9 8 2       8 7 2       
 ENERGIES FOR BLOCK NUMBER  38, INDEX-DEGEN-ENERGY--EST.ERROR-MIXING-   QUANTUM NUMBERS
    38    1          3.438797          0.000000   1.000000  9  1  8
    38    2          3.556742          0.000000   1.000000  9  3  6
    38    3          3.690820          0.000000   1.000000  9  5  4
    38    4          3.929841          0.000000   1.000000  9  7  2
    38    5          4.253227          0.000000   1.000000  9  9  0
 FREQUENCY-EST.ERROR.-LINE.STR. DIP**2-LGSTR.-ITD,-GUP-I.D.-QNFORM-QUANTUM NUMBERS
   22738.7024   0.0000 2.12161E+000  -8.5126  3    2.6803  19      -3  303  9 1 8       8 0 8       
   18588.0576   0.0000 6.49211E-001  -9.2093  3    2.8188  19      -3  303  9 1 8       8 2 6       
   15684.9633   0.0000 2.95617E-002 -10.7036  3    2.9156  19      -3  303  9 1 8       8 4 4       
   26274.6002   0.0000 1.66302E-002 -10.4987  3    2.6803  19      -3  303  9 3 6       8 0 8       
   22123.9554   0.0000 5.88853E+000  -8.1064  3    2.8188  19      -3  303  9 3 6       8 2 6       
   19220.8611   0.0000 1.01287E+000  -8.9982  3    2.9156  19      -3  303  9 3 6       8 4 4       
   26143.5212   0.0000 7.65041E-002  -9.8545  3    2.8188  19      -3  303  9 5 4       8 2 6       
   23240.4268   0.0000 5.90889E+000  -8.0741  3    2.9156  19      -3  303  9 5 4       8 4 4       
   17361.5504   0.0000 2.97258E-001  -9.6363  3    3.1117  19      -3  303  9 5 4       8 6 2       
   24527.1927   0.0000 7.03972E+000  -7.9739  3    3.1117  19      -3  303  9 7 2       8 6 2       
   16049.5097   0.0000 4.86167E-002 -10.5181  3    3.3945  19      -3  303  9 7 2       8 8 0       
   25744.3883   0.0000 8.56980E+000  -7.8779  3    3.3945  19      -3  303  9 9 0       8 8 0       
    4843.2228   0.0000 1.86643E-001 -10.9600  3    3.4388  19      -3  303  9 4 6       9 1 8       
    3501.2301   0.0000 4.23555E-001 -10.8837  3    3.4400  19      -3  303  9 3 6       9 2 8       
    1307.3250   0.0000 3.51103E+000 -10.8292  3    3.5567  19      -3  303  9 4 6       9 3 6       
    2712.2408   0.0000 2.62147E+000 -10.3292  3    3.6003  19      -3  303  9 5 4       9 4 6       
    3253.9728   0.0000 2.52536E+000 -10.1976  3    3.6908  19      -3  303  9 6 4       9 5 4       
    3911.6695   0.0000 2.09943E+000 -10.1304  3    3.7994  19      -3  303  9 7 2       9 6 4       
    4537.9030   0.0000 1.52070E+000 -10.1561  3    3.9298  19      -3  303  9 8 2       9 7 2       
    5156.9756   0.0000 8.16573E-001 -10.3319  3    4.0812  19      -3  303  9 9 0       9 8 2       
 ENERGIES FOR BLOCK NUMBER  39, INDEX-DEGEN-ENERGY--EST.ERROR-MIXING-   QUANTUM NUMBERS
    39    1          3.344902          0.000000   1.000000  9  1  9
    39    2          3.521828          0.000000   1.000000  9  3  7
    39    3          3.690039          0.000000   1.000000  9  5  5
    39    4          3.929840          0.000000   1.000000  9  7  3
    39    5          4.253227          0.000000   1.000000  9  9  1
 FREQUENCY-EST.ERROR.-LINE.STR. DIP**2-LGSTR.-ITD,-GUP-I.D.-QNFORM-QUANTUM NUMBERS
   17408.3192   0.0000 2.68542E-001  -9.6420  3    2.7642  19      -3  303  9 1 9       8 2 7       
   22712.4102   0.0000 3.92506E+000  -8.2551  3    2.7642  19      -3  303  9 3 7       8 2 7       
   18283.4221   0.0000 6.52523E-001  -9.2307  3    2.9120  19      -3  303  9 3 7       8 4 5       
   27755.2685   0.0000 1.70960E-002 -10.4503  3    2.7642  19      -3  303  9 5 5       8 2 7       
   23326.2804   0.0000 5.84155E+000  -8.0757  3    2.9120  19      -3  303  9 5 5       8 4 5       
   17338.3512   0.0000 2.96730E-001  -9.6382  3    3.1117  19      -3  303  9 5 5       8 6 3       
   24527.3839   0.0000 7.03965E+000  -7.9739  3    3.1117  19      -3  303  9 7 3       8 6 3       
   16049.4841   0.0000 4.86167E-002 -10.5181  3    3.3945  19      -3  303  9 7 3       8 8 1       
   25744.3883   0.0000 8.56980E+000  -7.8779  3    3.3945  19      -3  303  9 9 1       8 8 1       
 ENERGIES FOR BLOCK NUMBER  40, INDEX-DEGEN-ENERGY--EST.ERROR-MIXING-   QUANTUM NUMBERS
    40    1          3.344867          0.000000   1.000000  9  0  9
    40    2          3.509819          0.000000   1.000000  9  2  7
    40    3          3.608721          0.000000   1.000000  9  4  5
    40    4          3.799397          0.000000   1.000000  9  6  3
    40    5          4.081209          0.000000   1.000000  9  8  1
 FREQUENCY-EST.ERROR.-LINE.STR. DIP**2-LGSTR.-ITD,-GUP-I.D.-QNFORM-QUANTUM NUMBERS
   17478.8114   0.0000 2.70636E-001  -9.6350  3    2.7618  19      -3  303  9 0 9       8 1 7       
   22423.9325   0.0000 4.03884E+000  -8.2531  3    2.7618  19      -3  303  9 2 7       8 1 7       
   19502.1332   0.0000 1.36092E+000  -8.8520  3    2.8593  19      -3  303  9 2 7       8 3 5       
   15229.3539   0.0000 1.67959E-002 -10.9830  3    3.0018  19      -3  303  9 2 7       8 5 3       
   25388.9520   0.0000 1.21969E-001  -9.6702  3    2.7618  19      -3  303  9 4 5       8 1 7       
   22467.1527   0.0000 6.00237E+000  -8.0895  3    2.8593  19      -3  303  9 4 5       8 3 5       
   18194.3734   0.0000 5.17926E-001  -9.3444  3    3.0018  19      -3  303  9 4 5       8 5 3       
   28183.4592   0.0000 1.50993E-002 -10.5016  3    2.8593  19      -3  303  9 6 3       8 3 5       
   23910.6799   0.0000 6.40093E+000  -8.0248  3    3.0018  19      -3  303  9 6 3       8 5 3       
   16687.9354   0.0000 1.46732E-001  -9.9898  3    3.2427  19      -3  303  9 6 3       8 7 1       
   25136.4501   0.0000 7.76794E+000  -7.9245  3    3.2427  19      -3  303  9 8 1       8 7 1       
    2604.9988   0.0000 1.69741E+000 -10.5446  3    3.5218  19      -3  303  9 4 5       9 3 7       
    2437.8595   0.0000 2.77472E+000 -10.3976  3    3.6087  19      -3  303  9 5 5       9 4 5       
    3278.4469   0.0000 2.51989E+000 -10.1920  3    3.6900  19      -3  303  9 6 3       9 5 5       
    3910.5858   0.0000 2.09955E+000 -10.1306  3    3.7994  19      -3  303  9 7 3       9 6 3       
    4537.9290   0.0000 1.52069E+000 -10.1561  3    3.9298  19      -3  303  9 8 1       9 7 3       
    5156.9753   0.0000 8.16573E-001 -10.3319  3    4.0812  19      -3  303  9 9 1       9 8 1       
 ENERGIES FOR BLOCK NUMBER  41, INDEX-DEGEN-ENERGY--EST.ERROR-MIXING-   QUANTUM NUMBERS
    41    1          4.082589          0.000000   1.000000 10  0 10
    41    2          4.273847          0.000000   1.000000 10  2  8
    41    3          4.381330          0.000000   1.000000 10  4  6
    41    4          4.564117          0.000000   1.000000 10  6  4
    41    5          4.844542          0.000000   1.000000 10  8  2
    41    6          5.208509          0.000000   1.000000 10 10  0
 FREQUENCY-EST.ERROR.-LINE.STR. DIP**2-LGSTR.-ITD,-GUP-I.D.-QNFORM-QUANTUM NUMBERS
   19300.3927   0.0000 2.68732E-001  -9.6255  3    3.4388  21      -3  303 10 010       9 1 8       
   25034.1735   0.0000 4.05355E+000  -8.2307  3    3.4388  21      -3  303 10 2 8       9 1 8       
   21498.2757   0.0000 1.28120E+000  -8.8695  3    3.5567  21      -3  303 10 2 8       9 3 6       
   17478.7100   0.0000 3.29593E-002 -10.6461  3    3.6908  21      -3  303 10 2 8       9 5 4       
   28256.4184   0.0000 9.70161E-002  -9.7519  3    3.4388  21      -3  303 10 4 6       9 1 8       
   24720.5206   0.0000 6.81214E+000  -8.0280  3    3.5567  21      -3  303 10 4 6       9 3 6       
   20700.9548   0.0000 7.41058E-001  -9.1527  3    3.6908  21      -3  303 10 4 6       9 5 4       
   26180.7650   0.0000 6.77735E+000  -7.9968  3    3.6908  21      -3  303 10 6 4       9 5 4       
   19015.1227   0.0000 2.66097E-001  -9.6934  3    3.9298  21      -3  303 10 6 4       9 7 2       
   27422.0690   0.0000 8.01643E+000  -7.9106  3    3.9298  21      -3  303 10 8 2       9 7 2       
   17727.1904   0.0000 4.37346E-002 -10.5700  3    4.2532  21      -3  303 10 8 2       9 9 0       
   28638.6424   0.0000 9.56939E+000  -7.8317  3    4.2532  21      -3  303 1010 0       9 9 0       
 ENERGIES FOR BLOCK NUMBER  42, INDEX-DEGEN-ENERGY--EST.ERROR-MIXING-   QUANTUM NUMBERS
    42    1          4.082603          0.000000   1.000000 10  1 10
    42    2          4.280913          0.000000   1.000000 10  3  8
    42    3          4.455509          0.000000   1.000000 10  5  6
    42    4          4.693685          0.000000   1.000000 10  7  4
    42    5          5.016215          0.000000   1.000000 10  9  2
 FREQUENCY-EST.ERROR.-LINE.STR. DIP**2-LGSTR.-ITD,-GUP-I.D.-QNFORM-QUANTUM NUMBERS
   19266.1411   0.0000 2.68041E-001  -9.6282  3    3.4400  21      -3  303 10 110       9 2 8       
   25211.3314   0.0000 4.01310E+000  -8.2294  3    3.4400  21      -3  303 10 3 8       9 2 8       
   20402.7763   0.0000 7.55986E-001  -9.1468  3    3.6003  21      -3  303 10 3 8       9 4 6       
   25637.0187   0.0000 6.23938E+000  -8.0406  3    3.6003  21      -3  303 10 5 6       9 4 6       
   19670.8051   0.0000 4.49673E-001  -9.4236  3    3.7994  21      -3  303 10 5 6       9 6 4       
   26811.1397   0.0000 7.34747E+000  -7.9534  3    3.7994  21      -3  303 10 7 4       9 6 4       
   18361.5671   0.0000 1.31827E-001 -10.0434  3    4.0812  21      -3  303 10 7 4       9 8 2       
   28030.7835   0.0000 8.76052E+000  -7.8697  3    4.0812  21      -3  303 10 9 2       9 8 2       
    3010.4193   0.0000 1.31289E+000 -10.6103  3    4.2809  21      -3  303 10 4 6      10 3 8       
    5446.0679   0.0000 1.88687E-001 -10.9413  3    4.2738  21      -3  303 10 5 6      10 2 8       
    2223.8231   0.0000 3.16120E+000 -10.5008  3    4.3813  21      -3  303 10 5 6      10 4 6       
    3255.9871   0.0000 2.92888E+000 -10.2123  3    4.4555  21      -3  303 10 6 4      10 5 6       
    3884.3474   0.0000 2.63452E+000 -10.1175  3    4.5641  21      -3  303 10 7 4      10 6 4       
    4522.5989   0.0000 2.15247E+000 -10.0877  3    4.6937  21      -3  303 10 8 2      10 7 4       
    5146.6176   0.0000 1.54196E+000 -10.1371  3    4.8445  21      -3  303 10 9 2      10 8 2       
    5764.8345   0.0000 8.21391E-001 -10.3310  3    5.0162  21      -3  303 1010 0      10 9 2       
 ENERGIES FOR BLOCK NUMBER  43, INDEX-DEGEN-ENERGY--EST.ERROR-MIXING-   QUANTUM NUMBERS
    43    1          4.188585          0.000000   1.000000 10  1  9
    43    2          4.331132          0.000000   1.000000 10  3  7
    43    3          4.457692          0.000000   1.000000 10  5  5
    43    4          4.693689          0.000000   1.000000 10  7  3
    43    5          5.016215          0.000000   1.000000 10  9  1
 FREQUENCY-EST.ERROR.-LINE.STR. DIP**2-LGSTR.-ITD,-GUP-I.D.-QNFORM-QUANTUM NUMBERS
   25294.0277   0.0000 2.13620E+000  -8.4906  3    3.3449  21      -3  303 10 1 9       9 0 9       
   20348.9066   0.0000 6.02042E-001  -9.2384  3    3.5098  21      -3  303 10 1 9       9 2 7       
   17383.8871   0.0000 2.59660E-002 -10.7457  3    3.6087  21      -3  303 10 1 9       9 4 5       
   29567.4762   0.0000 1.05788E-002 -10.6674  3    3.3449  21      -3  303 10 3 7       9 0 9       
   24622.3552   0.0000 6.03639E+000  -8.0789  3    3.5098  21      -3  303 10 3 7       9 2 7       
   21657.3357   0.0000 1.41167E+000  -8.8267  3    3.6087  21      -3  303 10 3 7       9 4 5       
   28416.5365   0.0000 1.36162E-001  -9.6075  3    3.5098  21      -3  303 10 5 5       9 2 7       
   25451.5170   0.0000 6.43150E+000  -8.0343  3    3.6087  21      -3  303 10 5 5       9 4 5       
   19735.2105   0.0000 4.52164E-001  -9.4185  3    3.7994  21      -3  303 10 5 5       9 6 3       
   26810.2241   0.0000 7.34778E+000  -7.9534  3    3.7994  21      -3  303 10 7 3       9 6 3       
   18361.7093   0.0000 1.31828E-001 -10.0434  3    4.0812  21      -3  303 10 7 3       9 8 1       
   28030.7832   0.0000 8.76052E+000  -7.8697  3    4.0812  21      -3  303 10 9 1       9 8 1       
 ENERGIES FOR BLOCK NUMBER  44, INDEX-DEGEN-ENERGY--EST.ERROR-MIXING-   QUANTUM NUMBERS
    44    1          4.189118          0.000000   1.000000 10  2  9
    44    2          4.364948          0.000000   1.000000 10  4  7
    44    3          4.563980          0.000000   1.000000 10  6  5
    44    4          4.844542          0.000000   1.000000 10  8  3
    44    5          5.208509          0.000000   1.000000 10 10  1
 FREQUENCY-EST.ERROR.-LINE.STR. DIP**2-LGSTR.-ITD,-GUP-I.D.-QNFORM-QUANTUM NUMBERS
   25308.9554   0.0000 2.13575E+000  -8.4902  3    3.3449  21      -3  303 10 2 9       9 1 9       
   20004.8644   0.0000 5.60820E-001  -9.2847  3    3.5218  21      -3  303 10 2 9       9 3 7       
   25276.1245   0.0000 5.44160E+000  -8.1035  3    3.5218  21      -3  303 10 4 7       9 3 7       
   20233.2662   0.0000 6.65424E-001  -9.2185  3    3.6900  21      -3  303 10 4 7       9 5 5       
   26200.0913   0.0000 6.76781E+000  -7.9967  3    3.6900  21      -3  303 10 6 5       9 5 5       
   19011.0585   0.0000 2.66043E-001  -9.6936  3    3.9298  21      -3  303 10 6 5       9 7 3       
   27422.0918   0.0000 8.01642E+000  -7.9106  3    3.9298  21      -3  303 10 8 3       9 7 3       
   17727.1875   0.0000 4.37346E-002 -10.5700  3    4.2532  21      -3  303 10 8 3       9 9 1       
   28638.6424   0.0000 9.56939E+000  -7.8317  3    4.2532  21      -3  303 1010 1       9 9 1       
    4257.4700   0.0000 3.05262E-001 -10.9354  3    4.1891  21      -3  303 10 3 7      10 2 9       
    5287.2386   0.0000 1.96641E-001 -10.9400  3    4.1886  21      -3  303 10 4 7      10 1 9       
    2780.3912   0.0000 2.72073E+000 -10.3712  3    4.3649  21      -3  303 10 5 5      10 4 7       
    3186.4338   0.0000 2.94951E+000 -10.2281  3    4.4577  21      -3  303 10 6 5      10 5 5       
    3888.5798   0.0000 2.63388E+000 -10.1166  3    4.5640  21      -3  303 10 7 3      10 6 5       
    4522.4535   0.0000 2.15248E+000 -10.0877  3    4.6937  21      -3  303 10 8 3      10 7 3       
    5146.6204   0.0000 1.54196E+000 -10.1371  3    4.8445  21      -3  303 10 9 1      10 8 3       
    5764.8344   0.0000 8.21391E-001 -10.3310  3    5.0162  21      -3  303 1010 1      10 9 1       
 ENERGIES FOR BLOCK NUMBER  45, INDEX-DEGEN-ENERGY--EST.ERROR-MIXING-   QUANTUM NUMBERS
    45    1          5.011591          0.000000   1.000000 11  2 10
    45    2          5.205299          0.000000   1.000000 11  4  8
    45    3          5.405693          0.000000   1.000000 11  6  6
    45    4          5.684587          0.000000   1.000000 11  8  4
    45    5          6.047765          0.000000   1.000000 11 10  2
 FREQUENCY-EST.ERROR.-LINE.STR. DIP**2-LGSTR.-ITD,-GUP-I.D.-QNFORM-QUANTUM NUMBERS
   27850.3454   0.0000 2.14777E+000  -8.4857  3    4.0826  23      -3  303 11 210      10 110       
   21905.1552   0.0000 5.64630E-001  -9.2852  3    4.2809  23      -3  303 11 210      10 3 8       
   27712.3966   0.0000 5.65574E+000  -8.0900  3    4.2809  23      -3  303 11 4 8      10 3 8       
   22478.1542   0.0000 8.28535E-001  -9.1154  3    4.4555  23      -3  303 11 4 8      10 5 6       
   28485.8113   0.0000 7.16995E+000  -7.9825  3    4.4555  23      -3  303 11 6 6      10 5 6       
   21345.4767   0.0000 4.06808E-001  -9.4921  3    4.6937  23      -3  303 11 6 6      10 7 4       
   29706.5066   0.0000 8.30694E+000  -7.9090  3    4.6937  23      -3  303 11 8 4      10 7 4       
   20037.2902   0.0000 1.19694E-001 -10.1097  3    5.0162  23      -3  303 11 8 4      10 9 2       
 ENERGIES FOR BLOCK NUMBER  46, INDEX-DEGEN-ENERGY--EST.ERROR-MIXING-   QUANTUM NUMBERS
    46    1          5.011354          0.000000   1.000000 11  1 10
    46    2          5.181035          0.000000   1.000000 11  3  8
    46    3          5.303193          0.000000   1.000000 11  5  6
    46    4          5.534435          0.000000   1.000000 11  7  4
    46    5          5.855797          0.000000   1.000000 11  9  2
    46    6          6.260333          0.000000   1.000000 11 11  0
 FREQUENCY-EST.ERROR.-LINE.STR. DIP**2-LGSTR.-ITD,-GUP-I.D.-QNFORM-QUANTUM NUMBERS
   27843.6666   0.0000 2.14791E+000  -8.4859  3    4.0826  23      -3  303 11 110      10 010       
   22109.8858   0.0000 5.79497E-001  -9.2654  3    4.2738  23      -3  303 11 110      10 2 8       
   18887.6409   0.0000 1.84491E-002 -10.9051  3    4.3813  23      -3  303 11 110      10 4 6       
   27196.7915   0.0000 6.02247E+000  -8.0774  3    4.2738  23      -3  303 11 3 8      10 2 8       
   23974.5467   0.0000 1.73196E+000  -8.7340  3    4.3813  23      -3  303 11 3 8      10 4 6       
   27636.7589   0.0000 7.09715E+000  -8.0041  3    4.3813  23      -3  303 11 5 6      10 4 6       
   22156.9487   0.0000 6.29004E-001  -9.2583  3    4.5641  23      -3  303 11 5 6      10 6 4       
   29089.4020   0.0000 7.69569E+000  -7.9459  3    4.5641  23      -3  303 11 7 4      10 6 4       
   20682.4557   0.0000 2.41089E-001  -9.7613  3    4.8445  23      -3  303 11 7 4      10 8 2       
   19405.2106   0.0000 3.97444E-002 -10.6353  3    5.2085  23      -3  303 11 9 2      1010 0       
    5814.3363   0.0000 1.92156E-001 -10.9540  3    5.0114  23      -3  303 11 4 8      11 110       
    5079.8109   0.0000 2.36716E-001 -10.9795  3    5.0116  23      -3  303 11 3 8      11 210       
    2934.7816   0.0000 2.58648E+000 -10.4341  3    5.2053  23      -3  303 11 5 6      11 4 8       
    3072.8755   0.0000 3.31093E+000 -10.2973  3    5.3032  23      -3  303 11 6 6      11 5 6       
    3859.5778   0.0000 3.10391E+000 -10.1394  3    5.4057  23      -3  303 11 7 4      11 6 6       
    4501.4520   0.0000 2.71934E+000 -10.0777  3    5.5344  23      -3  303 11 8 4      11 7 4       
    5132.7549   0.0000 2.19491E+000 -10.0735  3    5.6846  23      -3  303 11 9 2      11 8 4       
    5755.0419   0.0000 1.55933E+000 -10.1415  3    5.8558  23      -3  303 1110 2      11 9 2       
    6372.6421   0.0000 8.25378E-001 -10.3503  3    6.0478  23      -3  303 1111 0      1110 2       
 ENERGIES FOR BLOCK NUMBER  47, INDEX-DEGEN-ENERGY--EST.ERROR-MIXING-   QUANTUM NUMBERS
    47    1          4.893497          0.000000   1.000000 11  1 11
    47    2          5.114103          0.000000   1.000000 11  3  9
    47    3          5.297935          0.000000   1.000000 11  5  7
    47    4          5.534414          0.000000   1.000000 11  7  5
    47    5          5.855797          0.000000   1.000000 11  9  3
    47    6          6.260333          0.000000   1.000000 11 11  1
 FREQUENCY-EST.ERROR.-LINE.STR. DIP**2-LGSTR.-ITD,-GUP-I.D.-QNFORM-QUANTUM NUMBERS
   21116.7503   0.0000 2.67178E-001  -9.6311  3    4.1891  23      -3  303 11 111      10 2 9       
   27730.3509   0.0000 4.07434E+000  -8.2223  3    4.1891  23      -3  303 11 3 9      10 2 9       
   22459.0909   0.0000 8.24529E-001  -9.1088  3    4.3649  23      -3  303 11 3 9      10 4 7       
   27970.2277   0.0000 6.62737E+000  -8.0223  3    4.3649  23      -3  303 11 5 7      10 4 7       
   22003.4026   0.0000 6.19155E-001  -9.2709  3    4.5640  23      -3  303 11 5 7      10 6 5       
   29092.8675   0.0000 7.69441E+000  -7.9459  3    4.5640  23      -3  303 11 7 5      10 6 5       
   20681.8342   0.0000 2.41084E-001  -9.7613  3    4.8445  23      -3  303 11 7 5      10 8 3       
   19405.2103   0.0000 3.97444E-002 -10.6353  3    5.2085  23      -3  303 11 9 3      1010 1       
 ENERGIES FOR BLOCK NUMBER  48, INDEX-DEGEN-ENERGY--EST.ERROR-MIXING-   QUANTUM NUMBERS
    48    1          4.893492          0.000000   1.000000 11  0 11
    48    2          5.110279          0.000000   1.000000 11  2  9
    48    3          5.233280          0.000000   1.000000 11  4  7
    48    4          5.406136          0.000000   1.000000 11  6  5
    48    5          5.684588          0.000000   1.000000 11  8  3
    48    6          6.047765          0.000000   1.000000 11 10  1
 FREQUENCY-EST.ERROR.-LINE.STR. DIP**2-LGSTR.-ITD,-GUP-I.D.-QNFORM-QUANTUM NUMBERS
   21132.5668   0.0000 2.67410E-001  -9.6301  3    4.1886  23      -3  303 11 011      10 1 9       
   27631.6870   0.0000 4.08721E+000  -8.2238  3    4.1886  23      -3  303 11 2 9      10 1 9       
   23358.2384   0.0000 1.13576E+000  -8.9336  3    4.3311  23      -3  303 11 2 9      10 3 7       
   19564.0571   0.0000 4.78174E-002 -10.4700  3    4.4577  23      -3  303 11 2 9      10 5 5       
   27045.7001   0.0000 7.49213E+000  -7.9931  3    4.3311  23      -3  303 11 4 7      10 3 7       
   23251.5188   0.0000 1.03679E+000  -8.9901  3    4.4577  23      -3  303 11 4 7      10 5 5       
   28433.6141   0.0000 7.19998E+000  -7.9824  3    4.4577  23      -3  303 11 6 5      10 5 5       
   21358.6005   0.0000 4.07089E-001  -9.4913  3    4.6937  23      -3  303 11 6 5      10 7 3       
   29706.3817   0.0000 8.30697E+000  -7.9090  3    4.6937  23      -3  303 11 8 3      10 7 3       
   20037.3078   0.0000 1.19694E-001 -10.1097  3    5.0162  23      -3  303 11 8 3      10 9 1       
    5625.7793   0.0000 2.63331E-001 -10.8558  3    5.1103  23      -3  303 11 5 7      11 2 9       
    3572.8191   0.0000 9.46645E-001 -10.6913  3    5.1141  23      -3  303 11 4 7      11 3 9       
    1938.3177   0.0000 3.64029E+000 -10.6471  3    5.2333  23      -3  303 11 5 7      11 4 7       
    3243.7777   0.0000 3.24258E+000 -10.2591  3    5.2979  23      -3  303 11 6 5      11 5 7       
    3845.6872   0.0000 3.10657E+000 -10.1422  3    5.4061  23      -3  303 11 7 5      11 6 5       
    4502.0940   0.0000 2.71927E+000 -10.0776  3    5.5344  23      -3  303 11 8 3      11 7 5       
    5132.7369   0.0000 2.19491E+000 -10.0735  3    5.6846  23      -3  303 11 9 3      11 8 3       
    5755.0422   0.0000 1.55933E+000 -10.1415  3    5.8558  23      -3  303 1110 1      11 9 3       
    6372.6421   0.0000 8.25378E-001 -10.3503  3    6.0478  23      -3  303 1111 1      1110 1       
 ENERGIES FOR BLOCK NUMBER  49, INDEX-DEGEN-ENERGY--EST.ERROR-MIXING-   QUANTUM NUMBERS
    49    1          5.777580          0.000000   1.000000 12  0 12
    49    2          6.019101          0.000000   1.000000 12  2 10
    49    3          6.163691          0.000000   1.000000 12  4  8
    49    4          6.325852          0.000000   1.000000 12  6  6
    49    5          6.601458          0.000000   1.000000 12  8  4
    49    6          6.963601          0.000000   1.000000 12 10  2
    49    7          7.408699          0.000000   1.000000 12 12  0
 FREQUENCY-EST.ERROR.-LINE.STR. DIP**2-LGSTR.-ITD,-GUP-I.D.-QNFORM-QUANTUM NUMBERS
   22970.8738   0.0000 2.66357E-001  -9.6481  3    5.0114  25      -3  303 12 012      11 110       
   25124.6083   0.0000 1.01491E+000  -9.0106  3    5.1810  25      -3  303 12 210      11 3 8       
   21462.3961   0.0000 5.28289E-002 -10.4375  3    5.3032  25      -3  303 12 210      11 5 6       
   29459.2900   0.0000 7.90638E+000  -7.9880  3    5.1810  25      -3  303 12 4 8      11 3 8       
   25797.0777   0.0000 1.42555E+000  -8.8539  3    5.3032  25      -3  303 12 4 8      11 5 6       
   23726.0919   0.0000 5.66568E-001  -9.3480  3    5.5344  25      -3  303 12 6 6      11 7 4       
   22354.3467   0.0000 2.20474E-001  -9.8407  3    5.8558  25      -3  303 12 8 4      11 9 2       
   21083.4495   0.0000 3.64222E-002 -10.7136  3    6.2603  25      -3  303 1210 2      1111 0       
 ENERGIES FOR BLOCK NUMBER  50, INDEX-DEGEN-ENERGY--EST.ERROR-MIXING-   QUANTUM NUMBERS
    50    1          5.777582          0.000000   1.000000 12  1 12
    50    2          6.021041          0.000000   1.000000 12  3 10
    50    3          6.217111          0.000000   1.000000 12  5  8
    50    4          6.452171          0.000000   1.000000 12  7  6
    50    5          6.772060          0.000000   1.000000 12  9  4
    50    6          7.175858          0.000000   1.000000 12 11  2
 FREQUENCY-EST.ERROR.-LINE.STR. DIP**2-LGSTR.-ITD,-GUP-I.D.-QNFORM-QUANTUM NUMBERS
   22963.8412   0.0000 2.66278E-001  -9.6485  3    5.0116  25      -3  303 12 112      11 210       
   24455.3290   0.0000 8.62173E-001  -9.1063  3    5.2053  25      -3  303 12 310      11 4 8       
   24325.6896   0.0000 7.99318E-001  -9.1644  3    5.4057  25      -3  303 12 5 8      11 6 6       
   23011.5989   0.0000 3.71044E-001  -9.5728  3    5.6846  25      -3  303 12 7 6      11 8 4       
   21713.8256   0.0000 1.09617E-001 -10.1884  3    6.0478  25      -3  303 12 9 4      1110 2       
    4276.5304   0.0000 6.76749E-001 -10.7766  3    6.0210  25      -3  303 12 4 8      12 310       
    5936.1690   0.0000 3.11161E-001 -10.8319  3    6.0191  25      -3  303 12 5 8      12 210       
    1601.4874   0.0000 4.32431E+000 -10.8345  3    6.1637  25      -3  303 12 5 8      12 4 8       
    3259.9801   0.0000 3.42687E+000 -10.3265  3    6.2171  25      -3  303 12 6 6      12 5 8       
    3786.9590   0.0000 3.51882E+000 -10.1971  3    6.3259  25      -3  303 12 7 6      12 6 6       
    4475.5027   0.0000 3.22873E+000 -10.1037  3    6.4522  25      -3  303 12 8 4      12 7 6       
    5114.5209   0.0000 2.78739E+000 -10.0683  3    6.6015  25      -3  303 12 9 4      12 8 4       
    5742.2660   0.0000 2.22980E+000 -10.0835  3    6.7721  25      -3  303 1210 2      12 9 4       
    6363.2822   0.0000 1.57381E+000 -10.1666  3    6.9636  25      -3  303 1211 2      1210 2       
    6980.4140   0.0000 8.28733E-001 -10.3879  3    7.1759  25      -3  303 1212 0      1211 2       
 ENERGIES FOR BLOCK NUMBER  51, INDEX-DEGEN-ENERGY--EST.ERROR-MIXING-   QUANTUM NUMBERS
    51    1          5.907200          0.000000   1.000000 12  1 11
    51    2          6.104923          0.000000   1.000000 12  3  9
    51    3          6.228159          0.000000   1.000000 12  5  7
    51    4          6.452248          0.000000   1.000000 12  7  5
    51    5          6.772060          0.000000   1.000000 12  9  3
    51    6          7.175858          0.000000   1.000000 12 11  1
 FREQUENCY-EST.ERROR.-LINE.STR. DIP**2-LGSTR.-ITD,-GUP-I.D.-QNFORM-QUANTUM NUMBERS
   23891.0983   0.0000 5.68499E-001  -9.2966  3    5.1103  25      -3  303 12 111      11 2 9       
   29818.6711   0.0000 5.98602E+000  -8.0916  3    5.1103  25      -3  303 12 3 9      11 2 9       
   26131.2095   0.0000 1.83638E+000  -8.7261  3    5.2333  25      -3  303 12 3 9      11 4 7       
   20949.1142   0.0000 3.17028E-002 -10.6902  3    5.4061  25      -3  303 12 3 9      11 6 5       
   29825.7435   0.0000 7.91836E+000  -7.9827  3    5.2333  25      -3  303 12 5 7      11 4 7       
   24643.6481   0.0000 8.33545E-001  -9.1355  3    5.4061  25      -3  303 12 5 7      11 6 5       
   23013.8711   0.0000 3.71075E-001  -9.5727  3    5.6846  25      -3  303 12 7 5      11 8 3       
   21713.8277   0.0000 1.09617E-001 -10.1884  3    6.0478  25      -3  303 12 9 3      1110 1       
 ENERGIES FOR BLOCK NUMBER  52, INDEX-DEGEN-ENERGY--EST.ERROR-MIXING-   QUANTUM NUMBERS
    52    1          5.907302          0.000000   1.000000 12  2 11
    52    2          6.120877          0.000000   1.000000 12  4  9
    52    3          6.324607          0.000000   1.000000 12  6  7
    52    4          6.601455          0.000000   1.000000 12  8  5
    52    5          6.963601          0.000000   1.000000 12 10  3
    52    6          7.408699          0.000000   1.000000 12 12  1
 FREQUENCY-EST.ERROR.-LINE.STR. DIP**2-LGSTR.-ITD,-GUP-I.D.-QNFORM-QUANTUM NUMBERS
   23779.5162   0.0000 5.63320E-001  -9.3048  3    5.1141  25      -3  303 12 211      11 3 9       
   24671.1905   0.0000 9.70613E-001  -9.0572  3    5.2979  25      -3  303 12 4 9      11 5 7       
   23689.3839   0.0000 5.65379E-001  -9.3502  3    5.5344  25      -3  303 12 6 7      11 7 5       
   22354.2605   0.0000 2.20473E-001  -9.8408  3    5.8558  25      -3  303 12 8 5      11 9 3       
   21083.4495   0.0000 3.64222E-002 -10.7136  3    6.2603  25      -3  303 1210 3      1111 1       
    6405.8716   0.0000 1.80659E-001 -10.9910  3    5.9072  25      -3  303 12 4 9      12 111       
    3216.2353   0.0000 2.22297E+000 -10.5161  3    6.1209  25      -3  303 12 5 7      12 4 9       
    6585.9569   0.0000 1.76297E-001 -10.9984  3    6.1049  25      -3  303 12 6 7      12 3 9       
    2891.4229   0.0000 3.63064E+000 -10.4062  3    6.2282  25      -3  303 12 6 7      12 5 7       
    3826.5812   0.0000 3.50932E+000 -10.1892  3    6.3246  25      -3  303 12 7 5      12 6 7       
    4473.1264   0.0000 3.22906E+000 -10.1041  3    6.4522  25      -3  303 12 8 5      12 7 5       
    5114.6094   0.0000 2.78738E+000 -10.0683  3    6.6015  25      -3  303 12 9 3      12 8 5       
    5742.2639   0.0000 2.22980E+000 -10.0835  3    6.7721  25      -3  303 1210 3      12 9 3       
    6363.2822   0.0000 1.57381E+000 -10.1666  3    6.9636  25      -3  303 1211 1      1210 3       
    6980.4140   0.0000 8.28733E-001 -10.3879  3    7.1759  25      -3  303 1212 1      1211 1       
 ENERGIES FOR BLOCK NUMBER  53, INDEX-DEGEN-ENERGY--EST.ERROR-MIXING-   QUANTUM NUMBERS
    53    1          6.876220          0.000000   1.000000 13  2 12
    53    2          7.111149          0.000000   1.000000 13  4 10
    53    3          7.320754          0.000000   1.000000 13  6  8
    53    4          7.595271          0.000000   1.000000 13  8  6
    53    5          7.956095          0.000000   1.000000 13 10  4
    53    6          8.400493          0.000000   1.000000 13 12  2
 FREQUENCY-EST.ERROR.-LINE.STR. DIP**2-LGSTR.-ITD,-GUP-I.D.-QNFORM-QUANTUM NUMBERS
   25637.6278   0.0000 5.60093E-001  -9.3395  3    6.0210  27      -3  303 13 212      12 310       
   26802.5884   0.0000 1.08016E+000  -9.0381  3    6.2171  27      -3  303 13 410      12 5 8       
   26039.4639   0.0000 7.39076E-001  -9.2512  3    6.4522  27      -3  303 13 6 8      12 7 6       
   24679.2454   0.0000 3.41210E-001  -9.6645  3    6.7721  27      -3  303 13 8 6      12 9 4       
   23390.9205   0.0000 1.01113E-001 -10.2791  3    7.1759  27      -3  303 1310 4      1211 2       
 ENERGIES FOR BLOCK NUMBER  54, INDEX-DEGEN-ENERGY--EST.ERROR-MIXING-   QUANTUM NUMBERS
    54    1          6.876177          0.000000   1.000000 13  1 12
    54    2          7.101541          0.000000   1.000000 13  3 10
    54    3          7.233111          0.000000   1.000000 13  5  8
    54    4          7.447348          0.000000   1.000000 13  7  6
    54    5          7.765099          0.000000   1.000000 13  9  4
    54    6          8.167953          0.000000   1.000000 13 11  2
    54    7          8.653607          0.000000   1.000000 13 13  0
 FREQUENCY-EST.ERROR.-LINE.STR. DIP**2-LGSTR.-ITD,-GUP-I.D.-QNFORM-QUANTUM NUMBERS
   25694.4892   0.0000 5.61915E-001  -9.3361  3    6.0191  27      -3  303 13 112      12 210       
   28116.0383   0.0000 1.73357E+000  -8.7877  3    6.1637  27      -3  303 13 310      12 4 8       
   23254.5709   0.0000 5.44333E-002 -10.4644  3    6.3259  27      -3  303 13 310      12 6 6       
   27198.9452   0.0000 1.08481E+000  -9.0355  3    6.3259  27      -3  303 13 5 8      12 6 6       
   25359.1317   0.0000 5.18490E-001  -9.4425  3    6.6015  27      -3  303 13 7 6      12 8 4       
   24028.3051   0.0000 2.03160E-001  -9.9317  3    6.9636  27      -3  303 13 9 4      1210 2       
   22761.8398   0.0000 3.36129E-002 -10.8043  3    7.4087  27      -3  303 1311 2      1212 0       
    6571.8520   0.0000 2.82231E-001 -10.8997  3    7.1015  27      -3  303 13 6 8      13 310       
    3656.3368   0.0000 1.73858E+000 -10.6154  3    7.1111  27      -3  303 13 5 8      13 410       
    2627.4777   0.0000 3.96545E+000 -10.5552  3    7.2331  27      -3  303 13 6 8      13 5 8       
    3795.1704   0.0000 3.84166E+000 -10.2607  3    7.3208  27      -3  303 13 7 6      13 6 8       
    4434.6347   0.0000 3.68564E+000 -10.1578  3    7.4473  27      -3  303 13 8 6      13 7 6       
    5091.3256   0.0000 3.32692E+000 -10.0988  3    7.5953  27      -3  303 13 9 4      13 8 6       
    5725.8976   0.0000 2.84348E+000 -10.0838  3    7.7651  27      -3  303 1310 4      13 9 4       
    6351.3333   0.0000 2.25906E+000 -10.1146  3    7.9561  27      -3  303 1311 2      1310 4       
    6971.3961   0.0000 1.58607E+000 -10.2105  3    8.1680  27      -3  303 1312 2      1311 2       
    7588.1600   0.0000 8.31596E-001 -10.4425  3    8.4005  27      -3  303 1313 0      1312 2       
 ENERGIES FOR BLOCK NUMBER  55, INDEX-DEGEN-ENERGY--EST.ERROR-MIXING-   QUANTUM NUMBERS
    55    1          6.734856          0.000000   1.000000 13  1 13
    55    2          7.001475          0.000000   1.000000 13  3 11
    55    3          7.212680          0.000000   1.000000 13  5  9
    55    4          7.447105          0.000000   1.000000 13  7  7
    55    5          7.765099          0.000000   1.000000 13  9  5
    55    6          8.167953          0.000000   1.000000 13 11  3
    55    7          8.653607          0.000000   1.000000 13 13  1
 FREQUENCY-EST.ERROR.-LINE.STR. DIP**2-LGSTR.-ITD,-GUP-I.D.-QNFORM-QUANTUM NUMBERS
   24809.4320   0.0000 2.65447E-001  -9.6791  3    5.9073  27      -3  303 13 113      12 211       
   26399.6552   0.0000 8.77621E-001  -9.1307  3    6.1209  27      -3  303 13 311      12 4 9       
   26623.7541   0.0000 9.81513E-001  -9.0964  3    6.3246  27      -3  303 13 5 9      12 6 7       
   25351.9301   0.0000 5.18346E-001  -9.4429  3    6.6015  27      -3  303 13 7 7      12 8 5       
   24028.2940   0.0000 2.03160E-001  -9.9317  3    6.9636  27      -3  303 13 9 5      1210 3       
   22761.8398   0.0000 3.36129E-002 -10.8043  3    7.4087  27      -3  303 1311 3      1212 1       
 ENERGIES FOR BLOCK NUMBER  56, INDEX-DEGEN-ENERGY--EST.ERROR-MIXING-   QUANTUM NUMBERS
    56    1          6.734855          0.000000   1.000000 13  0 13
    56    2          7.000538          0.000000   1.000000 13  2 11
    56    3          7.171214          0.000000   1.000000 13  4  9
    56    4          7.323853          0.000000   1.000000 13  6  7
    56    5          7.595283          0.000000   1.000000 13  8  5
    56    6          7.956095          0.000000   1.000000 13 10  3
    56    7          8.400493          0.000000   1.000000 13 12  1
 FREQUENCY-EST.ERROR.-LINE.STR. DIP**2-LGSTR.-ITD,-GUP-I.D.-QNFORM-QUANTUM NUMBERS
   24812.4688   0.0000 2.65474E-001  -9.6790  3    5.9072  27      -3  303 13 013      12 111       
   26849.8597   0.0000 9.41875E-001  -9.0844  3    6.1049  27      -3  303 13 211      12 3 9       
   23155.3257   0.0000 4.61403E-002 -10.5296  3    6.2282  27      -3  303 13 211      12 5 7       
   28272.0587   0.0000 1.86318E+000  -8.7586  3    6.2282  27      -3  303 13 4 9      12 5 7       
   26130.0634   0.0000 7.43466E-001  -9.2457  3    6.4522  27      -3  303 13 6 7      12 7 5       
   24679.5962   0.0000 3.41213E-001  -9.6645  3    6.7721  27      -3  303 13 8 5      12 9 3       
   23390.9207   0.0000 1.01113E-001 -10.2791  3    7.1759  27      -3  303 1310 3      1211 1       
    6359.8514   0.0000 3.28953E-001 -10.8508  3    7.0005  27      -3  303 13 5 9      13 211       
    5088.6388   0.0000 5.03824E-001 -10.8572  3    7.0015  27      -3  303 13 4 9      13 311       
    3332.8905   0.0000 3.42789E+000 -10.4110  3    7.2127  27      -3  303 13 6 7      13 5 9       
    3694.9930   0.0000 3.87216E+000 -10.2807  3    7.3239  27      -3  303 13 7 7      13 6 7       
    4442.2755   0.0000 3.68436E+000 -10.1564  3    7.4471  27      -3  303 13 8 5      13 7 7       
    5090.9617   0.0000 3.32695E+000 -10.0989  3    7.5953  27      -3  303 13 9 5      13 8 5       
    5725.9089   0.0000 2.84348E+000 -10.0838  3    7.7651  27      -3  303 1310 3      13 9 5       
    6351.3331   0.0000 2.25906E+000 -10.1146  3    7.9561  27      -3  303 1311 3      1310 3       
    6971.3961   0.0000 1.58607E+000 -10.2105  3    8.1680  27      -3  303 1312 1      1311 3       
    7588.1600   0.0000 8.31596E-001 -10.4425  3    8.4005  27      -3  303 1313 1      1312 1       
 ENERGIES FOR BLOCK NUMBER  57, INDEX-DEGEN-ENERGY--EST.ERROR-MIXING-   QUANTUM NUMBERS
    57    1          7.765319          0.000000   1.000000 14  0 14
    57    2          8.054809          0.000000   1.000000 14  2 12
    57    3          8.254236          0.000000   1.000000 14  4 10
    57    4          8.400933          0.000000   1.000000 14  6  8
    57    5          8.666213          0.000000   1.000000 14  8  6
    57    6          9.025328          0.000000   1.000000 14 10  4
    57    7          9.468849          0.000000   1.000000 14 12  2
    57    8          9.995057          0.000000   1.000000 14 14  0
 FREQUENCY-EST.ERROR.-LINE.STR. DIP**2-LGSTR.-ITD,-GUP-I.D.-QNFORM-QUANTUM NUMBERS
   26655.7966   0.0000 2.64717E-001  -9.7220  3    6.8762  29      -3  303 14 014      13 112       
   28578.2413   0.0000 9.04223E-001  -9.1547  3    7.1015  29      -3  303 14 212      13 310       
   24633.8670   0.0000 3.36235E-002 -10.7204  3    7.2331  29      -3  303 14 212      13 5 8       
   24189.8949   0.0000 2.59950E-002 -10.8695  3    7.4473  29      -3  303 14 410      13 7 6       
   28587.7643   0.0000 9.39695E-001  -9.1737  3    7.4473  29      -3  303 14 6 8      13 7 6       
   27014.7053   0.0000 4.78704E-001  -9.5462  3    7.7651  29      -3  303 14 8 6      13 9 4       
   25703.4778   0.0000 1.88400E-001 -10.0342  3    8.1680  29      -3  303 1410 4      1311 2       
   24440.3396   0.0000 3.12062E-002 -10.9073  3    8.6536  29      -3  303 1412 2      1313 0       
 ENERGIES FOR BLOCK NUMBER  58, INDEX-DEGEN-ENERGY--EST.ERROR-MIXING-   QUANTUM NUMBERS
    58    1          7.765319          0.000000   1.000000 14  1 14
    58    2          8.055245          0.000000   1.000000 14  3 12
    58    3          8.284162          0.000000   1.000000 14  5 10
    58    4          8.519348          0.000000   1.000000 14  7  8
    58    5          8.835020          0.000000   1.000000 14  9  6
    58    6          9.236685          0.000000   1.000000 14 11  4
    58    7          9.721671          0.000000   1.000000 14 13  2
 FREQUENCY-EST.ERROR.-LINE.STR. DIP**2-LGSTR.-ITD,-GUP-I.D.-QNFORM-QUANTUM NUMBERS
   26654.5157   0.0000 2.64708E-001  -9.7220  3    6.8762  29      -3  303 14 114      13 212       
   28303.2796   0.0000 8.79839E-001  -9.1755  3    7.1111  29      -3  303 14 312      13 410       
   28882.2197   0.0000 1.15369E+000  -9.0630  3    7.3208  29      -3  303 14 510      13 6 8       
   27703.1420   0.0000 6.80860E-001  -9.3548  3    7.5953  29      -3  303 14 7 8      13 8 6       
   26349.5188   0.0000 3.15954E-001  -9.7671  3    7.9561  29      -3  303 14 9 6      1310 4       
   25068.4051   0.0000 9.38381E-002 -10.3818  3    8.4005  29      -3  303 1411 4      1312 2       
    5965.6003   0.0000 4.00261E-001 -10.9303  3    8.0552  29      -3  303 14 410      14 312       
    6875.8305   0.0000 3.25181E-001 -10.8987  3    8.0548  29      -3  303 14 510      14 212       
    3500.7150   0.0000 3.19445E+000 -10.5108  3    8.2842  29      -3  303 14 6 8      14 510       
    3550.0124   0.0000 4.17058E+000 -10.3951  3    8.4009  29      -3  303 14 7 8      14 6 8       
    4402.8888   0.0000 4.08588E+000 -10.2308  3    8.5193  29      -3  303 14 8 6      14 7 8       
    5060.7111   0.0000 3.81814E+000 -10.1557  3    8.6662  29      -3  303 14 9 6      14 8 6       
    5705.2923   0.0000 3.40752E+000 -10.1197  3    8.8350  29      -3  303 1410 4      14 9 6       
    6336.3234   0.0000 2.89069E+000 -10.1209  3    9.0253  29      -3  303 1411 4      1410 4       
    6960.0945   0.0000 2.28399E+000 -10.1648  3    9.2367  29      -3  303 1412 2      1411 4       
    7579.4194   0.0000 1.59659E+000 -10.2715  3    9.4688  29      -3  303 1413 2      1412 2       
    8195.8868   0.0000 8.34068E-001 -10.5129  3    9.7217  29      -3  303 1414 0      1413 2       
 ENERGIES FOR BLOCK NUMBER  59, INDEX-DEGEN-ENERGY--EST.ERROR-MIXING-   QUANTUM NUMBERS
    59    1          7.918312          0.000000   1.000000 14  1 13
    59    2          8.170275          0.000000   1.000000 14  3 11
    59    3          8.317830          0.000000   1.000000 14  5  9
    59    4          8.520035          0.000000   1.000000 14  7  7
    59    5          8.835022          0.000000   1.000000 14  9  5
    59    6          9.236685          0.000000   1.000000 14 11  3
    59    7          9.721671          0.000000   1.000000 14 13  1
 FREQUENCY-EST.ERROR.-LINE.STR. DIP**2-LGSTR.-ITD,-GUP-I.D.-QNFORM-QUANTUM NUMBERS
   27514.1835   0.0000 5.57100E-001  -9.3857  3    7.0005  29      -3  303 14 113      13 211       
   29951.0925   0.0000 1.55102E+000  -8.8891  3    7.1712  29      -3  303 14 311      13 4 9       
   25375.0836   0.0000 7.36876E-002 -10.3646  3    7.3239  29      -3  303 14 311      13 6 7       
   29798.6909   0.0000 1.41493E+000  -8.9491  3    7.3239  29      -3  303 14 5 9      13 6 7       
   27723.3840   0.0000 6.81424E-001  -9.3539  3    7.5953  29      -3  303 14 7 7      13 8 5       
   26349.5685   0.0000 3.15954E-001  -9.7671  3    7.9561  29      -3  303 14 9 5      1310 3       
   25068.4051   0.0000 9.38381E-002 -10.3818  3    8.4005  29      -3  303 1411 3      1312 1       
 ENERGIES FOR BLOCK NUMBER  60, INDEX-DEGEN-ENERGY--EST.ERROR-MIXING-   QUANTUM NUMBERS
    60    1          7.918330          0.000000   1.000000 14  2 13
    60    2          8.175630          0.000000   1.000000 14  4 11
    60    3          8.394053          0.000000   1.000000 14  6  9
    60    4          8.666171          0.000000   1.000000 14  8  7
    60    5          9.025328          0.000000   1.000000 14 10  5
    60    6          9.468849          0.000000   1.000000 14 12  3
    60    7          9.995057          0.000000   1.000000 14 14  1
 FREQUENCY-EST.ERROR.-LINE.STR. DIP**2-LGSTR.-ITD,-GUP-I.D.-QNFORM-QUANTUM NUMBERS
   27486.6226   0.0000 5.56448E-001  -9.3871  3    7.0015  29      -3  303 14 213      13 311       
   28868.5420   0.0000 1.15296E+000  -9.0524  3    7.2127  29      -3  303 14 411      13 5 9       
   28388.8093   0.0000 9.24878E-001  -9.1863  3    7.4471  29      -3  303 14 6 9      13 7 7       
   27013.4689   0.0000 4.78688E-001  -9.5463  3    7.7651  29      -3  303 14 8 7      13 9 5       
   25703.4765   0.0000 1.88400E-001 -10.0342  3    8.1680  29      -3  303 1410 5      1311 3       
   24440.3396   0.0000 3.12062E-002 -10.9073  3    8.6536  29      -3  303 1412 3      1313 1       
    4263.0394   0.0000 1.28348E+000 -10.7257  3    8.1756  29      -3  303 14 5 9      14 411       
    6708.7187   0.0000 3.80358E-001 -10.8637  3    8.1703  29      -3  303 14 6 9      14 311       
    2285.1114   0.0000 4.41331E+000 -10.7424  3    8.3178  29      -3  303 14 6 9      14 5 9       
    3776.8502   0.0000 4.08004E+000 -10.3505  3    8.3941  29      -3  303 14 7 7      14 6 9       
    4381.0466   0.0000 4.09028E+000 -10.2347  3    8.5200  29      -3  303 14 8 7      14 7 7       
    5062.0084   0.0000 3.81797E+000 -10.1555  3    8.6662  29      -3  303 14 9 5      14 8 7       
    5705.2411   0.0000 3.40753E+000 -10.1197  3    8.8350  29      -3  303 1410 5      14 9 5       
    6336.3247   0.0000 2.89069E+000 -10.1209  3    9.0253  29      -3  303 1411 3      1410 5       
    6960.0945   0.0000 2.28399E+000 -10.1648  3    9.2367  29      -3  303 1412 3      1411 3       
    7579.4194   0.0000 1.59659E+000 -10.2715  3    9.4688  29      -3  303 1413 1      1412 3       
    8195.8868   0.0000 8.34068E-001 -10.5129  3    9.7217  29      -3  303 1414 1      1413 1       
INITIAL Q =  57160966.1318, NEW Q IS RELATIVE TO MIN.EGY.=         0.0000
 NUMBER OF LINES =    475
TEMPERATURE - Q(SPIN-ROT.) - log Q(SPIN-ROT.)
    300.000      4376.8103    3.6412
    225.000      4338.2437    3.6373
    150.000      4262.3269    3.6296
     75.000      4043.9761    3.6068
     37.500      3646.4639    3.5619
     18.750      2985.2953    3.4750
      9.375      2057.2741    3.3133
      6.000      1414.0225    3.1505
