unknown                                                 Thu Jun 20 23:06:32 2019
ID=    -3 QSPINROT=  57160966.1318 MIN, MAX QN=   0  14
MIN.LOG.STR=   -11.000 MIN.LOG.STR(FRQ/300GHZ)**2=  -100.000 MAX FREQ       30.0 GHZ, TEMP=     6.00
     1 001 1.000000
.VAR FILE TITLE :unknown
                              PARAMETERS - A.PRIORI ERROR 
     1      1         10000  1.4471239750000E+003   1.000000E-037 
     2      2         20000  1.1834241500000E+003   1.000000E-037 
     3      3         30000  1.0970896600000E+003   1.000000E-037 
     4      4           200 -0.0000000000000E+000   1.000000E-037 
     5      5          1100 -0.0000000000000E+000   1.000000E-037 
     6      6          2000 -0.0000000000000E+000   1.000000E-037 
     7      7         40100 -0.0000000000000E+000   1.000000E-037 
     8      8         41000 -0.0000000000000E+000   1.000000E-037 
8 parameters read, 8 independent parameters
IQNFMT = 303
ENERGY SORT OF WANG SUB-BLOCKS
PROLATE ROTOR
    V KMIN KMAX WTPL WTMN ESYMWT NSYM SPINS
    0    0   14    1    1     99    2
BLOCK - WT - SYM - V - TSP - N  -  other quanta  (rel. to F=0 )
    1    1    x    0    0
    2    1    c    0    0
    3    1    b    0    0
    4    1    a    0    0
Maximum Dimension for Hamiltonian = 8
 ENERGIES FOR BLOCK NUMBER   1, INDEX-DEGEN-ENERGY--EST.ERROR-MIXING-   QUANTUM NUMBERS
     1    1          0.000000          0.000000   1.000000  0  0  0
 ENERGIES FOR BLOCK NUMBER   6, INDEX-DEGEN-ENERGY--EST.ERROR-MIXING-   QUANTUM NUMBERS
     6    1          0.087746          0.000000   1.000000  1  1  0
 ENERGIES FOR BLOCK NUMBER   7, INDEX-DEGEN-ENERGY--EST.ERROR-MIXING-   QUANTUM NUMBERS
     7    1          0.084866          0.000000   1.000000  1  1  1
 ENERGIES FOR BLOCK NUMBER   8, INDEX-DEGEN-ENERGY--EST.ERROR-MIXING-   QUANTUM NUMBERS
     8    1          0.076070          0.000000   1.000000  1  0  1
 FREQUENCY-EST.ERROR.-LINE.STR. DIP**2-LGSTR.-ITD,-GUP-I.D.-QNFORM-QUANTUM NUMBERS
    2280.5138   0.0000 1.00000E+000 -10.5226  3    0.0000   3      -3  303  1 0 1       0 0 0       
 ENERGIES FOR BLOCK NUMBER   9, INDEX-DEGEN-ENERGY--EST.ERROR-MIXING-   QUANTUM NUMBERS
     9    1          0.227610          0.000000   1.000000  2  0  2
     9    2          0.269752          0.000000   1.000000  2  2  0
 FREQUENCY-EST.ERROR.-LINE.STR. DIP**2-LGSTR.-ITD,-GUP-I.D.-QNFORM-QUANTUM NUMBERS
    4543.0731   0.0000 1.97158E+000  -9.6410  3    0.0761   5      -3  303  2 0 2       1 0 1       
 ENERGIES FOR BLOCK NUMBER  10, INDEX-DEGEN-ENERGY--EST.ERROR-MIXING-   QUANTUM NUMBERS
    10    1          0.234126          0.000000   1.000000  2  1  2
 FREQUENCY-EST.ERROR.-LINE.STR. DIP**2-LGSTR.-ITD,-GUP-I.D.-QNFORM-QUANTUM NUMBERS
    4474.6931   0.0000 1.50000E+000  -9.7737  3    0.0849   5      -3  303  2 1 2       1 1 1       
 ENERGIES FOR BLOCK NUMBER  11, INDEX-DEGEN-ENERGY--EST.ERROR-MIXING-   QUANTUM NUMBERS
    11    1          0.242765          0.000000   1.000000  2  1  1
 FREQUENCY-EST.ERROR.-LINE.STR. DIP**2-LGSTR.-ITD,-GUP-I.D.-QNFORM-QUANTUM NUMBERS
    4647.3621   0.0000 1.50000E+000  -9.7414  3    0.0877   5      -3  303  2 1 1       1 1 0       
 ENERGIES FOR BLOCK NUMBER  12, INDEX-DEGEN-ENERGY--EST.ERROR-MIXING-   QUANTUM NUMBERS
    12    1          0.269153          0.000000   1.000000  2  2  1
 ENERGIES FOR BLOCK NUMBER  13, INDEX-DEGEN-ENERGY--EST.ERROR-MIXING-   QUANTUM NUMBERS
    13    1          0.497362          0.000000   1.000000  3  2  2
 FREQUENCY-EST.ERROR.-LINE.STR. DIP**2-LGSTR.-ITD,-GUP-I.D.-QNFORM-QUANTUM NUMBERS
    6841.5414   0.0000 1.66667E+000  -9.3824  3    0.2692   7      -3  303  3 2 2       2 2 1       
 ENERGIES FOR BLOCK NUMBER  14, INDEX-DEGEN-ENERGY--EST.ERROR-MIXING-   QUANTUM NUMBERS
    14    1          0.474872          0.000000   1.000000  3  1  2
    14    2          0.548965          0.000000   1.000000  3  3  0
 FREQUENCY-EST.ERROR.-LINE.STR. DIP**2-LGSTR.-ITD,-GUP-I.D.-QNFORM-QUANTUM NUMBERS
    6958.3875   0.0000 2.65147E+000  -9.1636  3    0.2428   7      -3  303  3 1 2       2 1 1       
 ENERGIES FOR BLOCK NUMBER  15, INDEX-DEGEN-ENERGY--EST.ERROR-MIXING-   QUANTUM NUMBERS
    15    1          0.457673          0.000000   1.000000  3  1  3
    15    2          0.548885          0.000000   1.000000  3  3  1
 FREQUENCY-EST.ERROR.-LINE.STR. DIP**2-LGSTR.-ITD,-GUP-I.D.-QNFORM-QUANTUM NUMBERS
    6701.7794   0.0000 2.65666E+000  -9.1940  3    0.2341   7      -3  303  3 1 3       2 1 2       
 ENERGIES FOR BLOCK NUMBER  16, INDEX-DEGEN-ENERGY--EST.ERROR-MIXING-   QUANTUM NUMBERS
    16    1          0.453577          0.000000   1.000000  3  0  3
    16    2          0.500204          0.000000   1.000000  3  2  1
 FREQUENCY-EST.ERROR.-LINE.STR. DIP**2-LGSTR.-ITD,-GUP-I.D.-QNFORM-QUANTUM NUMBERS
    6774.3207   0.0000 2.90522E+000  -9.1452  3    0.2276   7      -3  303  3 0 3       2 0 2       
    8172.1394   0.0000 7.58267E-002 -10.5681  3    0.2276   7      -3  303  3 2 1       2 0 2       
    6908.7621   0.0000 1.67209E+000  -9.3727  3    0.2698   7      -3  303  3 2 1       2 2 0       
 ENERGIES FOR BLOCK NUMBER  17, INDEX-DEGEN-ENERGY--EST.ERROR-MIXING-   QUANTUM NUMBERS
    17    1          0.752975          0.000000   1.000000  4  0  4
    17    2          0.808884          0.000000   1.000000  4  2  2
    17    3          0.924953          0.000000   1.000000  4  4  0
 FREQUENCY-EST.ERROR.-LINE.STR. DIP**2-LGSTR.-ITD,-GUP-I.D.-QNFORM-QUANTUM NUMBERS
    8975.7232   0.0000 3.83410E+000  -8.8077  3    0.4536   9      -3  303  4 0 4       3 0 3       
   10651.8272   0.0000 1.04812E-001 -10.2251  3    0.4536   9      -3  303  4 2 2       3 0 3       
    9254.0086   0.0000 3.02195E+000  -8.8899  3    0.5002   9      -3  303  4 2 2       3 2 1       
 ENERGIES FOR BLOCK NUMBER  18, INDEX-DEGEN-ENERGY--EST.ERROR-MIXING-   QUANTUM NUMBERS
    18    1          0.755196          0.000000   1.000000  4  1  4
    18    2          0.854159          0.000000   1.000000  4  3  2
 FREQUENCY-EST.ERROR.-LINE.STR. DIP**2-LGSTR.-ITD,-GUP-I.D.-QNFORM-QUANTUM NUMBERS
    8919.5352   0.0000 3.72168E+000  -8.8264  3    0.4577   9      -3  303  4 1 4       3 1 3       
   11886.3670   0.0000 2.08109E-002 -10.8345  3    0.4577   9      -3  303  4 3 2       3 1 3       
    9151.9063   0.0000 1.75623E+000  -9.1401  3    0.5489   9      -3  303  4 3 2       3 3 1       
 ENERGIES FOR BLOCK NUMBER  19, INDEX-DEGEN-ENERGY--EST.ERROR-MIXING-   QUANTUM NUMBERS
    19    1          0.783450          0.000000   1.000000  4  1  3
    19    2          0.854704          0.000000   1.000000  4  3  1
 FREQUENCY-EST.ERROR.-LINE.STR. DIP**2-LGSTR.-ITD,-GUP-I.D.-QNFORM-QUANTUM NUMBERS
    9250.9322   0.0000 3.69222E+000  -8.8005  3    0.4749   9      -3  303  4 1 3       3 1 2       
   11387.0917   0.0000 4.63830E-002 -10.5246  3    0.4749   9      -3  303  4 3 1       3 1 2       
    9165.8472   0.0000 1.75647E+000  -9.1388  3    0.5490   9      -3  303  4 3 1       3 3 0       
 ENERGIES FOR BLOCK NUMBER  20, INDEX-DEGEN-ENERGY--EST.ERROR-MIXING-   QUANTUM NUMBERS
    20    1          0.801171          0.000000   1.000000  4  2  3
    20    2          0.924944          0.000000   1.000000  4  4  1
 FREQUENCY-EST.ERROR.-LINE.STR. DIP**2-LGSTR.-ITD,-GUP-I.D.-QNFORM-QUANTUM NUMBERS
    9107.9405   0.0000 2.98859E+000  -8.9080  3    0.4974   9      -3  303  4 2 3       3 2 2       
 ENERGIES FOR BLOCK NUMBER  21, INDEX-DEGEN-ENERGY--EST.ERROR-MIXING-   QUANTUM NUMBERS
    21    1          1.180194          0.000000   1.000000  5  2  4
    21    2          1.306619          0.000000   1.000000  5  4  2
 FREQUENCY-EST.ERROR.-LINE.STR. DIP**2-LGSTR.-ITD,-GUP-I.D.-QNFORM-QUANTUM NUMBERS
   11362.8203   0.0000 4.16473E+000  -8.6072  3    0.8012  11      -3  303  5 2 4       4 2 3       
   15152.9521   0.0000 2.61438E-002 -10.5659  3    0.8012  11      -3  303  5 4 2       4 2 3       
   11442.3178   0.0000 1.80796E+000  -8.9766  3    0.9249  11      -3  303  5 4 2       4 4 1       
 ENERGIES FOR BLOCK NUMBER  22, INDEX-DEGEN-ENERGY--EST.ERROR-MIXING-   QUANTUM NUMBERS
    22    1          1.167540          0.000000   1.000000  5  1  4
    22    2          1.237937          0.000000   1.000000  5  3  2
    22    3          1.397519          0.000000   1.000000  5  5  0
 FREQUENCY-EST.ERROR.-LINE.STR. DIP**2-LGSTR.-ITD,-GUP-I.D.-QNFORM-QUANTUM NUMBERS
   11514.7511   0.0000 4.65778E+000  -8.5455  3    0.7834  11      -3  303  5 1 4       4 1 3       
   13625.2016   0.0000 9.98926E-002 -10.0716  3    0.7834  11      -3  303  5 3 2       4 1 3       
   11489.0421   0.0000 3.21049E+000  -8.7164  3    0.8547  11      -3  303  5 3 2       4 3 1       
   16273.1756   0.0000 1.12980E-002 -10.8758  3    0.8547  11      -3  303  5 5 0       4 3 1       
 ENERGIES FOR BLOCK NUMBER  23, INDEX-DEGEN-ENERGY--EST.ERROR-MIXING-   QUANTUM NUMBERS
    23    1          1.126410          0.000000   1.000000  5  1  5
    23    2          1.235871          0.000000   1.000000  5  3  3
    23    3          1.397518          0.000000   1.000000  5  5  1
 FREQUENCY-EST.ERROR.-LINE.STR. DIP**2-LGSTR.-ITD,-GUP-I.D.-QNFORM-QUANTUM NUMBERS
   11128.7157   0.0000 4.74894E+000  -8.5631  3    0.7552  11      -3  303  5 1 5       4 1 4       
   14410.2632   0.0000 2.94200E-002 -10.5522  3    0.7552  11      -3  303  5 3 3       4 1 4       
   11443.4313   0.0000 3.20723E+000  -8.7202  3    0.8542  11      -3  303  5 3 3       4 3 2       
   16289.4856   0.0000 1.12615E-002 -10.8763  3    0.8542  11      -3  303  5 5 1       4 3 2       
 ENERGIES FOR BLOCK NUMBER  24, INDEX-DEGEN-ENERGY--EST.ERROR-MIXING-   QUANTUM NUMBERS
    24    1          1.125331          0.000000   1.000000  5  0  5
    24    2          1.195831          0.000000   1.000000  5  2  3
    24    3          1.306697          0.000000   1.000000  5  4  1
 FREQUENCY-EST.ERROR.-LINE.STR. DIP**2-LGSTR.-ITD,-GUP-I.D.-QNFORM-QUANTUM NUMBERS
   11162.9499   0.0000 4.79216E+000  -8.5563  3    0.7530  11      -3  303  5 0 5       4 0 4       
    9486.8459   0.0000 2.64046E-002 -10.9594  3    0.8089  11      -3  303  5 0 5       4 2 2       
   13276.4721   0.0000 9.60710E-002 -10.1073  3    0.7530  11      -3  303  5 2 3       4 0 4       
   11600.3681   0.0000 4.24506E+000  -8.5821  3    0.8089  11      -3  303  5 2 3       4 2 2       
   14924.0442   0.0000 2.99498E-002 -10.5205  3    0.8089  11      -3  303  5 4 1       4 2 2       
   11444.3892   0.0000 1.80797E+000  -8.9764  3    0.9250  11      -3  303  5 4 1       4 4 0       
 ENERGIES FOR BLOCK NUMBER  25, INDEX-DEGEN-ENERGY--EST.ERROR-MIXING-   QUANTUM NUMBERS
    25    1          1.570611          0.000000   1.000000  6  0  6
    25    2          1.660471          0.000000   1.000000  6  2  4
    25    3          1.765360          0.000000   1.000000  6  4  2
    25    4          1.966632          0.000000   1.000000  6  6  0
 FREQUENCY-EST.ERROR.-LINE.STR. DIP**2-LGSTR.-ITD,-GUP-I.D.-QNFORM-QUANTUM NUMBERS
   13349.1632   0.0000 5.77474E+000  -8.3625  3    1.1253  13      -3  303  6 0 6       5 0 5       
   16043.0737   0.0000 7.25957E-002 -10.1080  3    1.1253  13      -3  303  6 2 4       5 0 5       
   13929.5516   0.0000 5.37445E+000  -8.3650  3    1.1958  13      -3  303  6 2 4       5 2 3       
   17074.0670   0.0000 5.90909E-002 -10.1524  3    1.1958  13      -3  303  6 4 2       5 2 3       
   13750.3909   0.0000 3.34707E+000  -8.5932  3    1.3067  13      -3  303  6 4 2       5 4 1       
   19784.3684   0.0000 1.10428E-002 -10.7690  3    1.3067  13      -3  303  6 6 0       5 4 1       
 ENERGIES FOR BLOCK NUMBER  26, INDEX-DEGEN-ENERGY--EST.ERROR-MIXING-   QUANTUM NUMBERS
    26    1          1.571098          0.000000   1.000000  6  1  6
    26    2          1.693857          0.000000   1.000000  6  3  4
    26    3          1.855461          0.000000   1.000000  6  5  2
 FREQUENCY-EST.ERROR.-LINE.STR. DIP**2-LGSTR.-ITD,-GUP-I.D.-QNFORM-QUANTUM NUMBERS
   13331.4102   0.0000 5.75922E+000  -8.3649  3    1.1264  13      -3  303  6 1 6       5 1 5       
   17011.6071   0.0000 3.41284E-002 -10.3867  3    1.1264  13      -3  303  6 3 4       5 1 5       
   13730.0597   0.0000 4.50028E+000  -8.4585  3    1.2359  13      -3  303  6 3 4       5 3 3       
   18574.8295   0.0000 2.56560E-002 -10.4483  3    1.2359  13      -3  303  6 5 2       5 3 3       
   13728.7752   0.0000 1.84194E+000  -8.8634  3    1.3975  13      -3  303  6 5 2       5 5 1       
 ENERGIES FOR BLOCK NUMBER  27, INDEX-DEGEN-ENERGY--EST.ERROR-MIXING-   QUANTUM NUMBERS
    27    1          1.625930          0.000000   1.000000  6  1  5
    27    2          1.699492          0.000000   1.000000  6  3  3
    27    3          1.855470          0.000000   1.000000  6  5  1
 FREQUENCY-EST.ERROR.-LINE.STR. DIP**2-LGSTR.-ITD,-GUP-I.D.-QNFORM-QUANTUM NUMBERS
   13742.1752   0.0000 5.56803E+000  -8.3582  3    1.1675  13      -3  303  6 1 5       5 1 4       
   11631.7247   0.0000 4.53334E-002 -10.5960  3    1.2379  13      -3  303  6 1 5       5 3 2       
   15947.4934   0.0000 1.63562E-001  -9.7647  3    1.1675  13      -3  303  6 3 3       5 1 4       
   13837.0429   0.0000 4.52064E+000  -8.4502  3    1.2379  13      -3  303  6 3 3       5 3 2       
   18513.1675   0.0000 2.60134E-002 -10.4453  3    1.2379  13      -3  303  6 5 1       5 3 2       
   13729.0340   0.0000 1.84194E+000  -8.8634  3    1.3975  13      -3  303  6 5 1       5 5 0       
 ENERGIES FOR BLOCK NUMBER  28, INDEX-DEGEN-ENERGY--EST.ERROR-MIXING-   QUANTUM NUMBERS
    28    1          1.633995          0.000000   1.000000  6  2  5
    28    2          1.764982          0.000000   1.000000  6  4  3
    28    3          1.966632          0.000000   1.000000  6  6  1
 FREQUENCY-EST.ERROR.-LINE.STR. DIP**2-LGSTR.-ITD,-GUP-I.D.-QNFORM-QUANTUM NUMBERS
   13604.6284   0.0000 5.26204E+000  -8.3925  3    1.1802  13      -3  303  6 2 5       5 2 4       
   17531.5286   0.0000 4.28616E-002 -10.2680  3    1.1802  13      -3  303  6 4 3       5 2 4       
   13741.3968   0.0000 3.34690E+000  -8.5938  3    1.3066  13      -3  303  6 4 3       5 4 2       
   19786.7013   0.0000 1.10401E-002 -10.7690  3    1.3066  13      -3  303  6 6 1       5 4 2       
 ENERGIES FOR BLOCK NUMBER  29, INDEX-DEGEN-ENERGY--EST.ERROR-MIXING-   QUANTUM NUMBERS
    29    1          2.162135          0.000000   1.000000  7  2  6
    29    2          2.300108          0.000000   1.000000  7  4  4
    29    3          2.500831          0.000000   1.000000  7  6  2
 FREQUENCY-EST.ERROR.-LINE.STR. DIP**2-LGSTR.-ITD,-GUP-I.D.-QNFORM-QUANTUM NUMBERS
   15833.2486   0.0000 6.31181E+000  -8.2328  3    1.6340  15      -3  303  7 2 6       6 2 5       
   19969.5640   0.0000 5.88811E-002 -10.0684  3    1.6340  15      -3  303  7 4 4       6 2 5       
   16042.6638   0.0000 4.73062E+000  -8.3606  3    1.7650  15      -3  303  7 4 4       6 4 3       
   22060.1821   0.0000 2.46015E-002 -10.3781  3    1.7650  15      -3  303  7 6 2       6 4 3       
   16014.8775   0.0000 1.86609E+000  -8.7871  3    1.9666  15      -3  303  7 6 2       6 6 1       
 ENERGIES FOR BLOCK NUMBER  30, INDEX-DEGEN-ENERGY--EST.ERROR-MIXING-   QUANTUM NUMBERS
    30    1          2.157539          0.000000   1.000000  7  1  6
    30    2          2.239967          0.000000   1.000000  7  3  4
    30    3          2.390158          0.000000   1.000000  7  5  2
    30    4          2.632288          0.000000   1.000000  7  7  0
 FREQUENCY-EST.ERROR.-LINE.STR. DIP**2-LGSTR.-ITD,-GUP-I.D.-QNFORM-QUANTUM NUMBERS
   15937.2485   0.0000 6.46866E+000  -8.2158  3    1.6259  15      -3  303  7 1 6       6 1 5       
   13731.9303   0.0000 6.20727E-002 -10.3670  3    1.6995  15      -3  303  7 1 6       6 3 3       
   18408.3611   0.0000 1.98830E-001  -9.6071  3    1.6259  15      -3  303  7 3 4       6 1 5       
   16203.0429   0.0000 5.76542E+000  -8.2595  3    1.6995  15      -3  303  7 3 4       6 3 3       
   20705.6522   0.0000 4.53766E-002 -10.1582  3    1.6995  15      -3  303  7 5 2       6 3 3       
   16029.5276   0.0000 3.44421E+000  -8.5086  3    1.8555  15      -3  303  7 5 2       6 5 1       
   23288.4158   0.0000 1.08777E-002 -10.6970  3    1.8555  15      -3  303  7 7 0       6 5 1       
 ENERGIES FOR BLOCK NUMBER  31, INDEX-DEGEN-ENERGY--EST.ERROR-MIXING-   QUANTUM NUMBERS
    31    1          2.089122          0.000000   1.000000  7  1  7
    31    2          2.227806          0.000000   1.000000  7  3  5
    31    3          2.390102          0.000000   1.000000  7  5  3
    31    4          2.632288          0.000000   1.000000  7  7  1
 FREQUENCY-EST.ERROR.-LINE.STR. DIP**2-LGSTR.-ITD,-GUP-I.D.-QNFORM-QUANTUM NUMBERS
   15529.9457   0.0000 6.76229E+000  -8.2126  3    1.5711  15      -3  303  7 1 7       6 1 6       
   19687.5906   0.0000 3.51834E-002 -10.2974  3    1.5711  15      -3  303  7 3 5       6 1 6       
   16007.3937   0.0000 5.69581E+000  -8.2745  3    1.6939  15      -3  303  7 3 5       6 3 4       
   20872.9083   0.0000 4.33434E-002 -10.1708  3    1.6939  15      -3  303  7 5 3       6 3 4       
   16028.1385   0.0000 3.44420E+000  -8.5087  3    1.8555  15      -3  303  7 5 3       6 5 2       
   23288.7006   0.0000 1.08775E-002 -10.6970  3    1.8555  15      -3  303  7 7 1       6 5 2       
 ENERGIES FOR BLOCK NUMBER  32, INDEX-DEGEN-ENERGY--EST.ERROR-MIXING-   QUANTUM NUMBERS
    32    1          2.088912          0.000000   1.000000  7  0  7
    32    2          2.201857          0.000000   1.000000  7  2  5
    32    3          2.301426          0.000000   1.000000  7  4  3
    32    4          2.500832          0.000000   1.000000  7  6  1
 FREQUENCY-EST.ERROR.-LINE.STR. DIP**2-LGSTR.-ITD,-GUP-I.D.-QNFORM-QUANTUM NUMBERS
   15538.2771   0.0000 6.76780E+000  -8.2118  3    1.5706  15      -3  303  7 0 7       6 0 6       
   18924.2823   0.0000 5.32653E-002 -10.1503  3    1.5706  15      -3  303  7 2 5       6 0 6       
   16230.3718   0.0000 6.41313E+000  -8.2078  3    1.6605  15      -3  303  7 2 5       6 2 4       
   13085.8563   0.0000 2.10494E-002 -10.8843  3    1.7654  15      -3  303  7 2 5       6 4 2       
   19215.3467   0.0000 1.06839E-001  -9.8446  3    1.6605  15      -3  303  7 4 3       6 2 4       
   16070.8312   0.0000 4.73205E+000  -8.3591  3    1.7654  15      -3  303  7 4 3       6 4 2       
   22048.8842   0.0000 2.46330E-002 -10.3780  3    1.7654  15      -3  303  7 6 1       6 4 2       
   16014.9066   0.0000 1.86609E+000  -8.7871  3    1.9666  15      -3  303  7 6 1       6 6 0       
 ENERGIES FOR BLOCK NUMBER  33, INDEX-DEGEN-ENERGY--EST.ERROR-MIXING-   QUANTUM NUMBERS
    33    1          2.680316          0.000000   1.000000  8  0  8
    33    2          2.818766          0.000000   1.000000  8  2  6
    33    3          2.915603          0.000000   1.000000  8  4  4
    33    4          3.111701          0.000000   1.000000  8  6  2
    33    5          3.394487          0.000000   1.000000  8  8  0
 FREQUENCY-EST.ERROR.-LINE.STR. DIP**2-LGSTR.-ITD,-GUP-I.D.-QNFORM-QUANTUM NUMBERS
   17729.8262   0.0000 7.76456E+000  -8.0952  3    2.0889  17      -3  303  8 0 8       7 0 7       
   21880.4709   0.0000 4.11631E-002 -10.1951  3    2.0889  17      -3  303  8 2 6       7 0 7       
   18494.4657   0.0000 7.36599E+000  -8.0945  3    2.2019  17      -3  303  8 2 6       7 2 5       
   15509.4908   0.0000 4.69054E-002 -10.4487  3    2.3014  17      -3  303  8 2 6       7 4 3       
   21397.5601   0.0000 1.76907E-001  -9.5922  3    2.2019  17      -3  303  8 4 4       7 2 5       
   18412.5852   0.0000 6.02277E+000  -8.1960  3    2.3014  17      -3  303  8 4 4       7 4 3       
   24291.4616   0.0000 4.12752E-002 -10.1293  3    2.3014  17      -3  303  8 6 2       7 4 3       
   18313.4087   0.0000 3.51661E+000  -8.4549  3    2.5008  17      -3  303  8 6 2       7 6 1       
   26791.0917   0.0000 1.07593E-002 -10.6531  3    2.5008  17      -3  303  8 8 0       7 6 1       
 ENERGIES FOR BLOCK NUMBER  34, INDEX-DEGEN-ENERGY--EST.ERROR-MIXING-   QUANTUM NUMBERS
    34    1          2.680403          0.000000   1.000000  8  1  8
    34    2          2.837293          0.000000   1.000000  8  3  6
    34    3          3.001588          0.000000   1.000000  8  5  4
    34    4          3.242747          0.000000   1.000000  8  7  2
 FREQUENCY-EST.ERROR.-LINE.STR. DIP**2-LGSTR.-ITD,-GUP-I.D.-QNFORM-QUANTUM NUMBERS
   17726.1552   0.0000 7.76261E+000  -8.0955  3    2.0891  17      -3  303  8 1 8       7 1 7       
   22429.6129   0.0000 3.38819E-002 -10.2591  3    2.0891  17      -3  303  8 3 6       7 1 7       
   18271.9679   0.0000 6.82312E+000  -8.1405  3    2.2278  17      -3  303  8 3 6       7 3 5       
   23197.4045   0.0000 6.37030E-002  -9.9714  3    2.2278  17      -3  303  8 5 4       7 3 5       
   18331.8900   0.0000 4.89631E+000  -8.2988  3    2.3901  17      -3  303  8 5 4       7 5 3       
   25561.6530   0.0000 2.38057E-002 -10.3354  3    2.3901  17      -3  303  8 7 2       7 5 3       
   18301.0909   0.0000 1.88415E+000  -8.7402  3    2.6323  17      -3  303  8 7 2       7 7 1       
 ENERGIES FOR BLOCK NUMBER  35, INDEX-DEGEN-ENERGY--EST.ERROR-MIXING-   QUANTUM NUMBERS
    35    1          2.761837          0.000000   1.000000  8  1  7
    35    2          2.859298          0.000000   1.000000  8  3  5
    35    3          3.001822          0.000000   1.000000  8  5  3
    35    4          3.242747          0.000000   1.000000  8  7  1
 FREQUENCY-EST.ERROR.-LINE.STR. DIP**2-LGSTR.-ITD,-GUP-I.D.-QNFORM-QUANTUM NUMBERS
   18116.3809   0.0000 7.40084E+000  -8.1051  3    2.1575  17      -3  303  8 1 7       7 1 6       
   15645.2683   0.0000 5.81376E-002 -10.3417  3    2.2400  17      -3  303  8 1 7       7 3 4       
   21038.1801   0.0000 1.85970E-001  -9.5800  3    2.1575  17      -3  303  8 3 5       7 1 6       
   18567.0675   0.0000 6.96626E+000  -8.1194  3    2.2400  17      -3  303  8 3 5       7 3 4       
   22839.8468   0.0000 7.21641E-002  -9.9314  3    2.2400  17      -3  303  8 5 3       7 3 4       
   18337.2376   0.0000 4.89640E+000  -8.2986  3    2.3902  17      -3  303  8 5 3       7 5 2       
   25559.9821   0.0000 2.38085E-002 -10.3354  3    2.3902  17      -3  303  8 7 1       7 5 2       
   18301.0939   0.0000 1.88415E+000  -8.7402  3    2.6323  17      -3  303  8 7 1       7 7 0       
 ENERGIES FOR BLOCK NUMBER  36, INDEX-DEGEN-ENERGY--EST.ERROR-MIXING-   QUANTUM NUMBERS
    36    1          2.764223          0.000000   1.000000  8  2  7
    36    2          2.911958          0.000000   1.000000  8  4  5
    36    3          3.111694          0.000000   1.000000  8  6  3
    36    4          3.394487          0.000000   1.000000  8  8  1
 FREQUENCY-EST.ERROR.-LINE.STR. DIP**2-LGSTR.-ITD,-GUP-I.D.-QNFORM-QUANTUM NUMBERS
   18050.1396   0.0000 7.33297E+000  -8.1126  3    2.1621  17      -3  303  8 2 7       7 2 6       
   22479.1277   0.0000 7.12431E-002  -9.9421  3    2.1621  17      -3  303  8 4 5       7 2 6       
   18342.8124   0.0000 6.01428E+000  -8.1996  3    2.3001  17      -3  303  8 4 5       7 4 4       
   24330.7416   0.0000 4.10732E-002 -10.1300  3    2.3001  17      -3  303  8 6 3       7 4 4       
   18313.2233   0.0000 3.51661E+000  -8.4550  3    2.5008  17      -3  303  8 6 3       7 6 2       
   26791.1232   0.0000 1.07593E-002 -10.6531  3    2.5008  17      -3  303  8 8 1       7 6 2       
 ENERGIES FOR BLOCK NUMBER  37, INDEX-DEGEN-ENERGY--EST.ERROR-MIXING-   QUANTUM NUMBERS
    37    1          3.439954          0.000000   1.000000  9  2  8
    37    2          3.600350          0.000000   1.000000  9  4  6
    37    3          3.799361          0.000000   1.000000  9  6  4
    37    4          4.081209          0.000000   1.000000  9  8  2
 FREQUENCY-EST.ERROR.-LINE.STR. DIP**2-LGSTR.-ITD,-GUP-I.D.-QNFORM-QUANTUM NUMBERS
   20257.8887   0.0000 8.33835E+000  -8.0231  3    2.7642  19      -3  303  9 2 8       8 2 7       
   25066.4438   0.0000 7.82027E-002  -9.8740  3    2.7642  19      -3  303  9 4 6       8 2 7       
   20637.4557   0.0000 7.22602E+000  -8.0851  3    2.9120  19      -3  303  9 4 6       8 4 5       
   26603.6693   0.0000 6.06695E-002  -9.9505  3    2.9120  19      -3  303  9 6 4       8 4 5       
   20615.7400   0.0000 5.02332E+000  -8.2647  3    3.1117  19      -3  303  9 6 4       8 6 3       
   29065.3126   0.0000 2.32366E-002 -10.3154  3    3.1117  19      -3  303  9 8 2       8 6 3       
   20587.4127   0.0000 1.89818E+000  -8.7180  3    3.3945  19      -3  303  9 8 2       8 8 1       
 ENERGIES FOR BLOCK NUMBER  38, INDEX-DEGEN-ENERGY--EST.ERROR-MIXING-   QUANTUM NUMBERS
    38    1          3.438797          0.000000   1.000000  9  1  8
    38    2          3.556742          0.000000   1.000000  9  3  6
    38    3          3.690820          0.000000   1.000000  9  5  4
    38    4          3.929841          0.000000   1.000000  9  7  2
    38    5          4.253227          0.000000   1.000000  9  9  0
 FREQUENCY-EST.ERROR.-LINE.STR. DIP**2-LGSTR.-ITD,-GUP-I.D.-QNFORM-QUANTUM NUMBERS
   20294.7640   0.0000 8.36535E+000  -8.0199  3    2.7618  19      -3  303  9 1 8       8 1 7       
   17372.9648   0.0000 4.34304E-002 -10.4448  3    2.8593  19      -3  303  9 1 8       8 3 5       
   23830.6618   0.0000 1.49593E-001  -9.6339  3    2.7618  19      -3  303  9 3 6       8 1 7       
   20908.8626   0.0000 8.09860E+000  -8.0193  3    2.8593  19      -3  303  9 3 6       8 3 5       
   16636.0833   0.0000 2.01039E-002 -10.8306  3    3.0018  19      -3  303  9 3 6       8 5 3       
   24928.4283   0.0000 1.12102E-001  -9.7321  3    2.8593  19      -3  303  9 5 4       8 3 5       
   20655.6490   0.0000 6.24819E+000  -8.1569  3    3.0018  19      -3  303  9 5 4       8 5 3       
   27821.2913   0.0000 3.91285E-002 -10.1135  3    3.0018  19      -3  303  9 7 2       8 5 3       
   20598.5468   0.0000 3.57276E+000  -8.4271  3    3.2427  19      -3  303  9 7 2       8 7 1       
 ENERGIES FOR BLOCK NUMBER  39, INDEX-DEGEN-ENERGY--EST.ERROR-MIXING-   QUANTUM NUMBERS
    39    1          3.344902          0.000000   1.000000  9  1  9
    39    2          3.521828          0.000000   1.000000  9  3  7
    39    3          3.690039          0.000000   1.000000  9  5  5
    39    4          3.929840          0.000000   1.000000  9  7  3
    39    5          4.253227          0.000000   1.000000  9  9  1
 FREQUENCY-EST.ERROR.-LINE.STR. DIP**2-LGSTR.-ITD,-GUP-I.D.-QNFORM-QUANTUM NUMBERS
   19921.1997   0.0000 8.76202E+000  -8.0068  3    2.6804  19      -3  303  9 1 9       8 1 8       
   25225.2908   0.0000 3.15080E-002 -10.2549  3    2.6804  19      -3  303  9 3 7       8 1 8       
   20521.8331   0.0000 7.89978E+000  -8.0433  3    2.8373  19      -3  303  9 3 7       8 3 6       
   25564.6914   0.0000 8.50018E-002  -9.8292  3    2.8373  19      -3  303  9 5 5       8 3 6       
   20639.2547   0.0000 6.24759E+000  -8.1576  3    3.0016  19      -3  303  9 5 5       8 5 4       
   27828.2874   0.0000 3.91084E-002 -10.1135  3    3.0016  19      -3  303  9 7 3       8 5 4       
   20598.5244   0.0000 3.57276E+000  -8.4271  3    3.2427  19      -3  303  9 7 3       8 7 2       
    2489.1892   0.0000 6.79106E-001 -10.9731  3    3.4388  19      -3  303  9 3 7       9 1 8       
 ENERGIES FOR BLOCK NUMBER  40, INDEX-DEGEN-ENERGY--EST.ERROR-MIXING-   QUANTUM NUMBERS
    40    1          3.344867          0.000000   1.000000  9  0  9
    40    2          3.509819          0.000000   1.000000  9  2  7
    40    3          3.608721          0.000000   1.000000  9  4  5
    40    4          3.799397          0.000000   1.000000  9  6  3
    40    5          4.081209          0.000000   1.000000  9  8  1
 FREQUENCY-EST.ERROR.-LINE.STR. DIP**2-LGSTR.-ITD,-GUP-I.D.-QNFORM-QUANTUM NUMBERS
   19922.7498   0.0000 8.76271E+000  -8.0067  3    2.6803  19      -3  303  9 0 9       8 0 8       
   24867.8709   0.0000 3.40896E-002 -10.2325  3    2.6803  19      -3  303  9 2 7       8 0 8       
   20717.2261   0.0000 8.25501E+000  -8.0144  3    2.8188  19      -3  303  9 2 7       8 2 6       
   17814.1317   0.0000 7.95723E-002 -10.1667  3    2.9156  19      -3  303  9 2 7       8 4 4       
   23682.2456   0.0000 2.52506E-001  -9.4177  3    2.8188  19      -3  303  9 4 5       8 2 6       
   20779.1512   0.0000 7.26179E+000  -8.0777  3    2.9156  19      -3  303  9 4 5       8 4 4       
   26495.4577   0.0000 6.16424E-002  -9.9474  3    2.9156  19      -3  303  9 6 3       8 4 4       
   20616.5813   0.0000 5.02333E+000  -8.2647  3    3.1117  19      -3  303  9 6 3       8 6 2       
   29065.0960   0.0000 2.32369E-002 -10.3154  3    3.1117  19      -3  303  9 8 1       8 6 2       
   20587.4130   0.0000 1.89818E+000  -8.7180  3    3.3945  19      -3  303  9 8 1       8 8 0       
 ENERGIES FOR BLOCK NUMBER  41, INDEX-DEGEN-ENERGY--EST.ERROR-MIXING-   QUANTUM NUMBERS
    41    1          4.082589          0.000000   1.000000 10  0 10
    41    2          4.273847          0.000000   1.000000 10  2  8
    41    3          4.381330          0.000000   1.000000 10  4  6
    41    4          4.564117          0.000000   1.000000 10  6  4
    41    5          4.844542          0.000000   1.000000 10  8  2
    41    6          5.208509          0.000000   1.000000 10 10  0
 FREQUENCY-EST.ERROR.-LINE.STR. DIP**2-LGSTR.-ITD,-GUP-I.D.-QNFORM-QUANTUM NUMBERS
   22116.3453   0.0000 9.76146E+000  -7.9420  3    3.3449  21      -3  303 10 010       9 0 9       
   27850.1261   0.0000 2.97302E-002 -10.2677  3    3.3449  21      -3  303 10 2 8       9 0 9       
   22905.0051   0.0000 9.13159E+000  -7.9590  3    3.5098  21      -3  303 10 2 8       9 2 7       
   19939.9856   0.0000 9.89681E-002 -10.0498  3    3.6087  21      -3  303 10 2 8       9 4 5       
   26127.2499   0.0000 2.92605E-001  -9.3444  3    3.5098  21      -3  303 10 4 6       9 2 7       
   23162.2304   0.0000 8.48242E+000  -7.9921  3    3.6087  21      -3  303 10 4 6       9 4 5       
   28642.0406   0.0000 8.71302E-002  -9.8052  3    3.6087  21      -3  303 10 6 4       9 4 5       
   22925.7341   0.0000 6.42922E+000  -8.1408  3    3.7994  21      -3  303 10 6 4       9 6 3       
   22884.1656   0.0000 3.61761E+000  -8.4214  3    4.0812  21      -3  303 10 8 2       9 8 1       
 ENERGIES FOR BLOCK NUMBER  42, INDEX-DEGEN-ENERGY--EST.ERROR-MIXING-   QUANTUM NUMBERS
    42    1          4.082603          0.000000   1.000000 10  1 10
    42    2          4.280913          0.000000   1.000000 10  3  8
    42    3          4.455509          0.000000   1.000000 10  5  6
    42    4          4.693685          0.000000   1.000000 10  7  4
    42    5          5.016215          0.000000   1.000000 10  9  2
 FREQUENCY-EST.ERROR.-LINE.STR. DIP**2-LGSTR.-ITD,-GUP-I.D.-QNFORM-QUANTUM NUMBERS
   22115.7106   0.0000 9.76121E+000  -7.9420  3    3.3449  21      -3  303 10 110       9 1 9       
   28060.9008   0.0000 2.88869E-002 -10.2740  3    3.3449  21      -3  303 10 3 8       9 1 9       
   22756.8098   0.0000 8.93934E+000  -7.9749  3    3.5218  21      -3  303 10 3 8       9 3 7       
   17713.9515   0.0000 1.69631E-002 -10.9233  3    3.6900  21      -3  303 10 3 8       9 5 5       
   27991.0523   0.0000 1.04504E-001  -9.7361  3    3.5218  21      -3  303 10 5 6       9 3 7       
   22948.1940   0.0000 7.52671E+000  -8.0602  3    3.6900  21      -3  303 10 5 6       9 5 5       
   22899.4958   0.0000 5.12445E+000  -8.2539  3    3.9298  21      -3  303 10 7 4       9 7 3       
   22873.8079   0.0000 1.90939E+000  -8.7172  3    4.2532  21      -3  303 10 9 2       9 9 1       
 ENERGIES FOR BLOCK NUMBER  43, INDEX-DEGEN-ENERGY--EST.ERROR-MIXING-   QUANTUM NUMBERS
    43    1          4.188585          0.000000   1.000000 10  1  9
    43    2          4.331132          0.000000   1.000000 10  3  7
    43    3          4.457692          0.000000   1.000000 10  5  5
    43    4          4.693689          0.000000   1.000000 10  7  3
    43    5          5.016215          0.000000   1.000000 10  9  1
 FREQUENCY-EST.ERROR.-LINE.STR. DIP**2-LGSTR.-ITD,-GUP-I.D.-QNFORM-QUANTUM NUMBERS
   22478.0751   0.0000 9.34673E+000  -7.9571  3    3.4388  21      -3  303 10 1 9       9 1 8       
   18942.1773   0.0000 3.00700E-002 -10.6046  3    3.5567  21      -3  303 10 1 9       9 3 6       
   26751.5237   0.0000 1.16269E-001  -9.7183  3    3.4388  21      -3  303 10 3 7       9 1 8       
   23215.6259   0.0000 9.13816E+000  -7.9524  3    3.5567  21      -3  303 10 3 7       9 3 6       
   19196.0601   0.0000 4.14964E-002 -10.4676  3    3.6908  21      -3  303 10 3 7       9 5 4       
   27009.8072   0.0000 1.72881E-001  -9.5504  3    3.5567  21      -3  303 10 5 5       9 3 6       
   22990.2414   0.0000 7.52992E+000  -8.0586  3    3.6908  21      -3  303 10 5 5       9 5 4       
   22899.6126   0.0000 5.12445E+000  -8.2539  3    3.9298  21      -3  303 10 7 3       9 7 2       
   22873.8080   0.0000 1.90939E+000  -8.7172  3    4.2532  21      -3  303 10 9 1       9 9 0       
    2767.9240   0.0000 7.37827E-001 -10.9235  3    4.1886  21      -3  303 10 3 8      10 1 9       
 ENERGIES FOR BLOCK NUMBER  44, INDEX-DEGEN-ENERGY--EST.ERROR-MIXING-   QUANTUM NUMBERS
    44    1          4.189118          0.000000   1.000000 10  2  9
    44    2          4.364948          0.000000   1.000000 10  4  7
    44    3          4.563980          0.000000   1.000000 10  6  5
    44    4          4.844542          0.000000   1.000000 10  8  3
    44    5          5.208509          0.000000   1.000000 10 10  1
 FREQUENCY-EST.ERROR.-LINE.STR. DIP**2-LGSTR.-ITD,-GUP-I.D.-QNFORM-QUANTUM NUMBERS
   22459.3860   0.0000 9.33621E+000  -7.9584  3    3.4400  21      -3  303 10 2 9       9 2 8       
   17650.8309   0.0000 1.42997E-002 -10.9911  3    3.6003  21      -3  303 10 2 9       9 4 6       
   27730.6460   0.0000 7.99124E-002  -9.8517  3    3.4400  21      -3  303 10 4 7       9 2 8       
   22922.0909   0.0000 8.38055E+000  -8.0051  3    3.6003  21      -3  303 10 4 7       9 4 6       
   28888.9160   0.0000 8.32212E-002  -9.8172  3    3.6003  21      -3  303 10 6 5       9 4 6       
   22922.7024   0.0000 6.42917E+000  -8.1409  3    3.7994  21      -3  303 10 6 5       9 6 4       
   22884.1631   0.0000 3.61761E+000  -8.4214  3    4.0812  21      -3  303 10 8 3       9 8 2       
    2540.1199   0.0000 7.66508E-001 -10.9812  3    4.1891  21      -3  303 10 2 8      10 2 9       
 ENERGIES FOR BLOCK NUMBER  45, INDEX-DEGEN-ENERGY--EST.ERROR-MIXING-   QUANTUM NUMBERS
    45    1          5.011591          0.000000   1.000000 11  2 10
    45    2          5.205299          0.000000   1.000000 11  4  8
    45    3          5.405693          0.000000   1.000000 11  6  6
    45    4          5.684587          0.000000   1.000000 11  8  4
    45    5          6.047765          0.000000   1.000000 11 10  2
 FREQUENCY-EST.ERROR.-LINE.STR. DIP**2-LGSTR.-ITD,-GUP-I.D.-QNFORM-QUANTUM NUMBERS
   24657.1005   0.0000 1.03312E+001  -7.9151  3    4.1891  23      -3  303 11 210      10 2 9       
   19385.8405   0.0000 1.41134E-002 -10.9980  3    4.3649  23      -3  303 11 210      10 4 7       
   25193.0819   0.0000 9.48667E+000  -7.9527  3    4.3649  23      -3  303 11 4 8      10 4 7       
   19226.2569   0.0000 1.50371E-002 -10.9981  3    4.5640  23      -3  303 11 4 8      10 6 5       
   25233.9140   0.0000 7.76134E+000  -8.0592  3    4.5640  23      -3  303 11 6 6      10 6 5       
   25183.9106   0.0000 5.20703E+000  -8.2634  3    4.8445  23      -3  303 11 8 4      10 8 3       
   25160.2525   0.0000 1.91856E+000  -8.7357  3    5.2085  23      -3  303 1110 2      1010 1       
 ENERGIES FOR BLOCK NUMBER  46, INDEX-DEGEN-ENERGY--EST.ERROR-MIXING-   QUANTUM NUMBERS
    46    1          5.011354          0.000000   1.000000 11  1 10
    46    2          5.181035          0.000000   1.000000 11  3  8
    46    3          5.303193          0.000000   1.000000 11  5  6
    46    4          5.534435          0.000000   1.000000 11  7  4
    46    5          5.855797          0.000000   1.000000 11  9  2
    46    6          6.260333          0.000000   1.000000 11 11  0
 FREQUENCY-EST.ERROR.-LINE.STR. DIP**2-LGSTR.-ITD,-GUP-I.D.-QNFORM-QUANTUM NUMBERS
   24665.9842   0.0000 1.03353E+001  -7.9146  3    4.1886  23      -3  303 11 110      10 1 9       
   20392.5356   0.0000 2.13038E-002 -10.7733  3    4.3311  23      -3  303 11 110      10 3 7       
   29752.8900   0.0000 9.36718E-002  -9.8029  3    4.1886  23      -3  303 11 3 8      10 1 9       
   25479.4414   0.0000 1.00813E+001  -7.9134  3    4.3311  23      -3  303 11 3 8      10 3 7       
   21685.2601   0.0000 7.58074E-002 -10.1841  3    4.4577  23      -3  303 11 3 8      10 5 5       
   29141.6536   0.0000 2.56360E-001  -9.3976  3    4.3311  23      -3  303 11 5 6      10 3 7       
   25347.4723   0.0000 8.76452E+000  -7.9917  3    4.4577  23      -3  303 11 5 6      10 5 5       
   25204.9121   0.0000 6.57650E+000  -8.1456  3    4.6937  23      -3  303 11 7 4      10 7 3       
   25170.0450   0.0000 3.65427E+000  -8.4356  3    5.0162  23      -3  303 11 9 2      10 9 1       
 ENERGIES FOR BLOCK NUMBER  47, INDEX-DEGEN-ENERGY--EST.ERROR-MIXING-   QUANTUM NUMBERS
    47    1          4.893497          0.000000   1.000000 11  1 11
    47    2          5.114103          0.000000   1.000000 11  3  9
    47    3          5.297935          0.000000   1.000000 11  5  7
    47    4          5.534414          0.000000   1.000000 11  7  5
    47    5          5.855797          0.000000   1.000000 11  9  3
    47    6          6.260333          0.000000   1.000000 11 11  1
 FREQUENCY-EST.ERROR.-LINE.STR. DIP**2-LGSTR.-ITD,-GUP-I.D.-QNFORM-QUANTUM NUMBERS
   24309.9952   0.0000 1.07604E+001  -7.8981  3    4.0826  23      -3  303 11 111      10 110       
   24978.4056   0.0000 9.95369E+000  -7.9301  3    4.2809  23      -3  303 11 3 9      10 3 8       
   19744.1631   0.0000 2.16806E-002 -10.8056  3    4.4555  23      -3  303 11 3 9      10 5 6       
   25255.2999   0.0000 8.75020E+000  -7.9952  3    4.4555  23      -3  303 11 5 7      10 5 6       
   25204.4302   0.0000 6.57650E+000  -8.1456  3    4.6937  23      -3  303 11 7 5      10 7 4       
   25170.0448   0.0000 3.65427E+000  -8.4356  3    5.0162  23      -3  303 11 9 3      10 9 2       
    3080.3453   0.0000 7.75670E-001 -10.8951  3    5.0114  23      -3  303 11 3 9      11 110       
 ENERGIES FOR BLOCK NUMBER  48, INDEX-DEGEN-ENERGY--EST.ERROR-MIXING-   QUANTUM NUMBERS
    48    1          4.893492          0.000000   1.000000 11  0 11
    48    2          5.110279          0.000000   1.000000 11  2  9
    48    3          5.233280          0.000000   1.000000 11  4  7
    48    4          5.406136          0.000000   1.000000 11  6  5
    48    5          5.684588          0.000000   1.000000 11  8  3
    48    6          6.047765          0.000000   1.000000 11 10  1
 FREQUENCY-EST.ERROR.-LINE.STR. DIP**2-LGSTR.-ITD,-GUP-I.D.-QNFORM-QUANTUM NUMBERS
   24310.2491   0.0000 1.07605E+001  -7.8980  3    4.0826  23      -3  303 11 011      10 010       
   25075.5886   0.0000 1.00418E+001  -7.9223  3    4.2738  23      -3  303 11 2 9      10 2 8       
   21853.3437   0.0000 9.23572E-002 -10.0839  3    4.3813  23      -3  303 11 2 9      10 4 6       
   28763.0502   0.0000 2.76408E-001  -9.3696  3    4.2738  23      -3  303 11 4 7      10 2 8       
   25540.8054   0.0000 9.68293E+000  -7.9342  3    4.3813  23      -3  303 11 4 7      10 4 6       
   20060.9951   0.0000 1.96836E-002 -10.8456  3    4.5641  23      -3  303 11 4 7      10 6 4       
   25243.0905   0.0000 7.76159E+000  -8.0589  3    4.5641  23      -3  303 11 6 5      10 6 4       
   25183.9254   0.0000 5.20703E+000  -8.2634  3    4.8445  23      -3  303 11 8 3      10 8 2       
   25160.2525   0.0000 1.91856E+000  -8.7357  3    5.2085  23      -3  303 1110 1      1010 0       
    3540.5124   0.0000 4.49331E-001 -10.9998  3    4.8935  23      -3  303 11 210      11 011       
    2958.6079   0.0000 7.86266E-001 -10.9240  3    5.0116  23      -3  303 11 2 9      11 210       
    2848.6335   0.0000 8.13643E-001 -10.9522  3    5.1103  23      -3  303 11 4 8      11 2 9       
 ENERGIES FOR BLOCK NUMBER  49, INDEX-DEGEN-ENERGY--EST.ERROR-MIXING-   QUANTUM NUMBERS
    49    1          5.777580          0.000000   1.000000 12  0 12
    49    2          6.019101          0.000000   1.000000 12  2 10
    49    3          6.163691          0.000000   1.000000 12  4  8
    49    4          6.325852          0.000000   1.000000 12  6  6
    49    5          6.601458          0.000000   1.000000 12  8  4
    49    6          6.963601          0.000000   1.000000 12 10  2
    49    7          7.408699          0.000000   1.000000 12 12  0
 FREQUENCY-EST.ERROR.-LINE.STR. DIP**2-LGSTR.-ITD,-GUP-I.D.-QNFORM-QUANTUM NUMBERS
   26504.2913   0.0000 1.17598E+001  -7.8726  3    4.8935  25      -3  303 12 012      11 011       
   27245.8113   0.0000 1.09900E+001  -7.9018  3    5.1103  25      -3  303 12 210      11 2 9       
   23558.3496   0.0000 7.13644E-002 -10.2223  3    5.2333  25      -3  303 12 210      11 4 7       
   27893.0313   0.0000 1.08227E+001  -7.9020  3    5.2333  25      -3  303 12 4 8      11 4 7       
   22710.9360   0.0000 3.62109E-002 -10.5653  3    5.4061  25      -3  303 12 4 8      11 6 5       
   27572.4034   0.0000 9.03870E+000  -8.0077  3    5.4061  25      -3  303 12 6 6      11 6 5       
   27487.0839   0.0000 6.69890E+000  -8.1694  3    5.6846  25      -3  303 12 8 4      11 8 3       
   27456.0916   0.0000 3.68480E+000  -8.4677  3    6.0478  25      -3  303 1210 2      1110 1       
 ENERGIES FOR BLOCK NUMBER  50, INDEX-DEGEN-ENERGY--EST.ERROR-MIXING-   QUANTUM NUMBERS
    50    1          5.777582          0.000000   1.000000 12  1 12
    50    2          6.021041          0.000000   1.000000 12  3 10
    50    3          6.217111          0.000000   1.000000 12  5  8
    50    4          6.452171          0.000000   1.000000 12  7  6
    50    5          6.772060          0.000000   1.000000 12  9  4
    50    6          7.175858          0.000000   1.000000 12 11  2
 FREQUENCY-EST.ERROR.-LINE.STR. DIP**2-LGSTR.-ITD,-GUP-I.D.-QNFORM-QUANTUM NUMBERS
   26504.1915   0.0000 1.17597E+001  -7.8726  3    4.8935  25      -3  303 12 112      11 111       
   27189.3201   0.0000 1.09530E+001  -7.9054  3    5.1141  25      -3  303 12 310      11 3 9       
   21678.1832   0.0000 2.47410E-002 -10.7581  3    5.2979  25      -3  303 12 310      11 5 7       
   27556.2010   0.0000 9.92682E+000  -7.9562  3    5.2979  25      -3  303 12 5 8      11 5 7       
   27513.6753   0.0000 7.95373E+000  -8.0784  3    5.5344  25      -3  303 12 7 6      11 7 5       
   27468.8679   0.0000 5.27576E+000  -8.2915  3    5.8558  25      -3  303 12 9 4      11 9 3       
   27446.7317   0.0000 1.92619E+000  -8.7718  3    6.2603  25      -3  303 1211 2      1111 1       
 ENERGIES FOR BLOCK NUMBER  51, INDEX-DEGEN-ENERGY--EST.ERROR-MIXING-   QUANTUM NUMBERS
    51    1          5.907200          0.000000   1.000000 12  1 11
    51    2          6.104923          0.000000   1.000000 12  3  9
    51    3          6.228159          0.000000   1.000000 12  5  7
    51    4          6.452248          0.000000   1.000000 12  7  5
    51    5          6.772060          0.000000   1.000000 12  9  3
    51    6          7.175858          0.000000   1.000000 12 11  1
 FREQUENCY-EST.ERROR.-LINE.STR. DIP**2-LGSTR.-ITD,-GUP-I.D.-QNFORM-QUANTUM NUMBERS
   26856.8011   0.0000 1.13272E+001  -7.8902  3    5.0114  25      -3  303 12 111      11 110       
   21769.8953   0.0000 1.61599E-002 -10.9274  3    5.1810  25      -3  303 12 111      11 3 8       
   27697.4682   0.0000 1.09525E+001  -7.8971  3    5.1810  25      -3  303 12 3 9      11 3 8       
   24035.2560   0.0000 1.15087E-001 -10.0054  3    5.3032  25      -3  303 12 3 9      11 5 6       
   27729.7899   0.0000 9.97738E+000  -7.9494  3    5.3032  25      -3  303 12 5 7      11 5 6       
   27515.3408   0.0000 7.95375E+000  -8.0783  3    5.5344  25      -3  303 12 7 5      11 7 4       
   27468.8696   0.0000 5.27576E+000  -8.2915  3    5.8558  25      -3  303 12 9 3      11 9 2       
   27446.7317   0.0000 1.92619E+000  -8.7718  3    6.2603  25      -3  303 1211 1      1111 0       
    3412.8643   0.0000 8.01581E-001 -10.8857  3    5.9072  25      -3  303 12 310      12 111       
 ENERGIES FOR BLOCK NUMBER  52, INDEX-DEGEN-ENERGY--EST.ERROR-MIXING-   QUANTUM NUMBERS
    52    1          5.907302          0.000000   1.000000 12  2 11
    52    2          6.120877          0.000000   1.000000 12  4  9
    52    3          6.324607          0.000000   1.000000 12  6  7
    52    4          6.601455          0.000000   1.000000 12  8  5
    52    5          6.963601          0.000000   1.000000 12 10  3
    52    6          7.408699          0.000000   1.000000 12 12  1
 FREQUENCY-EST.ERROR.-LINE.STR. DIP**2-LGSTR.-ITD,-GUP-I.D.-QNFORM-QUANTUM NUMBERS
   26852.7666   0.0000 1.13256E+001  -7.8904  3    5.0116  25      -3  303 12 211      11 210       
   27448.3363   0.0000 1.05518E+001  -7.9233  3    5.2053  25      -3  303 12 4 9      11 4 8       
   21440.6792   0.0000 2.19307E-002 -10.8309  3    5.4057  25      -3  303 12 4 9      11 6 6       
   27548.3374   0.0000 9.03747E+000  -8.0084  3    5.4057  25      -3  303 12 6 7      11 6 6       
   27487.0151   0.0000 6.69890E+000  -8.1694  3    5.6846  25      -3  303 12 8 5      11 8 4       
   27456.0916   0.0000 3.68480E+000  -8.4677  3    6.0478  25      -3  303 1210 3      1110 2       
    3351.6526   0.0000 8.05490E-001 -10.8992  3    5.9073  25      -3  303 12 210      12 211       
    3051.1586   0.0000 9.40676E-001 -10.9245  3    6.0191  25      -3  303 12 4 9      12 210       
 ENERGIES FOR BLOCK NUMBER  53, INDEX-DEGEN-ENERGY--EST.ERROR-MIXING-   QUANTUM NUMBERS
    53    1          6.876220          0.000000   1.000000 13  2 12
    53    2          7.111149          0.000000   1.000000 13  4 10
    53    3          7.320754          0.000000   1.000000 13  6  8
    53    4          7.595271          0.000000   1.000000 13  8  6
    53    5          7.956095          0.000000   1.000000 13 10  4
    53    6          8.400493          0.000000   1.000000 13 12  2
 FREQUENCY-EST.ERROR.-LINE.STR. DIP**2-LGSTR.-ITD,-GUP-I.D.-QNFORM-QUANTUM NUMBERS
   29047.4317   0.0000 1.23203E+001  -7.8826  3    5.9073  27      -3  303 13 212      12 211       
   29687.5989   0.0000 1.15841E+001  -7.9137  3    6.1209  27      -3  303 13 410      12 4 9       
   23579.9407   0.0000 2.88445E-002 -10.7286  3    6.3246  27      -3  303 13 410      12 6 7       
   29863.7552   0.0000 1.02688E+001  -7.9824  3    6.3246  27      -3  303 13 6 8      12 6 7       
   29793.8528   0.0000 8.11572E+000  -8.1154  3    6.6015  27      -3  303 13 8 6      12 8 5       
   29754.2027   0.0000 5.33388E+000  -8.3365  3    6.9636  27      -3  303 1310 4      1210 3       
   29733.2359   0.0000 1.93265E+000  -8.8243  3    7.4087  27      -3  303 1312 2      1212 1       
 ENERGIES FOR BLOCK NUMBER  54, INDEX-DEGEN-ENERGY--EST.ERROR-MIXING-   QUANTUM NUMBERS
    54    1          6.876177          0.000000   1.000000 13  1 12
    54    2          7.101541          0.000000   1.000000 13  3 10
    54    3          7.233111          0.000000   1.000000 13  5  8
    54    4          7.447348          0.000000   1.000000 13  7  6
    54    5          7.765099          0.000000   1.000000 13  9  4
    54    6          8.167953          0.000000   1.000000 13 11  2
    54    7          8.653607          0.000000   1.000000 13 13  0
 FREQUENCY-EST.ERROR.-LINE.STR. DIP**2-LGSTR.-ITD,-GUP-I.D.-QNFORM-QUANTUM NUMBERS
   29049.2023   0.0000 1.23209E+001  -7.8825  3    5.9072  27      -3  303 13 112      12 111       
   29877.8601   0.0000 1.18083E+001  -7.8985  3    6.1049  27      -3  303 13 310      12 3 9       
   26183.3262   0.0000 1.36997E-001  -9.9553  3    6.2282  27      -3  303 13 310      12 5 7       
   23409.6963   0.0000 2.02126E-002 -10.9023  3    6.4522  27      -3  303 13 5 8      12 7 5       
   29832.3445   0.0000 9.27337E+000  -8.0409  3    6.4522  27      -3  303 13 7 6      12 7 5       
   29770.5690   0.0000 6.80232E+000  -8.2105  3    6.7721  27      -3  303 13 9 4      12 9 3       
   29742.2538   0.0000 3.71063E+000  -8.5165  3    7.1759  27      -3  303 1311 2      1211 1       
 ENERGIES FOR BLOCK NUMBER  55, INDEX-DEGEN-ENERGY--EST.ERROR-MIXING-   QUANTUM NUMBERS
    55    1          6.734856          0.000000   1.000000 13  1 13
    55    2          7.001475          0.000000   1.000000 13  3 11
    55    3          7.212680          0.000000   1.000000 13  5  9
    55    4          7.447105          0.000000   1.000000 13  7  7
    55    5          7.765099          0.000000   1.000000 13  9  5
    55    6          8.167953          0.000000   1.000000 13 11  3
    55    7          8.653607          0.000000   1.000000 13 13  1
 FREQUENCY-EST.ERROR.-LINE.STR. DIP**2-LGSTR.-ITD,-GUP-I.D.-QNFORM-QUANTUM NUMBERS
   28698.3574   0.0000 1.27591E+001  -7.8638  3    5.7776  27      -3  303 13 113      12 112       
   29392.6625   0.0000 1.19446E+001  -7.8982  3    6.0210  27      -3  303 13 311      12 310       
   23514.6448   0.0000 2.58629E-002 -10.7671  3    6.2171  27      -3  303 13 311      12 5 8       
   29846.4019   0.0000 1.10608E+001  -7.9394  3    6.2171  27      -3  303 13 5 9      12 5 8       
   22799.4627   0.0000 1.79804E-002 -10.9750  3    6.4522  27      -3  303 13 5 9      12 7 6       
   29827.3463   0.0000 9.27326E+000  -8.0410  3    6.4522  27      -3  303 13 7 7      12 7 6       
   29770.5599   0.0000 6.80232E+000  -8.2105  3    6.7721  27      -3  303 13 9 5      12 9 4       
   29742.2538   0.0000 3.71063E+000  -8.5165  3    7.1759  27      -3  303 1311 3      1211 2       
    3756.3245   0.0000 8.20669E-001 -10.8937  3    6.8762  27      -3  303 13 311      13 112       
    2999.9062   0.0000 1.07050E+000 -10.9853  3    7.0015  27      -3  303 13 310      13 311       
 ENERGIES FOR BLOCK NUMBER  56, INDEX-DEGEN-ENERGY--EST.ERROR-MIXING-   QUANTUM NUMBERS
    56    1          6.734855          0.000000   1.000000 13  0 13
    56    2          7.000538          0.000000   1.000000 13  2 11
    56    3          7.171214          0.000000   1.000000 13  4  9
    56    4          7.323853          0.000000   1.000000 13  6  7
    56    5          7.595283          0.000000   1.000000 13  8  5
    56    6          7.956095          0.000000   1.000000 13 10  3
    56    7          8.400493          0.000000   1.000000 13 12  1
 FREQUENCY-EST.ERROR.-LINE.STR. DIP**2-LGSTR.-ITD,-GUP-I.D.-QNFORM-QUANTUM NUMBERS
   28698.3960   0.0000 1.27591E+001  -7.8638  3    5.7776  27      -3  303 13 013      12 012       
   29422.7195   0.0000 1.19598E+001  -7.8966  3    6.0191  27      -3  303 13 211      12 210       
   25088.0379   0.0000 5.13630E-002 -10.4099  3    6.1637  27      -3  303 13 211      12 4 8       
   25343.3035   0.0000 6.44018E-002 -10.3202  3    6.3259  27      -3  303 13 4 9      12 6 6       
   29919.3123   0.0000 1.02741E+001  -7.9808  3    6.3259  27      -3  303 13 6 7      12 6 6       
   29794.1191   0.0000 8.11572E+000  -8.1154  3    6.6015  27      -3  303 13 8 5      12 8 4       
   29754.2029   0.0000 5.33388E+000  -8.3365  3    6.9636  27      -3  303 1310 3      1210 2       
   29733.2359   0.0000 1.93265E+000  -8.8243  3    7.4087  27      -3  303 1312 1      1212 0       
    3726.9404   0.0000 8.22120E-001 -10.8997  3    6.8762  27      -3  303 13 211      13 212       
    3316.0380   0.0000 1.02699E+000 -10.9167  3    7.0005  27      -3  303 13 410      13 211       
 ENERGIES FOR BLOCK NUMBER  57, INDEX-DEGEN-ENERGY--EST.ERROR-MIXING-   QUANTUM NUMBERS
    57    1          7.765319          0.000000   1.000000 14  0 14
    57    2          8.054809          0.000000   1.000000 14  2 12
    57    3          8.254236          0.000000   1.000000 14  4 10
    57    4          8.400933          0.000000   1.000000 14  6  8
    57    5          8.666213          0.000000   1.000000 14  8  6
    57    6          9.025328          0.000000   1.000000 14 10  4
    57    7          9.468849          0.000000   1.000000 14 12  2
    57    8          9.995057          0.000000   1.000000 14 14  0
 FREQUENCY-EST.ERROR.-LINE.STR. DIP**2-LGSTR.-ITD,-GUP-I.D.-QNFORM-QUANTUM NUMBERS
   26489.5087   0.0000 3.75450E-002 -10.6061  3    7.1712  29      -3  303 14 212      13 4 9       
   27892.1760   0.0000 1.06170E-001 -10.1280  3    7.3239  29      -3  303 14 410      13 6 7       
 ENERGIES FOR BLOCK NUMBER  58, INDEX-DEGEN-ENERGY--EST.ERROR-MIXING-   QUANTUM NUMBERS
    58    1          7.765319          0.000000   1.000000 14  1 14
    58    2          8.055245          0.000000   1.000000 14  3 12
    58    3          8.284162          0.000000   1.000000 14  5 10
    58    4          8.519348          0.000000   1.000000 14  7  8
    58    5          8.835020          0.000000   1.000000 14  9  6
    58    6          9.236685          0.000000   1.000000 14 11  4
    58    7          9.721671          0.000000   1.000000 14 13  2
 FREQUENCY-EST.ERROR.-LINE.STR. DIP**2-LGSTR.-ITD,-GUP-I.D.-QNFORM-QUANTUM NUMBERS
   25259.4662   0.0000 2.53936E-002 -10.8195  3    7.2127  29      -3  303 14 312      13 5 9       
   25094.3373   0.0000 2.57705E-002 -10.8429  3    7.4471  29      -3  303 14 510      13 7 7       
 ENERGIES FOR BLOCK NUMBER  59, INDEX-DEGEN-ENERGY--EST.ERROR-MIXING-   QUANTUM NUMBERS
    59    1          7.918312          0.000000   1.000000 14  1 13
    59    2          8.170275          0.000000   1.000000 14  3 11
    59    3          8.317830          0.000000   1.000000 14  5  9
    59    4          8.520035          0.000000   1.000000 14  7  7
    59    5          8.835022          0.000000   1.000000 14  9  5
    59    6          9.236685          0.000000   1.000000 14 11  3
    59    7          9.721671          0.000000   1.000000 14 13  1
 FREQUENCY-EST.ERROR.-LINE.STR. DIP**2-LGSTR.-ITD,-GUP-I.D.-QNFORM-QUANTUM NUMBERS
   28095.4508   0.0000 1.28174E-001 -10.0308  3    7.2331  29      -3  303 14 311      13 5 8       
   26096.4098   0.0000 3.31289E-002 -10.7015  3    7.4473  29      -3  303 14 5 9      13 7 6       
    4105.1340   0.0000 8.35623E-001 -10.9178  3    7.9183  29      -3  303 14 312      14 113       
    3448.5080   0.0000 1.10257E+000 -10.9619  3    8.0552  29      -3  303 14 311      14 312       
 ENERGIES FOR BLOCK NUMBER  60, INDEX-DEGEN-ENERGY--EST.ERROR-MIXING-   QUANTUM NUMBERS
    60    1          7.918330          0.000000   1.000000 14  2 13
    60    2          8.175630          0.000000   1.000000 14  4 11
    60    3          8.394053          0.000000   1.000000 14  6  9
    60    4          8.666171          0.000000   1.000000 14  8  7
    60    5          9.025328          0.000000   1.000000 14 10  5
    60    6          9.468849          0.000000   1.000000 14 12  3
    60    7          9.995057          0.000000   1.000000 14 14  1
 FREQUENCY-EST.ERROR.-LINE.STR. DIP**2-LGSTR.-ITD,-GUP-I.D.-QNFORM-QUANTUM NUMBERS
   25628.5409   0.0000 3.45547E-002 -10.6849  3    7.3208  29      -3  303 14 411      13 6 8       
    4091.5249   0.0000 8.36163E-001 -10.9204  3    7.9183  29      -3  303 14 212      14 213       
    3622.1516   0.0000 1.08563E+000 -10.9263  3    8.0548  29      -3  303 14 411      14 212       
INITIAL Q =  57160966.1318, NEW Q IS RELATIVE TO MIN.EGY.=         0.0000
 NUMBER OF LINES =    295
TEMPERATURE - Q(SPIN-ROT.) - log Q(SPIN-ROT.)
    300.000      4376.8103    3.6412
    225.000      4338.2437    3.6373
    150.000      4262.3269    3.6296
     75.000      4043.9761    3.6068
     37.500      3646.4639    3.5619
     18.750      2985.2953    3.4750
      9.375      2057.2741    3.3133
      6.000      1414.0225    3.1505
